2025-10-10 21:02:29|INFO   |系统|程序启动，当前版本：v3.5.17
2025-10-10 21:02:29|INFO   |系统|程序更新地址：https://github.com/hangone/WeBan
2025-10-10 21:02:29|INFO   |系统|共加载到 1 个账号
2025-10-10 21:02:29|INFO   |系统|使用单线程模式，逐个执行
2025-10-10 21:02:29|INFO   |24210253214|开始执行
2025-10-10 21:02:29|INFO   |24210253214|使用密码登录
2025-10-10 21:02:31|INFO   |24210253214|获取学校列表成功
2025-10-10 21:02:31|SUCCESS|24210253214|找到学校代码: 65000005
2025-10-10 21:02:31|ERROR  |24210253214|验证码识别异常: module 'PIL.Image' has no attribute 'ANTIALIAS'
2025-10-10 21:02:31|WARNING|24210253214|登录失败，正在重试 1/5 次
2025-10-10 21:02:31|ERROR  |24210253214|验证码识别异常: module 'PIL.Image' has no attribute 'ANTIALIAS'
2025-10-10 21:02:31|WARNING|24210253214|登录失败，正在重试 2/5 次
2025-10-10 21:02:31|ERROR  |24210253214|验证码识别异常: module 'PIL.Image' has no attribute 'ANTIALIAS'
2025-10-10 21:02:31|WARNING|24210253214|登录失败，正在重试 3/5 次
2025-10-10 21:07:18|INFO   |系统|程序启动，当前版本：v3.5.17
2025-10-10 21:07:18|INFO   |系统|程序更新地址：https://github.com/hangone/WeBan
2025-10-10 21:07:18|INFO   |系统|共加载到 1 个账号
2025-10-10 21:07:18|INFO   |系统|使用单线程模式，逐个执行
2025-10-10 21:07:18|INFO   |24210253214|开始执行
2025-10-10 21:07:18|INFO   |24210253214|使用密码登录
2025-10-10 21:07:19|INFO   |24210253214|获取学校列表成功
2025-10-10 21:07:19|SUCCESS|24210253214|找到学校代码: 65000005
2025-10-10 21:07:19|INFO   |24210253214|自动验证码识别结果: wpx9
2025-10-10 21:07:19|INFO   |24210253214|登录成功，开始同步答案
2025-10-10 21:07:20|INFO   |24210253214|开始学习 (每个任务时长: 15秒)
2025-10-10 21:07:20|INFO   |24210253214|开始处理任务：2024级第三学期安全教育
2025-10-10 21:07:20|INFO   |24210253214|2024级第三学期安全教育 进度：必修课：0/67，推送课：0/0，自选课：0/0，考试：0/1，预计剩余时间：1005 秒
2025-10-10 21:07:20|INFO   |24210253214|开始处理 必修课 2024级第三学期安全教育/国家安全各个方面
2025-10-10 21:07:21|INFO   |24210253214|必修课 2024级第三学期安全教育/国家安全各个方面 进度：必修课：0/67，推送课：0/0，自选课：0/0，考试：0/1，预计剩余时间：1005 秒
2025-10-10 21:07:21|INFO   |24210253214|开始处理课程：必修课 2024级第三学期安全教育/国家安全各个方面/高校为什么会发生政治性问题
2025-10-10 21:07:21|INFO   |24210253214|必修课 2024级第三学期安全教育/国家安全各个方面/高校为什么会发生政治性问题 等待 15 秒，模拟学习中...
2025-10-10 21:07:36|SUCCESS|24210253214|必修课 2024级第三学期安全教育/国家安全各个方面/高校为什么会发生政治性问题 完成
2025-10-10 21:07:36|INFO   |24210253214|必修课 2024级第三学期安全教育/国家安全各个方面 进度：必修课：0/67，推送课：0/0，自选课：0/0，考试：0/1，预计剩余时间：1005 秒
2025-10-10 21:07:36|INFO   |24210253214|开始处理课程：必修课 2024级第三学期安全教育/国家安全各个方面/间谍如何窃密—心战策反篇
2025-10-10 21:07:36|INFO   |24210253214|必修课 2024级第三学期安全教育/国家安全各个方面/间谍如何窃密—心战策反篇 等待 15 秒，模拟学习中...
2025-10-10 21:07:51|SUCCESS|24210253214|必修课 2024级第三学期安全教育/国家安全各个方面/间谍如何窃密—心战策反篇 完成
2025-10-10 21:07:51|INFO   |24210253214|必修课 2024级第三学期安全教育/国家安全各个方面 进度：必修课：0/67，推送课：0/0，自选课：0/0，考试：0/1，预计剩余时间：1005 秒
2025-10-10 21:07:51|INFO   |24210253214|开始处理课程：必修课 2024级第三学期安全教育/国家安全各个方面/间谍如何窃密—腐蚀拉拢篇
2025-10-10 21:07:51|INFO   |24210253214|必修课 2024级第三学期安全教育/国家安全各个方面/间谍如何窃密—腐蚀拉拢篇 等待 15 秒，模拟学习中...
2025-10-10 21:08:06|SUCCESS|24210253214|必修课 2024级第三学期安全教育/国家安全各个方面/间谍如何窃密—腐蚀拉拢篇 完成
2025-10-10 21:08:07|INFO   |24210253214|必修课 2024级第三学期安全教育/国家安全各个方面 进度：必修课：0/67，推送课：0/0，自选课：0/0，考试：0/1，预计剩余时间：1005 秒
2025-10-10 21:08:07|INFO   |24210253214|开始处理课程：必修课 2024级第三学期安全教育/国家安全各个方面/间谍如何窃密—隐蔽掩护篇
2025-10-10 21:08:07|INFO   |24210253214|必修课 2024级第三学期安全教育/国家安全各个方面/间谍如何窃密—隐蔽掩护篇 等待 15 秒，模拟学习中...
2025-10-10 21:08:22|SUCCESS|24210253214|必修课 2024级第三学期安全教育/国家安全各个方面/间谍如何窃密—隐蔽掩护篇 完成
2025-10-10 21:08:22|INFO   |24210253214|必修课 2024级第三学期安全教育/国家安全各个方面 进度：必修课：0/67，推送课：0/0，自选课：0/0，考试：0/1，预计剩余时间：1005 秒
2025-10-10 21:08:22|INFO   |24210253214|开始处理课程：必修课 2024级第三学期安全教育/国家安全各个方面/间谍如何窃密—秘密搜集篇
2025-10-10 21:08:22|INFO   |24210253214|必修课 2024级第三学期安全教育/国家安全各个方面/间谍如何窃密—秘密搜集篇 等待 15 秒，模拟学习中...
2025-10-10 21:08:37|SUCCESS|24210253214|必修课 2024级第三学期安全教育/国家安全各个方面/间谍如何窃密—秘密搜集篇 完成
2025-10-10 21:08:37|INFO   |24210253214|开始处理 必修课 2024级第三学期安全教育/总体国家安全观总论
2025-10-10 21:08:37|INFO   |24210253214|必修课 2024级第三学期安全教育/总体国家安全观总论 进度：必修课：0/67，推送课：0/0，自选课：0/0，考试：0/1，预计剩余时间：1005 秒
2025-10-10 21:08:37|INFO   |24210253214|开始处理课程：必修课 2024级第三学期安全教育/总体国家安全观总论/维护国家安全之政治篇(上)
2025-10-10 21:08:38|INFO   |24210253214|必修课 2024级第三学期安全教育/总体国家安全观总论/维护国家安全之政治篇(上) 等待 15 秒，模拟学习中...
2025-10-10 21:08:53|SUCCESS|24210253214|必修课 2024级第三学期安全教育/总体国家安全观总论/维护国家安全之政治篇(上) 完成
2025-10-10 21:08:53|INFO   |24210253214|必修课 2024级第三学期安全教育/总体国家安全观总论 进度：必修课：0/67，推送课：0/0，自选课：0/0，考试：0/1，预计剩余时间：1005 秒
2025-10-10 21:08:53|INFO   |24210253214|开始处理课程：必修课 2024级第三学期安全教育/总体国家安全观总论/维护国家安全之政治篇(下)
2025-10-10 21:08:53|INFO   |24210253214|必修课 2024级第三学期安全教育/总体国家安全观总论/维护国家安全之政治篇(下) 等待 15 秒，模拟学习中...
2025-10-10 21:09:08|SUCCESS|24210253214|必修课 2024级第三学期安全教育/总体国家安全观总论/维护国家安全之政治篇(下) 完成
2025-10-10 21:09:08|INFO   |24210253214|必修课 2024级第三学期安全教育/总体国家安全观总论 进度：必修课：0/67，推送课：0/0，自选课：0/0，考试：0/1，预计剩余时间：1005 秒
2025-10-10 21:09:08|INFO   |24210253214|开始处理课程：必修课 2024级第三学期安全教育/总体国家安全观总论/《国家安全法》之人人有责
2025-10-10 21:09:09|INFO   |24210253214|必修课 2024级第三学期安全教育/总体国家安全观总论/《国家安全法》之人人有责 等待 15 秒，模拟学习中...
2025-10-10 21:09:24|SUCCESS|24210253214|必修课 2024级第三学期安全教育/总体国家安全观总论/《国家安全法》之人人有责 完成
2025-10-10 21:09:24|INFO   |24210253214|必修课 2024级第三学期安全教育/总体国家安全观总论 进度：必修课：0/67，推送课：0/0，自选课：0/0，考试：0/1，预计剩余时间：1005 秒
2025-10-10 21:09:24|INFO   |24210253214|开始处理课程：必修课 2024级第三学期安全教育/总体国家安全观总论/《国家安全法》之你应该知道的
2025-10-10 21:09:24|INFO   |24210253214|必修课 2024级第三学期安全教育/总体国家安全观总论/《国家安全法》之你应该知道的 等待 15 秒，模拟学习中...
2025-10-10 21:09:39|SUCCESS|24210253214|必修课 2024级第三学期安全教育/总体国家安全观总论/《国家安全法》之你应该知道的 完成
2025-10-10 21:09:39|INFO   |24210253214|开始处理 必修课 2024级第三学期安全教育/安全文化
2025-10-10 21:09:39|INFO   |24210253214|必修课 2024级第三学期安全教育/安全文化 进度：必修课：0/67，推送课：0/0，自选课：0/0，考试：0/1，预计剩余时间：1005 秒
2025-10-10 21:09:39|INFO   |24210253214|开始处理课程：必修课 2024级第三学期安全教育/安全文化/破窗效应
2025-10-10 21:09:39|INFO   |24210253214|必修课 2024级第三学期安全教育/安全文化/破窗效应 等待 15 秒，模拟学习中...
2025-10-10 21:09:55|SUCCESS|24210253214|必修课 2024级第三学期安全教育/安全文化/破窗效应 完成
2025-10-10 21:09:55|INFO   |24210253214|必修课 2024级第三学期安全教育/安全文化 进度：必修课：0/67，推送课：0/0，自选课：0/0，考试：0/1，预计剩余时间：1005 秒
2025-10-10 21:09:55|INFO   |24210253214|开始处理课程：必修课 2024级第三学期安全教育/安全文化/海因里希法则
2025-10-10 21:09:55|INFO   |24210253214|必修课 2024级第三学期安全教育/安全文化/海因里希法则 等待 15 秒，模拟学习中...
2025-10-10 21:10:10|SUCCESS|24210253214|必修课 2024级第三学期安全教育/安全文化/海因里希法则 完成
2025-10-10 21:10:10|INFO   |24210253214|必修课 2024级第三学期安全教育/安全文化 进度：必修课：0/67，推送课：0/0，自选课：0/0，考试：0/1，预计剩余时间：1005 秒
2025-10-10 21:10:10|INFO   |24210253214|开始处理课程：必修课 2024级第三学期安全教育/安全文化/你知道你可能正在吃塑料吗？
2025-10-10 21:10:10|INFO   |24210253214|必修课 2024级第三学期安全教育/安全文化/你知道你可能正在吃塑料吗？ 等待 15 秒，模拟学习中...
2025-10-10 21:10:25|SUCCESS|24210253214|必修课 2024级第三学期安全教育/安全文化/你知道你可能正在吃塑料吗？ 完成
2025-10-10 21:10:25|INFO   |24210253214|必修课 2024级第三学期安全教育/安全文化 进度：必修课：0/67，推送课：0/0，自选课：0/0，考试：0/1，预计剩余时间：1005 秒
2025-10-10 21:10:25|INFO   |24210253214|开始处理课程：必修课 2024级第三学期安全教育/安全文化/再也不回来的乞丐
2025-10-10 21:10:25|INFO   |24210253214|必修课 2024级第三学期安全教育/安全文化/再也不回来的乞丐 等待 15 秒，模拟学习中...
2025-10-10 21:10:41|SUCCESS|24210253214|必修课 2024级第三学期安全教育/安全文化/再也不回来的乞丐 完成
2025-10-10 21:10:41|INFO   |24210253214|开始处理 必修课 2024级第三学期安全教育/艾滋病防治
2025-10-10 21:10:41|INFO   |24210253214|必修课 2024级第三学期安全教育/艾滋病防治 进度：必修课：0/67，推送课：0/0，自选课：0/0，考试：0/1，预计剩余时间：1005 秒
2025-10-10 21:10:41|INFO   |24210253214|开始处理课程：必修课 2024级第三学期安全教育/艾滋病防治/艾滋病和法律
2025-10-10 21:10:41|INFO   |24210253214|必修课 2024级第三学期安全教育/艾滋病防治/艾滋病和法律 等待 15 秒，模拟学习中...
2025-10-10 21:10:56|SUCCESS|24210253214|必修课 2024级第三学期安全教育/艾滋病防治/艾滋病和法律 完成
2025-10-10 21:10:56|INFO   |24210253214|必修课 2024级第三学期安全教育/艾滋病防治 进度：必修课：0/67，推送课：0/0，自选课：0/0，考试：0/1，预计剩余时间：1005 秒
2025-10-10 21:10:56|INFO   |24210253214|开始处理课程：必修课 2024级第三学期安全教育/艾滋病防治/得了艾滋病是什么体验
2025-10-10 21:10:56|INFO   |24210253214|必修课 2024级第三学期安全教育/艾滋病防治/得了艾滋病是什么体验 等待 15 秒，模拟学习中...
2025-10-10 21:11:11|SUCCESS|24210253214|必修课 2024级第三学期安全教育/艾滋病防治/得了艾滋病是什么体验 完成
2025-10-10 21:11:11|INFO   |24210253214|必修课 2024级第三学期安全教育/艾滋病防治 进度：必修课：0/67，推送课：0/0，自选课：0/0，考试：0/1，预计剩余时间：1005 秒
2025-10-10 21:11:11|INFO   |24210253214|开始处理课程：必修课 2024级第三学期安全教育/艾滋病防治/艾滋病与传染病
2025-10-10 21:11:12|INFO   |24210253214|必修课 2024级第三学期安全教育/艾滋病防治/艾滋病与传染病 等待 15 秒，模拟学习中...
2025-10-10 21:11:27|SUCCESS|24210253214|必修课 2024级第三学期安全教育/艾滋病防治/艾滋病与传染病 完成
2025-10-10 21:11:27|INFO   |24210253214|必修课 2024级第三学期安全教育/艾滋病防治 进度：必修课：0/67，推送课：0/0，自选课：0/0，考试：0/1，预计剩余时间：1005 秒
2025-10-10 21:11:27|INFO   |24210253214|开始处理课程：必修课 2024级第三学期安全教育/艾滋病防治/阻断药＝“后悔药”？
2025-10-10 21:11:27|INFO   |24210253214|必修课 2024级第三学期安全教育/艾滋病防治/阻断药＝“后悔药”？ 等待 15 秒，模拟学习中...
2025-10-10 21:11:42|SUCCESS|24210253214|必修课 2024级第三学期安全教育/艾滋病防治/阻断药＝“后悔药”？ 完成
2025-10-10 21:11:42|INFO   |24210253214|开始处理 必修课 2024级第三学期安全教育/传染病防治
2025-10-10 21:11:42|INFO   |24210253214|必修课 2024级第三学期安全教育/传染病防治 进度：必修课：0/67，推送课：0/0，自选课：0/0，考试：0/1，预计剩余时间：1005 秒
2025-10-10 21:11:42|INFO   |24210253214|开始处理课程：必修课 2024级第三学期安全教育/传染病防治/你可知道出血热？
2025-10-10 21:11:43|INFO   |24210253214|必修课 2024级第三学期安全教育/传染病防治/你可知道出血热？ 等待 15 秒，模拟学习中...
2025-10-10 21:11:58|SUCCESS|24210253214|必修课 2024级第三学期安全教育/传染病防治/你可知道出血热？ 完成
2025-10-10 21:11:58|INFO   |24210253214|必修课 2024级第三学期安全教育/传染病防治 进度：必修课：0/67，推送课：0/0，自选课：0/0，考试：0/1，预计剩余时间：1005 秒
2025-10-10 21:11:58|INFO   |24210253214|开始处理课程：必修课 2024级第三学期安全教育/传染病防治/人类流行病史
2025-10-10 21:11:58|INFO   |24210253214|必修课 2024级第三学期安全教育/传染病防治/人类流行病史 等待 15 秒，模拟学习中...
2025-10-10 21:12:13|SUCCESS|24210253214|必修课 2024级第三学期安全教育/传染病防治/人类流行病史 完成
2025-10-10 21:12:13|INFO   |24210253214|开始处理 必修课 2024级第三学期安全教育/身体健康
2025-10-10 21:12:13|INFO   |24210253214|必修课 2024级第三学期安全教育/身体健康 进度：必修课：0/67，推送课：0/0，自选课：0/0，考试：0/1，预计剩余时间：1005 秒
2025-10-10 21:12:13|INFO   |24210253214|开始处理课程：必修课 2024级第三学期安全教育/身体健康/学会聚餐中的饮酒安全
2025-10-10 21:12:13|INFO   |24210253214|必修课 2024级第三学期安全教育/身体健康/学会聚餐中的饮酒安全 等待 15 秒，模拟学习中...
2025-10-10 21:12:28|SUCCESS|24210253214|必修课 2024级第三学期安全教育/身体健康/学会聚餐中的饮酒安全 完成
2025-10-10 21:12:29|INFO   |24210253214|必修课 2024级第三学期安全教育/身体健康 进度：必修课：0/67，推送课：0/0，自选课：0/0，考试：0/1，预计剩余时间：1005 秒
2025-10-10 21:12:29|INFO   |24210253214|开始处理课程：必修课 2024级第三学期安全教育/身体健康/塑料瓶底的数字奥秘
2025-10-10 21:12:29|INFO   |24210253214|必修课 2024级第三学期安全教育/身体健康/塑料瓶底的数字奥秘 等待 15 秒，模拟学习中...
2025-10-10 21:12:44|SUCCESS|24210253214|必修课 2024级第三学期安全教育/身体健康/塑料瓶底的数字奥秘 完成
2025-10-10 21:12:44|INFO   |24210253214|必修课 2024级第三学期安全教育/身体健康 进度：必修课：0/67，推送课：0/0，自选课：0/0，考试：0/1，预计剩余时间：1005 秒
2025-10-10 21:12:44|INFO   |24210253214|开始处理课程：必修课 2024级第三学期安全教育/身体健康/烟奄一吸——电子烟的自述
2025-10-10 21:12:44|INFO   |24210253214|必修课 2024级第三学期安全教育/身体健康/烟奄一吸——电子烟的自述 等待 15 秒，模拟学习中...
2025-10-10 21:12:59|SUCCESS|24210253214|必修课 2024级第三学期安全教育/身体健康/烟奄一吸——电子烟的自述 完成
2025-10-10 21:12:59|INFO   |24210253214|必修课 2024级第三学期安全教育/身体健康 进度：必修课：0/67，推送课：0/0，自选课：0/0，考试：0/1，预计剩余时间：1005 秒
2025-10-10 21:12:59|INFO   |24210253214|开始处理课程：必修课 2024级第三学期安全教育/身体健康/二手烟和三手烟的真相
2025-10-10 21:12:59|INFO   |24210253214|必修课 2024级第三学期安全教育/身体健康/二手烟和三手烟的真相 等待 15 秒，模拟学习中...
2025-10-10 21:13:15|SUCCESS|24210253214|必修课 2024级第三学期安全教育/身体健康/二手烟和三手烟的真相 完成
2025-10-10 21:13:15|INFO   |24210253214|开始处理 必修课 2024级第三学期安全教育/外出及旅游安全
2025-10-10 21:13:15|INFO   |24210253214|必修课 2024级第三学期安全教育/外出及旅游安全 进度：必修课：0/67，推送课：0/0，自选课：0/0，考试：0/1，预计剩余时间：1005 秒
2025-10-10 21:13:15|INFO   |24210253214|开始处理课程：必修课 2024级第三学期安全教育/外出及旅游安全/世界安全吗之自助游
2025-10-10 21:13:15|INFO   |24210253214|必修课 2024级第三学期安全教育/外出及旅游安全/世界安全吗之自助游 等待 15 秒，模拟学习中...
2025-10-10 21:13:30|SUCCESS|24210253214|必修课 2024级第三学期安全教育/外出及旅游安全/世界安全吗之自助游 完成
2025-10-10 21:13:30|INFO   |24210253214|必修课 2024级第三学期安全教育/外出及旅游安全 进度：必修课：0/67，推送课：0/0，自选课：0/0，考试：0/1，预计剩余时间：1005 秒
2025-10-10 21:13:30|INFO   |24210253214|开始处理课程：必修课 2024级第三学期安全教育/外出及旅游安全/背包游出行安全指南
2025-10-10 21:13:31|INFO   |24210253214|必修课 2024级第三学期安全教育/外出及旅游安全/背包游出行安全指南 等待 15 秒，模拟学习中...
2025-10-10 21:13:46|SUCCESS|24210253214|必修课 2024级第三学期安全教育/外出及旅游安全/背包游出行安全指南 完成
2025-10-10 21:13:46|INFO   |24210253214|开始处理 必修课 2024级第三学期安全教育/应对突发事件
2025-10-10 21:13:46|INFO   |24210253214|必修课 2024级第三学期安全教育/应对突发事件 进度：必修课：0/67，推送课：0/0，自选课：0/0，考试：0/1，预计剩余时间：1005 秒
2025-10-10 21:13:46|INFO   |24210253214|开始处理课程：必修课 2024级第三学期安全教育/应对突发事件/扶梯伤人？NO WAY！—进阶篇
2025-10-10 21:13:46|INFO   |24210253214|必修课 2024级第三学期安全教育/应对突发事件/扶梯伤人？NO WAY！—进阶篇 等待 15 秒，模拟学习中...
2025-10-10 21:14:01|SUCCESS|24210253214|必修课 2024级第三学期安全教育/应对突发事件/扶梯伤人？NO WAY！—进阶篇 完成
2025-10-10 21:14:01|INFO   |24210253214|开始处理 必修课 2024级第三学期安全教育/禁毒教育
2025-10-10 21:14:02|INFO   |24210253214|必修课 2024级第三学期安全教育/禁毒教育 进度：必修课：0/67，推送课：0/0，自选课：0/0，考试：0/1，预计剩余时间：1005 秒
2025-10-10 21:14:02|INFO   |24210253214|开始处理课程：必修课 2024级第三学期安全教育/禁毒教育/如何防范毒品（上）
2025-10-10 21:14:02|INFO   |24210253214|必修课 2024级第三学期安全教育/禁毒教育/如何防范毒品（上） 等待 15 秒，模拟学习中...
2025-10-10 21:14:17|SUCCESS|24210253214|必修课 2024级第三学期安全教育/禁毒教育/如何防范毒品（上） 完成
2025-10-10 21:14:17|INFO   |24210253214|必修课 2024级第三学期安全教育/禁毒教育 进度：必修课：0/67，推送课：0/0，自选课：0/0，考试：0/1，预计剩余时间：1005 秒
2025-10-10 21:14:17|INFO   |24210253214|开始处理课程：必修课 2024级第三学期安全教育/禁毒教育/如何防范毒品（下）
2025-10-10 21:14:17|INFO   |24210253214|必修课 2024级第三学期安全教育/禁毒教育/如何防范毒品（下） 等待 15 秒，模拟学习中...
2025-10-10 21:14:32|SUCCESS|24210253214|必修课 2024级第三学期安全教育/禁毒教育/如何防范毒品（下） 完成
2025-10-10 21:14:32|INFO   |24210253214|必修课 2024级第三学期安全教育/禁毒教育 进度：必修课：0/67，推送课：0/0，自选课：0/0，考试：0/1，预计剩余时间：1005 秒
2025-10-10 21:14:32|INFO   |24210253214|开始处理课程：必修课 2024级第三学期安全教育/禁毒教育/我真的不是毒贩……
2025-10-10 21:14:33|INFO   |24210253214|必修课 2024级第三学期安全教育/禁毒教育/我真的不是毒贩…… 等待 15 秒，模拟学习中...
2025-10-10 21:14:48|SUCCESS|24210253214|必修课 2024级第三学期安全教育/禁毒教育/我真的不是毒贩…… 完成
2025-10-10 21:14:48|INFO   |24210253214|必修课 2024级第三学期安全教育/禁毒教育 进度：必修课：0/67，推送课：0/0，自选课：0/0，考试：0/1，预计剩余时间：1005 秒
2025-10-10 21:14:48|INFO   |24210253214|开始处理课程：必修课 2024级第三学期安全教育/禁毒教育/禁毒法律法规
2025-10-10 21:14:48|INFO   |24210253214|必修课 2024级第三学期安全教育/禁毒教育/禁毒法律法规 等待 15 秒，模拟学习中...
2025-10-10 21:15:03|SUCCESS|24210253214|必修课 2024级第三学期安全教育/禁毒教育/禁毒法律法规 完成
2025-10-10 21:15:03|INFO   |24210253214|开始处理 必修课 2024级第三学期安全教育/财产安全
2025-10-10 21:15:03|INFO   |24210253214|必修课 2024级第三学期安全教育/财产安全 进度：必修课：0/67，推送课：0/0，自选课：0/0，考试：0/1，预计剩余时间：1005 秒
2025-10-10 21:15:03|INFO   |24210253214|开始处理课程：必修课 2024级第三学期安全教育/财产安全/同学，你这可是偷呀！(上)
2025-10-10 21:15:03|INFO   |24210253214|必修课 2024级第三学期安全教育/财产安全/同学，你这可是偷呀！(上) 等待 15 秒，模拟学习中...
2025-10-10 21:15:18|SUCCESS|24210253214|必修课 2024级第三学期安全教育/财产安全/同学，你这可是偷呀！(上) 完成
2025-10-10 21:15:19|INFO   |24210253214|必修课 2024级第三学期安全教育/财产安全 进度：必修课：0/67，推送课：0/0，自选课：0/0，考试：0/1，预计剩余时间：1005 秒
2025-10-10 21:15:19|INFO   |24210253214|开始处理课程：必修课 2024级第三学期安全教育/财产安全/同学，你这可是偷呀！(下)
2025-10-10 21:15:19|INFO   |24210253214|必修课 2024级第三学期安全教育/财产安全/同学，你这可是偷呀！(下) 等待 15 秒，模拟学习中...
2025-10-10 21:15:34|SUCCESS|24210253214|必修课 2024级第三学期安全教育/财产安全/同学，你这可是偷呀！(下) 完成
2025-10-10 21:15:34|INFO   |24210253214|开始处理 必修课 2024级第三学期安全教育/防范诈骗
2025-10-10 21:15:34|INFO   |24210253214|必修课 2024级第三学期安全教育/防范诈骗 进度：必修课：0/67，推送课：0/0，自选课：0/0，考试：0/1，预计剩余时间：1005 秒
2025-10-10 21:15:34|INFO   |24210253214|开始处理课程：必修课 2024级第三学期安全教育/防范诈骗/大学生防诈骗—仿冒身份欺诈
2025-10-10 21:15:34|INFO   |24210253214|必修课 2024级第三学期安全教育/防范诈骗/大学生防诈骗—仿冒身份欺诈 等待 15 秒，模拟学习中...
2025-10-10 21:15:49|SUCCESS|24210253214|必修课 2024级第三学期安全教育/防范诈骗/大学生防诈骗—仿冒身份欺诈 完成
2025-10-10 21:15:49|INFO   |24210253214|必修课 2024级第三学期安全教育/防范诈骗 进度：必修课：0/67，推送课：0/0，自选课：0/0，考试：0/1，预计剩余时间：1005 秒
2025-10-10 21:15:49|INFO   |24210253214|开始处理课程：必修课 2024级第三学期安全教育/防范诈骗/大学生防诈骗—购物类诈骗
2025-10-10 21:15:50|INFO   |24210253214|必修课 2024级第三学期安全教育/防范诈骗/大学生防诈骗—购物类诈骗 等待 15 秒，模拟学习中...
2025-10-10 21:16:05|SUCCESS|24210253214|必修课 2024级第三学期安全教育/防范诈骗/大学生防诈骗—购物类诈骗 完成
2025-10-10 21:16:05|INFO   |24210253214|必修课 2024级第三学期安全教育/防范诈骗 进度：必修课：0/67，推送课：0/0，自选课：0/0，考试：0/1，预计剩余时间：1005 秒
2025-10-10 21:16:05|INFO   |24210253214|开始处理课程：必修课 2024级第三学期安全教育/防范诈骗/大学生防诈骗—利诱类欺诈
2025-10-10 21:16:05|INFO   |24210253214|必修课 2024级第三学期安全教育/防范诈骗/大学生防诈骗—利诱类欺诈 等待 15 秒，模拟学习中...
2025-10-10 21:16:20|SUCCESS|24210253214|必修课 2024级第三学期安全教育/防范诈骗/大学生防诈骗—利诱类欺诈 完成
2025-10-10 21:16:20|INFO   |24210253214|必修课 2024级第三学期安全教育/防范诈骗 进度：必修课：0/67，推送课：0/0，自选课：0/0，考试：0/1，预计剩余时间：1005 秒
2025-10-10 21:16:20|INFO   |24210253214|开始处理课程：必修课 2024级第三学期安全教育/防范诈骗/大学生防诈骗—虚构险情欺诈
2025-10-10 21:16:20|INFO   |24210253214|必修课 2024级第三学期安全教育/防范诈骗/大学生防诈骗—虚构险情欺诈 等待 15 秒，模拟学习中...
2025-10-10 21:16:35|SUCCESS|24210253214|必修课 2024级第三学期安全教育/防范诈骗/大学生防诈骗—虚构险情欺诈 完成
2025-10-10 21:16:35|INFO   |24210253214|必修课 2024级第三学期安全教育/防范诈骗 进度：必修课：0/67，推送课：0/0，自选课：0/0，考试：0/1，预计剩余时间：1005 秒
2025-10-10 21:16:35|INFO   |24210253214|开始处理课程：必修课 2024级第三学期安全教育/防范诈骗/大学生防诈骗—日常生活消费欺诈
2025-10-10 21:16:36|INFO   |24210253214|必修课 2024级第三学期安全教育/防范诈骗/大学生防诈骗—日常生活消费欺诈 等待 15 秒，模拟学习中...
2025-10-10 21:16:51|SUCCESS|24210253214|必修课 2024级第三学期安全教育/防范诈骗/大学生防诈骗—日常生活消费欺诈 完成
2025-10-10 21:16:51|INFO   |24210253214|必修课 2024级第三学期安全教育/防范诈骗 进度：必修课：0/67，推送课：0/0，自选课：0/0，考试：0/1，预计剩余时间：1005 秒
2025-10-10 21:16:51|INFO   |24210253214|开始处理课程：必修课 2024级第三学期安全教育/防范诈骗/大学生防诈骗—钓鱼、木马病毒类欺诈
2025-10-10 21:16:51|INFO   |24210253214|必修课 2024级第三学期安全教育/防范诈骗/大学生防诈骗—钓鱼、木马病毒类欺诈 等待 15 秒，模拟学习中...
2025-10-10 21:17:06|SUCCESS|24210253214|必修课 2024级第三学期安全教育/防范诈骗/大学生防诈骗—钓鱼、木马病毒类欺诈 完成
2025-10-10 21:17:06|INFO   |24210253214|必修课 2024级第三学期安全教育/防范诈骗 进度：必修课：0/67，推送课：0/0，自选课：0/0，考试：0/1，预计剩余时间：1005 秒
2025-10-10 21:17:06|INFO   |24210253214|开始处理课程：必修课 2024级第三学期安全教育/防范诈骗/大学生防诈骗—其他新型网络欺诈(上)
2025-10-10 21:17:06|INFO   |24210253214|必修课 2024级第三学期安全教育/防范诈骗/大学生防诈骗—其他新型网络欺诈(上) 等待 15 秒，模拟学习中...
2025-10-10 21:17:21|SUCCESS|24210253214|必修课 2024级第三学期安全教育/防范诈骗/大学生防诈骗—其他新型网络欺诈(上) 完成
2025-10-10 21:17:21|INFO   |24210253214|必修课 2024级第三学期安全教育/防范诈骗 进度：必修课：0/67，推送课：0/0，自选课：0/0，考试：0/1，预计剩余时间：1005 秒
2025-10-10 21:17:21|INFO   |24210253214|开始处理课程：必修课 2024级第三学期安全教育/防范诈骗/大学生防诈骗—其他新型网络欺诈(下)
2025-10-10 21:17:22|INFO   |24210253214|必修课 2024级第三学期安全教育/防范诈骗/大学生防诈骗—其他新型网络欺诈(下) 等待 15 秒，模拟学习中...
2025-10-10 21:17:37|SUCCESS|24210253214|必修课 2024级第三学期安全教育/防范诈骗/大学生防诈骗—其他新型网络欺诈(下) 完成
2025-10-10 21:17:37|INFO   |24210253214|必修课 2024级第三学期安全教育/防范诈骗 进度：必修课：0/67，推送课：0/0，自选课：0/0，考试：0/1，预计剩余时间：1005 秒
2025-10-10 21:17:37|INFO   |24210253214|开始处理课程：必修课 2024级第三学期安全教育/防范诈骗/校园非法集资之与骗子过招
2025-10-10 21:17:37|INFO   |24210253214|必修课 2024级第三学期安全教育/防范诈骗/校园非法集资之与骗子过招 等待 15 秒，模拟学习中...
2025-10-10 21:17:52|SUCCESS|24210253214|必修课 2024级第三学期安全教育/防范诈骗/校园非法集资之与骗子过招 完成
2025-10-10 21:17:52|INFO   |24210253214|必修课 2024级第三学期安全教育/防范诈骗 进度：必修课：0/67，推送课：0/0，自选课：0/0，考试：0/1，预计剩余时间：1005 秒
2025-10-10 21:17:52|INFO   |24210253214|开始处理课程：必修课 2024级第三学期安全教育/防范诈骗/校园非法集资之火眼金睛防被骗
2025-10-10 21:17:52|INFO   |24210253214|必修课 2024级第三学期安全教育/防范诈骗/校园非法集资之火眼金睛防被骗 等待 15 秒，模拟学习中...
2025-10-10 21:18:07|SUCCESS|24210253214|必修课 2024级第三学期安全教育/防范诈骗/校园非法集资之火眼金睛防被骗 完成
2025-10-10 21:18:07|INFO   |24210253214|必修课 2024级第三学期安全教育/防范诈骗 进度：必修课：0/67，推送课：0/0，自选课：0/0，考试：0/1，预计剩余时间：1005 秒
2025-10-10 21:18:07|INFO   |24210253214|开始处理课程：必修课 2024级第三学期安全教育/防范诈骗/缅北诈骗，你必须知道！
2025-10-10 21:18:08|INFO   |24210253214|必修课 2024级第三学期安全教育/防范诈骗/缅北诈骗，你必须知道！ 等待 15 秒，模拟学习中...
2025-10-10 21:18:23|SUCCESS|24210253214|必修课 2024级第三学期安全教育/防范诈骗/缅北诈骗，你必须知道！ 完成
2025-10-10 21:18:23|INFO   |24210253214|必修课 2024级第三学期安全教育/防范诈骗 进度：必修课：0/67，推送课：0/0，自选课：0/0，考试：0/1，预计剩余时间：1005 秒
2025-10-10 21:18:23|INFO   |24210253214|开始处理课程：必修课 2024级第三学期安全教育/防范诈骗/骗子的“千层套路”VS 我们的“防骗秘籍”
2025-10-10 21:18:23|INFO   |24210253214|必修课 2024级第三学期安全教育/防范诈骗/骗子的“千层套路”VS 我们的“防骗秘籍” 等待 15 秒，模拟学习中...
2025-10-10 21:18:38|SUCCESS|24210253214|必修课 2024级第三学期安全教育/防范诈骗/骗子的“千层套路”VS 我们的“防骗秘籍” 完成
2025-10-10 21:18:38|INFO   |24210253214|必修课 2024级第三学期安全教育/防范诈骗 进度：必修课：0/67，推送课：0/0，自选课：0/0，考试：0/1，预计剩余时间：1005 秒
2025-10-10 21:18:38|INFO   |24210253214|开始处理课程：必修课 2024级第三学期安全教育/防范诈骗/勇敢起来，遭遇诈骗后的自救指南
2025-10-10 21:18:38|INFO   |24210253214|必修课 2024级第三学期安全教育/防范诈骗/勇敢起来，遭遇诈骗后的自救指南 等待 15 秒，模拟学习中...
2025-10-10 21:18:53|SUCCESS|24210253214|必修课 2024级第三学期安全教育/防范诈骗/勇敢起来，遭遇诈骗后的自救指南 完成
2025-10-10 21:18:53|INFO   |24210253214|必修课 2024级第三学期安全教育/防范诈骗 进度：必修课：0/67，推送课：0/0，自选课：0/0，考试：0/1，预计剩余时间：1005 秒
2025-10-10 21:18:53|INFO   |24210253214|开始处理课程：必修课 2024级第三学期安全教育/防范诈骗/色情的诱惑是陷阱
2025-10-10 21:18:54|INFO   |24210253214|必修课 2024级第三学期安全教育/防范诈骗/色情的诱惑是陷阱 等待 15 秒，模拟学习中...
2025-10-10 21:19:09|SUCCESS|24210253214|必修课 2024级第三学期安全教育/防范诈骗/色情的诱惑是陷阱 完成
2025-10-10 21:19:09|INFO   |24210253214|开始处理 必修课 2024级第三学期安全教育/人身安全
2025-10-10 21:19:09|INFO   |24210253214|必修课 2024级第三学期安全教育/人身安全 进度：必修课：0/67，推送课：0/0，自选课：0/0，考试：0/1，预计剩余时间：1005 秒
2025-10-10 21:19:09|INFO   |24210253214|开始处理课程：必修课 2024级第三学期安全教育/人身安全/流浪猫狗安全
2025-10-10 21:19:09|INFO   |24210253214|必修课 2024级第三学期安全教育/人身安全/流浪猫狗安全 等待 15 秒，模拟学习中...
2025-10-10 21:19:24|SUCCESS|24210253214|必修课 2024级第三学期安全教育/人身安全/流浪猫狗安全 完成
2025-10-10 21:19:24|INFO   |24210253214|开始处理 必修课 2024级第三学期安全教育/网络安全
2025-10-10 21:19:25|INFO   |24210253214|必修课 2024级第三学期安全教育/网络安全 进度：必修课：0/67，推送课：0/0，自选课：0/0，考试：0/1，预计剩余时间：1005 秒
2025-10-10 21:19:25|INFO   |24210253214|开始处理课程：必修课 2024级第三学期安全教育/网络安全/这“墙”不能翻
2025-10-10 21:19:25|INFO   |24210253214|必修课 2024级第三学期安全教育/网络安全/这“墙”不能翻 等待 15 秒，模拟学习中...
2025-10-10 21:19:40|SUCCESS|24210253214|必修课 2024级第三学期安全教育/网络安全/这“墙”不能翻 完成
2025-10-10 21:19:40|INFO   |24210253214|必修课 2024级第三学期安全教育/网络安全 进度：必修课：0/67，推送课：0/0，自选课：0/0，考试：0/1，预计剩余时间：1005 秒
2025-10-10 21:19:40|INFO   |24210253214|开始处理课程：必修课 2024级第三学期安全教育/网络安全/不良信息要远离
2025-10-10 21:19:40|INFO   |24210253214|必修课 2024级第三学期安全教育/网络安全/不良信息要远离 等待 15 秒，模拟学习中...
2025-10-10 21:19:55|SUCCESS|24210253214|必修课 2024级第三学期安全教育/网络安全/不良信息要远离 完成
2025-10-10 21:19:55|INFO   |24210253214|开始处理 必修课 2024级第三学期安全教育/消防安全
2025-10-10 21:19:55|INFO   |24210253214|必修课 2024级第三学期安全教育/消防安全 进度：必修课：0/67，推送课：0/0，自选课：0/0，考试：0/1，预计剩余时间：1005 秒
2025-10-10 21:19:55|INFO   |24210253214|开始处理课程：必修课 2024级第三学期安全教育/消防安全/高温下的“炸弹”
2025-10-10 21:19:56|INFO   |24210253214|必修课 2024级第三学期安全教育/消防安全/高温下的“炸弹” 等待 15 秒，模拟学习中...
2025-10-10 21:20:11|SUCCESS|24210253214|必修课 2024级第三学期安全教育/消防安全/高温下的“炸弹” 完成
2025-10-10 21:20:11|INFO   |24210253214|必修课 2024级第三学期安全教育/消防安全 进度：必修课：0/67，推送课：0/0，自选课：0/0，考试：0/1，预计剩余时间：1005 秒
2025-10-10 21:20:11|INFO   |24210253214|开始处理课程：必修课 2024级第三学期安全教育/消防安全/可怕的电气火灾（上）
2025-10-10 21:20:11|INFO   |24210253214|必修课 2024级第三学期安全教育/消防安全/可怕的电气火灾（上） 等待 15 秒，模拟学习中...
2025-10-10 21:20:26|SUCCESS|24210253214|必修课 2024级第三学期安全教育/消防安全/可怕的电气火灾（上） 完成
2025-10-10 21:20:26|INFO   |24210253214|必修课 2024级第三学期安全教育/消防安全 进度：必修课：0/67，推送课：0/0，自选课：0/0，考试：0/1，预计剩余时间：1005 秒
2025-10-10 21:20:26|INFO   |24210253214|开始处理课程：必修课 2024级第三学期安全教育/消防安全/可怕的电气火灾（下）
2025-10-10 21:20:26|INFO   |24210253214|必修课 2024级第三学期安全教育/消防安全/可怕的电气火灾（下） 等待 15 秒，模拟学习中...
2025-10-10 21:20:41|SUCCESS|24210253214|必修课 2024级第三学期安全教育/消防安全/可怕的电气火灾（下） 完成
2025-10-10 21:20:42|INFO   |24210253214|必修课 2024级第三学期安全教育/消防安全 进度：必修课：0/67，推送课：0/0，自选课：0/0，考试：0/1，预计剩余时间：1005 秒
2025-10-10 21:20:42|INFO   |24210253214|开始处理课程：必修课 2024级第三学期安全教育/消防安全/可怕的粉尘“炸弹”！
2025-10-10 21:20:42|INFO   |24210253214|必修课 2024级第三学期安全教育/消防安全/可怕的粉尘“炸弹”！ 等待 15 秒，模拟学习中...
2025-10-10 21:20:57|SUCCESS|24210253214|必修课 2024级第三学期安全教育/消防安全/可怕的粉尘“炸弹”！ 完成
2025-10-10 21:20:57|INFO   |24210253214|必修课 2024级第三学期安全教育/消防安全 进度：必修课：0/67，推送课：0/0，自选课：0/0，考试：0/1，预计剩余时间：1005 秒
2025-10-10 21:20:57|INFO   |24210253214|开始处理课程：必修课 2024级第三学期安全教育/消防安全/森林防火 人人有责
2025-10-10 21:20:57|INFO   |24210253214|必修课 2024级第三学期安全教育/消防安全/森林防火 人人有责 等待 15 秒，模拟学习中...
2025-10-10 21:21:12|SUCCESS|24210253214|必修课 2024级第三学期安全教育/消防安全/森林防火 人人有责 完成
2025-10-10 21:21:12|INFO   |24210253214|开始处理 必修课 2024级第三学期安全教育/学业安全
2025-10-10 21:21:12|INFO   |24210253214|必修课 2024级第三学期安全教育/学业安全 进度：必修课：0/67，推送课：0/0，自选课：0/0，考试：0/1，预计剩余时间：1005 秒
2025-10-10 21:21:12|INFO   |24210253214|开始处理课程：必修课 2024级第三学期安全教育/学业安全/平安校园
2025-10-10 21:21:13|INFO   |24210253214|必修课 2024级第三学期安全教育/学业安全/平安校园 等待 15 秒，模拟学习中...
2025-10-10 21:21:28|SUCCESS|24210253214|必修课 2024级第三学期安全教育/学业安全/平安校园 完成
2025-10-10 21:21:28|INFO   |24210253214|开始处理 必修课 2024级第三学期安全教育/心理健康
2025-10-10 21:21:28|INFO   |24210253214|必修课 2024级第三学期安全教育/心理健康 进度：必修课：0/67，推送课：0/0，自选课：0/0，考试：0/1，预计剩余时间：1005 秒
2025-10-10 21:21:28|INFO   |24210253214|开始处理课程：必修课 2024级第三学期安全教育/心理健康/认识自我1—我是谁？
2025-10-10 21:21:28|INFO   |24210253214|必修课 2024级第三学期安全教育/心理健康/认识自我1—我是谁？ 等待 15 秒，模拟学习中...
2025-10-10 21:21:43|SUCCESS|24210253214|必修课 2024级第三学期安全教育/心理健康/认识自我1—我是谁？ 完成
2025-10-10 21:21:43|INFO   |24210253214|必修课 2024级第三学期安全教育/心理健康 进度：必修课：0/67，推送课：0/0，自选课：0/0，考试：0/1，预计剩余时间：1005 秒
2025-10-10 21:21:43|INFO   |24210253214|开始处理课程：必修课 2024级第三学期安全教育/心理健康/认识自我2—自我意识的偏差
2025-10-10 21:21:43|INFO   |24210253214|必修课 2024级第三学期安全教育/心理健康/认识自我2—自我意识的偏差 等待 15 秒，模拟学习中...
2025-10-10 21:21:59|SUCCESS|24210253214|必修课 2024级第三学期安全教育/心理健康/认识自我2—自我意识的偏差 完成
2025-10-10 21:21:59|INFO   |24210253214|必修课 2024级第三学期安全教育/心理健康 进度：必修课：0/67，推送课：0/0，自选课：0/0，考试：0/1，预计剩余时间：1005 秒
2025-10-10 21:21:59|INFO   |24210253214|开始处理课程：必修课 2024级第三学期安全教育/心理健康/认识自我3—培养健全的自我意识
2025-10-10 21:21:59|INFO   |24210253214|必修课 2024级第三学期安全教育/心理健康/认识自我3—培养健全的自我意识 等待 15 秒，模拟学习中...
2025-10-10 21:22:14|SUCCESS|24210253214|必修课 2024级第三学期安全教育/心理健康/认识自我3—培养健全的自我意识 完成
2025-10-10 21:22:14|INFO   |24210253214|开始处理 必修课 2024级第三学期安全教育/恋爱与性知识
2025-10-10 21:22:14|INFO   |24210253214|必修课 2024级第三学期安全教育/恋爱与性知识 进度：必修课：0/67，推送课：0/0，自选课：0/0，考试：0/1，预计剩余时间：1005 秒
2025-10-10 21:22:14|INFO   |24210253214|开始处理课程：必修课 2024级第三学期安全教育/恋爱与性知识/恋爱的正确打开方式(上)
2025-10-10 21:22:14|INFO   |24210253214|必修课 2024级第三学期安全教育/恋爱与性知识/恋爱的正确打开方式(上) 等待 15 秒，模拟学习中...
2025-10-10 21:22:29|SUCCESS|24210253214|必修课 2024级第三学期安全教育/恋爱与性知识/恋爱的正确打开方式(上) 完成
2025-10-10 21:22:29|INFO   |24210253214|必修课 2024级第三学期安全教育/恋爱与性知识 进度：必修课：0/67，推送课：0/0，自选课：0/0，考试：0/1，预计剩余时间：1005 秒
2025-10-10 21:22:29|INFO   |24210253214|开始处理课程：必修课 2024级第三学期安全教育/恋爱与性知识/恋爱的正确打开方式(下)
2025-10-10 21:22:30|INFO   |24210253214|必修课 2024级第三学期安全教育/恋爱与性知识/恋爱的正确打开方式(下) 等待 15 秒，模拟学习中...
2025-10-10 21:22:45|SUCCESS|24210253214|必修课 2024级第三学期安全教育/恋爱与性知识/恋爱的正确打开方式(下) 完成
2025-10-10 21:22:45|INFO   |24210253214|必修课 2024级第三学期安全教育/恋爱与性知识 进度：必修课：0/67，推送课：0/0，自选课：0/0，考试：0/1，预计剩余时间：1005 秒
2025-10-10 21:22:45|INFO   |24210253214|开始处理课程：必修课 2024级第三学期安全教育/恋爱与性知识/恋爱的正确关闭方式(上)
2025-10-10 21:22:45|INFO   |24210253214|必修课 2024级第三学期安全教育/恋爱与性知识/恋爱的正确关闭方式(上) 等待 15 秒，模拟学习中...
2025-10-10 21:23:00|SUCCESS|24210253214|必修课 2024级第三学期安全教育/恋爱与性知识/恋爱的正确关闭方式(上) 完成
2025-10-10 21:23:00|INFO   |24210253214|必修课 2024级第三学期安全教育/恋爱与性知识 进度：必修课：0/67，推送课：0/0，自选课：0/0，考试：0/1，预计剩余时间：1005 秒
2025-10-10 21:23:00|INFO   |24210253214|开始处理课程：必修课 2024级第三学期安全教育/恋爱与性知识/恋爱的正确关闭方式(下)
2025-10-10 21:23:00|INFO   |24210253214|必修课 2024级第三学期安全教育/恋爱与性知识/恋爱的正确关闭方式(下) 等待 15 秒，模拟学习中...
2025-10-10 21:23:15|SUCCESS|24210253214|必修课 2024级第三学期安全教育/恋爱与性知识/恋爱的正确关闭方式(下) 完成
2025-10-10 21:23:15|INFO   |24210253214|开始处理 必修课 2024级第三学期安全教育/诚信与法律
2025-10-10 21:23:16|INFO   |24210253214|必修课 2024级第三学期安全教育/诚信与法律 进度：必修课：0/67，推送课：0/0，自选课：0/0，考试：0/1，预计剩余时间：1005 秒
2025-10-10 21:23:16|INFO   |24210253214|开始处理课程：必修课 2024级第三学期安全教育/诚信与法律/学习《中华人民共和国消防法》基础篇
2025-10-10 21:23:16|INFO   |24210253214|必修课 2024级第三学期安全教育/诚信与法律/学习《中华人民共和国消防法》基础篇 等待 15 秒，模拟学习中...
2025-10-10 21:23:31|SUCCESS|24210253214|必修课 2024级第三学期安全教育/诚信与法律/学习《中华人民共和国消防法》基础篇 完成
2025-10-10 21:23:31|INFO   |24210253214|必修课 2024级第三学期安全教育/诚信与法律 进度：必修课：0/67，推送课：0/0，自选课：0/0，考试：0/1，预计剩余时间：1005 秒
2025-10-10 21:23:31|INFO   |24210253214|开始处理课程：必修课 2024级第三学期安全教育/诚信与法律/学习《中华人民共和国消防法》进阶篇
2025-10-10 21:23:31|INFO   |24210253214|必修课 2024级第三学期安全教育/诚信与法律/学习《中华人民共和国消防法》进阶篇 等待 15 秒，模拟学习中...
2025-10-10 21:23:46|SUCCESS|24210253214|必修课 2024级第三学期安全教育/诚信与法律/学习《中华人民共和国消防法》进阶篇 完成
2025-10-10 21:23:46|INFO   |24210253214|必修课 2024级第三学期安全教育/诚信与法律 进度：必修课：0/67，推送课：0/0，自选课：0/0，考试：0/1，预计剩余时间：1005 秒
2025-10-10 21:23:46|INFO   |24210253214|开始处理课程：必修课 2024级第三学期安全教育/诚信与法律/学习《中华人民共和国防震减灾法》基础篇
2025-10-10 21:23:47|INFO   |24210253214|必修课 2024级第三学期安全教育/诚信与法律/学习《中华人民共和国防震减灾法》基础篇 等待 15 秒，模拟学习中...
2025-10-10 21:24:02|SUCCESS|24210253214|必修课 2024级第三学期安全教育/诚信与法律/学习《中华人民共和国防震减灾法》基础篇 完成
2025-10-10 21:24:02|INFO   |24210253214|必修课 2024级第三学期安全教育/诚信与法律 进度：必修课：0/67，推送课：0/0，自选课：0/0，考试：0/1，预计剩余时间：1005 秒
2025-10-10 21:24:02|INFO   |24210253214|开始处理课程：必修课 2024级第三学期安全教育/诚信与法律/学习《中华人民共和国防震减灾法》进阶篇
2025-10-10 21:24:02|INFO   |24210253214|必修课 2024级第三学期安全教育/诚信与法律/学习《中华人民共和国防震减灾法》进阶篇 等待 15 秒，模拟学习中...
2025-10-10 21:24:17|SUCCESS|24210253214|必修课 2024级第三学期安全教育/诚信与法律/学习《中华人民共和国防震减灾法》进阶篇 完成
2025-10-10 21:24:17|INFO   |24210253214|必修课 2024级第三学期安全教育/诚信与法律 进度：必修课：0/67，推送课：0/0，自选课：0/0，考试：0/1，预计剩余时间：1005 秒
2025-10-10 21:24:17|INFO   |24210253214|开始处理课程：必修课 2024级第三学期安全教育/诚信与法律/法律知识知多少
2025-10-10 21:24:17|INFO   |24210253214|必修课 2024级第三学期安全教育/诚信与法律/法律知识知多少 等待 15 秒，模拟学习中...
2025-10-10 21:24:32|SUCCESS|24210253214|必修课 2024级第三学期安全教育/诚信与法律/法律知识知多少 完成
2025-10-10 21:24:33|SUCCESS|24210253214|2024级第三学期安全教育 课程学习完成
2025-10-10 21:24:33|INFO   |24210253214|开始考试 (总时长: 250秒)
2025-10-10 21:24:33|INFO   |24210253214|开始考试项目 2024级第三学期安全教育
2025-10-10 21:24:33|ERROR  |24210253214|获取考试信息失败：{'msg': '课程学习未完成', 'code': '-1', 'detailCode': '14'}
2025-10-10 21:24:33|INFO   |24210253214|最终同步答案
2025-10-10 21:24:33|SUCCESS|24210253214|执行完成
2025-10-10 21:24:33|INFO   |系统|所有账号执行完成！成功: 1，失败: 0
2025-10-10 21:25:41|INFO   |系统|程序启动，当前版本：v3.5.17
2025-10-10 21:25:41|INFO   |系统|程序更新地址：https://github.com/hangone/WeBan
2025-10-10 21:25:41|INFO   |系统|共加载到 1 个账号
2025-10-10 21:25:41|INFO   |系统|使用单线程模式，逐个执行
2025-10-10 21:25:41|INFO   |24210253214|开始执行
2025-10-10 21:25:41|INFO   |24210253214|使用密码登录
2025-10-10 21:25:43|INFO   |24210253214|获取学校列表成功
2025-10-10 21:25:43|SUCCESS|24210253214|找到学校代码: 65000005
2025-10-10 21:25:43|INFO   |24210253214|自动验证码识别结果: ch2s
2025-10-10 21:25:43|INFO   |24210253214|登录成功，开始同步答案
2025-10-10 21:25:43|INFO   |24210253214|开始学习 (每个任务时长: 15秒)
2025-10-10 21:25:43|INFO   |24210253214|开始处理任务：2024级第三学期安全教育
2025-10-10 21:25:44|INFO   |24210253214|2024级第三学期安全教育 进度：必修课：0/67，推送课：0/0，自选课：0/0，考试：0/1，预计剩余时间：1005 秒
2025-10-10 21:25:44|INFO   |24210253214|开始处理 必修课 2024级第三学期安全教育/国家安全各个方面
2025-10-10 21:25:44|INFO   |24210253214|必修课 2024级第三学期安全教育/国家安全各个方面 进度：必修课：0/67，推送课：0/0，自选课：0/0，考试：0/1，预计剩余时间：1005 秒
2025-10-10 21:25:44|INFO   |24210253214|开始处理课程：必修课 2024级第三学期安全教育/国家安全各个方面/高校为什么会发生政治性问题
2025-10-10 21:25:44|INFO   |24210253214|必修课 2024级第三学期安全教育/国家安全各个方面/高校为什么会发生政治性问题 等待 15 秒，模拟学习中...
2025-10-10 21:28:33|INFO   |系统|程序启动，当前版本：v3.5.17
2025-10-10 21:28:33|INFO   |系统|程序更新地址：https://github.com/hangone/WeBan
2025-10-10 21:28:33|INFO   |系统|共加载到 1 个账号
2025-10-10 21:28:33|INFO   |系统|使用单线程模式，逐个执行
2025-10-10 21:28:33|INFO   |24210253214|开始执行
2025-10-10 21:28:33|INFO   |24210253214|使用密码登录
2025-10-10 21:28:34|INFO   |24210253214|获取学校列表成功
2025-10-10 21:28:34|SUCCESS|24210253214|找到学校代码: 65000005
2025-10-10 21:28:34|INFO   |24210253214|自动验证码识别结果: rv
2025-10-10 21:28:34|WARNING|24210253214|验证码识别失败，正在重试
2025-10-10 21:28:34|WARNING|24210253214|登录失败，正在重试 1/5 次
2025-10-10 21:28:34|INFO   |24210253214|自动验证码识别结果: h9q
2025-10-10 21:28:34|WARNING|24210253214|验证码识别失败，正在重试
2025-10-10 21:28:34|WARNING|24210253214|登录失败，正在重试 2/5 次
2025-10-10 21:28:35|INFO   |24210253214|自动验证码识别结果: t3vs
2025-10-10 21:28:35|INFO   |24210253214|登录成功，开始同步答案
2025-10-10 21:28:35|INFO   |24210253214|开始学习 (每个任务时长: 15秒)
2025-10-10 21:28:35|INFO   |24210253214|开始处理任务：2024级第三学期安全教育
2025-10-10 21:28:35|INFO   |24210253214|2024级第三学期安全教育 进度：必修课：1/67，推送课：0/0，自选课：0/0，考试：0/1，预计剩余时间：990 秒
2025-10-10 21:28:35|INFO   |24210253214|开始处理 必修课 2024级第三学期安全教育/国家安全各个方面
2025-10-10 21:28:36|INFO   |24210253214|必修课 2024级第三学期安全教育/国家安全各个方面 进度：必修课：1/67，推送课：0/0，自选课：0/0，考试：0/1，预计剩余时间：990 秒
2025-10-10 21:28:36|INFO   |24210253214|开始处理课程：必修课 2024级第三学期安全教育/国家安全各个方面/高校为什么会发生政治性问题
2025-10-10 21:28:36|INFO   |24210253214|必修课 2024级第三学期安全教育/国家安全各个方面/高校为什么会发生政治性问题 等待 15 秒，模拟学习中...
2025-10-10 21:28:51|SUCCESS|24210253214|必修课 2024级第三学期安全教育/国家安全各个方面/高校为什么会发生政治性问题 完成
2025-10-10 21:28:51|INFO   |24210253214|必修课 2024级第三学期安全教育/国家安全各个方面 进度：必修课：2/67，推送课：0/0，自选课：0/0，考试：0/1，预计剩余时间：975 秒
2025-10-10 21:28:51|INFO   |24210253214|开始处理课程：必修课 2024级第三学期安全教育/国家安全各个方面/间谍如何窃密—心战策反篇
2025-10-10 21:28:51|INFO   |24210253214|必修课 2024级第三学期安全教育/国家安全各个方面/间谍如何窃密—心战策反篇 等待 15 秒，模拟学习中...
2025-10-10 21:29:06|SUCCESS|24210253214|必修课 2024级第三学期安全教育/国家安全各个方面/间谍如何窃密—心战策反篇 完成
2025-10-10 21:29:06|INFO   |24210253214|必修课 2024级第三学期安全教育/国家安全各个方面 进度：必修课：3/67，推送课：0/0，自选课：0/0，考试：0/1，预计剩余时间：960 秒
2025-10-10 21:29:06|INFO   |24210253214|开始处理课程：必修课 2024级第三学期安全教育/国家安全各个方面/间谍如何窃密—腐蚀拉拢篇
2025-10-10 21:29:07|INFO   |24210253214|必修课 2024级第三学期安全教育/国家安全各个方面/间谍如何窃密—腐蚀拉拢篇 等待 15 秒，模拟学习中...
2025-10-10 21:29:22|SUCCESS|24210253214|必修课 2024级第三学期安全教育/国家安全各个方面/间谍如何窃密—腐蚀拉拢篇 完成
2025-10-10 21:29:22|INFO   |24210253214|必修课 2024级第三学期安全教育/国家安全各个方面 进度：必修课：4/67，推送课：0/0，自选课：0/0，考试：0/1，预计剩余时间：945 秒
2025-10-10 21:29:22|INFO   |24210253214|开始处理课程：必修课 2024级第三学期安全教育/国家安全各个方面/间谍如何窃密—隐蔽掩护篇
2025-10-10 21:29:22|INFO   |24210253214|必修课 2024级第三学期安全教育/国家安全各个方面/间谍如何窃密—隐蔽掩护篇 等待 15 秒，模拟学习中...
2025-10-10 21:29:37|SUCCESS|24210253214|必修课 2024级第三学期安全教育/国家安全各个方面/间谍如何窃密—隐蔽掩护篇 完成
2025-10-10 21:29:37|INFO   |24210253214|必修课 2024级第三学期安全教育/国家安全各个方面 进度：必修课：5/67，推送课：0/0，自选课：0/0，考试：0/1，预计剩余时间：930 秒
2025-10-10 21:29:37|INFO   |24210253214|开始处理课程：必修课 2024级第三学期安全教育/国家安全各个方面/间谍如何窃密—秘密搜集篇
2025-10-10 21:29:37|INFO   |24210253214|必修课 2024级第三学期安全教育/国家安全各个方面/间谍如何窃密—秘密搜集篇 等待 15 秒，模拟学习中...
2025-10-10 21:29:52|SUCCESS|24210253214|必修课 2024级第三学期安全教育/国家安全各个方面/间谍如何窃密—秘密搜集篇 完成
2025-10-10 21:29:52|INFO   |24210253214|开始处理 必修课 2024级第三学期安全教育/总体国家安全观总论
2025-10-10 21:29:53|INFO   |24210253214|必修课 2024级第三学期安全教育/总体国家安全观总论 进度：必修课：6/67，推送课：0/0，自选课：0/0，考试：0/1，预计剩余时间：915 秒
2025-10-10 21:29:53|INFO   |24210253214|开始处理课程：必修课 2024级第三学期安全教育/总体国家安全观总论/维护国家安全之政治篇(上)
2025-10-10 21:29:53|INFO   |24210253214|必修课 2024级第三学期安全教育/总体国家安全观总论/维护国家安全之政治篇(上) 等待 15 秒，模拟学习中...
2025-10-10 21:30:08|SUCCESS|24210253214|必修课 2024级第三学期安全教育/总体国家安全观总论/维护国家安全之政治篇(上) 完成
2025-10-10 21:30:08|INFO   |24210253214|必修课 2024级第三学期安全教育/总体国家安全观总论 进度：必修课：7/67，推送课：0/0，自选课：0/0，考试：0/1，预计剩余时间：900 秒
2025-10-10 21:30:08|INFO   |24210253214|开始处理课程：必修课 2024级第三学期安全教育/总体国家安全观总论/维护国家安全之政治篇(下)
2025-10-10 21:30:08|INFO   |24210253214|必修课 2024级第三学期安全教育/总体国家安全观总论/维护国家安全之政治篇(下) 等待 15 秒，模拟学习中...
2025-10-10 21:30:23|SUCCESS|24210253214|必修课 2024级第三学期安全教育/总体国家安全观总论/维护国家安全之政治篇(下) 完成
2025-10-10 21:30:23|INFO   |24210253214|必修课 2024级第三学期安全教育/总体国家安全观总论 进度：必修课：8/67，推送课：0/0，自选课：0/0，考试：0/1，预计剩余时间：885 秒
2025-10-10 21:30:23|INFO   |24210253214|开始处理课程：必修课 2024级第三学期安全教育/总体国家安全观总论/《国家安全法》之人人有责
2025-10-10 21:30:24|INFO   |24210253214|必修课 2024级第三学期安全教育/总体国家安全观总论/《国家安全法》之人人有责 等待 15 秒，模拟学习中...
2025-10-10 21:30:39|SUCCESS|24210253214|必修课 2024级第三学期安全教育/总体国家安全观总论/《国家安全法》之人人有责 完成
2025-10-10 21:30:39|INFO   |24210253214|必修课 2024级第三学期安全教育/总体国家安全观总论 进度：必修课：9/67，推送课：0/0，自选课：0/0，考试：0/1，预计剩余时间：870 秒
2025-10-10 21:30:39|INFO   |24210253214|开始处理课程：必修课 2024级第三学期安全教育/总体国家安全观总论/《国家安全法》之你应该知道的
2025-10-10 21:30:39|INFO   |24210253214|必修课 2024级第三学期安全教育/总体国家安全观总论/《国家安全法》之你应该知道的 等待 15 秒，模拟学习中...
2025-10-10 21:30:54|SUCCESS|24210253214|必修课 2024级第三学期安全教育/总体国家安全观总论/《国家安全法》之你应该知道的 完成
2025-10-10 21:30:54|INFO   |24210253214|开始处理 必修课 2024级第三学期安全教育/安全文化
2025-10-10 21:30:54|INFO   |24210253214|必修课 2024级第三学期安全教育/安全文化 进度：必修课：10/67，推送课：0/0，自选课：0/0，考试：0/1，预计剩余时间：855 秒
2025-10-10 21:30:54|INFO   |24210253214|开始处理课程：必修课 2024级第三学期安全教育/安全文化/破窗效应
2025-10-10 21:30:55|INFO   |24210253214|必修课 2024级第三学期安全教育/安全文化/破窗效应 等待 15 秒，模拟学习中...
2025-10-10 21:31:10|SUCCESS|24210253214|必修课 2024级第三学期安全教育/安全文化/破窗效应 完成
2025-10-10 21:31:10|INFO   |24210253214|必修课 2024级第三学期安全教育/安全文化 进度：必修课：11/67，推送课：0/0，自选课：0/0，考试：0/1，预计剩余时间：840 秒
2025-10-10 21:31:10|INFO   |24210253214|开始处理课程：必修课 2024级第三学期安全教育/安全文化/海因里希法则
2025-10-10 21:31:10|INFO   |24210253214|必修课 2024级第三学期安全教育/安全文化/海因里希法则 等待 15 秒，模拟学习中...
2025-10-10 21:31:25|SUCCESS|24210253214|必修课 2024级第三学期安全教育/安全文化/海因里希法则 完成
2025-10-10 21:31:25|INFO   |24210253214|必修课 2024级第三学期安全教育/安全文化 进度：必修课：12/67，推送课：0/0，自选课：0/0，考试：0/1，预计剩余时间：825 秒
2025-10-10 21:31:25|INFO   |24210253214|开始处理课程：必修课 2024级第三学期安全教育/安全文化/你知道你可能正在吃塑料吗？
2025-10-10 21:31:25|INFO   |24210253214|必修课 2024级第三学期安全教育/安全文化/你知道你可能正在吃塑料吗？ 等待 15 秒，模拟学习中...
2025-10-10 21:31:41|SUCCESS|24210253214|必修课 2024级第三学期安全教育/安全文化/你知道你可能正在吃塑料吗？ 完成
2025-10-10 21:31:41|INFO   |24210253214|必修课 2024级第三学期安全教育/安全文化 进度：必修课：13/67，推送课：0/0，自选课：0/0，考试：0/1，预计剩余时间：810 秒
2025-10-10 21:31:41|INFO   |24210253214|开始处理课程：必修课 2024级第三学期安全教育/安全文化/再也不回来的乞丐
2025-10-10 21:31:41|INFO   |24210253214|必修课 2024级第三学期安全教育/安全文化/再也不回来的乞丐 等待 15 秒，模拟学习中...
2025-10-10 21:31:56|SUCCESS|24210253214|必修课 2024级第三学期安全教育/安全文化/再也不回来的乞丐 完成
2025-10-10 21:31:56|INFO   |24210253214|开始处理 必修课 2024级第三学期安全教育/艾滋病防治
2025-10-10 21:31:56|INFO   |24210253214|必修课 2024级第三学期安全教育/艾滋病防治 进度：必修课：14/67，推送课：0/0，自选课：0/0，考试：0/1，预计剩余时间：795 秒
2025-10-10 21:31:56|INFO   |24210253214|开始处理课程：必修课 2024级第三学期安全教育/艾滋病防治/艾滋病和法律
2025-10-10 21:31:56|INFO   |24210253214|必修课 2024级第三学期安全教育/艾滋病防治/艾滋病和法律 等待 15 秒，模拟学习中...
2025-10-10 21:32:11|SUCCESS|24210253214|必修课 2024级第三学期安全教育/艾滋病防治/艾滋病和法律 完成
2025-10-10 21:32:12|INFO   |24210253214|必修课 2024级第三学期安全教育/艾滋病防治 进度：必修课：15/67，推送课：0/0，自选课：0/0，考试：0/1，预计剩余时间：780 秒
2025-10-10 21:32:12|INFO   |24210253214|开始处理课程：必修课 2024级第三学期安全教育/艾滋病防治/得了艾滋病是什么体验
2025-10-10 21:32:12|INFO   |24210253214|必修课 2024级第三学期安全教育/艾滋病防治/得了艾滋病是什么体验 等待 15 秒，模拟学习中...
2025-10-10 21:32:27|SUCCESS|24210253214|必修课 2024级第三学期安全教育/艾滋病防治/得了艾滋病是什么体验 完成
2025-10-10 21:32:27|INFO   |24210253214|必修课 2024级第三学期安全教育/艾滋病防治 进度：必修课：16/67，推送课：0/0，自选课：0/0，考试：0/1，预计剩余时间：765 秒
2025-10-10 21:32:27|INFO   |24210253214|开始处理课程：必修课 2024级第三学期安全教育/艾滋病防治/艾滋病与传染病
2025-10-10 21:32:27|INFO   |24210253214|必修课 2024级第三学期安全教育/艾滋病防治/艾滋病与传染病 等待 15 秒，模拟学习中...
2025-10-10 21:32:42|SUCCESS|24210253214|必修课 2024级第三学期安全教育/艾滋病防治/艾滋病与传染病 完成
2025-10-10 21:32:42|INFO   |24210253214|必修课 2024级第三学期安全教育/艾滋病防治 进度：必修课：17/67，推送课：0/0，自选课：0/0，考试：0/1，预计剩余时间：750 秒
2025-10-10 21:32:42|INFO   |24210253214|开始处理课程：必修课 2024级第三学期安全教育/艾滋病防治/阻断药＝“后悔药”？
2025-10-10 21:32:43|INFO   |24210253214|必修课 2024级第三学期安全教育/艾滋病防治/阻断药＝“后悔药”？ 等待 15 秒，模拟学习中...
2025-10-10 21:32:58|SUCCESS|24210253214|必修课 2024级第三学期安全教育/艾滋病防治/阻断药＝“后悔药”？ 完成
2025-10-10 21:32:58|INFO   |24210253214|开始处理 必修课 2024级第三学期安全教育/传染病防治
2025-10-10 21:32:58|INFO   |24210253214|必修课 2024级第三学期安全教育/传染病防治 进度：必修课：18/67，推送课：0/0，自选课：0/0，考试：0/1，预计剩余时间：735 秒
2025-10-10 21:32:58|INFO   |24210253214|开始处理课程：必修课 2024级第三学期安全教育/传染病防治/你可知道出血热？
2025-10-10 21:32:58|INFO   |24210253214|必修课 2024级第三学期安全教育/传染病防治/你可知道出血热？ 等待 15 秒，模拟学习中...
2025-10-10 21:33:13|SUCCESS|24210253214|必修课 2024级第三学期安全教育/传染病防治/你可知道出血热？ 完成
2025-10-10 21:33:13|INFO   |24210253214|必修课 2024级第三学期安全教育/传染病防治 进度：必修课：19/67，推送课：0/0，自选课：0/0，考试：0/1，预计剩余时间：720 秒
2025-10-10 21:33:13|INFO   |24210253214|开始处理课程：必修课 2024级第三学期安全教育/传染病防治/人类流行病史
2025-10-10 21:33:14|INFO   |24210253214|必修课 2024级第三学期安全教育/传染病防治/人类流行病史 等待 15 秒，模拟学习中...
2025-10-10 21:46:31|INFO   |系统|程序启动，当前版本：v3.5.17
2025-10-10 21:46:31|INFO   |系统|程序更新地址：https://github.com/hangone/WeBan
2025-10-10 21:46:31|INFO   |系统|共加载到 1 个账号
2025-10-10 21:46:31|INFO   |系统|使用单线程模式，逐个执行
2025-10-10 21:46:31|INFO   |24210253214|开始执行
2025-10-10 21:46:31|INFO   |24210253214|使用密码登录
2025-10-10 21:46:33|INFO   |24210253214|获取学校列表成功
2025-10-10 21:46:33|SUCCESS|24210253214|找到学校代码: 65000005
2025-10-10 21:46:33|INFO   |24210253214|自动验证码识别结果: z6bs
2025-10-10 21:46:33|INFO   |24210253214|登录成功，开始同步答案
2025-10-10 21:46:34|INFO   |24210253214|开始学习 (每个任务时长: 15秒)
2025-10-10 21:46:34|INFO   |24210253214|开始处理任务：2024级第三学期安全教育
2025-10-10 21:46:34|INFO   |24210253214|2024级第三学期安全教育 进度：必修课：19/67，推送课：0/0，自选课：0/0，考试：0/1，预计剩余时间：720 秒
2025-10-10 21:46:34|INFO   |24210253214|开始处理 必修课 2024级第三学期安全教育/国家安全各个方面
2025-10-10 21:46:34|SUCCESS|24210253214|必修课 2024级第三学期安全教育/国家安全各个方面 已完成
2025-10-10 21:46:34|INFO   |24210253214|开始处理 必修课 2024级第三学期安全教育/总体国家安全观总论
2025-10-10 21:46:34|SUCCESS|24210253214|必修课 2024级第三学期安全教育/总体国家安全观总论 已完成
2025-10-10 21:46:34|INFO   |24210253214|开始处理 必修课 2024级第三学期安全教育/安全文化
2025-10-10 21:46:34|SUCCESS|24210253214|必修课 2024级第三学期安全教育/安全文化 已完成
2025-10-10 21:46:34|INFO   |24210253214|开始处理 必修课 2024级第三学期安全教育/艾滋病防治
2025-10-10 21:46:34|SUCCESS|24210253214|必修课 2024级第三学期安全教育/艾滋病防治 已完成
2025-10-10 21:46:34|INFO   |24210253214|开始处理 必修课 2024级第三学期安全教育/传染病防治
2025-10-10 21:46:34|INFO   |24210253214|必修课 2024级第三学期安全教育/传染病防治 进度：必修课：19/67，推送课：0/0，自选课：0/0，考试：0/1，预计剩余时间：720 秒
2025-10-10 21:46:34|INFO   |24210253214|开始处理课程：必修课 2024级第三学期安全教育/传染病防治/人类流行病史
2025-10-10 21:46:34|INFO   |24210253214|必修课 2024级第三学期安全教育/传染病防治/人类流行病史 等待 15 秒，模拟学习中...
2025-10-10 21:46:50|SUCCESS|24210253214|必修课 2024级第三学期安全教育/传染病防治/人类流行病史 完成
2025-10-10 21:46:50|INFO   |24210253214|必修课 2024级第三学期安全教育/传染病防治 进度：必修课：20/67，推送课：0/0，自选课：0/0，考试：0/1，预计剩余时间：705 秒
2025-10-10 21:46:50|INFO   |24210253214|开始处理课程：必修课 2024级第三学期安全教育/传染病防治/你可知道出血热？
2025-10-10 21:46:50|SUCCESS|24210253214|必修课 2024级第三学期安全教育/传染病防治/你可知道出血热？ 已完成
2025-10-10 21:46:50|INFO   |24210253214|开始处理 必修课 2024级第三学期安全教育/身体健康
2025-10-10 21:46:50|INFO   |24210253214|必修课 2024级第三学期安全教育/身体健康 进度：必修课：20/67，推送课：0/0，自选课：0/0，考试：0/1，预计剩余时间：705 秒
2025-10-10 21:46:50|INFO   |24210253214|开始处理课程：必修课 2024级第三学期安全教育/身体健康/学会聚餐中的饮酒安全
2025-10-10 21:46:50|INFO   |24210253214|必修课 2024级第三学期安全教育/身体健康/学会聚餐中的饮酒安全 等待 15 秒，模拟学习中...
2025-10-10 21:47:05|SUCCESS|24210253214|必修课 2024级第三学期安全教育/身体健康/学会聚餐中的饮酒安全 完成
2025-10-10 21:47:05|INFO   |24210253214|必修课 2024级第三学期安全教育/身体健康 进度：必修课：21/67，推送课：0/0，自选课：0/0，考试：0/1，预计剩余时间：690 秒
2025-10-10 21:47:05|INFO   |24210253214|开始处理课程：必修课 2024级第三学期安全教育/身体健康/塑料瓶底的数字奥秘
2025-10-10 21:47:06|INFO   |24210253214|必修课 2024级第三学期安全教育/身体健康/塑料瓶底的数字奥秘 等待 15 秒，模拟学习中...
2025-10-10 21:47:21|SUCCESS|24210253214|必修课 2024级第三学期安全教育/身体健康/塑料瓶底的数字奥秘 完成
2025-10-10 21:47:21|INFO   |24210253214|必修课 2024级第三学期安全教育/身体健康 进度：必修课：22/67，推送课：0/0，自选课：0/0，考试：0/1，预计剩余时间：675 秒
2025-10-10 21:47:21|INFO   |24210253214|开始处理课程：必修课 2024级第三学期安全教育/身体健康/烟奄一吸——电子烟的自述
2025-10-10 21:47:21|INFO   |24210253214|必修课 2024级第三学期安全教育/身体健康/烟奄一吸——电子烟的自述 等待 15 秒，模拟学习中...
2025-10-10 21:47:36|SUCCESS|24210253214|必修课 2024级第三学期安全教育/身体健康/烟奄一吸——电子烟的自述 完成
2025-10-10 21:47:36|INFO   |24210253214|必修课 2024级第三学期安全教育/身体健康 进度：必修课：23/67，推送课：0/0，自选课：0/0，考试：0/1，预计剩余时间：660 秒
2025-10-10 21:47:36|INFO   |24210253214|开始处理课程：必修课 2024级第三学期安全教育/身体健康/二手烟和三手烟的真相
2025-10-10 21:47:36|INFO   |24210253214|必修课 2024级第三学期安全教育/身体健康/二手烟和三手烟的真相 等待 15 秒，模拟学习中...
2025-10-10 21:47:51|SUCCESS|24210253214|必修课 2024级第三学期安全教育/身体健康/二手烟和三手烟的真相 完成
2025-10-10 21:47:51|INFO   |24210253214|开始处理 必修课 2024级第三学期安全教育/外出及旅游安全
2025-10-10 21:47:52|INFO   |24210253214|必修课 2024级第三学期安全教育/外出及旅游安全 进度：必修课：24/67，推送课：0/0，自选课：0/0，考试：0/1，预计剩余时间：645 秒
2025-10-10 21:47:52|INFO   |24210253214|开始处理课程：必修课 2024级第三学期安全教育/外出及旅游安全/世界安全吗之自助游
2025-10-10 21:47:52|INFO   |24210253214|必修课 2024级第三学期安全教育/外出及旅游安全/世界安全吗之自助游 等待 15 秒，模拟学习中...
2025-10-10 21:48:07|SUCCESS|24210253214|必修课 2024级第三学期安全教育/外出及旅游安全/世界安全吗之自助游 完成
2025-10-10 21:48:07|INFO   |24210253214|必修课 2024级第三学期安全教育/外出及旅游安全 进度：必修课：25/67，推送课：0/0，自选课：0/0，考试：0/1，预计剩余时间：630 秒
2025-10-10 21:48:07|INFO   |24210253214|开始处理课程：必修课 2024级第三学期安全教育/外出及旅游安全/背包游出行安全指南
2025-10-10 21:48:07|INFO   |24210253214|必修课 2024级第三学期安全教育/外出及旅游安全/背包游出行安全指南 等待 15 秒，模拟学习中...
2025-10-10 21:48:22|SUCCESS|24210253214|必修课 2024级第三学期安全教育/外出及旅游安全/背包游出行安全指南 完成
2025-10-10 21:48:22|INFO   |24210253214|开始处理 必修课 2024级第三学期安全教育/应对突发事件
2025-10-10 21:48:23|INFO   |24210253214|必修课 2024级第三学期安全教育/应对突发事件 进度：必修课：26/67，推送课：0/0，自选课：0/0，考试：0/1，预计剩余时间：615 秒
2025-10-10 21:48:23|INFO   |24210253214|开始处理课程：必修课 2024级第三学期安全教育/应对突发事件/扶梯伤人？NO WAY！—进阶篇
2025-10-10 21:48:23|INFO   |24210253214|必修课 2024级第三学期安全教育/应对突发事件/扶梯伤人？NO WAY！—进阶篇 等待 15 秒，模拟学习中...
2025-10-10 21:48:38|SUCCESS|24210253214|必修课 2024级第三学期安全教育/应对突发事件/扶梯伤人？NO WAY！—进阶篇 完成
2025-10-10 21:48:38|INFO   |24210253214|开始处理 必修课 2024级第三学期安全教育/禁毒教育
2025-10-10 21:48:38|INFO   |24210253214|必修课 2024级第三学期安全教育/禁毒教育 进度：必修课：27/67，推送课：0/0，自选课：0/0，考试：0/1，预计剩余时间：600 秒
2025-10-10 21:48:38|INFO   |24210253214|开始处理课程：必修课 2024级第三学期安全教育/禁毒教育/如何防范毒品（上）
2025-10-10 21:48:38|INFO   |24210253214|必修课 2024级第三学期安全教育/禁毒教育/如何防范毒品（上） 等待 15 秒，模拟学习中...
2025-10-10 21:48:54|SUCCESS|24210253214|必修课 2024级第三学期安全教育/禁毒教育/如何防范毒品（上） 完成
2025-10-10 21:48:54|INFO   |24210253214|必修课 2024级第三学期安全教育/禁毒教育 进度：必修课：28/67，推送课：0/0，自选课：0/0，考试：0/1，预计剩余时间：585 秒
2025-10-10 21:48:54|INFO   |24210253214|开始处理课程：必修课 2024级第三学期安全教育/禁毒教育/如何防范毒品（下）
2025-10-10 21:48:54|INFO   |24210253214|必修课 2024级第三学期安全教育/禁毒教育/如何防范毒品（下） 等待 15 秒，模拟学习中...
2025-10-10 21:49:09|SUCCESS|24210253214|必修课 2024级第三学期安全教育/禁毒教育/如何防范毒品（下） 完成
2025-10-10 21:49:09|INFO   |24210253214|必修课 2024级第三学期安全教育/禁毒教育 进度：必修课：29/67，推送课：0/0，自选课：0/0，考试：0/1，预计剩余时间：570 秒
2025-10-10 21:49:09|INFO   |24210253214|开始处理课程：必修课 2024级第三学期安全教育/禁毒教育/我真的不是毒贩……
2025-10-10 21:49:09|INFO   |24210253214|必修课 2024级第三学期安全教育/禁毒教育/我真的不是毒贩…… 等待 15 秒，模拟学习中...
2025-10-10 21:49:24|SUCCESS|24210253214|必修课 2024级第三学期安全教育/禁毒教育/我真的不是毒贩…… 完成
2025-10-10 21:49:25|INFO   |24210253214|必修课 2024级第三学期安全教育/禁毒教育 进度：必修课：30/67，推送课：0/0，自选课：0/0，考试：0/1，预计剩余时间：555 秒
2025-10-10 21:49:25|INFO   |24210253214|开始处理课程：必修课 2024级第三学期安全教育/禁毒教育/禁毒法律法规
2025-10-10 21:49:25|INFO   |24210253214|必修课 2024级第三学期安全教育/禁毒教育/禁毒法律法规 等待 15 秒，模拟学习中...
2025-10-10 21:49:40|SUCCESS|24210253214|必修课 2024级第三学期安全教育/禁毒教育/禁毒法律法规 完成
2025-10-10 21:49:40|INFO   |24210253214|开始处理 必修课 2024级第三学期安全教育/财产安全
2025-10-10 21:49:40|INFO   |24210253214|必修课 2024级第三学期安全教育/财产安全 进度：必修课：31/67，推送课：0/0，自选课：0/0，考试：0/1，预计剩余时间：540 秒
2025-10-10 21:49:40|INFO   |24210253214|开始处理课程：必修课 2024级第三学期安全教育/财产安全/同学，你这可是偷呀！(上)
2025-10-10 21:49:40|INFO   |24210253214|必修课 2024级第三学期安全教育/财产安全/同学，你这可是偷呀！(上) 等待 15 秒，模拟学习中...
2025-10-10 21:49:55|SUCCESS|24210253214|必修课 2024级第三学期安全教育/财产安全/同学，你这可是偷呀！(上) 完成
2025-10-10 21:49:55|INFO   |24210253214|必修课 2024级第三学期安全教育/财产安全 进度：必修课：32/67，推送课：0/0，自选课：0/0，考试：0/1，预计剩余时间：525 秒
2025-10-10 21:49:55|INFO   |24210253214|开始处理课程：必修课 2024级第三学期安全教育/财产安全/同学，你这可是偷呀！(下)
2025-10-10 21:49:56|INFO   |24210253214|必修课 2024级第三学期安全教育/财产安全/同学，你这可是偷呀！(下) 等待 15 秒，模拟学习中...
2025-10-10 21:50:11|SUCCESS|24210253214|必修课 2024级第三学期安全教育/财产安全/同学，你这可是偷呀！(下) 完成
2025-10-10 21:50:11|INFO   |24210253214|开始处理 必修课 2024级第三学期安全教育/防范诈骗
2025-10-10 21:50:11|INFO   |24210253214|必修课 2024级第三学期安全教育/防范诈骗 进度：必修课：33/67，推送课：0/0，自选课：0/0，考试：0/1，预计剩余时间：510 秒
2025-10-10 21:50:11|INFO   |24210253214|开始处理课程：必修课 2024级第三学期安全教育/防范诈骗/大学生防诈骗—仿冒身份欺诈
2025-10-10 21:50:11|INFO   |24210253214|必修课 2024级第三学期安全教育/防范诈骗/大学生防诈骗—仿冒身份欺诈 等待 15 秒，模拟学习中...
2025-10-10 21:50:26|SUCCESS|24210253214|必修课 2024级第三学期安全教育/防范诈骗/大学生防诈骗—仿冒身份欺诈 完成
2025-10-10 21:50:26|INFO   |24210253214|必修课 2024级第三学期安全教育/防范诈骗 进度：必修课：34/67，推送课：0/0，自选课：0/0，考试：0/1，预计剩余时间：495 秒
2025-10-10 21:50:26|INFO   |24210253214|开始处理课程：必修课 2024级第三学期安全教育/防范诈骗/大学生防诈骗—购物类诈骗
2025-10-10 21:50:27|INFO   |24210253214|必修课 2024级第三学期安全教育/防范诈骗/大学生防诈骗—购物类诈骗 等待 15 秒，模拟学习中...
2025-10-10 21:50:42|SUCCESS|24210253214|必修课 2024级第三学期安全教育/防范诈骗/大学生防诈骗—购物类诈骗 完成
2025-10-10 21:50:42|INFO   |24210253214|必修课 2024级第三学期安全教育/防范诈骗 进度：必修课：35/67，推送课：0/0，自选课：0/0，考试：0/1，预计剩余时间：480 秒
2025-10-10 21:50:42|INFO   |24210253214|开始处理课程：必修课 2024级第三学期安全教育/防范诈骗/大学生防诈骗—利诱类欺诈
2025-10-10 21:50:42|INFO   |24210253214|必修课 2024级第三学期安全教育/防范诈骗/大学生防诈骗—利诱类欺诈 等待 15 秒，模拟学习中...
2025-10-10 21:50:57|SUCCESS|24210253214|必修课 2024级第三学期安全教育/防范诈骗/大学生防诈骗—利诱类欺诈 完成
2025-10-10 21:50:57|INFO   |24210253214|必修课 2024级第三学期安全教育/防范诈骗 进度：必修课：36/67，推送课：0/0，自选课：0/0，考试：0/1，预计剩余时间：465 秒
2025-10-10 21:50:57|INFO   |24210253214|开始处理课程：必修课 2024级第三学期安全教育/防范诈骗/大学生防诈骗—虚构险情欺诈
2025-10-10 21:50:57|INFO   |24210253214|必修课 2024级第三学期安全教育/防范诈骗/大学生防诈骗—虚构险情欺诈 等待 15 秒，模拟学习中...
2025-10-10 21:51:13|SUCCESS|24210253214|必修课 2024级第三学期安全教育/防范诈骗/大学生防诈骗—虚构险情欺诈 完成
2025-10-10 21:51:13|INFO   |24210253214|必修课 2024级第三学期安全教育/防范诈骗 进度：必修课：37/67，推送课：0/0，自选课：0/0，考试：0/1，预计剩余时间：450 秒
2025-10-10 21:51:13|INFO   |24210253214|开始处理课程：必修课 2024级第三学期安全教育/防范诈骗/大学生防诈骗—日常生活消费欺诈
2025-10-10 21:51:13|INFO   |24210253214|必修课 2024级第三学期安全教育/防范诈骗/大学生防诈骗—日常生活消费欺诈 等待 15 秒，模拟学习中...
2025-10-10 21:51:28|SUCCESS|24210253214|必修课 2024级第三学期安全教育/防范诈骗/大学生防诈骗—日常生活消费欺诈 完成
2025-10-10 21:51:28|INFO   |24210253214|必修课 2024级第三学期安全教育/防范诈骗 进度：必修课：38/67，推送课：0/0，自选课：0/0，考试：0/1，预计剩余时间：435 秒
2025-10-10 21:51:28|INFO   |24210253214|开始处理课程：必修课 2024级第三学期安全教育/防范诈骗/大学生防诈骗—钓鱼、木马病毒类欺诈
2025-10-10 21:51:28|INFO   |24210253214|必修课 2024级第三学期安全教育/防范诈骗/大学生防诈骗—钓鱼、木马病毒类欺诈 等待 15 秒，模拟学习中...
2025-10-10 21:51:43|SUCCESS|24210253214|必修课 2024级第三学期安全教育/防范诈骗/大学生防诈骗—钓鱼、木马病毒类欺诈 完成
2025-10-10 21:51:43|INFO   |24210253214|必修课 2024级第三学期安全教育/防范诈骗 进度：必修课：39/67，推送课：0/0，自选课：0/0，考试：0/1，预计剩余时间：420 秒
2025-10-10 21:51:43|INFO   |24210253214|开始处理课程：必修课 2024级第三学期安全教育/防范诈骗/大学生防诈骗—其他新型网络欺诈(上)
2025-10-10 21:51:44|INFO   |24210253214|必修课 2024级第三学期安全教育/防范诈骗/大学生防诈骗—其他新型网络欺诈(上) 等待 15 秒，模拟学习中...
2025-10-10 21:51:59|SUCCESS|24210253214|必修课 2024级第三学期安全教育/防范诈骗/大学生防诈骗—其他新型网络欺诈(上) 完成
2025-10-10 21:51:59|INFO   |24210253214|必修课 2024级第三学期安全教育/防范诈骗 进度：必修课：40/67，推送课：0/0，自选课：0/0，考试：0/1，预计剩余时间：405 秒
2025-10-10 21:51:59|INFO   |24210253214|开始处理课程：必修课 2024级第三学期安全教育/防范诈骗/大学生防诈骗—其他新型网络欺诈(下)
2025-10-10 21:51:59|INFO   |24210253214|必修课 2024级第三学期安全教育/防范诈骗/大学生防诈骗—其他新型网络欺诈(下) 等待 15 秒，模拟学习中...
2025-10-10 21:52:14|SUCCESS|24210253214|必修课 2024级第三学期安全教育/防范诈骗/大学生防诈骗—其他新型网络欺诈(下) 完成
2025-10-10 21:52:14|INFO   |24210253214|必修课 2024级第三学期安全教育/防范诈骗 进度：必修课：41/67，推送课：0/0，自选课：0/0，考试：0/1，预计剩余时间：390 秒
2025-10-10 21:52:14|INFO   |24210253214|开始处理课程：必修课 2024级第三学期安全教育/防范诈骗/校园非法集资之与骗子过招
2025-10-10 21:52:14|INFO   |24210253214|必修课 2024级第三学期安全教育/防范诈骗/校园非法集资之与骗子过招 等待 15 秒，模拟学习中...
2025-10-10 21:52:29|SUCCESS|24210253214|必修课 2024级第三学期安全教育/防范诈骗/校园非法集资之与骗子过招 完成
2025-10-10 21:52:30|INFO   |24210253214|必修课 2024级第三学期安全教育/防范诈骗 进度：必修课：42/67，推送课：0/0，自选课：0/0，考试：0/1，预计剩余时间：375 秒
2025-10-10 21:52:30|INFO   |24210253214|开始处理课程：必修课 2024级第三学期安全教育/防范诈骗/校园非法集资之火眼金睛防被骗
2025-10-10 21:52:30|INFO   |24210253214|必修课 2024级第三学期安全教育/防范诈骗/校园非法集资之火眼金睛防被骗 等待 15 秒，模拟学习中...
2025-10-10 21:52:45|SUCCESS|24210253214|必修课 2024级第三学期安全教育/防范诈骗/校园非法集资之火眼金睛防被骗 完成
2025-10-10 21:52:45|INFO   |24210253214|必修课 2024级第三学期安全教育/防范诈骗 进度：必修课：43/67，推送课：0/0，自选课：0/0，考试：0/1，预计剩余时间：360 秒
2025-10-10 21:52:45|INFO   |24210253214|开始处理课程：必修课 2024级第三学期安全教育/防范诈骗/缅北诈骗，你必须知道！
2025-10-10 21:52:45|INFO   |24210253214|必修课 2024级第三学期安全教育/防范诈骗/缅北诈骗，你必须知道！ 等待 15 秒，模拟学习中...
2025-10-10 21:53:00|SUCCESS|24210253214|必修课 2024级第三学期安全教育/防范诈骗/缅北诈骗，你必须知道！ 完成
2025-10-10 21:53:00|INFO   |24210253214|必修课 2024级第三学期安全教育/防范诈骗 进度：必修课：44/67，推送课：0/0，自选课：0/0，考试：0/1，预计剩余时间：345 秒
2025-10-10 21:53:00|INFO   |24210253214|开始处理课程：必修课 2024级第三学期安全教育/防范诈骗/骗子的“千层套路”VS 我们的“防骗秘籍”
2025-10-10 21:53:01|INFO   |24210253214|必修课 2024级第三学期安全教育/防范诈骗/骗子的“千层套路”VS 我们的“防骗秘籍” 等待 15 秒，模拟学习中...
2025-10-10 21:53:16|SUCCESS|24210253214|必修课 2024级第三学期安全教育/防范诈骗/骗子的“千层套路”VS 我们的“防骗秘籍” 完成
2025-10-10 21:53:16|INFO   |24210253214|必修课 2024级第三学期安全教育/防范诈骗 进度：必修课：45/67，推送课：0/0，自选课：0/0，考试：0/1，预计剩余时间：330 秒
2025-10-10 21:53:16|INFO   |24210253214|开始处理课程：必修课 2024级第三学期安全教育/防范诈骗/勇敢起来，遭遇诈骗后的自救指南
2025-10-10 21:53:16|INFO   |24210253214|必修课 2024级第三学期安全教育/防范诈骗/勇敢起来，遭遇诈骗后的自救指南 等待 15 秒，模拟学习中...
2025-10-10 21:53:31|SUCCESS|24210253214|必修课 2024级第三学期安全教育/防范诈骗/勇敢起来，遭遇诈骗后的自救指南 完成
2025-10-10 21:53:31|INFO   |24210253214|必修课 2024级第三学期安全教育/防范诈骗 进度：必修课：46/67，推送课：0/0，自选课：0/0，考试：0/1，预计剩余时间：315 秒
2025-10-10 21:53:31|INFO   |24210253214|开始处理课程：必修课 2024级第三学期安全教育/防范诈骗/色情的诱惑是陷阱
2025-10-10 21:53:31|INFO   |24210253214|必修课 2024级第三学期安全教育/防范诈骗/色情的诱惑是陷阱 等待 15 秒，模拟学习中...
2025-10-10 21:53:46|SUCCESS|24210253214|必修课 2024级第三学期安全教育/防范诈骗/色情的诱惑是陷阱 完成
2025-10-10 21:53:46|INFO   |24210253214|开始处理 必修课 2024级第三学期安全教育/人身安全
2025-10-10 21:53:47|INFO   |24210253214|必修课 2024级第三学期安全教育/人身安全 进度：必修课：47/67，推送课：0/0，自选课：0/0，考试：0/1，预计剩余时间：300 秒
2025-10-10 21:53:47|INFO   |24210253214|开始处理课程：必修课 2024级第三学期安全教育/人身安全/流浪猫狗安全
2025-10-10 21:53:47|INFO   |24210253214|必修课 2024级第三学期安全教育/人身安全/流浪猫狗安全 等待 15 秒，模拟学习中...
2025-10-10 21:54:02|SUCCESS|24210253214|必修课 2024级第三学期安全教育/人身安全/流浪猫狗安全 完成
2025-10-10 21:54:02|INFO   |24210253214|开始处理 必修课 2024级第三学期安全教育/网络安全
2025-10-10 21:54:02|INFO   |24210253214|必修课 2024级第三学期安全教育/网络安全 进度：必修课：48/67，推送课：0/0，自选课：0/0，考试：0/1，预计剩余时间：285 秒
2025-10-10 21:54:02|INFO   |24210253214|开始处理课程：必修课 2024级第三学期安全教育/网络安全/这“墙”不能翻
2025-10-10 21:54:02|INFO   |24210253214|必修课 2024级第三学期安全教育/网络安全/这“墙”不能翻 等待 15 秒，模拟学习中...
2025-10-10 21:54:18|SUCCESS|24210253214|必修课 2024级第三学期安全教育/网络安全/这“墙”不能翻 完成
2025-10-10 21:54:18|INFO   |24210253214|必修课 2024级第三学期安全教育/网络安全 进度：必修课：49/67，推送课：0/0，自选课：0/0，考试：0/1，预计剩余时间：270 秒
2025-10-10 21:54:18|INFO   |24210253214|开始处理课程：必修课 2024级第三学期安全教育/网络安全/不良信息要远离
2025-10-10 21:54:18|INFO   |24210253214|必修课 2024级第三学期安全教育/网络安全/不良信息要远离 等待 15 秒，模拟学习中...
2025-10-10 21:54:33|SUCCESS|24210253214|必修课 2024级第三学期安全教育/网络安全/不良信息要远离 完成
2025-10-10 21:54:33|INFO   |24210253214|开始处理 必修课 2024级第三学期安全教育/消防安全
2025-10-10 21:54:33|INFO   |24210253214|必修课 2024级第三学期安全教育/消防安全 进度：必修课：50/67，推送课：0/0，自选课：0/0，考试：0/1，预计剩余时间：255 秒
2025-10-10 21:54:33|INFO   |24210253214|开始处理课程：必修课 2024级第三学期安全教育/消防安全/高温下的“炸弹”
2025-10-10 21:54:33|INFO   |24210253214|必修课 2024级第三学期安全教育/消防安全/高温下的“炸弹” 等待 15 秒，模拟学习中...
2025-10-10 21:54:49|SUCCESS|24210253214|必修课 2024级第三学期安全教育/消防安全/高温下的“炸弹” 完成
2025-10-10 21:54:49|INFO   |24210253214|必修课 2024级第三学期安全教育/消防安全 进度：必修课：51/67，推送课：0/0，自选课：0/0，考试：0/1，预计剩余时间：240 秒
2025-10-10 21:54:49|INFO   |24210253214|开始处理课程：必修课 2024级第三学期安全教育/消防安全/可怕的电气火灾（上）
2025-10-10 21:54:49|INFO   |24210253214|必修课 2024级第三学期安全教育/消防安全/可怕的电气火灾（上） 等待 15 秒，模拟学习中...
2025-10-10 21:55:04|SUCCESS|24210253214|必修课 2024级第三学期安全教育/消防安全/可怕的电气火灾（上） 完成
2025-10-10 21:55:04|INFO   |24210253214|必修课 2024级第三学期安全教育/消防安全 进度：必修课：52/67，推送课：0/0，自选课：0/0，考试：0/1，预计剩余时间：225 秒
2025-10-10 21:55:04|INFO   |24210253214|开始处理课程：必修课 2024级第三学期安全教育/消防安全/可怕的电气火灾（下）
2025-10-10 21:55:04|INFO   |24210253214|必修课 2024级第三学期安全教育/消防安全/可怕的电气火灾（下） 等待 15 秒，模拟学习中...
2025-10-10 21:55:19|SUCCESS|24210253214|必修课 2024级第三学期安全教育/消防安全/可怕的电气火灾（下） 完成
2025-10-10 21:55:19|INFO   |24210253214|必修课 2024级第三学期安全教育/消防安全 进度：必修课：53/67，推送课：0/0，自选课：0/0，考试：0/1，预计剩余时间：210 秒
2025-10-10 21:55:19|INFO   |24210253214|开始处理课程：必修课 2024级第三学期安全教育/消防安全/可怕的粉尘“炸弹”！
2025-10-10 21:55:20|INFO   |24210253214|必修课 2024级第三学期安全教育/消防安全/可怕的粉尘“炸弹”！ 等待 15 秒，模拟学习中...
2025-10-10 21:55:35|SUCCESS|24210253214|必修课 2024级第三学期安全教育/消防安全/可怕的粉尘“炸弹”！ 完成
2025-10-10 21:55:35|INFO   |24210253214|必修课 2024级第三学期安全教育/消防安全 进度：必修课：54/67，推送课：0/0，自选课：0/0，考试：0/1，预计剩余时间：195 秒
2025-10-10 21:55:35|INFO   |24210253214|开始处理课程：必修课 2024级第三学期安全教育/消防安全/森林防火 人人有责
2025-10-10 21:55:35|INFO   |24210253214|必修课 2024级第三学期安全教育/消防安全/森林防火 人人有责 等待 15 秒，模拟学习中...
2025-10-10 21:55:50|SUCCESS|24210253214|必修课 2024级第三学期安全教育/消防安全/森林防火 人人有责 完成
2025-10-10 21:55:50|INFO   |24210253214|开始处理 必修课 2024级第三学期安全教育/学业安全
2025-10-10 21:55:50|INFO   |24210253214|必修课 2024级第三学期安全教育/学业安全 进度：必修课：55/67，推送课：0/0，自选课：0/0，考试：0/1，预计剩余时间：180 秒
2025-10-10 21:55:50|INFO   |24210253214|开始处理课程：必修课 2024级第三学期安全教育/学业安全/平安校园
2025-10-10 21:55:51|INFO   |24210253214|必修课 2024级第三学期安全教育/学业安全/平安校园 等待 15 秒，模拟学习中...
2025-10-10 21:56:06|SUCCESS|24210253214|必修课 2024级第三学期安全教育/学业安全/平安校园 完成
2025-10-10 21:56:06|INFO   |24210253214|开始处理 必修课 2024级第三学期安全教育/心理健康
2025-10-10 21:56:06|INFO   |24210253214|必修课 2024级第三学期安全教育/心理健康 进度：必修课：56/67，推送课：0/0，自选课：0/0，考试：0/1，预计剩余时间：165 秒
2025-10-10 21:56:06|INFO   |24210253214|开始处理课程：必修课 2024级第三学期安全教育/心理健康/认识自我1—我是谁？
2025-10-10 21:56:06|INFO   |24210253214|必修课 2024级第三学期安全教育/心理健康/认识自我1—我是谁？ 等待 15 秒，模拟学习中...
2025-10-10 21:56:21|SUCCESS|24210253214|必修课 2024级第三学期安全教育/心理健康/认识自我1—我是谁？ 完成
2025-10-10 21:56:21|INFO   |24210253214|必修课 2024级第三学期安全教育/心理健康 进度：必修课：57/67，推送课：0/0，自选课：0/0，考试：0/1，预计剩余时间：150 秒
2025-10-10 21:56:21|INFO   |24210253214|开始处理课程：必修课 2024级第三学期安全教育/心理健康/认识自我2—自我意识的偏差
2025-10-10 21:56:22|INFO   |24210253214|必修课 2024级第三学期安全教育/心理健康/认识自我2—自我意识的偏差 等待 15 秒，模拟学习中...
2025-10-10 21:56:37|SUCCESS|24210253214|必修课 2024级第三学期安全教育/心理健康/认识自我2—自我意识的偏差 完成
2025-10-10 21:56:37|INFO   |24210253214|必修课 2024级第三学期安全教育/心理健康 进度：必修课：58/67，推送课：0/0，自选课：0/0，考试：0/1，预计剩余时间：135 秒
2025-10-10 21:56:37|INFO   |24210253214|开始处理课程：必修课 2024级第三学期安全教育/心理健康/认识自我3—培养健全的自我意识
2025-10-10 21:56:37|INFO   |24210253214|必修课 2024级第三学期安全教育/心理健康/认识自我3—培养健全的自我意识 等待 15 秒，模拟学习中...
2025-10-10 21:56:52|SUCCESS|24210253214|必修课 2024级第三学期安全教育/心理健康/认识自我3—培养健全的自我意识 完成
2025-10-10 21:56:52|INFO   |24210253214|开始处理 必修课 2024级第三学期安全教育/恋爱与性知识
2025-10-10 21:56:52|INFO   |24210253214|必修课 2024级第三学期安全教育/恋爱与性知识 进度：必修课：59/67，推送课：0/0，自选课：0/0，考试：0/1，预计剩余时间：120 秒
2025-10-10 21:56:52|INFO   |24210253214|开始处理课程：必修课 2024级第三学期安全教育/恋爱与性知识/恋爱的正确打开方式(下)
2025-10-10 21:56:52|INFO   |24210253214|必修课 2024级第三学期安全教育/恋爱与性知识/恋爱的正确打开方式(下) 等待 15 秒，模拟学习中...
2025-10-10 21:57:08|SUCCESS|24210253214|必修课 2024级第三学期安全教育/恋爱与性知识/恋爱的正确打开方式(下) 完成
2025-10-10 21:57:08|INFO   |24210253214|必修课 2024级第三学期安全教育/恋爱与性知识 进度：必修课：60/67，推送课：0/0，自选课：0/0，考试：0/1，预计剩余时间：105 秒
2025-10-10 21:57:08|INFO   |24210253214|开始处理课程：必修课 2024级第三学期安全教育/恋爱与性知识/恋爱的正确关闭方式(上)
2025-10-10 21:57:08|INFO   |24210253214|必修课 2024级第三学期安全教育/恋爱与性知识/恋爱的正确关闭方式(上) 等待 15 秒，模拟学习中...
2025-10-10 21:57:23|SUCCESS|24210253214|必修课 2024级第三学期安全教育/恋爱与性知识/恋爱的正确关闭方式(上) 完成
2025-10-10 21:57:23|INFO   |24210253214|必修课 2024级第三学期安全教育/恋爱与性知识 进度：必修课：61/67，推送课：0/0，自选课：0/0，考试：0/1，预计剩余时间：90 秒
2025-10-10 21:57:23|INFO   |24210253214|开始处理课程：必修课 2024级第三学期安全教育/恋爱与性知识/恋爱的正确关闭方式(下)
2025-10-10 21:57:23|INFO   |24210253214|必修课 2024级第三学期安全教育/恋爱与性知识/恋爱的正确关闭方式(下) 等待 15 秒，模拟学习中...
2025-10-10 21:57:38|SUCCESS|24210253214|必修课 2024级第三学期安全教育/恋爱与性知识/恋爱的正确关闭方式(下) 完成
2025-10-10 21:57:38|INFO   |24210253214|必修课 2024级第三学期安全教育/恋爱与性知识 进度：必修课：62/67，推送课：0/0，自选课：0/0，考试：0/1，预计剩余时间：75 秒
2025-10-10 21:57:38|INFO   |24210253214|开始处理课程：必修课 2024级第三学期安全教育/恋爱与性知识/恋爱的正确打开方式(上)
2025-10-10 21:57:38|SUCCESS|24210253214|必修课 2024级第三学期安全教育/恋爱与性知识/恋爱的正确打开方式(上) 已完成
2025-10-10 21:57:38|INFO   |24210253214|开始处理 必修课 2024级第三学期安全教育/诚信与法律
2025-10-10 21:57:39|INFO   |24210253214|必修课 2024级第三学期安全教育/诚信与法律 进度：必修课：62/67，推送课：0/0，自选课：0/0，考试：0/1，预计剩余时间：75 秒
2025-10-10 21:57:39|INFO   |24210253214|开始处理课程：必修课 2024级第三学期安全教育/诚信与法律/学习《中华人民共和国消防法》基础篇
2025-10-10 21:57:39|INFO   |24210253214|必修课 2024级第三学期安全教育/诚信与法律/学习《中华人民共和国消防法》基础篇 等待 15 秒，模拟学习中...
2025-10-10 21:57:54|SUCCESS|24210253214|必修课 2024级第三学期安全教育/诚信与法律/学习《中华人民共和国消防法》基础篇 完成
2025-10-10 21:57:54|INFO   |24210253214|必修课 2024级第三学期安全教育/诚信与法律 进度：必修课：63/67，推送课：0/0，自选课：0/0，考试：0/1，预计剩余时间：60 秒
2025-10-10 21:57:54|INFO   |24210253214|开始处理课程：必修课 2024级第三学期安全教育/诚信与法律/学习《中华人民共和国消防法》进阶篇
2025-10-10 21:57:54|INFO   |24210253214|必修课 2024级第三学期安全教育/诚信与法律/学习《中华人民共和国消防法》进阶篇 等待 15 秒，模拟学习中...
2025-10-10 21:58:09|SUCCESS|24210253214|必修课 2024级第三学期安全教育/诚信与法律/学习《中华人民共和国消防法》进阶篇 完成
2025-10-10 21:58:10|INFO   |24210253214|必修课 2024级第三学期安全教育/诚信与法律 进度：必修课：64/67，推送课：0/0，自选课：0/0，考试：0/1，预计剩余时间：45 秒
2025-10-10 21:58:10|INFO   |24210253214|开始处理课程：必修课 2024级第三学期安全教育/诚信与法律/学习《中华人民共和国防震减灾法》基础篇
2025-10-10 21:58:10|INFO   |24210253214|必修课 2024级第三学期安全教育/诚信与法律/学习《中华人民共和国防震减灾法》基础篇 等待 15 秒，模拟学习中...
2025-10-10 21:58:25|SUCCESS|24210253214|必修课 2024级第三学期安全教育/诚信与法律/学习《中华人民共和国防震减灾法》基础篇 完成
2025-10-10 21:58:25|INFO   |24210253214|必修课 2024级第三学期安全教育/诚信与法律 进度：必修课：65/67，推送课：0/0，自选课：0/0，考试：0/1，预计剩余时间：30 秒
2025-10-10 21:58:25|INFO   |24210253214|开始处理课程：必修课 2024级第三学期安全教育/诚信与法律/学习《中华人民共和国防震减灾法》进阶篇
2025-10-10 21:58:25|INFO   |24210253214|必修课 2024级第三学期安全教育/诚信与法律/学习《中华人民共和国防震减灾法》进阶篇 等待 15 秒，模拟学习中...
2025-10-10 21:58:40|SUCCESS|24210253214|必修课 2024级第三学期安全教育/诚信与法律/学习《中华人民共和国防震减灾法》进阶篇 完成
2025-10-10 21:58:40|INFO   |24210253214|必修课 2024级第三学期安全教育/诚信与法律 进度：必修课：66/67，推送课：0/0，自选课：0/0，考试：0/1，预计剩余时间：15 秒
2025-10-10 21:58:40|INFO   |24210253214|开始处理课程：必修课 2024级第三学期安全教育/诚信与法律/法律知识知多少
2025-10-10 21:58:41|INFO   |24210253214|必修课 2024级第三学期安全教育/诚信与法律/法律知识知多少 等待 15 秒，模拟学习中...
2025-10-10 21:58:56|SUCCESS|24210253214|必修课 2024级第三学期安全教育/诚信与法律/法律知识知多少 完成
2025-10-10 21:58:56|SUCCESS|24210253214|2024级第三学期安全教育 课程学习完成
2025-10-10 21:58:56|INFO   |24210253214|开始考试 (总时长: 250秒)
2025-10-10 21:58:56|INFO   |24210253214|开始考试项目 2024级第三学期安全教育
2025-10-10 21:58:56|INFO   |24210253214|考试信息：用户：祁良军，ID：学号：24210253214，题目数：50，试卷总分：100，限时 90 分钟
2025-10-10 21:58:56|INFO   |24210253214|题目总数：50，有答案的题目数：49，无答案的题目数：1
2025-10-10 21:58:56|INFO   |24210253214|[0/1]题目不在题库中或选项不同，请手动选择答案
2025-10-10 23:14:08|INFO   |24210253214|选择答案：4，内容：处10年以下有期徒刑，并处罚金。
2025-10-10 23:14:08|INFO   |24210253214|正在提交当前答案
2025-10-10 23:14:10|ERROR  |系统|权限错误: Token 无效，请检查账号信息
2025-10-10 23:14:10|INFO   |系统|所有账号执行完成！成功: 0，失败: 1
2025-10-10 23:14:30|INFO   |系统|程序启动，当前版本：v3.5.17
2025-10-10 23:14:30|INFO   |系统|程序更新地址：https://github.com/hangone/WeBan
2025-10-10 23:14:30|INFO   |系统|共加载到 1 个账号
2025-10-10 23:14:30|INFO   |系统|使用单线程模式，逐个执行
2025-10-10 23:14:30|INFO   |24210253214|开始执行
2025-10-10 23:14:30|INFO   |24210253214|使用密码登录
2025-10-10 23:14:33|INFO   |24210253214|获取学校列表成功
2025-10-10 23:14:33|SUCCESS|24210253214|找到学校代码: 65000005
2025-10-10 23:14:33|INFO   |24210253214|自动验证码识别结果: 8sud
2025-10-10 23:14:33|INFO   |24210253214|登录成功，开始同步答案
2025-10-10 23:14:33|INFO   |24210253214|开始学习 (每个任务时长: 15秒)
2025-10-10 23:14:33|INFO   |24210253214|开始处理任务：2024级第三学期安全教育
2025-10-10 23:14:33|INFO   |24210253214|2024级第三学期安全教育 进度：必修课：67/67，推送课：0/0，自选课：0/0，考试：0/1，预计剩余时间：0 秒
2025-10-10 23:14:34|INFO   |24210253214|开始处理 必修课 2024级第三学期安全教育/国家安全各个方面
2025-10-10 23:14:34|SUCCESS|24210253214|必修课 2024级第三学期安全教育/国家安全各个方面 已完成
2025-10-10 23:14:34|INFO   |24210253214|开始处理 必修课 2024级第三学期安全教育/总体国家安全观总论
2025-10-10 23:14:34|SUCCESS|24210253214|必修课 2024级第三学期安全教育/总体国家安全观总论 已完成
2025-10-10 23:14:34|INFO   |24210253214|开始处理 必修课 2024级第三学期安全教育/安全文化
2025-10-10 23:14:34|SUCCESS|24210253214|必修课 2024级第三学期安全教育/安全文化 已完成
2025-10-10 23:14:34|INFO   |24210253214|开始处理 必修课 2024级第三学期安全教育/艾滋病防治
2025-10-10 23:14:34|SUCCESS|24210253214|必修课 2024级第三学期安全教育/艾滋病防治 已完成
2025-10-10 23:14:34|INFO   |24210253214|开始处理 必修课 2024级第三学期安全教育/传染病防治
2025-10-10 23:14:34|SUCCESS|24210253214|必修课 2024级第三学期安全教育/传染病防治 已完成
2025-10-10 23:14:34|INFO   |24210253214|开始处理 必修课 2024级第三学期安全教育/身体健康
2025-10-10 23:14:34|SUCCESS|24210253214|必修课 2024级第三学期安全教育/身体健康 已完成
2025-10-10 23:14:34|INFO   |24210253214|开始处理 必修课 2024级第三学期安全教育/外出及旅游安全
2025-10-10 23:14:34|SUCCESS|24210253214|必修课 2024级第三学期安全教育/外出及旅游安全 已完成
2025-10-10 23:14:34|INFO   |24210253214|开始处理 必修课 2024级第三学期安全教育/应对突发事件
2025-10-10 23:14:34|SUCCESS|24210253214|必修课 2024级第三学期安全教育/应对突发事件 已完成
2025-10-10 23:14:34|INFO   |24210253214|开始处理 必修课 2024级第三学期安全教育/禁毒教育
2025-10-10 23:14:34|SUCCESS|24210253214|必修课 2024级第三学期安全教育/禁毒教育 已完成
2025-10-10 23:14:34|INFO   |24210253214|开始处理 必修课 2024级第三学期安全教育/财产安全
2025-10-10 23:14:34|SUCCESS|24210253214|必修课 2024级第三学期安全教育/财产安全 已完成
2025-10-10 23:14:34|INFO   |24210253214|开始处理 必修课 2024级第三学期安全教育/防范诈骗
2025-10-10 23:14:34|SUCCESS|24210253214|必修课 2024级第三学期安全教育/防范诈骗 已完成
2025-10-10 23:14:34|INFO   |24210253214|开始处理 必修课 2024级第三学期安全教育/人身安全
2025-10-10 23:14:34|SUCCESS|24210253214|必修课 2024级第三学期安全教育/人身安全 已完成
2025-10-10 23:14:34|INFO   |24210253214|开始处理 必修课 2024级第三学期安全教育/网络安全
2025-10-10 23:14:34|SUCCESS|24210253214|必修课 2024级第三学期安全教育/网络安全 已完成
2025-10-10 23:14:34|INFO   |24210253214|开始处理 必修课 2024级第三学期安全教育/消防安全
2025-10-10 23:14:34|SUCCESS|24210253214|必修课 2024级第三学期安全教育/消防安全 已完成
2025-10-10 23:14:34|INFO   |24210253214|开始处理 必修课 2024级第三学期安全教育/学业安全
2025-10-10 23:14:34|SUCCESS|24210253214|必修课 2024级第三学期安全教育/学业安全 已完成
2025-10-10 23:14:34|INFO   |24210253214|开始处理 必修课 2024级第三学期安全教育/心理健康
2025-10-10 23:14:34|SUCCESS|24210253214|必修课 2024级第三学期安全教育/心理健康 已完成
2025-10-10 23:14:34|INFO   |24210253214|开始处理 必修课 2024级第三学期安全教育/恋爱与性知识
2025-10-10 23:14:34|SUCCESS|24210253214|必修课 2024级第三学期安全教育/恋爱与性知识 已完成
2025-10-10 23:14:34|INFO   |24210253214|开始处理 必修课 2024级第三学期安全教育/诚信与法律
2025-10-10 23:14:34|SUCCESS|24210253214|必修课 2024级第三学期安全教育/诚信与法律 已完成
2025-10-10 23:14:34|SUCCESS|24210253214|2024级第三学期安全教育 课程学习完成
2025-10-10 23:14:34|INFO   |24210253214|开始考试 (总时长: 250秒)
2025-10-10 23:14:34|INFO   |24210253214|开始考试项目 2024级第三学期安全教育
2025-10-10 23:14:34|INFO   |24210253214|考试信息：用户：祁良军，ID：学号：24210253214，题目数：50，试卷总分：100，限时 90 分钟
2025-10-10 23:14:34|INFO   |24210253214|题目总数：50，有答案的题目数：49，无答案的题目数：1
2025-10-10 23:14:34|INFO   |24210253214|[0/1]题目不在题库中或选项不同，请手动选择答案
2025-10-10 23:14:38|INFO   |24210253214|选择答案：4，内容：处10年以下有期徒刑，并处罚金。
2025-10-10 23:14:38|INFO   |24210253214|正在提交当前答案
2025-10-10 23:14:38|INFO   |24210253214|保存答案成功
2025-10-10 23:14:38|INFO   |24210253214|手动答题结束，开始答题库中的题目，共 49 道题目
2025-10-10 23:14:38|INFO   |24210253214|[0/49]题目在题库中，开始答题
2025-10-10 23:14:38|INFO   |24210253214|题目类型：单选题，题目标题：大学生李某翻墙浏览境外网站，接触到大量攻击中国政治制度的文章和视频，逐渐对共产主义信仰产生动摇。他开始在社交平台转发相关内容，并与境外账号互动，最终因传播危害国家安全信息被网警查处。大学生李某遭遇的主要策反手段是？
2025-10-10 23:14:38|INFO   |24210253214|等待 5 秒，模拟答题中...
2025-10-10 23:14:44|INFO   |24210253214|保存答案成功
2025-10-10 23:14:44|INFO   |24210253214|[1/49]题目在题库中，开始答题
2025-10-10 23:14:44|INFO   |24210253214|题目类型：单选题，题目标题：被动吸烟对健康的影响是什么？
2025-10-10 23:14:44|INFO   |24210253214|等待 5 秒，模拟答题中...
2025-10-10 23:14:49|INFO   |24210253214|保存答案成功
2025-10-10 23:14:49|INFO   |24210253214|[2/49]题目在题库中，开始答题
2025-10-10 23:14:49|INFO   |24210253214|题目类型：单选题，题目标题：雷电和静电引起的火灾属于电气火灾吗？
2025-10-10 23:14:49|INFO   |24210253214|等待 5 秒，模拟答题中...
2025-10-10 23:14:54|INFO   |24210253214|保存答案成功
2025-10-10 23:14:54|INFO   |24210253214|[3/49]题目在题库中，开始答题
2025-10-10 23:14:54|INFO   |24210253214|题目类型：单选题，题目标题：“妹妹”微信发来消息：“姐姐，给我1000块钱，我要报学习班，我的卡消磁了，打到这个卡号里吧。卡号：xxxxx，姓名：肖敏。”你应该怎么办？
2025-10-10 23:14:54|INFO   |24210253214|等待 5 秒，模拟答题中...
2025-10-10 23:14:59|INFO   |24210253214|保存答案成功
2025-10-10 23:14:59|INFO   |24210253214|[4/49]题目在题库中，开始答题
2025-10-10 23:14:59|INFO   |24210253214|题目类型：单选题，题目标题：关于“托运带毒”，下面行为正确的是：
2025-10-10 23:14:59|INFO   |24210253214|等待 5 秒，模拟答题中...
2025-10-10 23:15:04|INFO   |24210253214|保存答案成功
2025-10-10 23:15:04|INFO   |24210253214|[5/49]题目在题库中，开始答题
2025-10-10 23:15:04|INFO   |24210253214|题目类型：单选题，题目标题：你收到短信：“青海xx县发生泥石流，欢迎社会各界人士为受害群众重建家园捐款，银行账号xxxxxxx，户名xx。中国红十字基金会。”
2025-10-10 23:15:04|INFO   |24210253214|等待 5 秒，模拟答题中...
2025-10-10 23:15:09|INFO   |24210253214|保存答案成功
2025-10-10 23:15:09|INFO   |24210253214|[6/49]题目在题库中，开始答题
2025-10-10 23:15:09|INFO   |24210253214|题目类型：单选题，题目标题：只有亲密和激情的爱是什么爱？
2025-10-10 23:15:09|INFO   |24210253214|等待 5 秒，模拟答题中...
2025-10-10 23:15:14|INFO   |24210253214|保存答案成功
2025-10-10 23:15:14|INFO   |24210253214|[7/49]题目在题库中，开始答题
2025-10-10 23:15:14|INFO   |24210253214|题目类型：单选题，题目标题：（）都有维护消防安全、保护消防设施、预防火灾、报告火警的义务。任何单位和成年人都有参加有组织的灭火工作的义务。
2025-10-10 23:15:14|INFO   |24210253214|等待 5 秒，模拟答题中...
2025-10-10 23:15:19|INFO   |24210253214|保存答案成功
2025-10-10 23:15:19|INFO   |24210253214|[8/49]题目在题库中，开始答题
2025-10-10 23:15:19|INFO   |24210253214|题目类型：单选题，题目标题：我国森林防火工作实行的方针是：
2025-10-10 23:15:19|INFO   |24210253214|等待 5 秒，模拟答题中...
2025-10-10 23:15:24|INFO   |24210253214|保存答案成功
2025-10-10 23:15:24|INFO   |24210253214|[9/49]题目在题库中，开始答题
2025-10-10 23:15:24|INFO   |24210253214|题目类型：单选题，题目标题：艾滋病病毒感染者的结婚/就业/入学等权益受我国法律保护吗？
2025-10-10 23:15:24|INFO   |24210253214|等待 5 秒，模拟答题中...
2025-10-10 23:15:29|INFO   |24210253214|保存答案成功
2025-10-10 23:15:29|INFO   |24210253214|[10/49]题目在题库中，开始答题
2025-10-10 23:15:29|INFO   |24210253214|题目类型：单选题，题目标题：下面说法正确的是：
2025-10-10 23:15:29|INFO   |24210253214|等待 5 秒，模拟答题中...
2025-10-10 23:15:34|INFO   |24210253214|保存答案成功
2025-10-10 23:15:34|INFO   |24210253214|[11/49]题目在题库中，开始答题
2025-10-10 23:15:34|INFO   |24210253214|题目类型：单选题，题目标题：你收到短信：“中国建设银行提醒您：您于5月5日在广西百货利用信用卡刷卡消费4000元，我们将于结账日给予扣除。服务电话：xxxxxxxx”你应该怎么办？
2025-10-10 23:15:34|INFO   |24210253214|等待 5 秒，模拟答题中...
2025-10-10 23:15:39|INFO   |24210253214|保存答案成功
2025-10-10 23:15:39|INFO   |24210253214|[12/49]题目在题库中，开始答题
2025-10-10 23:15:39|INFO   |24210253214|题目类型：单选题，题目标题：目前，艾滋病是一种不可治愈的严重传染病吗？
2025-10-10 23:15:39|INFO   |24210253214|等待 5 秒，模拟答题中...
2025-10-10 23:15:44|INFO   |24210253214|保存答案成功
2025-10-10 23:15:44|INFO   |24210253214|[13/49]题目在题库中，开始答题
2025-10-10 23:15:44|INFO   |24210253214|题目类型：单选题，题目标题：政治安全是国家安全的（     ）。
2025-10-10 23:15:44|INFO   |24210253214|等待 5 秒，模拟答题中...
2025-10-10 23:15:50|INFO   |24210253214|保存答案成功
2025-10-10 23:15:50|INFO   |24210253214|[14/49]题目在题库中，开始答题
2025-10-10 23:15:50|INFO   |24210253214|题目类型：单选题，题目标题：艾滋病感染者可以通过按时吃药来控制病情，但仍然有耐药和机会性感染的问题。——这句话正确吗？
2025-10-10 23:15:50|INFO   |24210253214|等待 5 秒，模拟答题中...
2025-10-10 23:15:55|INFO   |24210253214|保存答案成功
2025-10-10 23:15:55|INFO   |24210253214|[15/49]题目在题库中，开始答题
2025-10-10 23:15:55|INFO   |24210253214|题目类型：单选题，题目标题：制定《消防法》的目的是，为了（），加强应急救援工作，保护人身、财产安全，维护公共安全。
2025-10-10 23:15:55|INFO   |24210253214|等待 5 秒，模拟答题中...
2025-10-10 23:16:00|INFO   |24210253214|保存答案成功
2025-10-10 23:16:00|INFO   |24210253214|[16/49]题目在题库中，开始答题
2025-10-10 23:16:00|INFO   |24210253214|题目类型：单选题，题目标题：我国的“全民国家安全教育日”是哪一天？
2025-10-10 23:16:00|INFO   |24210253214|等待 5 秒，模拟答题中...
2025-10-10 23:16:05|INFO   |24210253214|保存答案成功
2025-10-10 23:16:05|INFO   |24210253214|[17/49]题目在题库中，开始答题
2025-10-10 23:16:05|INFO   |24210253214|题目类型：单选题，题目标题：电子烟里不含尼古丁。
2025-10-10 23:16:05|INFO   |24210253214|等待 5 秒，模拟答题中...
2025-10-10 23:16:10|INFO   |24210253214|保存答案成功
2025-10-10 23:16:10|INFO   |24210253214|[18/49]题目在题库中，开始答题
2025-10-10 23:16:10|INFO   |24210253214|题目类型：单选题，题目标题：高校教授马某在学术交流中得知官员赵某子女成绩差，主动提出帮助其子女入读国外名校，条件是赵某提供军工业科研成果。赵某明知马某意图，仍为子女前途妥协。马某的策反手段属于？
2025-10-10 23:16:10|INFO   |24210253214|等待 5 秒，模拟答题中...
2025-10-10 23:16:15|INFO   |24210253214|保存答案成功
2025-10-10 23:16:15|INFO   |24210253214|[19/49]题目在题库中，开始答题
2025-10-10 23:16:15|INFO   |24210253214|题目类型：单选题，题目标题：一名独自登山的背包客迷路了，岩石湿滑，几步开外就是断崖；又逢雨后，山风卷雨成雾，不但视野茫茫，且通讯信号时有时无……如果是你，你会怎么办？
2025-10-10 23:16:15|INFO   |24210253214|等待 5 秒，模拟答题中...
2025-10-10 23:16:20|INFO   |24210253214|保存答案成功
2025-10-10 23:16:20|INFO   |24210253214|[20/49]题目在题库中，开始答题
2025-10-10 23:16:20|INFO   |24210253214|题目类型：单选题，题目标题：《宪法》规定，中华人民共和国的一切权力属于（）。
2025-10-10 23:16:20|INFO   |24210253214|等待 5 秒，模拟答题中...
2025-10-10 23:16:25|INFO   |24210253214|保存答案成功
2025-10-10 23:16:25|INFO   |24210253214|[21/49]题目在题库中，开始答题
2025-10-10 23:16:25|INFO   |24210253214|题目类型：单选题，题目标题：要做到防范毒品，以下做法错误的是：
2025-10-10 23:16:25|INFO   |24210253214|等待 5 秒，模拟答题中...
2025-10-10 23:16:30|INFO   |24210253214|保存答案成功
2025-10-10 23:16:30|INFO   |24210253214|[22/49]题目在题库中，开始答题
2025-10-10 23:16:30|INFO   |24210253214|题目类型：单选题，题目标题：收到“官方账号”的短信也未必就一定是可信的。
2025-10-10 23:16:30|INFO   |24210253214|等待 5 秒，模拟答题中...
2025-10-10 23:16:35|INFO   |24210253214|保存答案成功
2025-10-10 23:16:35|INFO   |24210253214|[23/49]题目在题库中，开始答题
2025-10-10 23:16:35|INFO   |24210253214|题目类型：单选题，题目标题：小h在看直播时，被女主播私信指引下载了一个App，若想要“约炮”就得充值成为会员，小h现在应该：
2025-10-10 23:16:35|INFO   |24210253214|等待 5 秒，模拟答题中...
2025-10-10 23:16:40|INFO   |24210253214|保存答案成功
2025-10-10 23:16:40|INFO   |24210253214|[24/49]题目在题库中，开始答题
2025-10-10 23:16:40|INFO   |24210253214|题目类型：单选题，题目标题：教育部明确规定：严禁任何人、任何组织在校园内推介非法集资活动。
2025-10-10 23:16:40|INFO   |24210253214|等待 5 秒，模拟答题中...
2025-10-10 23:16:45|INFO   |24210253214|保存答案成功
2025-10-10 23:16:45|INFO   |24210253214|[25/49]题目在题库中，开始答题
2025-10-10 23:16:45|INFO   |24210253214|题目类型：单选题，题目标题：防震减灾工作的方针是（）。
2025-10-10 23:16:45|INFO   |24210253214|等待 5 秒，模拟答题中...
2025-10-10 23:16:50|INFO   |24210253214|保存答案成功
2025-10-10 23:16:50|INFO   |24210253214|[26/49]题目在题库中，开始答题
2025-10-10 23:16:50|INFO   |24210253214|题目类型：单选题，题目标题：下列关于塑料瓶上的数字，说法正确的是：
2025-10-10 23:16:50|INFO   |24210253214|等待 5 秒，模拟答题中...
2025-10-10 23:16:56|INFO   |24210253214|保存答案成功
2025-10-10 23:16:56|INFO   |24210253214|[27/49]题目在题库中，开始答题
2025-10-10 23:16:56|INFO   |24210253214|题目类型：单选题，题目标题：某境外组织成员伪装成省政府领导，白天以投资考察为名活动，晚上传递情报。他们打着“温泉资源开发”旗号，非法探测山东蓬莱、海南三亚等敏感地区。该组织的隐蔽策略是？
2025-10-10 23:16:56|INFO   |24210253214|等待 5 秒，模拟答题中...
2025-10-10 23:17:01|INFO   |24210253214|保存答案成功
2025-10-10 23:17:01|INFO   |24210253214|[28/49]题目在题库中，开始答题
2025-10-10 23:17:01|INFO   |24210253214|题目类型：单选题，题目标题：过渡性安置点应当设置在交通条件便利、（），并避开地震活动断层和可能发生严重次生灾害的区域。
2025-10-10 23:17:01|INFO   |24210253214|等待 5 秒，模拟答题中...
2025-10-10 23:17:06|INFO   |24210253214|保存答案成功
2025-10-10 23:17:06|INFO   |24210253214|[29/49]题目在题库中，开始答题
2025-10-10 23:17:06|INFO   |24210253214|题目类型：单选题，题目标题：下列做法正确的是？
2025-10-10 23:17:06|INFO   |24210253214|等待 5 秒，模拟答题中...
2025-10-10 23:17:11|INFO   |24210253214|保存答案成功
2025-10-10 23:17:11|INFO   |24210253214|[30/49]题目在题库中，开始答题
2025-10-10 23:17:11|INFO   |24210253214|题目类型：多选题，题目标题：当我们从扶梯上滑倒或从高处跌落时，应该：
2025-10-10 23:17:11|INFO   |24210253214|等待 5 秒，模拟答题中...
2025-10-10 23:17:16|INFO   |24210253214|保存答案成功
2025-10-10 23:17:16|INFO   |24210253214|[31/49]题目在题库中，开始答题
2025-10-10 23:17:16|INFO   |24210253214|题目类型：多选题，题目标题：维护政治安全也面临着一些挑战，突出表现在（     ）。
2025-10-10 23:17:16|INFO   |24210253214|等待 5 秒，模拟答题中...
2025-10-10 23:17:21|INFO   |24210253214|保存答案成功
2025-10-10 23:17:21|INFO   |24210253214|[32/49]题目在题库中，开始答题
2025-10-10 23:17:21|INFO   |24210253214|题目类型：多选题，题目标题：带货乘车、乘机应注意什么？
2025-10-10 23:17:21|INFO   |24210253214|等待 5 秒，模拟答题中...
2025-10-10 23:17:26|INFO   |24210253214|保存答案成功
2025-10-10 23:17:26|INFO   |24210253214|[33/49]题目在题库中，开始答题
2025-10-10 23:17:26|INFO   |24210253214|题目类型：多选题，题目标题：以下哪些是我国《刑法》规定毒品犯罪的罪名？
2025-10-10 23:17:26|INFO   |24210253214|等待 5 秒，模拟答题中...
2025-10-10 23:17:31|INFO   |24210253214|保存答案成功
2025-10-10 23:17:31|INFO   |24210253214|[34/49]题目在题库中，开始答题
2025-10-10 23:17:31|INFO   |24210253214|题目类型：多选题，题目标题：以下哪些是我国《刑法》规定的毒品犯罪罪名呢？
2025-10-10 23:17:31|INFO   |24210253214|等待 5 秒，模拟答题中...
2025-10-10 23:17:36|INFO   |24210253214|保存答案成功
2025-10-10 23:17:36|INFO   |24210253214|[35/49]题目在题库中，开始答题
2025-10-10 23:17:36|INFO   |24210253214|题目类型：多选题，题目标题：遭遇诈骗了，心情失落的你可以做哪些事情缓解情绪：
2025-10-10 23:17:36|INFO   |24210253214|等待 5 秒，模拟答题中...
2025-10-10 23:17:41|INFO   |24210253214|保存答案成功
2025-10-10 23:17:41|INFO   |24210253214|[36/49]题目在题库中，开始答题
2025-10-10 23:17:41|INFO   |24210253214|题目类型：多选题，题目标题：“虚构险情”欺诈常见的形式有？
2025-10-10 23:17:41|INFO   |24210253214|等待 5 秒，模拟答题中...
2025-10-10 23:17:46|INFO   |24210253214|保存答案成功
2025-10-10 23:17:46|INFO   |24210253214|[37/49]题目在题库中，开始答题
2025-10-10 23:17:46|INFO   |24210253214|题目类型：多选题，题目标题：如何预防政治性案件的发生？
2025-10-10 23:17:46|INFO   |24210253214|等待 5 秒，模拟答题中...
2025-10-10 23:17:51|INFO   |24210253214|保存答案成功
2025-10-10 23:17:51|INFO   |24210253214|[38/49]题目在题库中，开始答题
2025-10-10 23:17:51|INFO   |24210253214|题目类型：多选题，题目标题：使用“翻墙”软件散布不实言论、信息后，可能会触犯什么罪名？
2025-10-10 23:17:51|INFO   |24210253214|等待 5 秒，模拟答题中...
2025-10-10 23:17:56|INFO   |24210253214|保存答案成功
2025-10-10 23:17:56|INFO   |24210253214|[39/49]题目在题库中，开始答题
2025-10-10 23:17:56|INFO   |24210253214|题目类型：多选题，题目标题：以下哪些是《国家安全法》中规定的公民当履行的义务？
2025-10-10 23:17:56|INFO   |24210253214|等待 5 秒，模拟答题中...
2025-10-10 23:18:02|INFO   |24210253214|保存答案成功
2025-10-10 23:18:02|INFO   |24210253214|[40/49]题目在题库中，开始答题
2025-10-10 23:18:02|INFO   |24210253214|题目类型：多选题，题目标题：如果你的朋友失恋了，你该如何去帮助他？
2025-10-10 23:18:02|INFO   |24210253214|等待 5 秒，模拟答题中...
2025-10-10 23:18:07|INFO   |24210253214|保存答案成功
2025-10-10 23:18:07|INFO   |24210253214|[41/49]题目在题库中，开始答题
2025-10-10 23:18:07|INFO   |24210253214|题目类型：多选题，题目标题：关于感染艾滋病后的法律法规，下面说法正确的是：
2025-10-10 23:18:07|INFO   |24210253214|等待 5 秒，模拟答题中...
2025-10-10 23:18:12|INFO   |24210253214|保存答案成功
2025-10-10 23:18:12|INFO   |24210253214|[42/49]题目在题库中，开始答题
2025-10-10 23:18:12|INFO   |24210253214|题目类型：多选题，题目标题：大学生小赵收到一名微信好友发来的红包，立即点击链接，抢到某商家价值2000元代金券。按照提示要求，小赵输入了自己的身份证号、手机号、微信账户以及密码，并扫描了一个二维码。结果不仅没有得到红包的钱连自己卡里的钱也不见了。小赵的做法有哪些是错呢？
2025-10-10 23:18:12|INFO   |24210253214|等待 5 秒，模拟答题中...
2025-10-10 23:18:17|INFO   |24210253214|保存答案成功
2025-10-10 23:18:17|INFO   |24210253214|[43/49]题目在题库中，开始答题
2025-10-10 23:18:17|INFO   |24210253214|题目类型：多选题，题目标题：出血热的三痛指的是哪三痛
2025-10-10 23:18:17|INFO   |24210253214|等待 5 秒，模拟答题中...
2025-10-10 23:18:22|INFO   |24210253214|保存答案成功
2025-10-10 23:18:22|INFO   |24210253214|[44/49]题目在题库中，开始答题
2025-10-10 23:18:22|INFO   |24210253214|题目类型：多选题，题目标题：维护政治安全，如何防范颜色革命？
2025-10-10 23:18:22|INFO   |24210253214|等待 5 秒，模拟答题中...
2025-10-10 23:18:27|INFO   |24210253214|保存答案成功
2025-10-10 23:18:27|INFO   |24210253214|[45/49]题目在题库中，开始答题
2025-10-10 23:18:27|INFO   |24210253214|题目类型：多选题，题目标题：伪装成经济学家的间谍李某，长期潜伏中国，通过部队交流、合影拍照等方式窃取军事机密，37年间提交150份情报报告。“经济学家”李某的隐蔽手段包括：
2025-10-10 23:18:27|INFO   |24210253214|等待 5 秒，模拟答题中...
2025-10-10 23:18:32|INFO   |24210253214|保存答案成功
2025-10-10 23:18:32|INFO   |24210253214|[46/49]题目在题库中，开始答题
2025-10-10 23:18:32|INFO   |24210253214|题目类型：多选题，题目标题：关于阻断药的服用，下列说法正确的有？
2025-10-10 23:18:32|INFO   |24210253214|等待 5 秒，模拟答题中...
2025-10-10 23:18:37|INFO   |24210253214|保存答案成功
2025-10-10 23:18:37|INFO   |24210253214|[47/49]题目在题库中，开始答题
2025-10-10 23:18:37|INFO   |24210253214|题目类型：多选题，题目标题：下面说法正确的是：
2025-10-10 23:18:37|INFO   |24210253214|等待 5 秒，模拟答题中...
2025-10-10 23:18:42|INFO   |24210253214|保存答案成功
2025-10-10 23:18:42|INFO   |24210253214|[48/49]题目在题库中，开始答题
2025-10-10 23:18:42|INFO   |24210253214|题目类型：多选题，题目标题：确认投资对象是否可信，可以审查哪些内容？
2025-10-10 23:18:42|INFO   |24210253214|等待 5 秒，模拟答题中...
2025-10-10 23:18:47|INFO   |24210253214|保存答案成功
2025-10-10 23:18:47|INFO   |24210253214|完成考试，正在提交试卷...
2025-10-10 23:18:48|SUCCESS|24210253214|试卷提交成功，考试完成，成绩：98 分
2025-10-10 23:18:48|INFO   |24210253214|最终同步答案
2025-10-10 23:18:48|INFO   |24210253214|发现题目：引诱、教唆、欺骗他人吸食、注射毒品的，最高可受什么处罚？ 新选项：处3年以下有期徒刑，并处罚金。
2025-10-10 23:18:48|INFO   |24210253214|发现题目：引诱、教唆、欺骗他人吸食、注射毒品的，最高可受什么处罚？ 新选项：处10年以下有期徒刑，并处罚金。
2025-10-10 23:18:48|INFO   |24210253214|发现题目：引诱、教唆、欺骗他人吸食、注射毒品的，最高可受什么处罚？ 新选项：处7年以下有期徒刑，并处罚金。
2025-10-10 23:18:48|INFO   |24210253214|发现题目：引诱、教唆、欺骗他人吸食、注射毒品的，最高可受什么处罚？ 新选项：处5年以下有期徒刑，并处罚金。
2025-10-10 23:18:48|INFO   |24210253214|发现题目：下列关于塑料瓶上的数字，说法正确的是： 新选项：6号可以做微波炉专用饭盒。
2025-10-10 23:18:48|INFO   |24210253214|发现题目：当我们从扶梯上滑倒或从高处跌落时，应该： 新选项：双手伸开保持平衡
2025-10-10 23:18:48|INFO   |24210253214|发现题目：出血热的三痛指的是哪三痛 新选项：浑身疼。
2025-10-10 23:18:48|SUCCESS|24210253214|执行完成
2025-10-10 23:18:48|INFO   |系统|所有账号执行完成！成功: 1，失败: 0
