2025-10-08T05:12:26.079Z [2025/10/8 13:12:26] [PID: 7480] [LOG] MAIN [MAIN] 机器人已启动，使用 1 个集群
2025-10-08T05:12:26.081Z [2025/10/8 13:12:26] [PID: 7480] [LOG] MAIN [MAIN-WORKER] 开始为账户 fanqiejiayou@outlook.com 执行任务
2025-10-08T05:12:26.657Z [2025/10/8 13:12:26] [PID: 7480] [LOG] DESKTOP [浏览器] 已创建浏览器，用户代理User-Agent: "Mozilla/5.0 (Windows NT 10.0; Win64; x64) AppleWebKit/537.36 (KHTML, like Gecko) Chrome/139.0.0.0 Safari/537.36 Edg/139.0.3405.102"
2025-10-08T05:12:26.844Z [2025/10/8 13:12:26] [PID: 7480] [LOG] DESKTOP [MAIN] 正在启动浏览器
2025-10-08T05:12:26.846Z [2025/10/8 13:12:26] [PID: 7480] [LOG] DESKTOP [登录] 开始登录流程!
2025-10-08T05:12:39.102Z [2025/10/8 13:12:39] [PID: 7480] [LOG] DESKTOP [登录] 已登录
2025-10-08T05:12:44.290Z [2025/10/8 13:12:44] [PID: 7480] [LOG] DESKTOP [必应登录] 验证必应登录状态
2025-10-08T05:12:54.948Z [2025/10/8 13:12:54] [PID: 7480] [LOG] DESKTOP [登录] 成功登录，已保存登录会话!
2025-10-08T05:13:10.156Z [2025/10/8 13:13:10] [PID: 7480] [LOG] DESKTOP [返回主页] 成功访问主页
2025-10-08T05:13:11.619Z [2025/10/8 13:13:11] [PID: 7480] [LOG] DESKTOP [MAIN-POINTS] 当前积分数量: 3905
2025-10-08T05:13:13.187Z [2025/10/8 13:13:13] [PID: 7480] [LOG] DESKTOP [MAIN-POINTS] 今天可赚取 56 积分
2025-10-08T05:13:13.188Z [2025/10/8 13:13:13] [PID: 7480] [LOG] DESKTOP [MAIN-POINTS] 打开一个新标签页，用于完成任务
2025-10-08T05:13:13.247Z [2025/10/8 13:13:13] [PID: 7480] [LOG] DESKTOP [MAIN-POINTS] 在新标签页中导航到主页务
2025-10-08T05:13:27.739Z [2025/10/8 13:13:27] [PID: 7480] [LOG] DESKTOP [返回主页] 成功访问主页
2025-10-08T05:13:27.740Z [2025/10/8 13:13:27] [PID: 7480] [LOG] DESKTOP [打卡] 所有“打卡”项目均已完成
2025-10-08T05:13:27.741Z [2025/10/8 13:13:27] [PID: 7480] [LOG] DESKTOP [每日任务] 所有“每日任务”项目均已完成
2025-10-08T05:13:27.741Z [2025/10/8 13:13:27] [PID: 7480] [LOG] DESKTOP [更多活动] 开始解决“更多活动”项目
2025-10-08T05:13:40.966Z [2025/10/8 13:13:40] [PID: 7480] [LOG] DESKTOP [活动] 找到活动类型: "网址奖励" 标题: "Quote of the day"
2025-10-08T05:13:42.846Z [2025/10/8 13:13:42] [PID: 7480] [LOG] DESKTOP [网址奖励] 正在尝试完成网址奖励
2025-10-08T05:13:46.334Z [2025/10/8 13:13:46] [PID: 7480] [LOG] DESKTOP [网址奖励] 成功完成网址奖励
2025-10-08T05:13:52.810Z [2025/10/8 13:13:52] [PID: 7480] [LOG] DESKTOP [更多活动] 所有“更多活动”项目均已完成
2025-10-08T05:13:52.811Z [2025/10/8 13:13:52] [PID: 7480] [LOG] DESKTOP [SEARCH-BING] 开始必应搜索
2025-10-08T05:13:57.605Z [2025/10/8 13:13:57] [PID: 7480] [LOG] DESKTOP [SEARCH-CHINA-TRENDS] 正在生成搜索查询，可能需要一些时间！ | 地理区域: cn
2025-10-08T05:13:59.433Z [2025/10/8 13:13:59] [PID: 7480] [LOG] DESKTOP [SEARCH-CHINA-TRENDS] 已经获取DouYinHot搜索查询
2025-10-08T05:13:59.440Z [2025/10/8 13:13:59] [PID: 7480] [LOG] DESKTOP [SEARCH-BING] 已完成获取cn的搜索词
2025-10-08T05:14:09.943Z [2025/10/8 13:14:09] [PID: 7480] [LOG] DESKTOP [SEARCH-BING] 48 剩余积分 | 查询: 今日寒露
2025-10-08T05:14:24.997Z [2025/10/8 13:14:24] [PID: 7480] [LOG] DESKTOP [SEARCH-BING] 开始执行1次滚动和点击循环
2025-10-08T05:20:02.855Z [2025/10/8 13:20:02] [PID: 7480] [LOG] DESKTOP [SEARCH-BING] 45 剩余积分 | 查询: 东北人开始拯救菜园子行动了
2025-10-08T05:20:15.869Z [2025/10/8 13:20:15] [PID: 7480] [LOG] DESKTOP [SEARCH-BING] 开始执行2次滚动和点击循环
2025-10-08T05:27:01.133Z [2025/10/8 13:27:01] [PID: 7480] [LOG] DESKTOP [SEARCH-BING] 42 剩余积分 | 查询: 两中国游客在马来西亚失联3日
2025-10-08T05:27:21.435Z [2025/10/8 13:27:21] [PID: 7480] [LOG] DESKTOP [SEARCH-BING] 开始执行2次滚动和点击循环
2025-10-08T05:27:57.206Z [2025/10/8 13:27:57] [PID: 7480] [LOG] DESKTOP [SEARCH-BING] 没有可见的链接
2025-10-08T05:33:03.963Z [2025/10/8 13:33:03] [PID: 7480] [LOG] DESKTOP [SEARCH-BING] 36 剩余积分 | 查询: 伊朗货币将抹掉4个0
2025-10-08T05:33:19.138Z [2025/10/8 13:33:19] [PID: 7480] [ERROR] DESKTOP [SEARCH-BING] 搜索失败，发生错误:TimeoutError: page.waitForSelector: Timeout 10000ms exceeded.
Call log:
  [2m- waiting for locator('#sb_form_q') to be visible[22m

2025-10-08T05:33:19.139Z [2025/10/8 13:33:19] [PID: 7480] [WARN] DESKTOP [SEARCH-BING] 重试搜索，尝试 0/5
2025-10-08T05:34:10.303Z [2025/10/8 13:34:10] [PID: 7480] [LOG] DESKTOP [SEARCH-BING] 开始执行1次滚动和点击循环
2025-10-08T05:40:05.412Z [2025/10/8 13:40:05] [PID: 7480] [LOG] DESKTOP [SEARCH-BING] 33 剩余积分 | 查询: 旅游就是换个地方睡觉
2025-10-08T05:40:33.059Z [2025/10/8 13:40:33] [PID: 7480] [LOG] DESKTOP [SEARCH-BING] 开始执行2次滚动和点击循环
2025-10-08T05:47:28.278Z [2025/10/8 13:47:28] [PID: 7480] [LOG] DESKTOP [SEARCH-BING] 30 剩余积分 | 查询: 在我的世界里看世界
2025-10-08T05:47:45.728Z [2025/10/8 13:47:45] [PID: 7480] [LOG] DESKTOP [SEARCH-BING] 开始执行1次滚动和点击循环
2025-10-08T05:53:44.066Z [2025/10/8 13:53:44] [PID: 7480] [LOG] DESKTOP [SEARCH-BING] 27 剩余积分 | 查询: 丁俊晖5:1战胜克雷吉
2025-10-08T05:54:11.407Z [2025/10/8 13:54:11] [PID: 7480] [LOG] DESKTOP [SEARCH-BING] 开始执行1次滚动和点击循环
2025-10-08T05:54:30.227Z [2025/10/8 13:54:30] [PID: 7480] [LOG] DESKTOP [SEARCH-BING] 执行只悬停操作并返回 (概率: 28%)
2025-10-08T06:00:16.365Z [2025/10/8 14:00:16] [PID: 7480] [LOG] DESKTOP [SEARCH-BING] 24 剩余积分 | 查询: 量子隧穿是什么
2025-10-08T06:00:42.833Z [2025/10/8 14:00:42] [PID: 7480] [LOG] DESKTOP [SEARCH-BING] 开始执行3次滚动和点击循环
2025-10-08T06:08:40.597Z [2025/10/8 14:08:40] [PID: 7480] [LOG] DESKTOP [SEARCH-BING] 21 剩余积分 | 查询: 黑龙江漠河又下雪了
2025-10-08T06:08:55.753Z [2025/10/8 14:08:55] [PID: 7480] [LOG] DESKTOP [SEARCH-BING] 开始执行2次滚动和点击循环
2025-10-08T06:15:32.799Z [2025/10/8 14:15:32] [PID: 7480] [LOG] DESKTOP [SEARCH-BING] 18 剩余积分 | 查询: 被返程车流震撼到了
2025-10-08T06:15:48.992Z [2025/10/8 14:15:48] [PID: 7480] [LOG] DESKTOP [SEARCH-BING] 开始执行1次滚动和点击循环
2025-10-08T06:16:02.596Z [2025/10/8 14:16:02] [PID: 7480] [LOG] DESKTOP [SEARCH-BING] 执行只悬停操作并返回 (概率: 20%)
2025-10-08T06:21:35.862Z [2025/10/8 14:21:35] [PID: 7480] [LOG] DESKTOP [SEARCH-BING] 15 剩余积分 | 查询: 鸡排哥回应被赵露思模仿
2025-10-08T06:21:50.771Z [2025/10/8 14:21:50] [PID: 7480] [LOG] DESKTOP [SEARCH-BING] 开始执行2次滚动和点击循环
2025-10-08T06:29:34.328Z [2025/10/8 14:29:34] [PID: 7480] [LOG] DESKTOP [SEARCH-BING] 12 剩余积分 | 查询: 是谁还没有专属胸花
2025-10-08T06:29:52.775Z [2025/10/8 14:29:52] [PID: 7480] [LOG] DESKTOP [SEARCH-BING] 开始执行2次滚动和点击循环
2025-10-08T06:36:48.059Z [2025/10/8 14:36:48] [PID: 7480] [LOG] DESKTOP [SEARCH-BING] 9 剩余积分 | 查询: 8号我要陪许妍去离婚
2025-10-08T06:37:04.708Z [2025/10/8 14:37:04] [PID: 7480] [LOG] DESKTOP [SEARCH-BING] 开始执行3次滚动和点击循环
2025-10-08T06:45:30.097Z [2025/10/8 14:45:30] [PID: 7480] [LOG] DESKTOP [SEARCH-BING] 6 剩余积分 | 查询: 南通队尹韩龙禁区外世界波破门
2025-10-08T06:46:00.412Z [2025/10/8 14:46:00] [PID: 7480] [LOG] DESKTOP [SEARCH-BING] 开始执行1次滚动和点击循环
2025-10-08T06:51:21.434Z [2025/10/8 14:51:21] [PID: 7480] [LOG] DESKTOP [SEARCH-BING] 3 剩余积分 | 查询: 拉米罗任国安一线队代理主教练
2025-10-08T06:51:38.671Z [2025/10/8 14:51:38] [PID: 7480] [LOG] DESKTOP [SEARCH-BING] 开始执行2次滚动和点击循环
2025-10-08T06:59:09.427Z [2025/10/8 14:59:09] [PID: 7480] [LOG] DESKTOP [SEARCH-BING] 搜索完成
2025-10-08T06:59:13.881Z [2025/10/8 14:59:13] [PID: 7480] [LOG] DESKTOP [关闭浏览器] 浏览器已成功关闭!
2025-10-08T06:59:14.477Z [2025/10/8 14:59:14] [PID: 7480] [LOG] MOBILE [浏览器] 已创建浏览器，用户代理User-Agent: "Mozilla/5.0 (Linux; Android 12; K) AppleWebKit/537.36 (KHTML, like Gecko) Chrome/139.0.0.0 Mobile Safari/537.36 EdgA/139.0.3405.86"
2025-10-08T06:59:14.667Z [2025/10/8 14:59:14] [PID: 7480] [LOG] MOBILE [MAIN] 正在启动浏览器
2025-10-08T06:59:14.668Z [2025/10/8 14:59:14] [PID: 7480] [LOG] MOBILE [登录] 开始登录流程!
2025-10-08T06:59:24.944Z [2025/10/8 14:59:24] [PID: 7480] [LOG] MOBILE [登录] 已登录
2025-10-08T06:59:30.493Z [2025/10/8 14:59:30] [PID: 7480] [LOG] MOBILE [必应登录] 验证必应登录状态
2025-10-08T07:00:11.967Z [2025/10/8 15:00:11] [PID: 7480] [LOG] MOBILE [登录] 成功登录，已保存登录会话!
2025-10-08T07:00:15.210Z [2025/10/8 15:00:15] [PID: 7480] [LOG] MOBILE [APP 登录] 等待授权...
2025-10-08T07:00:17.139Z [2025/10/8 15:00:17] [PID: 7480] [LOG] MOBILE [APP 登录] 授权成功
2025-10-08T07:00:33.052Z [2025/10/8 15:00:33] [PID: 7480] [LOG] MOBILE [返回主页] 成功访问主页
2025-10-08T07:00:38.043Z [2025/10/8 15:00:38] [PID: 7480] [LOG] MOBILE [设置地区] 地区:cn
2025-10-08T07:00:39.723Z [2025/10/8 15:00:39] [PID: 7480] [LOG] MOBILE [MAIN-POINTS] 打开一个新标签页，用于完成任务
2025-10-08T07:00:39.764Z [2025/10/8 15:00:39] [PID: 7480] [LOG] MOBILE [MAIN-POINTS] 在新标签页中导航到主页务
2025-10-08T07:00:53.953Z [2025/10/8 15:00:53] [PID: 7480] [LOG] MOBILE [返回主页] 成功访问主页
2025-10-08T07:00:53.954Z [2025/10/8 15:00:53] [PID: 7480] [LOG] MOBILE [每日任务] 所有“每日任务”项目均已完成
2025-10-08T07:00:53.955Z [2025/10/8 15:00:53] [PID: 7480] [LOG] MOBILE [更多活动] 所有“更多活动”项目均已完成
2025-10-08T07:00:53.955Z [2025/10/8 15:00:53] [PID: 7480] [LOG] MOBILE [MAIN-POINTS] 今天可赚取 15 积分（浏览器端: 0 积分，应用端: 15 积分）
2025-10-08T07:00:53.956Z [2025/10/8 15:00:53] [PID: 7480] [LOG] MOBILE [每日签到] 开始每日签到
2025-10-08T07:00:53.956Z [2025/10/8 15:00:53] [PID: 7480] [LOG] MOBILE [每日签到] 地区:cn
2025-10-08T07:00:56.548Z [2025/10/8 15:00:56] [PID: 7480] [LOG] MOBILE [每日签到] 已领取 5 积分
2025-10-08T07:00:56.549Z [2025/10/8 15:00:56] [PID: 7480] [LOG] MOBILE [阅读赚钱] 开始阅读赚钱活动
2025-10-08T07:00:56.998Z [2025/10/8 15:00:56] [PID: 7480] [LOG] MOBILE [阅读赚钱] 已阅读第 1 篇文章，共 10 篇 | 获得 3 积分
2025-10-08T07:05:16.627Z [2025/10/8 15:05:16] [PID: 7480] [LOG] MOBILE [阅读赚钱] 已阅读第 2 篇文章，共 10 篇 | 获得 3 积分
2025-10-08T07:09:35.090Z [2025/10/8 15:09:35] [PID: 7480] [LOG] MOBILE [阅读赚钱] 已阅读第 3 篇文章，共 10 篇 | 获得 3 积分
2025-10-08T07:16:24.391Z [2025/10/8 15:16:24] [PID: 7480] [LOG] MOBILE [阅读赚钱] 已阅读第 4 篇文章，共 10 篇 | 获得 3 积分
2025-10-08T07:21:55.831Z [2025/10/8 15:21:55] [PID: 7480] [LOG] MOBILE [阅读赚钱] 已阅读第 5 篇文章，共 10 篇 | 获得 3 积分
2025-10-08T07:28:13.821Z [2025/10/8 15:28:13] [PID: 7480] [LOG] MOBILE [阅读赚钱] 已阅读所有可用文章
2025-10-08T07:28:13.822Z [2025/10/8 15:28:13] [PID: 7480] [LOG] MOBILE [阅读赚钱] 完成阅读赚钱活动
2025-10-08T07:28:29.192Z [2025/10/8 15:28:29] [PID: 7480] [LOG] MOBILE [返回主页] 成功访问主页
2025-10-08T07:28:29.193Z [2025/10/8 15:28:29] [PID: 7480] [LOG] MOBILE [SEARCH-BING] 开始必应搜索
2025-10-08T07:28:33.940Z [2025/10/8 15:28:33] [PID: 7480] [LOG] MOBILE [SEARCH-BING] 必应搜索已完成
2025-10-08T07:28:36.966Z [2025/10/8 15:28:36] [PID: 7480] [LOG] MOBILE [MAIN-POINTS] 脚本今天收集了 76 积分
2025-10-08T07:28:40.369Z [2025/10/8 15:28:40] [PID: 7480] [LOG] MOBILE [关闭浏览器] 浏览器已成功关闭!
2025-10-08T07:28:40.370Z [2025/10/8 15:28:40] [PID: 7480] [LOG] MAIN [MAIN-WORKER] 账户 fanqiejiayou@outlook.com 的任务已完成
2025-10-08T07:28:40.371Z [2025/10/8 15:28:40] [PID: 7480] [LOG] MAIN [MAIN-WORKER] 开始为账户 email_2 执行任务
2025-10-08T07:28:40.817Z [2025/10/8 15:28:40] [PID: 7480] [LOG] DESKTOP [浏览器] 已创建浏览器，用户代理User-Agent: "Mozilla/5.0 (Windows NT 10.0; Win64; x64) AppleWebKit/537.36 (KHTML, like Gecko) Chrome/139.0.0.0 Safari/537.36 Edg/139.0.3405.119"
2025-10-08T07:28:40.966Z [2025/10/8 15:28:40] [PID: 7480] [LOG] DESKTOP [MAIN] 正在启动浏览器
2025-10-08T07:28:40.967Z [2025/10/8 15:28:40] [PID: 7480] [LOG] DESKTOP [登录] 开始登录流程!
2025-10-08T07:29:22.312Z [2025/10/8 15:29:22] [PID: 7480] [LOG] DESKTOP [登录] 邮箱输入成功
2025-10-08T07:29:30.568Z [2025/10/8 15:29:30] [PID: 7480] [LOG] DESKTOP [LOGIN] No 2FA skip button found, proceeding with password entry
2025-10-08T07:29:35.588Z [2025/10/8 15:29:35] [PID: 7480] [LOG] DESKTOP [登录] 通过 "viewFooter" 找到页面 "获取登录代码"
2025-10-08T07:29:52.595Z [2025/10/8 15:29:52] [PID: 7480] [LOG] DESKTOP [登录] 密码输入成功
