2025-08-27T07:40:03.352Z [2025/8/27 15:40:03] [PID: 22976] [LOG] MAIN [MAIN] 机器人已启动，使用 1 个集群
2025-08-27T07:40:03.355Z [2025/8/27 15:40:03] [PID: 22976] [LOG] MAIN [MAIN-WORKER] 开始为账户 fanqiejiayou@outlook.com 执行任务
2025-08-27T07:40:04.360Z [2025/8/27 15:40:04] [PID: 22976] [LOG] DESKTOP [浏览器] 已创建浏览器，用户代理User-Agent: "Mozilla/5.0 (Windows NT 10.0; Win64; x64) AppleWebKit/537.36 (KHTML, like Gecko) Chrome/139.0.0.0 Safari/537.36 Edg/139.0.3405.102"
2025-08-27T07:40:04.700Z [2025/8/27 15:40:04] [PID: 22976] [LOG] DESKTOP [MAIN] 正在启动浏览器
2025-08-27T07:40:04.704Z [2025/8/27 15:40:04] [PID: 22976] [LOG] DESKTOP [登录] 开始登录流程!
2025-08-27T07:40:15.359Z [2025/8/27 15:40:15] [PID: 22976] [LOG] DESKTOP [登录] 已登录
2025-08-27T07:40:20.103Z [2025/8/27 15:40:20] [PID: 22976] [LOG] DESKTOP [必应登录] 验证必应登录状态
2025-08-27T07:40:30.936Z [2025/8/27 15:40:30] [PID: 22976] [LOG] DESKTOP [登录] 成功登录，已保存登录会话!
2025-08-27T07:40:46.542Z [2025/8/27 15:40:46] [PID: 22976] [LOG] DESKTOP [返回主页] 成功访问主页
2025-08-27T07:40:48.261Z [2025/8/27 15:40:48] [PID: 22976] [LOG] DESKTOP [MAIN-POINTS] 当前积分数量: 384
2025-08-27T07:40:49.917Z [2025/8/27 15:40:49] [PID: 22976] [LOG] DESKTOP [MAIN-POINTS] 今天可赚取 89 积分
2025-08-27T07:40:49.918Z [2025/8/27 15:40:49] [PID: 22976] [LOG] DESKTOP [MAIN-POINTS] 打开一个新标签页，用于完成任务
2025-08-27T07:40:49.987Z [2025/8/27 15:40:49] [PID: 22976] [LOG] DESKTOP [MAIN-POINTS] 在新标签页中导航到主页务
2025-08-27T07:41:04.801Z [2025/8/27 15:41:04] [PID: 22976] [LOG] DESKTOP [返回主页] 成功访问主页
2025-08-27T07:41:04.802Z [2025/8/27 15:41:04] [PID: 22976] [LOG] DESKTOP [打卡] 所有“打卡”项目均已完成
2025-08-27T07:41:04.803Z [2025/8/27 15:41:04] [PID: 22976] [LOG] DESKTOP [每日任务] 开始解决“每日任务”项目
2025-08-27T07:41:11.988Z [2025/8/27 15:41:11] [PID: 22976] [LOG] DESKTOP [活动] 找到活动类型: "网址奖励" 标题: "The comb jellyfish"
2025-08-27T07:41:16.014Z [2025/8/27 15:41:16] [PID: 22976] [LOG] DESKTOP [网址奖励] 正在尝试完成网址奖励
2025-08-27T07:41:19.520Z [2025/8/27 15:41:19] [PID: 22976] [LOG] DESKTOP [网址奖励] 成功完成网址奖励
2025-08-27T07:41:33.897Z [2025/8/27 15:41:33] [PID: 22976] [LOG] DESKTOP [活动] 找到活动类型: "网址奖励" 标题: "A top award"
2025-08-27T07:41:37.389Z [2025/8/27 15:41:37] [PID: 22976] [LOG] DESKTOP [网址奖励] 正在尝试完成网址奖励
2025-08-27T07:41:40.651Z [2025/8/27 15:41:40] [PID: 22976] [LOG] DESKTOP [网址奖励] 成功完成网址奖励
2025-08-27T07:41:53.219Z [2025/8/27 15:41:53] [PID: 22976] [LOG] DESKTOP [活动] 找到活动类型: "网址奖励" 标题: "Beach checklist"
2025-08-27T07:41:56.894Z [2025/8/27 15:41:56] [PID: 22976] [LOG] DESKTOP [网址奖励] 正在尝试完成网址奖励
2025-08-27T07:42:00.462Z [2025/8/27 15:42:00] [PID: 22976] [LOG] DESKTOP [网址奖励] 成功完成网址奖励
2025-08-27T07:42:04.597Z [2025/8/27 15:42:04] [PID: 22976] [LOG] DESKTOP [每日任务] 所有“每日任务”项目均已完成
2025-08-27T07:42:04.598Z [2025/8/27 15:42:04] [PID: 22976] [LOG] DESKTOP [更多活动] 开始解决“更多活动”项目
2025-08-27T07:42:14.877Z [2025/8/27 15:42:14] [PID: 22976] [LOG] DESKTOP [活动] 找到活动类型: "网址奖励" 标题: "Quote of the day"
2025-08-27T07:42:18.249Z [2025/8/27 15:42:18] [PID: 22976] [LOG] DESKTOP [网址奖励] 正在尝试完成网址奖励
2025-08-27T07:42:18.305Z [2025/8/27 15:42:18] [PID: 22976] [LOG] DESKTOP [网址奖励] 成功完成网址奖励
2025-08-27T07:42:26.306Z [2025/8/27 15:42:26] [PID: 22976] [LOG] DESKTOP [更多活动] 所有“更多活动”项目均已完成
2025-08-27T07:42:26.308Z [2025/8/27 15:42:26] [PID: 22976] [LOG] DESKTOP [SEARCH-BING] 开始必应搜索
2025-08-27T07:42:29.875Z [2025/8/27 15:42:29] [PID: 22976] [LOG] DESKTOP [SEARCH-CHINA-TRENDS] 正在生成搜索查询，可能需要一些时间！ | 地理区域: cn
2025-08-27T07:42:30.724Z [2025/8/27 15:42:30] [PID: 22976] [LOG] DESKTOP [SEARCH-CHINA-TRENDS] 已经获取BaiduHot搜索查询
2025-08-27T07:42:30.730Z [2025/8/27 15:42:30] [PID: 22976] [LOG] DESKTOP [SEARCH-BING] 已完成获取cn的搜索词
2025-08-27T07:42:41.563Z [2025/8/27 15:42:41] [PID: 22976] [LOG] DESKTOP [SEARCH-BING] 51 剩余积分 | 查询: 108岁老奶奶去车站接78岁的女儿
2025-08-27T07:42:57.904Z [2025/8/27 15:42:57] [PID: 22976] [LOG] DESKTOP [SEARCH-BING] 开始执行1次滚动和点击循环
2025-08-27T07:49:11.180Z [2025/8/27 15:49:11] [PID: 22976] [LOG] DESKTOP [SEARCH-BING] 48 剩余积分 | 查询: 男子高速戴恐怖面具 杭州交警通报
2025-08-27T07:49:29.477Z [2025/8/27 15:49:29] [PID: 22976] [LOG] DESKTOP [SEARCH-BING] 开始执行3次滚动和点击循环
2025-08-27T07:50:37.326Z [2025/8/27 15:50:37] [PID: 22976] [LOG] DESKTOP [SEARCH-BING] 执行只悬停操作并返回 (概率: 24%)
2025-08-27T07:55:51.217Z [2025/8/27 15:55:51] [PID: 22976] [LOG] DESKTOP [SEARCH-BING] 45 剩余积分 | 查询: 西南大学回应被指“外卖垄断”
2025-08-27T07:56:05.778Z [2025/8/27 15:56:05] [PID: 22976] [LOG] DESKTOP [SEARCH-BING] 开始执行1次滚动和点击循环
2025-08-27T08:02:02.960Z [2025/8/27 16:02:02] [PID: 22976] [LOG] DESKTOP [SEARCH-BING] 42 剩余积分 | 查询: 华为将于9月4日发布新款三折叠手机
2025-08-27T08:02:20.802Z [2025/8/27 16:02:20] [PID: 22976] [LOG] DESKTOP [SEARCH-BING] 开始执行3次滚动和点击循环
2025-08-27T08:02:36.878Z [2025/8/27 16:02:36] [PID: 22976] [LOG] DESKTOP [SEARCH-BING] 执行只悬停操作并返回 (概率: 14%)
2025-08-27T08:09:35.908Z [2025/8/27 16:09:35] [PID: 22976] [LOG] DESKTOP [SEARCH-BING] 39 剩余积分 | 查询: 外交部回应李在明涉华言论
2025-08-27T08:09:47.453Z [2025/8/27 16:09:47] [PID: 22976] [LOG] DESKTOP [SEARCH-BING] 开始执行1次滚动和点击循环
2025-08-27T08:15:35.508Z [2025/8/27 16:15:35] [PID: 22976] [LOG] DESKTOP [SEARCH-BING] 36 剩余积分 | 查询: 男子藏私房钱被自家天花板“出卖”
2025-08-27T08:15:51.056Z [2025/8/27 16:15:51] [PID: 22976] [LOG] DESKTOP [SEARCH-BING] 开始执行2次滚动和点击循环
2025-08-27T08:17:07.287Z [2025/8/27 16:17:07] [PID: 22976] [LOG] DESKTOP [SEARCH-BING] 执行只悬停操作并返回 (概率: 9%)
2025-08-27T08:22:43.651Z [2025/8/27 16:22:43] [PID: 22976] [LOG] DESKTOP [SEARCH-BING] 33 剩余积分 | 查询: 特朗普祝贺泰勒斯威夫特订婚
2025-08-27T08:22:58.411Z [2025/8/27 16:22:58] [PID: 22976] [LOG] DESKTOP [SEARCH-BING] 开始执行3次滚动和点击循环
2025-08-27T08:30:01.246Z [2025/8/27 16:30:01] [PID: 22976] [LOG] DESKTOP [SEARCH-BING] 30 剩余积分 | 查询: 官方回应漂流点有两人溺亡
2025-08-27T08:30:13.302Z [2025/8/27 16:30:13] [PID: 22976] [LOG] DESKTOP [SEARCH-BING] 开始执行2次滚动和点击循环
2025-08-27T08:31:32.237Z [2025/8/27 16:31:32] [PID: 22976] [LOG] DESKTOP [SEARCH-BING] 执行只悬停操作并返回 (概率: 22%)
2025-08-27T08:37:10.229Z [2025/8/27 16:37:10] [PID: 22976] [LOG] DESKTOP [SEARCH-BING] 27 剩余积分 | 查询: #北京暴雨又双叒叕来了#
2025-08-27T08:37:26.894Z [2025/8/27 16:37:26] [PID: 22976] [LOG] DESKTOP [SEARCH-BING] 开始执行2次滚动和点击循环
2025-08-27T08:43:38.527Z [2025/8/27 16:43:38] [PID: 22976] [LOG] DESKTOP [SEARCH-BING] 24 剩余积分 | 查询: 五壮士幸存者后人再登狼牙山
2025-08-27T08:43:53.386Z [2025/8/27 16:43:53] [PID: 22976] [LOG] DESKTOP [SEARCH-BING] 开始执行3次滚动和点击循环
2025-08-27T08:50:16.406Z [2025/8/27 16:50:16] [PID: 22976] [LOG] DESKTOP [SEARCH-BING] 21 剩余积分 | 查询: 中方回应“美希望中国削减核武库”
2025-08-27T08:50:33.401Z [2025/8/27 16:50:33] [PID: 22976] [LOG] DESKTOP [SEARCH-BING] 开始执行3次滚动和点击循环
2025-08-27T08:58:21.361Z [2025/8/27 16:58:21] [PID: 22976] [LOG] DESKTOP [SEARCH-BING] 18 剩余积分 | 查询: 郑恺停掉岳母亲属卡？本人发声
2025-08-27T08:58:35.950Z [2025/8/27 16:58:35] [PID: 22976] [LOG] DESKTOP [SEARCH-BING] 开始执行2次滚动和点击循环
2025-08-27T09:05:33.792Z [2025/8/27 17:05:33] [PID: 22976] [LOG] DESKTOP [SEARCH-BING] 15 剩余积分 | 查询: 推动绿色发展 上合组织在行动
2025-08-27T09:05:49.320Z [2025/8/27 17:05:49] [PID: 22976] [LOG] DESKTOP [SEARCH-BING] 开始执行3次滚动和点击循环
2025-08-27T09:06:58.516Z [2025/8/27 17:06:58] [PID: 22976] [LOG] DESKTOP [SEARCH-BING] 执行只悬停操作并返回 (概率: 27%)
2025-08-27T09:57:53.931Z [2025/8/27 17:57:53] [PID: 22800] [LOG] MAIN [MAIN] 机器人已启动，使用 1 个集群
2025-08-27T09:57:53.935Z [2025/8/27 17:57:53] [PID: 22800] [LOG] MAIN [MAIN-WORKER] 开始为账户 fanqiejiayou@outlook.com 执行任务
