2025-08-18T15:46:24.884Z [2025/8/18 23:46:24] [PID: 4644] [LOG] MAIN [MAIN] 机器人已启动，使用 1 个集群
2025-08-18T15:46:24.886Z [2025/8/18 23:46:24] [PID: 4644] [LOG] MAIN [MAIN-WORKER] 开始为账户 email_1 执行任务
2025-08-18T15:46:26.749Z [2025/8/18 23:46:26] [PID: 4644] [LOG] DESKTOP [浏览器] 已创建浏览器，用户代理User-Agent: "Mozilla/5.0 (Windows NT 10.0; Win64; x64) AppleWebKit/537.36 (KHTML, like Gecko) Chrome/139.0.0.0 Safari/537.36 Edg/139.0.3405.102"
2025-08-18T15:46:26.966Z [2025/8/18 23:46:26] [PID: 4644] [LOG] DESKTOP [MAIN] 正在启动浏览器
2025-08-18T15:46:26.968Z [2025/8/18 23:46:26] [PID: 4644] [LOG] DESKTOP [登录] 开始登录流程!
2025-08-18T15:47:05.596Z [2025/8/18 23:47:05] [PID: 4644] [LOG] DESKTOP [登录] 邮箱输入成功
2025-08-18T15:47:15.362Z [2025/8/18 23:47:15] [PID: 4644] [LOG] DESKTOP [LOGIN] No 2FA skip button found, proceeding with password entry
2025-08-18T15:47:28.059Z [2025/8/18 23:47:28] [PID: 4644] [LOG] DESKTOP [登录] 密码输入成功
2025-08-18T15:51:18.704Z [2025/8/18 23:51:18] [PID: 26260] [LOG] MAIN [MAIN] 机器人已启动，使用 1 个集群
2025-08-18T15:51:18.706Z [2025/8/18 23:51:18] [PID: 26260] [LOG] MAIN [MAIN-WORKER] 开始为账户 email_1 执行任务
2025-08-18T15:51:19.423Z [2025/8/18 23:51:19] [PID: 26260] [LOG] DESKTOP [浏览器] 已创建浏览器，用户代理User-Agent: "Mozilla/5.0 (Windows NT 10.0; Win64; x64) AppleWebKit/537.36 (KHTML, like Gecko) Chrome/139.0.0.0 Safari/537.36 Edg/139.0.3405.102"
2025-08-18T15:51:19.636Z [2025/8/18 23:51:19] [PID: 26260] [LOG] DESKTOP [MAIN] 正在启动浏览器
2025-08-18T15:51:19.637Z [2025/8/18 23:51:19] [PID: 26260] [LOG] DESKTOP [登录] 开始登录流程!
2025-08-18T15:51:57.345Z [2025/8/18 23:51:57] [PID: 26260] [LOG] DESKTOP [登录] 邮箱输入成功
2025-08-18T15:52:06.264Z [2025/8/18 23:52:06] [PID: 26260] [LOG] DESKTOP [LOGIN] No 2FA skip button found, proceeding with password entry
2025-08-18T15:52:19.571Z [2025/8/18 23:52:19] [PID: 26260] [LOG] DESKTOP [登录] 密码输入成功
2025-08-18T15:56:56.669Z [2025/8/18 23:56:56] [PID: 18788] [LOG] MAIN [MAIN] 机器人已启动，使用 1 个集群
2025-08-18T15:56:56.672Z [2025/8/18 23:56:56] [PID: 18788] [LOG] MAIN [MAIN-WORKER] 开始为账户 fanqiejiayou@outlook.com 执行任务
2025-08-18T15:56:59.237Z [2025/8/18 23:56:59] [PID: 18788] [LOG] DESKTOP [浏览器] 已创建浏览器，用户代理User-Agent: "Mozilla/5.0 (Windows NT 10.0; Win64; x64) AppleWebKit/537.36 (KHTML, like Gecko) Chrome/139.0.0.0 Safari/537.36 Edg/139.0.3405.102"
2025-08-18T15:56:59.516Z [2025/8/18 23:56:59] [PID: 18788] [LOG] DESKTOP [MAIN] 正在启动浏览器
2025-08-18T15:56:59.518Z [2025/8/18 23:56:59] [PID: 18788] [LOG] DESKTOP [登录] 开始登录流程!
2025-08-18T15:57:41.004Z [2025/8/18 23:57:41] [PID: 18788] [LOG] DESKTOP [登录] 邮箱输入成功
2025-08-18T15:57:49.553Z [2025/8/18 23:57:49] [PID: 18788] [LOG] DESKTOP [LOGIN] No 2FA skip button found, proceeding with password entry
2025-08-18T15:58:03.344Z [2025/8/18 23:58:03] [PID: 18788] [LOG] DESKTOP [登录] 密码输入成功
2025-08-18T15:58:13.426Z [2025/8/18 23:58:13] [PID: 18788] [LOG] DESKTOP [关闭所有登录消息] 已关闭 "使用 Passekey" 弹窗
2025-08-18T15:59:02.754Z [2025/8/18 23:59:02] [PID: 18788] [LOG] DESKTOP [关闭所有登录消息] 已关闭 "保持登录状态" 弹窗
2025-08-18T15:59:07.273Z [2025/8/18 23:59:07] [PID: 18788] [LOG] DESKTOP [登录] 成功登录奖励门户
2025-08-18T15:59:07.274Z [2025/8/18 23:59:07] [PID: 18788] [LOG] DESKTOP [登录] 成功登录微软
2025-08-18T15:59:07.275Z [2025/8/18 23:59:07] [PID: 18788] [LOG] DESKTOP [必应登录] 验证必应登录状态
2025-08-18T15:59:23.521Z [2025/8/18 23:59:23] [PID: 18788] [LOG] DESKTOP [登录] 成功登录，已保存登录会话!
2025-08-18T15:59:57.608Z [2025/8/18 23:59:57] [PID: 18788] [LOG] DESKTOP [关闭所有消息] 已关闭: Accept Cookie Consent Container
2025-08-18T16:00:03.719Z [2025/8/19 00:00:03] [PID: 18788] [LOG] DESKTOP [返回主页] 成功访问主页
2025-08-18T16:00:09.346Z [2025/8/19 00:00:09] [PID: 18788] [LOG] DESKTOP [MAIN-POINTS] 当前积分数量: 17310
2025-08-18T16:00:16.087Z [2025/8/19 00:00:16] [PID: 18788] [LOG] DESKTOP [MAIN-POINTS] 今天可赚取 140 积分
2025-08-18T16:00:16.089Z [2025/8/19 00:00:16] [PID: 18788] [LOG] DESKTOP [MAIN-POINTS] 打开一个新标签页，用于完成任务
2025-08-18T16:00:16.196Z [2025/8/19 00:00:16] [PID: 18788] [LOG] DESKTOP [MAIN-POINTS] 在新标签页中导航到主页务
2025-08-18T16:00:40.569Z [2025/8/19 00:00:40] [PID: 18788] [LOG] DESKTOP [返回主页] 成功访问主页
2025-08-18T16:00:40.570Z [2025/8/19 00:00:40] [PID: 18788] [LOG] DESKTOP [打卡] 所有“打卡”项目均已完成
2025-08-18T16:00:40.572Z [2025/8/19 00:00:40] [PID: 18788] [LOG] DESKTOP [每日任务] 开始解决“每日任务”项目
2025-08-18T16:00:48.226Z [2025/8/19 00:00:48] [PID: 18788] [LOG] DESKTOP [活动] 找到活动类型: "网址奖励" 标题: "Mochi magic"
2025-08-18T16:00:50.225Z [2025/8/19 00:00:50] [PID: 18788] [LOG] DESKTOP [网址奖励] 正在尝试完成网址奖励
2025-08-18T16:00:50.261Z [2025/8/19 00:00:50] [PID: 18788] [LOG] DESKTOP [网址奖励] 成功完成网址奖励
2025-08-18T16:01:05.737Z [2025/8/19 00:01:05] [PID: 18788] [LOG] DESKTOP [活动] 找到活动类型: "网址奖励" 标题: "Baking science"
2025-08-18T16:01:08.020Z [2025/8/19 00:01:08] [PID: 18788] [LOG] DESKTOP [网址奖励] 正在尝试完成网址奖励
2025-08-18T16:01:11.401Z [2025/8/19 00:01:11] [PID: 18788] [LOG] DESKTOP [网址奖励] 成功完成网址奖励
2025-08-18T16:01:22.208Z [2025/8/19 00:01:22] [PID: 18788] [LOG] DESKTOP [活动] 找到活动类型: "网址奖励" 标题: "Mangrove magic"
2025-08-18T16:01:23.617Z [2025/8/19 00:01:23] [PID: 18788] [LOG] DESKTOP [网址奖励] 正在尝试完成网址奖励
2025-08-18T16:01:26.856Z [2025/8/19 00:01:26] [PID: 18788] [LOG] DESKTOP [网址奖励] 成功完成网址奖励
2025-08-18T16:01:33.807Z [2025/8/19 00:01:33] [PID: 18788] [LOG] DESKTOP [每日任务] 所有“每日任务”项目均已完成
2025-08-18T16:01:33.809Z [2025/8/19 00:01:33] [PID: 18788] [LOG] DESKTOP [更多活动] 开始解决“更多活动”项目
2025-08-18T16:01:45.749Z [2025/8/19 00:01:45] [PID: 18788] [LOG] DESKTOP [活动] 找到活动类型: "网址奖励" 标题: "Complete this puzzle"
2025-08-18T16:01:48.637Z [2025/8/19 00:01:48] [PID: 18788] [LOG] DESKTOP [网址奖励] 正在尝试完成网址奖励
2025-08-18T16:01:48.659Z [2025/8/19 00:01:48] [PID: 18788] [LOG] DESKTOP [网址奖励] 成功完成网址奖励
2025-08-18T16:01:58.995Z [2025/8/19 00:01:58] [PID: 18788] [LOG] DESKTOP [活动] 找到活动类型: "网址奖励" 标题: "Complete this puzzle"
2025-08-18T16:02:00.158Z [2025/8/19 00:02:00] [PID: 18788] [LOG] DESKTOP [网址奖励] 正在尝试完成网址奖励
2025-08-18T16:02:03.344Z [2025/8/19 00:02:03] [PID: 18788] [LOG] DESKTOP [网址奖励] 成功完成网址奖励
2025-08-18T16:02:17.243Z [2025/8/19 00:02:17] [PID: 18788] [LOG] DESKTOP [活动] 找到活动类型: "网址奖励" 标题: "Do you know the answer?"
2025-08-18T16:02:20.040Z [2025/8/19 00:02:20] [PID: 18788] [LOG] DESKTOP [网址奖励] 正在尝试完成网址奖励
2025-08-18T16:02:23.793Z [2025/8/19 00:02:23] [PID: 18788] [LOG] DESKTOP [网址奖励] 成功完成网址奖励
2025-08-18T16:02:29.077Z [2025/8/19 00:02:29] [PID: 18788] [LOG] DESKTOP [更多活动] 所有“更多活动”项目均已完成
2025-08-18T16:02:29.079Z [2025/8/19 00:02:29] [PID: 18788] [LOG] DESKTOP [SEARCH-BING] 开始必应搜索
2025-08-18T16:02:36.110Z [2025/8/19 00:02:36] [PID: 18788] [LOG] DESKTOP [SEARCH-CHINA-TRENDS] 正在生成搜索查询，可能需要一些时间！ | 地理区域: cn
2025-08-18T16:02:36.333Z [2025/8/19 00:02:36] [PID: 18788] [LOG] DESKTOP [SEARCH-CHINA-TRENDS] 已经获取WeiBoHot搜索查询
2025-08-18T16:02:36.341Z [2025/8/19 00:02:36] [PID: 18788] [LOG] DESKTOP [SEARCH-BING] 已完成获取cn的搜索词
2025-08-18T16:02:46.749Z [2025/8/19 00:02:46] [PID: 18788] [LOG] DESKTOP [SEARCH-BING] 90 剩余积分 | 查询: 田曦薇否认与赖伟明恋情
2025-08-18T16:03:02.185Z [2025/8/19 00:03:02] [PID: 18788] [LOG] DESKTOP [SEARCH-BING] 开始执行1次滚动和点击循环
2025-08-18T16:07:38.771Z [2025/8/19 00:07:38] [PID: 27112] [LOG] MAIN [MAIN] 机器人已启动，使用 1 个集群
2025-08-18T16:07:38.773Z [2025/8/19 00:07:38] [PID: 27112] [LOG] MAIN [MAIN-WORKER] 开始为账户 fanqiejiayou@outlook.com 执行任务
2025-08-18T16:07:39.610Z [2025/8/19 00:07:39] [PID: 27112] [LOG] DESKTOP [浏览器] 已创建浏览器，用户代理User-Agent: "Mozilla/5.0 (Windows NT 10.0; Win64; x64) AppleWebKit/537.36 (KHTML, like Gecko) Chrome/139.0.0.0 Safari/537.36 Edg/139.0.3405.102"
2025-08-18T16:07:39.913Z [2025/8/19 00:07:39] [PID: 27112] [LOG] DESKTOP [MAIN] 正在启动浏览器
2025-08-18T16:07:39.914Z [2025/8/19 00:07:39] [PID: 27112] [LOG] DESKTOP [登录] 开始登录流程!
2025-08-18T16:07:49.761Z [2025/8/19 00:07:49] [PID: 27112] [LOG] DESKTOP [登录] 已登录
2025-08-18T16:07:53.265Z [2025/8/19 00:07:53] [PID: 27112] [LOG] DESKTOP [必应登录] 验证必应登录状态
2025-08-18T16:08:08.356Z [2025/8/19 00:08:08] [PID: 27112] [LOG] DESKTOP [登录] 成功登录，已保存登录会话!
2025-08-18T16:08:41.856Z [2025/8/19 00:08:41] [PID: 27112] [LOG] DESKTOP [关闭所有消息] 已关闭: Accept Cookie Consent Container
2025-08-18T16:08:48.986Z [2025/8/19 00:08:48] [PID: 27112] [LOG] DESKTOP [返回主页] 成功访问主页
2025-08-18T16:08:56.362Z [2025/8/19 00:08:56] [PID: 27112] [LOG] DESKTOP [MAIN-POINTS] 当前积分数量: 17360
2025-08-18T16:09:03.502Z [2025/8/19 00:09:03] [PID: 27112] [LOG] DESKTOP [MAIN-POINTS] 今天可赚取 90 积分
2025-08-18T16:09:03.503Z [2025/8/19 00:09:03] [PID: 27112] [LOG] DESKTOP [MAIN-POINTS] 打开一个新标签页，用于完成任务
2025-08-18T16:09:03.593Z [2025/8/19 00:09:03] [PID: 27112] [LOG] DESKTOP [MAIN-POINTS] 在新标签页中导航到主页务
2025-08-18T16:09:23.242Z [2025/8/19 00:09:23] [PID: 27112] [LOG] DESKTOP [返回主页] 成功访问主页
2025-08-18T16:09:23.243Z [2025/8/19 00:09:23] [PID: 27112] [LOG] DESKTOP [打卡] 所有“打卡”项目均已完成
2025-08-18T16:09:23.245Z [2025/8/19 00:09:23] [PID: 27112] [LOG] DESKTOP [每日任务] 所有“每日任务”项目均已完成
2025-08-18T16:09:23.246Z [2025/8/19 00:09:23] [PID: 27112] [LOG] DESKTOP [更多活动] 所有“更多活动”项目均已完成
2025-08-18T16:09:23.247Z [2025/8/19 00:09:23] [PID: 27112] [LOG] DESKTOP [SEARCH-BING] 开始必应搜索
2025-08-18T16:09:32.931Z [2025/8/19 00:09:32] [PID: 27112] [LOG] DESKTOP [SEARCH-CHINA-TRENDS] 正在生成搜索查询，可能需要一些时间！ | 地理区域: cn
2025-08-18T16:09:33.179Z [2025/8/19 00:09:33] [PID: 27112] [LOG] DESKTOP [SEARCH-CHINA-TRENDS] 已经获取TouTiaoHot搜索查询
2025-08-18T16:09:33.185Z [2025/8/19 00:09:33] [PID: 27112] [LOG] DESKTOP [SEARCH-BING] 已完成获取cn的搜索词
2025-08-18T16:09:43.457Z [2025/8/19 00:09:43] [PID: 27112] [LOG] DESKTOP [SEARCH-BING] 90 剩余积分 | 查询: 村民抬受伤驴友下山收费6万元
2025-08-18T16:09:59.956Z [2025/8/19 00:09:59] [PID: 27112] [LOG] DESKTOP [SEARCH-BING] 开始执行1次滚动和点击循环
2025-08-18T16:16:24.891Z [2025/8/19 00:16:24] [PID: 27112] [LOG] DESKTOP [SEARCH-BING] 78 剩余积分 | 查询: 新司法解释9月起施行 企业如何应对
2025-08-18T16:16:41.802Z [2025/8/19 00:16:41] [PID: 27112] [LOG] DESKTOP [SEARCH-BING] 开始执行3次滚动和点击循环
2025-08-18T16:16:57.608Z [2025/8/19 00:16:57] [PID: 27112] [LOG] DESKTOP [SEARCH-BING] 执行只悬停操作并返回 (概率: 11%)
2025-08-18T16:23:24.535Z [2025/8/19 00:23:24] [PID: 27112] [LOG] DESKTOP [SEARCH-BING] 75 剩余积分 | 查询: 打虎！高兴夫被查 长期在浙江任职
2025-08-18T16:23:38.680Z [2025/8/19 00:23:38] [PID: 27112] [LOG] DESKTOP [SEARCH-BING] 开始执行3次滚动和点击循环
2025-08-18T16:30:36.061Z [2025/8/19 00:30:36] [PID: 27112] [LOG] DESKTOP [SEARCH-BING] 72 剩余积分 | 查询: 《生万物》中迟蓬的演技如何
2025-08-18T16:30:52.116Z [2025/8/19 00:30:52] [PID: 27112] [LOG] DESKTOP [SEARCH-BING] 开始执行3次滚动和点击循环
2025-08-18T16:31:09.633Z [2025/8/19 00:31:09] [PID: 27112] [LOG] DESKTOP [SEARCH-BING] 执行只悬停操作并返回 (概率: 13%)
2025-08-18T16:31:41.521Z [2025/8/19 00:31:41] [PID: 27112] [LOG] DESKTOP [SEARCH-BING] 执行只悬停操作并返回 (概率: 19%)
2025-08-18T16:32:08.542Z [2025/8/19 00:32:08] [PID: 27112] [LOG] DESKTOP [SEARCH-BING] 执行只悬停操作并返回 (概率: 21%)
2025-08-18T16:37:52.219Z [2025/8/19 00:37:52] [PID: 27112] [LOG] DESKTOP [SEARCH-BING] 69 剩余积分 | 查询: 专家：心电图正常不等于心脏无恙
2025-08-18T16:38:05.365Z [2025/8/19 00:38:05] [PID: 27112] [LOG] DESKTOP [SEARCH-BING] 开始执行1次滚动和点击循环
2025-08-18T16:44:03.263Z [2025/8/19 00:44:03] [PID: 27112] [LOG] DESKTOP [SEARCH-BING] 66 剩余积分 | 查询: 李国庆再婚现场表白张丹红
2025-08-18T16:44:16.963Z [2025/8/19 00:44:16] [PID: 27112] [LOG] DESKTOP [SEARCH-BING] 开始执行2次滚动和点击循环
2025-08-18T16:44:29.818Z [2025/8/19 00:44:29] [PID: 27112] [LOG] DESKTOP [SEARCH-BING] 执行只悬停操作并返回 (概率: 20%)
2025-08-18T16:50:31.601Z [2025/8/19 00:50:31] [PID: 27112] [LOG] DESKTOP [SEARCH-BING] 63 剩余积分 | 查询: 经济回落与股市走强的反差背后
2025-08-18T16:50:44.846Z [2025/8/19 00:50:44] [PID: 27112] [LOG] DESKTOP [SEARCH-BING] 开始执行2次滚动和点击循环
2025-08-18T16:56:55.662Z [2025/8/19 00:56:55] [PID: 27112] [LOG] DESKTOP [SEARCH-BING] 60 剩余积分 | 查询: 特朗普：乌放弃两件事可结束冲突
2025-08-18T16:57:13.639Z [2025/8/19 00:57:13] [PID: 27112] [LOG] DESKTOP [SEARCH-BING] 开始执行1次滚动和点击循环
2025-08-18T16:57:28.086Z [2025/8/19 00:57:28] [PID: 27112] [LOG] DESKTOP [SEARCH-BING] 执行只悬停操作并返回 (概率: 10%)
2025-08-18T17:03:44.181Z [2025/8/19 01:03:44] [PID: 27112] [LOG] DESKTOP [SEARCH-BING] 57 剩余积分 | 查询: 内蒙古10人遇难山洪事发地叫棺材山
2025-08-18T17:03:59.038Z [2025/8/19 01:03:59] [PID: 27112] [LOG] DESKTOP [SEARCH-BING] 开始执行1次滚动和点击循环
2025-08-18T17:10:44.787Z [2025/8/19 01:10:44] [PID: 27112] [LOG] DESKTOP [SEARCH-BING] 54 剩余积分 | 查询: 原南京军区副司令员林炳尧将军逝世
2025-08-18T17:10:59.993Z [2025/8/19 01:10:59] [PID: 27112] [LOG] DESKTOP [SEARCH-BING] 开始执行2次滚动和点击循环
2025-08-18T17:11:14.186Z [2025/8/19 01:11:14] [PID: 27112] [LOG] DESKTOP [SEARCH-BING] 执行只悬停操作并返回 (概率: 24%)
2025-08-18T17:11:38.836Z [2025/8/19 01:11:38] [PID: 27112] [LOG] DESKTOP [SEARCH-BING] 执行只悬停操作并返回 (概率: 29%)
2025-08-18T17:16:51.328Z [2025/8/19 01:16:51] [PID: 27112] [LOG] DESKTOP [SEARCH-BING] 51 剩余积分 | 查询: 智元机器人要证明自己不是“花瓶”
2025-08-18T17:17:05.461Z [2025/8/19 01:17:05] [PID: 27112] [LOG] DESKTOP [SEARCH-BING] 开始执行3次滚动和点击循环
2025-08-18T17:17:23.003Z [2025/8/19 01:17:23] [PID: 27112] [LOG] DESKTOP [SEARCH-BING] 执行只悬停操作并返回 (概率: 9%)
2025-08-18T17:18:42.794Z [2025/8/19 01:18:42] [PID: 27112] [LOG] DESKTOP [SEARCH-BING] 执行只悬停操作并返回 (概率: 12%)
2025-08-18T17:24:46.709Z [2025/8/19 01:24:46] [PID: 27112] [LOG] DESKTOP [SEARCH-BING] 48 剩余积分 | 查询: 律师：女孩卖男友不构成人口拐卖
2025-08-18T17:25:06.680Z [2025/8/19 01:25:06] [PID: 27112] [LOG] DESKTOP [SEARCH-BING] 开始执行1次滚动和点击循环
2025-08-18T17:31:29.334Z [2025/8/19 01:31:29] [PID: 27112] [LOG] DESKTOP [SEARCH-BING] 45 剩余积分 | 查询: 12306回应站台能否抽烟
2025-08-18T17:31:42.883Z [2025/8/19 01:31:42] [PID: 27112] [LOG] DESKTOP [SEARCH-BING] 开始执行3次滚动和点击循环
2025-08-18T17:39:04.992Z [2025/8/19 01:39:04] [PID: 27112] [LOG] DESKTOP [SEARCH-BING] 39 剩余积分 | 查询: 北京预计有中到大雨
2025-08-18T17:39:23.568Z [2025/8/19 01:39:23] [PID: 27112] [LOG] DESKTOP [SEARCH-BING] 开始执行1次滚动和点击循环
2025-08-18T17:45:03.834Z [2025/8/19 01:45:03] [PID: 27112] [LOG] DESKTOP [SEARCH-BING] 33 剩余积分 | 查询: 华源证券：给予中船防务买入评级
2025-08-18T17:45:21.088Z [2025/8/19 01:45:21] [PID: 27112] [LOG] DESKTOP [SEARCH-BING] 开始执行3次滚动和点击循环
2025-08-18T17:53:27.320Z [2025/8/19 01:53:27] [PID: 27112] [LOG] DESKTOP [SEARCH-BING] 21 剩余积分 | 查询: 两名外国人吃饭逃单被老板拦截
2025-08-18T17:53:47.245Z [2025/8/19 01:53:47] [PID: 27112] [LOG] DESKTOP [SEARCH-BING] 开始执行1次滚动和点击循环
2025-08-18T17:54:06.692Z [2025/8/19 01:54:06] [PID: 27112] [LOG] DESKTOP [SEARCH-BING] 执行只悬停操作并返回 (概率: 30%)
2025-08-18T17:59:39.347Z [2025/8/19 01:59:39] [PID: 27112] [LOG] DESKTOP [SEARCH-BING] 18 剩余积分 | 查询: 这些年轻人用血性把中国男篮带出低谷
2025-08-18T17:59:59.109Z [2025/8/19 01:59:59] [PID: 27112] [LOG] DESKTOP [SEARCH-BING] 开始执行1次滚动和点击循环
2025-08-18T18:00:13.597Z [2025/8/19 02:00:13] [PID: 27112] [LOG] DESKTOP [SEARCH-BING] 执行只悬停操作并返回 (概率: 6%)
2025-08-18T18:06:27.188Z [2025/8/19 02:06:27] [PID: 27112] [LOG] DESKTOP [SEARCH-BING] 15 剩余积分 | 查询: 续面事件面店老板坚称自己没错
2025-08-18T18:06:47.468Z [2025/8/19 02:06:47] [PID: 27112] [LOG] DESKTOP [SEARCH-BING] 开始执行2次滚动和点击循环
2025-08-18T18:07:06.958Z [2025/8/19 02:07:06] [PID: 27112] [LOG] DESKTOP [SEARCH-BING] 执行只悬停操作并返回 (概率: 19%)
2025-08-18T18:14:14.927Z [2025/8/19 02:14:14] [PID: 27112] [LOG] DESKTOP [SEARCH-BING] 12 剩余积分 | 查询: 南宁西乡塘发现5例基孔肯雅热病例
2025-08-18T18:14:33.858Z [2025/8/19 02:14:33] [PID: 27112] [LOG] DESKTOP [SEARCH-BING] 开始执行1次滚动和点击循环
2025-08-18T18:14:48.705Z [2025/8/19 02:14:48] [PID: 27112] [LOG] DESKTOP [SEARCH-BING] 执行只悬停操作并返回 (概率: 28%)
2025-08-18T18:20:58.565Z [2025/8/19 02:20:58] [PID: 27112] [LOG] DESKTOP [SEARCH-BING] 9 剩余积分 | 查询: 台网红“馆长”被深中通道震惊
2025-08-18T18:21:20.297Z [2025/8/19 02:21:20] [PID: 27112] [LOG] DESKTOP [SEARCH-BING] 开始执行1次滚动和点击循环
2025-08-18T18:21:38.301Z [2025/8/19 02:21:38] [PID: 27112] [LOG] DESKTOP [SEARCH-BING] 执行只悬停操作并返回 (概率: 25%)
2025-08-18T18:26:58.555Z [2025/8/19 02:26:58] [PID: 27112] [LOG] DESKTOP [SEARCH-BING] 6 剩余积分 | 查询: 云南一女孩被同班男生杀害
2025-08-18T18:27:15.889Z [2025/8/19 02:27:15] [PID: 27112] [LOG] DESKTOP [SEARCH-BING] 开始执行1次滚动和点击循环
2025-08-18T18:27:30.786Z [2025/8/19 02:27:30] [PID: 27112] [LOG] DESKTOP [SEARCH-BING] 执行只悬停操作并返回 (概率: 13%)
2025-08-18T18:33:26.046Z [2025/8/19 02:33:26] [PID: 27112] [LOG] DESKTOP [SEARCH-BING] 3 剩余积分 | 查询: 邱震海：乌克兰迎来命运时刻
2025-08-18T18:33:44.492Z [2025/8/19 02:33:44] [PID: 27112] [LOG] DESKTOP [SEARCH-BING] 开始执行3次滚动和点击循环
2025-08-18T18:35:05.718Z [2025/8/19 02:35:05] [PID: 27112] [LOG] DESKTOP [SEARCH-BING] 执行只悬停操作并返回 (概率: 10%)
2025-08-18T18:41:37.716Z [2025/8/19 02:41:37] [PID: 27112] [LOG] DESKTOP [SEARCH-BING] 搜索完成
2025-08-18T18:41:40.291Z [2025/8/19 02:41:40] [PID: 27112] [LOG] DESKTOP [关闭浏览器] 浏览器已成功关闭!
2025-08-18T18:41:42.245Z [2025/8/19 02:41:42] [PID: 27112] [LOG] MOBILE [浏览器] 已创建浏览器，用户代理User-Agent: "Mozilla/5.0 (Linux; Android 12; K) AppleWebKit/537.36 (KHTML, like Gecko) Chrome/139.0.0.0 Mobile Safari/537.36 EdgA/139.0.3405.86"
2025-08-18T18:41:42.445Z [2025/8/19 02:41:42] [PID: 27112] [LOG] MOBILE [MAIN] 正在启动浏览器
2025-08-18T18:41:42.447Z [2025/8/19 02:41:42] [PID: 27112] [LOG] MOBILE [登录] 开始登录流程!
2025-08-18T18:42:20.154Z [2025/8/19 02:42:20] [PID: 27112] [LOG] MOBILE [登录] 邮箱输入成功
2025-08-18T18:42:28.369Z [2025/8/19 02:42:28] [PID: 27112] [LOG] MOBILE [LOGIN] No 2FA skip button found, proceeding with password entry
2025-08-18T18:42:40.391Z [2025/8/19 02:42:40] [PID: 27112] [WARN] MOBILE [登录] 未找到密码字段，可能需要双重身份验证（2FA）
2025-08-18T18:42:40.401Z [2025/8/19 02:42:40] [PID: 27112] [LOG] MOBILE [登录] 请在身份验证器应用上按下 22 批准登录
2025-08-18T18:42:40.401Z [2025/8/19 02:42:40] [PID: 27112] [LOG] MOBILE [登录] 如果按错数字或点击 "拒绝" 按钮，请在 60 秒后重试
2025-08-18T18:43:40.410Z [2025/8/19 02:43:40] [PID: 27112] [LOG] MOBILE [登录] 代码已过期。尝试获取新代码...
2025-08-18T18:44:40.423Z [2025/8/19 02:44:40] [PID: 27112] [LOG] MOBILE [登录] 2FA 处理失败: TimeoutError: page.click: Timeout 60000ms exceeded.
Call log:
  [2m- waiting for locator('button[aria-describedby="pushNotificationsTitle errorDescription"]')[22m

