2025-10-21T16:57:30.304Z [2025/10/22 00:57:30] [PID: 20984] [LOG] MAIN [MAIN] 机器人已启动，使用 1 个集群
2025-10-21T16:57:30.311Z [2025/10/22 00:57:30] [PID: 20984] [LOG] MAIN [MAIN-WORKER] 开始为账户 fanqiejiayou@outlook.com 执行任务
2025-10-21T16:57:32.221Z [2025/10/22 00:57:32] [PID: 20984] [LOG] DESKTOP [浏览器] 已创建浏览器，用户代理User-Agent: "Mozilla/5.0 (Windows NT 10.0; Win64; x64) AppleWebKit/537.36 (KHTML, like Gecko) Chrome/139.0.0.0 Safari/537.36 Edg/139.0.3405.102"
2025-10-21T16:57:32.756Z [2025/10/22 00:57:32] [PID: 20984] [LOG] DESKTOP [MAIN] 正在启动浏览器
2025-10-21T16:57:32.767Z [2025/10/22 00:57:32] [PID: 20984] [LOG] DESKTOP [登录] 开始登录流程!
2025-10-21T16:57:52.777Z [2025/10/22 00:57:52] [PID: 20984] [WARN] DESKTOP [登录] 未找到邮箱字段
2025-10-21T16:58:01.235Z [2025/10/22 00:58:01] [PID: 20984] [LOG] DESKTOP [LOGIN] No 2FA skip button found, proceeding with password entry
2025-10-21T16:58:13.262Z [2025/10/22 00:58:13] [PID: 20984] [WARN] DESKTOP [登录] 未找到密码字段，可能需要双重身份验证（2FA）
2025-10-21T16:59:19.350Z [2025/10/22 00:59:19] [PID: 20984] [LOG] DESKTOP [登录] 2FA 处理失败: TimeoutError: page.waitForSelector: Timeout 2000ms exceeded.
Call log:
  [2m- waiting for locator('#displaySign, div[data-testid="displaySign"]>span') to be visible[22m

2025-10-21T16:59:47.059Z [2025/10/22 00:59:47] [PID: 20984] [LOG] DESKTOP [登录] 成功登录奖励门户
2025-10-21T16:59:47.061Z [2025/10/22 00:59:47] [PID: 20984] [LOG] DESKTOP [登录] 成功登录微软
2025-10-21T16:59:47.062Z [2025/10/22 00:59:47] [PID: 20984] [LOG] DESKTOP [必应登录] 验证必应登录状态
2025-10-21T17:00:02.135Z [2025/10/22 01:00:02] [PID: 20984] [LOG] DESKTOP [登录] 成功登录，已保存登录会话!
2025-10-21T17:00:16.663Z [2025/10/22 01:00:16] [PID: 20984] [LOG] DESKTOP [返回主页] 成功访问主页
2025-10-21T17:00:18.202Z [2025/10/22 01:00:18] [PID: 20984] [LOG] DESKTOP [MAIN-POINTS] 当前积分数量: 4413
2025-10-21T17:00:19.960Z [2025/10/22 01:00:19] [PID: 20984] [LOG] DESKTOP [MAIN-POINTS] 今天可赚取 135 积分
2025-10-21T17:00:19.962Z [2025/10/22 01:00:19] [PID: 20984] [LOG] DESKTOP [MAIN-POINTS] 打开一个新标签页，用于完成任务
2025-10-21T17:00:20.093Z [2025/10/22 01:00:20] [PID: 20984] [LOG] DESKTOP [MAIN-POINTS] 在新标签页中导航到主页务
2025-10-21T17:00:34.773Z [2025/10/22 01:00:34] [PID: 20984] [LOG] DESKTOP [返回主页] 成功访问主页
2025-10-21T17:00:34.774Z [2025/10/22 01:00:34] [PID: 20984] [LOG] DESKTOP [打卡] 所有“打卡”项目均已完成
2025-10-21T17:00:34.775Z [2025/10/22 01:00:34] [PID: 20984] [LOG] DESKTOP [每日任务] 所有“每日任务”项目均已完成
2025-10-21T17:00:34.775Z [2025/10/22 01:00:34] [PID: 20984] [LOG] DESKTOP [更多活动] 开始解决“更多活动”项目
2025-10-21T17:00:46.661Z [2025/10/22 01:00:46] [PID: 20984] [LOG] DESKTOP [活动] 找到活动类型: "网址奖励" 标题: "Dublin's charm"
2025-10-21T17:00:49.445Z [2025/10/22 01:00:49] [PID: 20984] [LOG] DESKTOP [网址奖励] 正在尝试完成网址奖励
2025-10-21T17:00:53.488Z [2025/10/22 01:00:53] [PID: 20984] [LOG] DESKTOP [网址奖励] 成功完成网址奖励
2025-10-21T17:01:07.509Z [2025/10/22 01:01:07] [PID: 20984] [LOG] DESKTOP [活动] 找到活动类型: "网址奖励" 标题: "Waterfall wonders"
2025-10-21T17:01:11.429Z [2025/10/22 01:01:11] [PID: 20984] [LOG] DESKTOP [网址奖励] 正在尝试完成网址奖励
2025-10-21T17:01:14.668Z [2025/10/22 01:01:14] [PID: 20984] [LOG] DESKTOP [网址奖励] 成功完成网址奖励
2025-10-21T17:01:26.296Z [2025/10/22 01:01:26] [PID: 20984] [LOG] DESKTOP [活动] 找到活动类型: "网址奖励" 标题: "Do you know the answer?"
2025-10-21T17:01:28.531Z [2025/10/22 01:01:28] [PID: 20984] [LOG] DESKTOP [网址奖励] 正在尝试完成网址奖励
2025-10-21T17:01:32.737Z [2025/10/22 01:01:32] [PID: 20984] [LOG] DESKTOP [网址奖励] 成功完成网址奖励
2025-10-21T17:01:46.446Z [2025/10/22 01:01:46] [PID: 20984] [LOG] DESKTOP [活动] 找到活动类型: "网址奖励" 标题: "Complete this puzzle"
2025-10-21T17:01:48.993Z [2025/10/22 01:01:48] [PID: 20984] [LOG] DESKTOP [网址奖励] 正在尝试完成网址奖励
2025-10-21T17:01:49.012Z [2025/10/22 01:01:49] [PID: 20984] [LOG] DESKTOP [网址奖励] 成功完成网址奖励
2025-10-21T17:02:01.170Z [2025/10/22 01:02:01] [PID: 20984] [LOG] DESKTOP [活动] 找到活动类型: "网址奖励" 标题: "Do you know the answer?"
2025-10-21T17:02:05.040Z [2025/10/22 01:02:05] [PID: 20984] [LOG] DESKTOP [网址奖励] 正在尝试完成网址奖励
2025-10-21T17:02:08.683Z [2025/10/22 01:02:08] [PID: 20984] [LOG] DESKTOP [网址奖励] 成功完成网址奖励
2025-10-21T17:02:14.505Z [2025/10/22 01:02:14] [PID: 20984] [LOG] DESKTOP [更多活动] 所有“更多活动”项目均已完成
2025-10-21T17:02:14.506Z [2025/10/22 01:02:14] [PID: 20984] [LOG] DESKTOP [SEARCH-BING] 开始必应搜索
2025-10-21T17:02:19.087Z [2025/10/22 01:02:19] [PID: 20984] [LOG] DESKTOP [SEARCH-CHINA-TRENDS] 正在生成搜索查询，可能需要一些时间！ | 地理区域: cn
2025-10-21T17:02:19.379Z [2025/10/22 01:02:19] [PID: 20984] [LOG] DESKTOP [SEARCH-CHINA-TRENDS] 已经获取TouTiaoHot搜索查询
2025-10-21T17:02:19.398Z [2025/10/22 01:02:19] [PID: 20984] [LOG] DESKTOP [SEARCH-BING] 已完成获取cn的搜索词
2025-10-21T17:02:30.075Z [2025/10/22 01:02:30] [PID: 20984] [LOG] DESKTOP [SEARCH-BING] 78 剩余积分 | 查询: 马斯克转发浏阳无人机烟花秀新闻
2025-10-21T17:02:45.829Z [2025/10/22 01:02:45] [PID: 20984] [LOG] DESKTOP [SEARCH-BING] 开始执行1次滚动和点击循环
2025-10-21T17:09:32.493Z [2025/10/22 01:09:32] [PID: 20984] [LOG] DESKTOP [SEARCH-BING] 75 剩余积分 | 查询: 深圳“卷尺哥”火了
2025-10-21T17:09:46.883Z [2025/10/22 01:09:46] [PID: 20984] [LOG] DESKTOP [SEARCH-BING] 开始执行1次滚动和点击循环
2025-10-21T17:16:15.555Z [2025/10/22 01:16:15] [PID: 20984] [LOG] DESKTOP [SEARCH-BING] 72 剩余积分 | 查询: 特朗普要派兵旧金山 加州州长回怼
2025-10-21T17:16:32.998Z [2025/10/22 01:16:32] [PID: 20984] [LOG] DESKTOP [SEARCH-BING] 开始执行1次滚动和点击循环
2025-10-21T17:16:43.469Z [2025/10/22 01:16:43] [PID: 20984] [LOG] DESKTOP [SEARCH-BING] 执行只悬停操作并返回 (概率: 8%)
2025-10-21T17:22:03.507Z [2025/10/22 01:22:03] [PID: 20984] [LOG] DESKTOP [SEARCH-BING] 69 剩余积分 | 查询: 免费火锅骗走600多名老人4200万
2025-10-21T17:22:16.316Z [2025/10/22 01:22:16] [PID: 20984] [LOG] DESKTOP [SEARCH-BING] 开始执行1次滚动和点击循环
2025-10-21T17:27:50.565Z [2025/10/22 01:27:50] [PID: 20984] [LOG] DESKTOP [SEARCH-BING] 66 剩余积分 | 查询: 中方会同意解决美方提出的三大问题吗
2025-10-21T17:28:06.169Z [2025/10/22 01:28:06] [PID: 20984] [LOG] DESKTOP [SEARCH-BING] 开始执行3次滚动和点击循环
2025-10-21T17:34:44.112Z [2025/10/22 01:34:44] [PID: 20984] [LOG] DESKTOP [SEARCH-BING] 63 剩余积分 | 查询: 赛力斯和小米有多赚钱
2025-10-21T17:34:55.363Z [2025/10/22 01:34:55] [PID: 20984] [LOG] DESKTOP [SEARCH-BING] 开始执行1次滚动和点击循环
2025-10-21T17:40:53.224Z [2025/10/22 01:40:53] [PID: 20984] [LOG] DESKTOP [SEARCH-BING] 60 剩余积分 | 查询: 临聘人员偷拍军事装备发家庭群泄密
2025-10-21T17:41:09.635Z [2025/10/22 01:41:09] [PID: 20984] [LOG] DESKTOP [SEARCH-BING] 开始执行1次滚动和点击循环
2025-10-21T17:47:45.078Z [2025/10/22 01:47:45] [PID: 20984] [LOG] DESKTOP [SEARCH-BING] 57 剩余积分 | 查询: 法国前总统萨科齐入狱
2025-10-21T17:47:59.457Z [2025/10/22 01:47:59] [PID: 20984] [LOG] DESKTOP [SEARCH-BING] 开始执行3次滚动和点击循环
2025-10-21T17:55:38.859Z [2025/10/22 01:55:38] [PID: 20984] [LOG] DESKTOP [SEARCH-BING] 54 剩余积分 | 查询: 俄乌冲突将迎来大结局了吗
2025-10-21T17:55:51.230Z [2025/10/22 01:55:51] [PID: 20984] [LOG] DESKTOP [SEARCH-BING] 开始执行2次滚动和点击循环
2025-10-21T18:03:02.061Z [2025/10/22 02:03:02] [PID: 20984] [LOG] DESKTOP [SEARCH-BING] 51 剩余积分 | 查询: 微信三大更新放出
2025-10-21T18:03:13.208Z [2025/10/22 02:03:13] [PID: 20984] [LOG] DESKTOP [SEARCH-BING] 开始执行1次滚动和点击循环
2025-10-21T18:09:45.780Z [2025/10/22 02:09:45] [PID: 20984] [LOG] DESKTOP [SEARCH-BING] 48 剩余积分 | 查询: 胖东来为何要对企业级参访收费
2025-10-21T18:09:57.765Z [2025/10/22 02:09:57] [PID: 20984] [LOG] DESKTOP [SEARCH-BING] 开始执行1次滚动和点击循环
2025-10-21T18:16:12.194Z [2025/10/22 02:16:12] [PID: 20984] [LOG] DESKTOP [SEARCH-BING] 45 剩余积分 | 查询: 五角大楼延用你妈式回答
2025-10-21T18:16:26.188Z [2025/10/22 02:16:26] [PID: 20984] [LOG] DESKTOP [SEARCH-BING] 开始执行2次滚动和点击循环
2025-10-21T18:23:11.167Z [2025/10/22 02:23:11] [PID: 20984] [LOG] DESKTOP [SEARCH-BING] 42 剩余积分 | 查询: 评论员：泽连斯基再度被特朗普侮辱
2025-10-21T18:23:28.350Z [2025/10/22 02:23:28] [PID: 20984] [LOG] DESKTOP [SEARCH-BING] 开始执行3次滚动和点击循环
2025-10-21T18:23:40.698Z [2025/10/22 02:23:40] [PID: 20984] [LOG] DESKTOP [SEARCH-BING] 执行只悬停操作并返回 (概率: 16%)
2025-10-21T18:30:34.941Z [2025/10/22 02:30:34] [PID: 20984] [LOG] DESKTOP [SEARCH-BING] 39 剩余积分 | 查询: 中哈猪肉贸易的达成有何意义
2025-10-21T18:30:51.660Z [2025/10/22 02:30:51] [PID: 20984] [LOG] DESKTOP [SEARCH-BING] 开始执行2次滚动和点击循环
2025-10-21T18:38:00.239Z [2025/10/22 02:38:00] [PID: 20984] [LOG] DESKTOP [SEARCH-BING] 36 剩余积分 | 查询: 泽连斯基：不接受俄要求的停战条件
2025-10-21T18:38:15.894Z [2025/10/22 02:38:15] [PID: 20984] [LOG] DESKTOP [SEARCH-BING] 开始执行3次滚动和点击循环
2025-10-21T18:39:50.969Z [2025/10/22 02:39:50] [PID: 20984] [LOG] DESKTOP [SEARCH-BING] 执行只悬停操作并返回 (概率: 26%)
2025-10-21T18:45:48.734Z [2025/10/22 02:45:48] [PID: 20984] [LOG] DESKTOP [SEARCH-BING] 33 剩余积分 | 查询: 越南副防长被曝访韩期间涉“性骚扰”
2025-10-21T18:46:02.933Z [2025/10/22 02:46:02] [PID: 20984] [LOG] DESKTOP [SEARCH-BING] 开始执行2次滚动和点击循环
2025-10-21T18:47:09.663Z [2025/10/22 02:47:09] [PID: 20984] [LOG] DESKTOP [SEARCH-BING] 执行只悬停操作并返回 (概率: 19%)
2025-10-21T18:52:42.197Z [2025/10/22 02:52:42] [PID: 20984] [LOG] DESKTOP [SEARCH-BING] 30 剩余积分 | 查询: 面馆里起争执小伙遭烫面袭击
2025-10-21T18:52:56.761Z [2025/10/22 02:52:56] [PID: 20984] [LOG] DESKTOP [SEARCH-BING] 开始执行2次滚动和点击循环
2025-10-21T18:58:47.535Z [2025/10/22 02:58:47] [PID: 20984] [LOG] DESKTOP [SEARCH-BING] 27 剩余积分 | 查询: 趵突泉靠水泵才能喷涌？谣言
2025-10-21T18:59:01.255Z [2025/10/22 02:59:01] [PID: 20984] [LOG] DESKTOP [SEARCH-BING] 开始执行1次滚动和点击循环
2025-10-21T19:04:53.080Z [2025/10/22 03:04:53] [PID: 20984] [LOG] DESKTOP [SEARCH-BING] 24 剩余积分 | 查询: 国民党新主席郑丽文如何逆袭成功
2025-10-21T19:05:04.645Z [2025/10/22 03:05:04] [PID: 20984] [LOG] DESKTOP [SEARCH-BING] 开始执行2次滚动和点击循环
2025-10-21T19:11:28.917Z [2025/10/22 03:11:28] [PID: 20984] [LOG] DESKTOP [SEARCH-BING] 21 剩余积分 | 查询: “特别港务费”冲击美资邮轮公司
2025-10-21T19:11:43.996Z [2025/10/22 03:11:43] [PID: 20984] [LOG] DESKTOP [SEARCH-BING] 开始执行1次滚动和点击循环
2025-10-21T19:17:54.620Z [2025/10/22 03:17:54] [PID: 20984] [LOG] DESKTOP [SEARCH-BING] 18 剩余积分 | 查询: “药中茅台”片仔癀跌下神坛了吗
2025-10-21T19:18:08.264Z [2025/10/22 03:18:08] [PID: 20984] [LOG] DESKTOP [SEARCH-BING] 开始执行1次滚动和点击循环
2025-10-21T19:23:54.422Z [2025/10/22 03:23:54] [PID: 20984] [LOG] DESKTOP [SEARCH-BING] 15 剩余积分 | 查询: “一老一小”人群应尽早接种疫苗
2025-10-21T19:24:09.512Z [2025/10/22 03:24:09] [PID: 20984] [LOG] DESKTOP [SEARCH-BING] 开始执行1次滚动和点击循环
2025-10-21T19:24:24.951Z [2025/10/22 03:24:24] [PID: 20984] [LOG] DESKTOP [SEARCH-BING] 执行只悬停操作并返回 (概率: 23%)
2025-10-21T19:30:05.653Z [2025/10/22 03:30:05] [PID: 20984] [LOG] DESKTOP [SEARCH-BING] 12 剩余积分 | 查询: 朱枫上海地下工作身份证首次亮相
2025-10-21T19:30:19.653Z [2025/10/22 03:30:19] [PID: 20984] [LOG] DESKTOP [SEARCH-BING] 开始执行2次滚动和点击循环
2025-10-21T19:30:29.732Z [2025/10/22 03:30:29] [PID: 20984] [LOG] DESKTOP [SEARCH-BING] 执行只悬停操作并返回 (概率: 23%)
2025-10-21T19:30:56.029Z [2025/10/22 03:30:56] [PID: 20984] [LOG] DESKTOP [SEARCH-BING] 执行只悬停操作并返回 (概率: 30%)
2025-10-21T19:36:04.272Z [2025/10/22 03:36:04] [PID: 20984] [LOG] DESKTOP [SEARCH-BING] 9 剩余积分 | 查询: 贵金属回调潮下抄底机会来了吗
2025-10-21T19:36:21.614Z [2025/10/22 03:36:21] [PID: 20984] [LOG] DESKTOP [SEARCH-BING] 开始执行3次滚动和点击循环
2025-10-21T19:44:33.195Z [2025/10/22 03:44:33] [PID: 20984] [LOG] DESKTOP [SEARCH-BING] 6 剩余积分 | 查询: 刘和平：美国或用台湾问题换经贸利益
2025-10-21T19:44:45.563Z [2025/10/22 03:44:45] [PID: 20984] [LOG] DESKTOP [SEARCH-BING] 开始执行1次滚动和点击循环
2025-10-21T19:51:18.844Z [2025/10/22 03:51:18] [PID: 20984] [LOG] DESKTOP [SEARCH-BING] 3 剩余积分 | 查询: 杨振宁缅怀室内的鲜花都摆不下了
2025-10-21T19:51:34.415Z [2025/10/22 03:51:34] [PID: 20984] [LOG] DESKTOP [SEARCH-BING] 开始执行1次滚动和点击循环
2025-10-21T19:56:54.008Z [2025/10/22 03:56:54] [PID: 20984] [LOG] DESKTOP [SEARCH-BING] 搜索完成
2025-10-21T19:56:56.939Z [2025/10/22 03:56:56] [PID: 20984] [LOG] DESKTOP [关闭浏览器] 浏览器已成功关闭!
2025-10-21T19:56:58.094Z [2025/10/22 03:56:58] [PID: 20984] [LOG] MOBILE [浏览器] 已创建浏览器，用户代理User-Agent: "Mozilla/5.0 (Linux; Android 12; K) AppleWebKit/537.36 (KHTML, like Gecko) Chrome/139.0.0.0 Mobile Safari/537.36 EdgA/139.0.3405.86"
2025-10-21T19:56:58.447Z [2025/10/22 03:56:58] [PID: 20984] [LOG] MOBILE [MAIN] 正在启动浏览器
2025-10-21T19:56:58.449Z [2025/10/22 03:56:58] [PID: 20984] [LOG] MOBILE [登录] 开始登录流程!
2025-10-21T19:57:06.814Z [2025/10/22 03:57:06] [PID: 20984] [LOG] MOBILE [登录] 已登录
2025-10-21T19:57:12.695Z [2025/10/22 03:57:12] [PID: 20984] [LOG] MOBILE [必应登录] 验证必应登录状态
2025-10-21T19:57:28.459Z [2025/10/22 03:57:28] [PID: 20984] [LOG] MOBILE [登录] 成功登录，已保存登录会话!
2025-10-21T19:57:29.139Z [2025/10/22 03:57:29] [PID: 20984] [LOG] MOBILE [APP 登录] 等待授权...
2025-10-21T19:57:30.000Z [2025/10/22 03:57:30] [PID: 20984] [LOG] MOBILE [APP 登录] 授权成功
2025-10-21T19:57:44.706Z [2025/10/22 03:57:44] [PID: 20984] [LOG] MOBILE [返回主页] 成功访问主页
2025-10-21T19:57:50.480Z [2025/10/22 03:57:50] [PID: 20984] [LOG] MOBILE [设置地区] 地区:cn
2025-10-21T19:57:51.118Z [2025/10/22 03:57:51] [PID: 20984] [LOG] MOBILE [MAIN-POINTS] 打开一个新标签页，用于完成任务
2025-10-21T19:57:51.187Z [2025/10/22 03:57:51] [PID: 20984] [LOG] MOBILE [MAIN-POINTS] 在新标签页中导航到主页务
2025-10-21T19:58:06.026Z [2025/10/22 03:58:06] [PID: 20984] [LOG] MOBILE [返回主页] 成功访问主页
2025-10-21T19:58:06.027Z [2025/10/22 03:58:06] [PID: 20984] [LOG] MOBILE [每日任务] 所有“每日任务”项目均已完成
2025-10-21T19:58:06.027Z [2025/10/22 03:58:06] [PID: 20984] [LOG] MOBILE [更多活动] 所有“更多活动”项目均已完成
2025-10-21T19:58:06.028Z [2025/10/22 03:58:06] [PID: 20984] [LOG] MOBILE [MAIN-POINTS] 今天可赚取 90 积分（浏览器端: 60 积分，应用端: 30 积分）
2025-10-21T19:58:06.029Z [2025/10/22 03:58:06] [PID: 20984] [LOG] MOBILE [每日签到] 开始每日签到
2025-10-21T19:58:06.029Z [2025/10/22 03:58:06] [PID: 20984] [LOG] MOBILE [每日签到] 地区:cn
2025-10-21T19:58:06.737Z [2025/10/22 03:58:06] [PID: 20984] [LOG] MOBILE [每日签到] 已领取 5 积分
2025-10-21T19:58:06.738Z [2025/10/22 03:58:06] [PID: 20984] [LOG] MOBILE [阅读赚钱] 开始阅读赚钱活动
2025-10-21T19:58:07.212Z [2025/10/22 03:58:07] [PID: 20984] [LOG] MOBILE [阅读赚钱] 已阅读第 1 篇文章，共 10 篇 | 获得 3 积分
2025-10-21T20:04:47.665Z [2025/10/22 04:04:47] [PID: 20984] [LOG] MOBILE [阅读赚钱] 已阅读第 2 篇文章，共 10 篇 | 获得 3 积分
2025-10-21T20:11:42.162Z [2025/10/22 04:11:42] [PID: 20984] [LOG] MOBILE [阅读赚钱] 已阅读第 3 篇文章，共 10 篇 | 获得 3 积分
2025-10-21T20:17:40.527Z [2025/10/22 04:17:40] [PID: 20984] [LOG] MOBILE [阅读赚钱] 已阅读第 4 篇文章，共 10 篇 | 获得 3 积分
2025-10-21T20:22:33.545Z [2025/10/22 04:22:33] [PID: 20984] [LOG] MOBILE [阅读赚钱] 已阅读第 5 篇文章，共 10 篇 | 获得 3 积分
2025-10-21T20:27:40.293Z [2025/10/22 04:27:40] [PID: 20984] [LOG] MOBILE [阅读赚钱] 已阅读第 6 篇文章，共 10 篇 | 获得 3 积分
2025-10-21T20:31:56.256Z [2025/10/22 04:31:56] [PID: 20984] [LOG] MOBILE [阅读赚钱] 已阅读第 7 篇文章，共 10 篇 | 获得 3 积分
2025-10-21T20:37:30.669Z [2025/10/22 04:37:30] [PID: 20984] [LOG] MOBILE [阅读赚钱] 已阅读第 8 篇文章，共 10 篇 | 获得 3 积分
2025-10-21T20:41:38.618Z [2025/10/22 04:41:38] [PID: 20984] [LOG] MOBILE [阅读赚钱] 已阅读第 9 篇文章，共 10 篇 | 获得 3 积分
2025-10-21T20:47:34.592Z [2025/10/22 04:47:34] [PID: 20984] [LOG] MOBILE [阅读赚钱] 已阅读第 10 篇文章，共 10 篇 | 获得 3 积分
2025-10-21T20:52:34.771Z [2025/10/22 04:52:34] [PID: 20984] [LOG] MOBILE [阅读赚钱] 完成阅读赚钱活动
2025-10-21T20:52:51.229Z [2025/10/22 04:52:51] [PID: 20984] [LOG] MOBILE [返回主页] 成功访问主页
2025-10-21T20:52:51.230Z [2025/10/22 04:52:51] [PID: 20984] [LOG] MOBILE [SEARCH-BING] 开始必应搜索
2025-10-21T20:52:54.259Z [2025/10/22 04:52:54] [PID: 20984] [LOG] MOBILE [SEARCH-CHINA-TRENDS] 正在生成搜索查询，可能需要一些时间！ | 地理区域: cn
2025-10-21T20:52:54.448Z [2025/10/22 04:52:54] [PID: 20984] [LOG] MOBILE [SEARCH-CHINA-TRENDS] 已经获取WeiBoHot搜索查询
2025-10-21T20:52:54.454Z [2025/10/22 04:52:54] [PID: 20984] [LOG] MOBILE [SEARCH-BING] 已完成获取cn的搜索词
2025-10-21T20:53:05.368Z [2025/10/22 04:53:05] [PID: 20984] [LOG] MOBILE [SEARCH-BING] 60 剩余积分 | 查询: 现货黄金失守4100美元
2025-10-21T20:53:18.082Z [2025/10/22 04:53:18] [PID: 20984] [LOG] MOBILE [SEARCH-BING] 开始执行3次滚动和点击循环
2025-10-21T20:54:14.225Z [2025/10/22 04:54:14] [PID: 20984] [ERROR] MOBILE [SEARCH-BING] 搜索失败，发生错误:Error: page.evaluate: Target page, context or browser has been closed
2025-10-21T20:54:14.226Z [2025/10/22 04:54:14] [PID: 20984] [WARN] MOBILE [SEARCH-BING] 重试搜索，尝试 0/5
2025-10-21T20:54:37.271Z [2025/10/22 04:54:37] [PID: 20984] [LOG] MOBILE [SEARCH-BING] 开始执行3次滚动和点击循环
2025-10-21T21:02:24.519Z [2025/10/22 05:02:24] [PID: 20984] [LOG] MOBILE [SEARCH-BING] 57 剩余积分 | 查询: 李在明贴身保镖火了
2025-10-21T21:02:38.794Z [2025/10/22 05:02:38] [PID: 20984] [LOG] MOBILE [SEARCH-BING] 开始执行2次滚动和点击循环
2025-10-21T21:09:32.848Z [2025/10/22 05:09:32] [PID: 20984] [LOG] MOBILE [SEARCH-BING] 54 剩余积分 | 查询: 女子在直播间买到自己捐的衣服
2025-10-21T21:09:46.800Z [2025/10/22 05:09:46] [PID: 20984] [LOG] MOBILE [SEARCH-BING] 开始执行1次滚动和点击循环
2025-10-21T21:15:48.287Z [2025/10/22 05:15:48] [PID: 20984] [LOG] MOBILE [SEARCH-BING] 51 剩余积分 | 查询: 三角洲行动
2025-10-21T21:16:03.632Z [2025/10/22 05:16:03] [PID: 20984] [LOG] MOBILE [SEARCH-BING] 开始执行1次滚动和点击循环
2025-10-21T21:22:17.956Z [2025/10/22 05:22:17] [PID: 20984] [LOG] MOBILE [SEARCH-BING] 48 剩余积分 | 查询: 突然明白心理咨询师为什么贵了
2025-10-21T21:22:32.502Z [2025/10/22 05:22:32] [PID: 20984] [LOG] MOBILE [SEARCH-BING] 开始执行1次滚动和点击循环
2025-10-21T21:22:47.753Z [2025/10/22 05:22:47] [PID: 20984] [LOG] MOBILE [SEARCH-BING] 执行只悬停操作并返回 (概率: 16%)
2025-10-21T21:28:14.499Z [2025/10/22 05:28:14] [PID: 20984] [LOG] MOBILE [SEARCH-BING] 45 剩余积分 | 查询: 朋友圈和现实风格差别能有多大
2025-10-21T21:28:25.846Z [2025/10/22 05:28:25] [PID: 20984] [LOG] MOBILE [SEARCH-BING] 开始执行1次滚动和点击循环
2025-10-21T21:34:36.596Z [2025/10/22 05:34:36] [PID: 20984] [LOG] MOBILE [SEARCH-BING] 42 剩余积分 | 查询: 河南一老板挣100万给员工分85万
2025-10-21T21:34:51.299Z [2025/10/22 05:34:51] [PID: 20984] [LOG] MOBILE [SEARCH-BING] 开始执行3次滚动和点击循环
2025-10-21T21:36:48.864Z [2025/10/22 05:36:48] [PID: 20984] [LOG] MOBILE [SEARCH-BING] 执行只悬停操作并返回 (概率: 13%)
2025-10-21T21:42:25.536Z [2025/10/22 05:42:25] [PID: 20984] [LOG] MOBILE [SEARCH-BING] 39 剩余积分 | 查询: LPL致敬Karsa
2025-10-21T21:42:39.774Z [2025/10/22 05:42:39] [PID: 20984] [LOG] MOBILE [SEARCH-BING] 开始执行3次滚动和点击循环
2025-10-21T21:50:41.504Z [2025/10/22 05:50:41] [PID: 20984] [LOG] MOBILE [SEARCH-BING] 36 剩余积分 | 查询: 网吧已经进化成这样了吗
2025-10-21T21:50:58.096Z [2025/10/22 05:50:58] [PID: 20984] [LOG] MOBILE [SEARCH-BING] 开始执行3次滚动和点击循环
2025-10-21T21:52:33.284Z [2025/10/22 05:52:33] [PID: 20984] [LOG] MOBILE [SEARCH-BING] 执行只悬停操作并返回 (概率: 2%)
2025-10-21T21:58:13.941Z [2025/10/22 05:58:13] [PID: 20984] [LOG] MOBILE [SEARCH-BING] 33 剩余积分 | 查询: 男友去世女子生下遗腹子想要赔偿款
2025-10-21T21:58:27.029Z [2025/10/22 05:58:27] [PID: 20984] [LOG] MOBILE [SEARCH-BING] 开始执行3次滚动和点击循环
2025-10-21T21:58:39.477Z [2025/10/22 05:58:39] [PID: 20984] [LOG] MOBILE [SEARCH-BING] 执行只悬停操作并返回 (概率: 25%)
2025-10-21T21:59:08.574Z [2025/10/22 05:59:08] [PID: 20984] [LOG] MOBILE [SEARCH-BING] 执行只悬停操作并返回 (概率: 21%)
2025-10-21T22:05:44.558Z [2025/10/22 06:05:44] [PID: 20984] [LOG] MOBILE [SEARCH-BING] 30 剩余积分 | 查询: 黄金
2025-10-21T22:05:54.205Z [2025/10/22 06:05:54] [PID: 20984] [LOG] MOBILE [SEARCH-BING] 开始执行3次滚动和点击循环
2025-10-21T22:06:56.348Z [2025/10/22 06:06:56] [PID: 20984] [LOG] MOBILE [SEARCH-BING] 执行只悬停操作并返回 (概率: 6%)
2025-10-21T22:13:27.620Z [2025/10/22 06:13:27] [PID: 20984] [LOG] MOBILE [SEARCH-BING] 27 剩余积分 | 查询: 被学生抢鸡排的校长离世
2025-10-21T22:13:40.983Z [2025/10/22 06:13:40] [PID: 20984] [LOG] MOBILE [SEARCH-BING] 开始执行3次滚动和点击循环
2025-10-21T22:21:54.033Z [2025/10/22 06:21:54] [PID: 20984] [LOG] MOBILE [SEARCH-BING] 24 剩余积分 | 查询: 宴遇永安
2025-10-21T22:22:08.756Z [2025/10/22 06:22:08] [PID: 20984] [LOG] MOBILE [SEARCH-BING] 开始执行2次滚动和点击循环
2025-10-21T22:28:14.241Z [2025/10/22 06:28:14] [PID: 20984] [LOG] MOBILE [SEARCH-BING] 21 剩余积分 | 查询: 国乒多人退赛
2025-10-21T22:28:26.346Z [2025/10/22 06:28:26] [PID: 20984] [LOG] MOBILE [SEARCH-BING] 开始执行2次滚动和点击循环
2025-10-21T22:29:41.563Z [2025/10/22 06:29:41] [PID: 20984] [LOG] MOBILE [SEARCH-BING] 执行只悬停操作并返回 (概率: 18%)
2025-10-21T22:35:10.326Z [2025/10/22 06:35:10] [PID: 20984] [LOG] MOBILE [SEARCH-BING] 18 剩余积分 | 查询: 金价
2025-10-21T22:35:26.911Z [2025/10/22 06:35:26] [PID: 20984] [LOG] MOBILE [SEARCH-BING] 开始执行2次滚动和点击循环
2025-10-21T22:35:40.036Z [2025/10/22 06:35:40] [PID: 20984] [LOG] MOBILE [SEARCH-BING] 执行只悬停操作并返回 (概率: 25%)
2025-10-21T22:36:06.666Z [2025/10/22 06:36:06] [PID: 20984] [LOG] MOBILE [SEARCH-BING] 执行只悬停操作并返回 (概率: 15%)
2025-10-21T22:41:45.934Z [2025/10/22 06:41:45] [PID: 20984] [LOG] MOBILE [SEARCH-BING] 15 剩余积分 | 查询: 高级河灯
2025-10-21T22:41:56.976Z [2025/10/22 06:41:56] [PID: 20984] [LOG] MOBILE [SEARCH-BING] 开始执行3次滚动和点击循环
2025-10-21T22:49:38.864Z [2025/10/22 06:49:38] [PID: 20984] [LOG] MOBILE [SEARCH-BING] 12 剩余积分 | 查询: 宝妈每天晚来早走上20天班月薪5万
2025-10-21T22:49:53.945Z [2025/10/22 06:49:53] [PID: 20984] [LOG] MOBILE [SEARCH-BING] 开始执行3次滚动和点击循环
2025-10-21T22:50:08.828Z [2025/10/22 06:50:08] [PID: 20984] [LOG] MOBILE [SEARCH-BING] 执行只悬停操作并返回 (概率: 2%)
2025-10-21T22:56:24.455Z [2025/10/22 06:56:24] [PID: 20984] [LOG] MOBILE [SEARCH-BING] 9 剩余积分 | 查询: 江浙沪无法体面入冬
2025-10-21T22:56:36.283Z [2025/10/22 06:56:36] [PID: 20984] [LOG] MOBILE [SEARCH-BING] 开始执行2次滚动和点击循环
2025-10-21T23:03:19.965Z [2025/10/22 07:03:19] [PID: 20984] [LOG] MOBILE [SEARCH-BING] 6 剩余积分 | 查询: iPhone频繁打错字不是你手残
2025-10-21T23:03:33.085Z [2025/10/22 07:03:33] [PID: 20984] [LOG] MOBILE [SEARCH-BING] 开始执行1次滚动和点击循环
2025-10-21T23:09:35.683Z [2025/10/22 07:09:35] [PID: 20984] [LOG] MOBILE [SEARCH-BING] 3 剩余积分 | 查询: 杨丞琳一天官宣两个大事
2025-10-21T23:09:50.838Z [2025/10/22 07:09:50] [PID: 20984] [LOG] MOBILE [SEARCH-BING] 开始执行1次滚动和点击循环
2025-10-21T23:16:06.278Z [2025/10/22 07:16:06] [PID: 20984] [LOG] MOBILE [SEARCH-BING] 搜索完成
2025-10-21T23:16:10.339Z [2025/10/22 07:16:10] [PID: 20984] [LOG] MOBILE [MAIN-POINTS] 脚本今天收集了 230 积分
2025-10-21T23:16:14.850Z [2025/10/22 07:16:14] [PID: 20984] [LOG] MOBILE [关闭浏览器] 浏览器已成功关闭!
2025-10-21T23:16:14.851Z [2025/10/22 07:16:14] [PID: 20984] [LOG] MAIN [MAIN-WORKER] 账户 fanqiejiayou@outlook.com 的任务已完成
2025-10-21T23:16:14.853Z [2025/10/22 07:16:14] [PID: 20984] [LOG] MAIN [MAIN-WORKER] 开始为账户 email_2 执行任务
2025-10-21T23:16:15.886Z [2025/10/22 07:16:15] [PID: 20984] [LOG] DESKTOP [浏览器] 已创建浏览器，用户代理User-Agent: "Mozilla/5.0 (Windows NT 10.0; Win64; x64) AppleWebKit/537.36 (KHTML, like Gecko) Chrome/139.0.0.0 Safari/537.36 Edg/139.0.3405.119"
2025-10-21T23:16:16.248Z [2025/10/22 07:16:16] [PID: 20984] [LOG] DESKTOP [MAIN] 正在启动浏览器
2025-10-21T23:16:16.250Z [2025/10/22 07:16:16] [PID: 20984] [LOG] DESKTOP [登录] 开始登录流程!
2025-10-21T23:16:53.856Z [2025/10/22 07:16:53] [PID: 20984] [LOG] DESKTOP [登录] 邮箱输入成功
2025-10-21T23:17:03.126Z [2025/10/22 07:17:03] [PID: 20984] [LOG] DESKTOP [LOGIN] No 2FA skip button found, proceeding with password entry
2025-10-21T23:17:08.138Z [2025/10/22 07:17:08] [PID: 20984] [LOG] DESKTOP [登录] 通过 "viewFooter" 找到页面 "获取登录代码"
2025-10-21T23:17:27.236Z [2025/10/22 07:17:27] [PID: 20984] [LOG] DESKTOP [登录] 密码输入成功
