2025-09-24T18:00:08.760Z [2025/9/25 02:00:08] [PID: 12896] [LOG] MAIN [MAIN] 机器人已启动，使用 1 个集群
2025-09-24T18:00:08.762Z [2025/9/25 02:00:08] [PID: 12896] [LOG] MAIN [MAIN-WORKER] 开始为账户 fanqiejiayou@outlook.com 执行任务
2025-09-24T18:00:09.273Z [2025/9/25 02:00:09] [PID: 12896] [LOG] DESKTOP [浏览器] 已创建浏览器，用户代理User-Agent: "Mozilla/5.0 (Windows NT 10.0; Win64; x64) AppleWebKit/537.36 (KHTML, like Gecko) Chrome/139.0.0.0 Safari/537.36 Edg/139.0.3405.102"
2025-09-24T18:00:09.429Z [2025/9/25 02:00:09] [PID: 12896] [LOG] DESKTOP [MAIN] 正在启动浏览器
2025-09-24T18:00:09.430Z [2025/9/25 02:00:09] [PID: 12896] [LOG] DESKTOP [登录] 开始登录流程!
2025-09-24T18:00:18.359Z [2025/9/25 02:00:18] [PID: 12896] [LOG] DESKTOP [登录] 已登录
2025-09-24T18:00:22.726Z [2025/9/25 02:00:22] [PID: 12896] [LOG] DESKTOP [必应登录] 验证必应登录状态
2025-09-24T18:00:58.715Z [2025/9/25 02:00:58] [PID: 12896] [LOG] DESKTOP [登录] 成功登录，已保存登录会话!
2025-09-24T18:01:13.949Z [2025/9/25 02:01:13] [PID: 12896] [LOG] DESKTOP [返回主页] 成功访问主页
2025-09-24T18:01:16.792Z [2025/9/25 02:01:16] [PID: 12896] [LOG] DESKTOP [MAIN-POINTS] 当前积分数量: 2394
2025-09-24T18:01:20.901Z [2025/9/25 02:01:20] [PID: 12896] [LOG] DESKTOP [MAIN-POINTS] 今天可赚取 125 积分
2025-09-24T18:01:20.902Z [2025/9/25 02:01:20] [PID: 12896] [LOG] DESKTOP [MAIN-POINTS] 打开一个新标签页，用于完成任务
2025-09-24T18:01:20.944Z [2025/9/25 02:01:20] [PID: 12896] [LOG] DESKTOP [MAIN-POINTS] 在新标签页中导航到主页务
2025-09-24T18:01:36.868Z [2025/9/25 02:01:36] [PID: 12896] [LOG] DESKTOP [返回主页] 成功访问主页
2025-09-24T18:01:36.869Z [2025/9/25 02:01:36] [PID: 12896] [LOG] DESKTOP [打卡] 所有“打卡”项目均已完成
2025-09-24T18:01:36.870Z [2025/9/25 02:01:36] [PID: 12896] [LOG] DESKTOP [每日任务] 开始解决“每日任务”项目
2025-09-24T18:01:46.606Z [2025/9/25 02:01:46] [PID: 12896] [LOG] DESKTOP [活动] 找到活动类型: "网址奖励" 标题: "Painting techniques"
2025-09-24T18:01:47.788Z [2025/9/25 02:01:47] [PID: 12896] [LOG] DESKTOP [网址奖励] 正在尝试完成网址奖励
2025-09-24T18:01:51.125Z [2025/9/25 02:01:51] [PID: 12896] [LOG] DESKTOP [网址奖励] 成功完成网址奖励
2025-09-24T18:02:03.427Z [2025/9/25 02:02:03] [PID: 12896] [LOG] DESKTOP [活动] 找到活动类型: "网址奖励" 标题: "Puzzle solving tips"
2025-09-24T18:02:06.193Z [2025/9/25 02:02:06] [PID: 12896] [LOG] DESKTOP [网址奖励] 正在尝试完成网址奖励
2025-09-24T18:02:09.466Z [2025/9/25 02:02:09] [PID: 12896] [LOG] DESKTOP [网址奖励] 成功完成网址奖励
2025-09-24T18:02:22.509Z [2025/9/25 02:02:22] [PID: 12896] [LOG] DESKTOP [活动] 找到活动类型: "网址奖励" 标题: "Budgeting tips"
2025-09-24T18:02:24.179Z [2025/9/25 02:02:24] [PID: 12896] [LOG] DESKTOP [网址奖励] 正在尝试完成网址奖励
2025-09-24T18:02:27.502Z [2025/9/25 02:02:27] [PID: 12896] [LOG] DESKTOP [网址奖励] 成功完成网址奖励
2025-09-24T18:02:33.618Z [2025/9/25 02:02:33] [PID: 12896] [LOG] DESKTOP [每日任务] 所有“每日任务”项目均已完成
2025-09-24T18:02:33.619Z [2025/9/25 02:02:33] [PID: 12896] [LOG] DESKTOP [更多活动] 开始解决“更多活动”项目
2025-09-24T18:02:46.092Z [2025/9/25 02:02:46] [PID: 12896] [LOG] DESKTOP [活动] 找到活动类型: "网址奖励" 标题: "Quote of the day"
2025-09-24T18:02:47.623Z [2025/9/25 02:02:47] [PID: 12896] [LOG] DESKTOP [网址奖励] 正在尝试完成网址奖励
2025-09-24T18:02:47.652Z [2025/9/25 02:02:47] [PID: 12896] [LOG] DESKTOP [网址奖励] 成功完成网址奖励
2025-09-24T18:02:52.786Z [2025/9/25 02:02:52] [PID: 12896] [LOG] DESKTOP [更多活动] 所有“更多活动”项目均已完成
2025-09-24T18:02:52.787Z [2025/9/25 02:02:52] [PID: 12896] [LOG] DESKTOP [SEARCH-BING] 开始必应搜索
2025-09-24T18:02:55.895Z [2025/9/25 02:02:55] [PID: 12896] [LOG] DESKTOP [SEARCH-CHINA-TRENDS] 正在生成搜索查询，可能需要一些时间！ | 地理区域: cn
2025-09-24T18:02:56.359Z [2025/9/25 02:02:56] [PID: 12896] [LOG] DESKTOP [SEARCH-CHINA-TRENDS] 已经获取DouYinHot搜索查询
2025-09-24T18:02:56.366Z [2025/9/25 02:02:56] [PID: 12896] [LOG] DESKTOP [SEARCH-BING] 已完成获取cn的搜索词
2025-09-24T18:03:06.567Z [2025/9/25 02:03:06] [PID: 12896] [LOG] DESKTOP [SEARCH-BING] 90 剩余积分 | 查询: 泰国曼谷市区现50米深巨坑
2025-09-24T18:03:20.672Z [2025/9/25 02:03:20] [PID: 12896] [LOG] DESKTOP [SEARCH-BING] 开始执行2次滚动和点击循环
2025-09-24T18:10:21.347Z [2025/9/25 02:10:21] [PID: 12896] [LOG] DESKTOP [SEARCH-BING] 90 剩余积分 | 查询: 小火人全网摇人续火花
2025-09-24T18:10:32.241Z [2025/9/25 02:10:32] [PID: 12896] [LOG] DESKTOP [SEARCH-BING] 开始执行3次滚动和点击循环
2025-09-24T18:17:45.076Z [2025/9/25 02:17:45] [PID: 12896] [LOG] DESKTOP [SEARCH-BING] 81 剩余积分 | 查询: 被小丑冰冰可爱到了
2025-09-24T18:17:59.674Z [2025/9/25 02:17:59] [PID: 12896] [ERROR] DESKTOP [SEARCH-BING] 搜索失败，发生错误:TimeoutError: page.waitForSelector: Timeout 10000ms exceeded.
Call log:
  [2m- waiting for locator('#sb_form_q') to be visible[22m

2025-09-24T18:17:59.676Z [2025/9/25 02:17:59] [PID: 12896] [WARN] DESKTOP [SEARCH-BING] 重试搜索，尝试 0/5
2025-09-24T18:18:17.998Z [2025/9/25 02:18:17] [PID: 12896] [LOG] DESKTOP [SEARCH-BING] 开始执行2次滚动和点击循环
2025-09-24T18:18:32.582Z [2025/9/25 02:18:32] [PID: 12896] [LOG] DESKTOP [SEARCH-BING] 执行只悬停操作并返回 (概率: 15%)
2025-09-24T18:19:01.919Z [2025/9/25 02:19:01] [PID: 12896] [LOG] DESKTOP [SEARCH-BING] 执行只悬停操作并返回 (概率: 15%)
2025-09-24T18:24:32.153Z [2025/9/25 02:24:32] [PID: 12896] [LOG] DESKTOP [SEARCH-BING] 78 剩余积分 | 查询: 邓布利多你说得对
2025-09-24T18:24:45.882Z [2025/9/25 02:24:45] [PID: 12896] [LOG] DESKTOP [SEARCH-BING] 开始执行3次滚动和点击循环
2025-09-24T18:32:43.748Z [2025/9/25 02:32:43] [PID: 12896] [LOG] DESKTOP [SEARCH-BING] 75 剩余积分 | 查询: 在对视时看到爱也看到遗憾
2025-09-24T18:32:56.885Z [2025/9/25 02:32:56] [PID: 12896] [LOG] DESKTOP [SEARCH-BING] 开始执行1次滚动和点击循环
2025-09-24T18:38:29.315Z [2025/9/25 02:38:29] [PID: 12896] [LOG] DESKTOP [SEARCH-BING] 72 剩余积分 | 查询: 20号台风博罗依已经生成
2025-09-24T18:38:43.075Z [2025/9/25 02:38:43] [PID: 12896] [LOG] DESKTOP [SEARCH-BING] 开始执行2次滚动和点击循环
2025-09-24T18:39:53.475Z [2025/9/25 02:39:53] [PID: 12896] [LOG] DESKTOP [SEARCH-BING] 执行只悬停操作并返回 (概率: 23%)
2025-09-24T18:45:26.462Z [2025/9/25 02:45:26] [PID: 12896] [LOG] DESKTOP [SEARCH-BING] 69 剩余积分 | 查询: 吴邪私家笔记还原度好高
2025-09-24T18:45:40.416Z [2025/9/25 02:45:40] [PID: 12896] [LOG] DESKTOP [SEARCH-BING] 开始执行2次滚动和点击循环
2025-09-24T18:45:53.146Z [2025/9/25 02:45:53] [PID: 12896] [LOG] DESKTOP [SEARCH-BING] 执行只悬停操作并返回 (概率: 20%)
2025-09-24T18:52:27.185Z [2025/9/25 02:52:27] [PID: 12896] [LOG] DESKTOP [SEARCH-BING] 66 剩余积分 | 查询: 李沉舟年上引导型天菜
2025-09-24T18:52:38.351Z [2025/9/25 02:52:38] [PID: 12896] [LOG] DESKTOP [SEARCH-BING] 开始执行3次滚动和点击循环
2025-09-24T18:59:41.834Z [2025/9/25 02:59:41] [PID: 12896] [LOG] DESKTOP [SEARCH-BING] 63 剩余积分 | 查询: 网红敖其尔因病去世
2025-09-24T18:59:57.284Z [2025/9/25 02:59:57] [PID: 12896] [LOG] DESKTOP [SEARCH-BING] 开始执行2次滚动和点击循环
2025-09-24T19:06:58.460Z [2025/9/25 03:06:58] [PID: 12896] [LOG] DESKTOP [SEARCH-BING] 60 剩余积分 | 查询: 被茶几过肩摔的概率不为零
2025-09-24T19:07:12.779Z [2025/9/25 03:07:12] [PID: 12896] [LOG] DESKTOP [SEARCH-BING] 开始执行1次滚动和点击循环
2025-09-24T19:07:27.009Z [2025/9/25 03:07:27] [PID: 12896] [LOG] DESKTOP [SEARCH-BING] 执行只悬停操作并返回 (概率: 19%)
2025-09-24T19:12:41.103Z [2025/9/25 03:12:41] [PID: 12896] [LOG] DESKTOP [SEARCH-BING] 57 剩余积分 | 查询: 丰收的味道在抖音
2025-09-24T19:12:54.325Z [2025/9/25 03:12:54] [PID: 12896] [LOG] DESKTOP [SEARCH-BING] 开始执行1次滚动和点击循环
2025-09-24T19:18:53.439Z [2025/9/25 03:18:53] [PID: 12896] [LOG] DESKTOP [SEARCH-BING] 54 剩余积分 | 查询: 潘玮柏上综艺吃到被导演叫停
2025-09-24T19:19:09.059Z [2025/9/25 03:19:09] [PID: 12896] [LOG] DESKTOP [SEARCH-BING] 开始执行1次滚动和点击循环
2025-09-24T19:25:36.501Z [2025/9/25 03:25:36] [PID: 12896] [LOG] DESKTOP [SEARCH-BING] 51 剩余积分 | 查询: 吉隆坡的雨转场混剪
2025-09-24T19:25:50.159Z [2025/9/25 03:25:50] [PID: 12896] [LOG] DESKTOP [SEARCH-BING] 开始执行3次滚动和点击循环
2025-09-24T19:26:44.726Z [2025/9/25 03:26:44] [PID: 12896] [LOG] DESKTOP [SEARCH-BING] 执行只悬停操作并返回 (概率: 15%)
2025-09-24T19:32:30.453Z [2025/9/25 03:32:30] [PID: 12896] [LOG] DESKTOP [SEARCH-BING] 48 剩余积分 | 查询: 你问我为什么顽固而专一
2025-09-24T19:32:42.755Z [2025/9/25 03:32:42] [PID: 12896] [LOG] DESKTOP [SEARCH-BING] 开始执行3次滚动和点击循环
2025-09-24T19:34:59.226Z [2025/9/25 03:34:59] [PID: 12896] [LOG] DESKTOP [SEARCH-BING] 执行只悬停操作并返回 (概率: 25%)
2025-09-24T19:40:12.821Z [2025/9/25 03:40:12] [PID: 12896] [LOG] DESKTOP [SEARCH-BING] 45 剩余积分 | 查询: 陈紫函自曝依靠安眠药入睡
2025-09-24T19:40:27.380Z [2025/9/25 03:40:27] [PID: 12896] [LOG] DESKTOP [SEARCH-BING] 开始执行2次滚动和点击循环
2025-09-24T19:41:35.054Z [2025/9/25 03:41:35] [PID: 12896] [LOG] DESKTOP [SEARCH-BING] 执行只悬停操作并返回 (概率: 23%)
2025-09-24T19:47:32.758Z [2025/9/25 03:47:32] [PID: 12896] [LOG] DESKTOP [SEARCH-BING] 42 剩余积分 | 查询: 动画还原台风桦加沙登陆过程
2025-09-24T19:47:44.767Z [2025/9/25 03:47:44] [PID: 12896] [LOG] DESKTOP [SEARCH-BING] 开始执行2次滚动和点击循环
2025-09-24T19:54:12.277Z [2025/9/25 03:54:12] [PID: 12896] [LOG] DESKTOP [SEARCH-BING] 39 剩余积分 | 查询: 整个时尚圈都在等入chill
2025-09-24T19:54:26.352Z [2025/9/25 03:54:26] [PID: 12896] [LOG] DESKTOP [SEARCH-BING] 开始执行3次滚动和点击循环
2025-09-24T19:54:39.206Z [2025/9/25 03:54:39] [PID: 12896] [LOG] DESKTOP [SEARCH-BING] 执行只悬停操作并返回 (概率: 14%)
2025-09-24T19:55:03.628Z [2025/9/25 03:55:03] [PID: 12896] [LOG] DESKTOP [SEARCH-BING] 执行只悬停操作并返回 (概率: 22%)
2025-09-24T20:02:00.928Z [2025/9/25 04:02:00] [PID: 12896] [LOG] DESKTOP [SEARCH-BING] 36 剩余积分 | 查询: 广东直面风王桦加沙
2025-09-24T20:02:16.758Z [2025/9/25 04:02:16] [PID: 12896] [LOG] DESKTOP [SEARCH-BING] 开始执行3次滚动和点击循环
2025-09-24T20:09:22.523Z [2025/9/25 04:09:22] [PID: 12896] [LOG] DESKTOP [SEARCH-BING] 33 剩余积分 | 查询: 一休杯S2总决赛
2025-09-24T20:09:33.685Z [2025/9/25 04:09:33] [PID: 12896] [LOG] DESKTOP [SEARCH-BING] 开始执行1次滚动和点击循环
2025-09-24T20:15:45.448Z [2025/9/25 04:15:45] [PID: 12896] [LOG] DESKTOP [SEARCH-BING] 30 剩余积分 | 查询: 用豆包ai制作动画壁纸
2025-09-24T20:15:57.144Z [2025/9/25 04:15:57] [PID: 12896] [LOG] DESKTOP [SEARCH-BING] 开始执行1次滚动和点击循环
2025-09-24T20:22:28.587Z [2025/9/25 04:22:28] [PID: 12896] [LOG] DESKTOP [SEARCH-BING] 27 剩余积分 | 查询: 用声音演绎一个人的一生
2025-09-24T20:22:41.657Z [2025/9/25 04:22:41] [PID: 12896] [LOG] DESKTOP [SEARCH-BING] 开始执行3次滚动和点击循环
2025-09-24T20:24:14.108Z [2025/9/25 04:24:14] [PID: 12896] [LOG] DESKTOP [SEARCH-BING] 执行只悬停操作并返回 (概率: 4%)
2025-09-24T20:30:04.369Z [2025/9/25 04:30:04] [PID: 12896] [LOG] DESKTOP [SEARCH-BING] 24 剩余积分 | 查询: 看图猜小学作文
2025-09-24T20:30:18.335Z [2025/9/25 04:30:18] [PID: 12896] [LOG] DESKTOP [SEARCH-BING] 开始执行1次滚动和点击循环
2025-09-24T20:36:04.282Z [2025/9/25 04:36:04] [PID: 12896] [LOG] DESKTOP [SEARCH-BING] 21 剩余积分 | 查询: 她好像浑身都在发光
2025-09-24T20:36:15.655Z [2025/9/25 04:36:15] [PID: 12896] [LOG] DESKTOP [SEARCH-BING] 开始执行1次滚动和点击循环
2025-09-24T20:42:08.849Z [2025/9/25 04:42:08] [PID: 12896] [LOG] DESKTOP [SEARCH-BING] 18 剩余积分 | 查询: 刘萧旭王小亿新剧设定好绝
2025-09-24T20:42:21.954Z [2025/9/25 04:42:21] [PID: 12896] [LOG] DESKTOP [SEARCH-BING] 开始执行3次滚动和点击循环
2025-09-24T20:44:38.246Z [2025/9/25 04:44:38] [PID: 12896] [LOG] DESKTOP [SEARCH-BING] 执行只悬停操作并返回 (概率: 1%)
2025-09-24T20:50:07.754Z [2025/9/25 04:50:07] [PID: 12896] [LOG] DESKTOP [SEARCH-BING] 15 剩余积分 | 查询: 中医综艺怎么这么好哭
2025-09-24T20:50:21.880Z [2025/9/25 04:50:21] [PID: 12896] [LOG] DESKTOP [SEARCH-BING] 开始执行1次滚动和点击循环
2025-09-24T20:55:36.329Z [2025/9/25 04:55:36] [PID: 12896] [LOG] DESKTOP [SEARCH-BING] 12 剩余积分 | 查询: 王者罗小黑战记联动玄策皮肤
2025-09-24T20:55:53.200Z [2025/9/25 04:55:53] [PID: 12896] [LOG] DESKTOP [SEARCH-BING] 开始执行3次滚动和点击循环
2025-09-24T21:03:32.921Z [2025/9/25 05:03:32] [PID: 12896] [LOG] DESKTOP [SEARCH-BING] 9 剩余积分 | 查询: 多远都要在一起翻唱
2025-09-24T21:03:47.040Z [2025/9/25 05:03:47] [PID: 12896] [LOG] DESKTOP [SEARCH-BING] 开始执行1次滚动和点击循环
2025-09-24T21:09:48.439Z [2025/9/25 05:09:48] [PID: 12896] [LOG] DESKTOP [SEARCH-BING] 6 剩余积分 | 查询: 没人能逃过林更新的嘴
2025-09-24T21:10:01.624Z [2025/9/25 05:10:01] [PID: 12896] [LOG] DESKTOP [SEARCH-BING] 开始执行1次滚动和点击循环
2025-09-24T21:10:18.311Z [2025/9/25 05:10:18] [PID: 12896] [LOG] DESKTOP [SEARCH-BING] 执行只悬停操作并返回 (概率: 28%)
2025-09-24T21:15:22.689Z [2025/9/25 05:15:22] [PID: 12896] [LOG] DESKTOP [SEARCH-BING] 3 剩余积分 | 查询: 秋冬穿搭新鲜感在线
2025-09-24T21:15:36.412Z [2025/9/25 05:15:36] [PID: 12896] [LOG] DESKTOP [SEARCH-BING] 开始执行3次滚动和点击循环
2025-09-24T21:16:16.371Z [2025/9/25 05:16:16] [PID: 12896] [LOG] DESKTOP [SEARCH-BING] 执行只悬停操作并返回 (概率: 4%)
2025-09-24T21:23:01.778Z [2025/9/25 05:23:01] [PID: 12896] [LOG] DESKTOP [SEARCH-BING] 搜索完成
2025-09-24T21:23:06.799Z [2025/9/25 05:23:06] [PID: 12896] [LOG] DESKTOP [关闭浏览器] 浏览器已成功关闭!
2025-09-24T21:23:07.352Z [2025/9/25 05:23:07] [PID: 12896] [LOG] MOBILE [浏览器] 已创建浏览器，用户代理User-Agent: "Mozilla/5.0 (Linux; Android 12; K) AppleWebKit/537.36 (KHTML, like Gecko) Chrome/139.0.0.0 Mobile Safari/537.36 EdgA/139.0.3405.86"
2025-09-24T21:23:07.522Z [2025/9/25 05:23:07] [PID: 12896] [LOG] MOBILE [MAIN] 正在启动浏览器
2025-09-24T21:23:07.523Z [2025/9/25 05:23:07] [PID: 12896] [LOG] MOBILE [登录] 开始登录流程!
2025-09-24T21:23:17.019Z [2025/9/25 05:23:17] [PID: 12896] [LOG] MOBILE [登录] 已登录
2025-09-24T21:23:20.098Z [2025/9/25 05:23:20] [PID: 12896] [LOG] MOBILE [必应登录] 验证必应登录状态
2025-09-24T21:23:33.499Z [2025/9/25 05:23:33] [PID: 12896] [LOG] MOBILE [登录] 成功登录，已保存登录会话!
2025-09-24T21:23:34.274Z [2025/9/25 05:23:34] [PID: 12896] [LOG] MOBILE [APP 登录] 等待授权...
2025-09-24T21:23:35.337Z [2025/9/25 05:23:35] [PID: 12896] [LOG] MOBILE [APP 登录] 授权成功
2025-09-24T21:23:53.370Z [2025/9/25 05:23:53] [PID: 12896] [LOG] MOBILE [返回主页] 成功访问主页
2025-09-24T21:24:02.793Z [2025/9/25 05:24:02] [PID: 12896] [LOG] MOBILE [设置地区] 地区:cn
2025-09-24T21:24:03.471Z [2025/9/25 05:24:03] [PID: 12896] [LOG] MOBILE [MAIN-POINTS] 打开一个新标签页，用于完成任务
2025-09-24T21:24:03.519Z [2025/9/25 05:24:03] [PID: 12896] [LOG] MOBILE [MAIN-POINTS] 在新标签页中导航到主页务
2025-09-24T21:24:19.835Z [2025/9/25 05:24:19] [PID: 12896] [LOG] MOBILE [返回主页] 成功访问主页
2025-09-24T21:24:19.836Z [2025/9/25 05:24:19] [PID: 12896] [LOG] MOBILE [每日任务] 所有“每日任务”项目均已完成
2025-09-24T21:24:19.836Z [2025/9/25 05:24:19] [PID: 12896] [LOG] MOBILE [更多活动] 所有“更多活动”项目均已完成
2025-09-24T21:24:19.836Z [2025/9/25 05:24:19] [PID: 12896] [LOG] MOBILE [MAIN-POINTS] 今天可赚取 90 积分（浏览器端: 60 积分，应用端: 30 积分）
2025-09-24T21:24:19.837Z [2025/9/25 05:24:19] [PID: 12896] [LOG] MOBILE [每日签到] 开始每日签到
2025-09-24T21:24:19.837Z [2025/9/25 05:24:19] [PID: 12896] [LOG] MOBILE [每日签到] 地区:cn
2025-09-24T21:24:20.378Z [2025/9/25 05:24:20] [PID: 12896] [LOG] MOBILE [每日签到] 已领取 10 积分
2025-09-24T21:24:20.378Z [2025/9/25 05:24:20] [PID: 12896] [LOG] MOBILE [阅读赚钱] 开始阅读赚钱活动
2025-09-24T21:24:20.836Z [2025/9/25 05:24:20] [PID: 12896] [LOG] MOBILE [阅读赚钱] 已阅读第 1 篇文章，共 10 篇 | 获得 3 积分
2025-09-24T21:28:56.027Z [2025/9/25 05:28:56] [PID: 12896] [LOG] MOBILE [阅读赚钱] 已阅读第 2 篇文章，共 10 篇 | 获得 3 积分
2025-09-24T21:33:36.711Z [2025/9/25 05:33:36] [PID: 12896] [LOG] MOBILE [阅读赚钱] 已阅读第 3 篇文章，共 10 篇 | 获得 3 积分
2025-09-24T21:37:37.776Z [2025/9/25 05:37:37] [PID: 12896] [LOG] MOBILE [阅读赚钱] 已阅读第 4 篇文章，共 10 篇 | 获得 3 积分
2025-09-24T21:41:39.921Z [2025/9/25 05:41:39] [PID: 12896] [LOG] MOBILE [阅读赚钱] 已阅读第 5 篇文章，共 10 篇 | 获得 3 积分
2025-09-24T21:48:01.700Z [2025/9/25 05:48:01] [PID: 12896] [LOG] MOBILE [阅读赚钱] 已阅读第 6 篇文章，共 10 篇 | 获得 3 积分
2025-09-24T21:54:17.212Z [2025/9/25 05:54:17] [PID: 12896] [LOG] MOBILE [阅读赚钱] 已阅读第 7 篇文章，共 10 篇 | 获得 3 积分
2025-09-24T21:59:34.217Z [2025/9/25 05:59:34] [PID: 12896] [LOG] MOBILE [阅读赚钱] 已阅读第 8 篇文章，共 10 篇 | 获得 3 积分
2025-09-24T22:04:00.410Z [2025/9/25 06:04:00] [PID: 12896] [LOG] MOBILE [阅读赚钱] 已阅读第 9 篇文章，共 10 篇 | 获得 3 积分
2025-09-24T22:08:18.375Z [2025/9/25 06:08:18] [PID: 12896] [LOG] MOBILE [阅读赚钱] 已阅读第 10 篇文章，共 10 篇 | 获得 3 积分
2025-09-24T22:14:28.042Z [2025/9/25 06:14:28] [PID: 12896] [LOG] MOBILE [阅读赚钱] 完成阅读赚钱活动
2025-09-24T22:14:43.225Z [2025/9/25 06:14:43] [PID: 12896] [LOG] MOBILE [返回主页] 成功访问主页
2025-09-24T22:14:43.226Z [2025/9/25 06:14:43] [PID: 12896] [LOG] MOBILE [SEARCH-BING] 开始必应搜索
2025-09-24T22:14:47.064Z [2025/9/25 06:14:47] [PID: 12896] [LOG] MOBILE [SEARCH-CHINA-TRENDS] 正在生成搜索查询，可能需要一些时间！ | 地理区域: cn
2025-09-24T22:14:47.516Z [2025/9/25 06:14:47] [PID: 12896] [LOG] MOBILE [SEARCH-CHINA-TRENDS] 已经获取WeiBoHot搜索查询
2025-09-24T22:14:47.520Z [2025/9/25 06:14:47] [PID: 12896] [LOG] MOBILE [SEARCH-BING] 已完成获取cn的搜索词
2025-09-24T22:14:58.415Z [2025/9/25 06:14:58] [PID: 12896] [LOG] MOBILE [SEARCH-BING] 60 剩余积分 | 查询: 王源周深又在微博音乐盛典闯祸了
2025-09-24T22:15:13.264Z [2025/9/25 06:15:13] [PID: 12896] [LOG] MOBILE [SEARCH-BING] 开始执行2次滚动和点击循环
2025-09-24T22:16:10.878Z [2025/9/25 06:16:10] [PID: 12896] [ERROR] MOBILE [SEARCH-BING] 搜索失败，发生错误:Error: page.evaluate: Target page, context or browser has been closed
2025-09-24T22:16:10.879Z [2025/9/25 06:16:10] [PID: 12896] [WARN] MOBILE [SEARCH-BING] 重试搜索，尝试 0/5
2025-09-24T22:16:35.535Z [2025/9/25 06:16:35] [PID: 12896] [LOG] MOBILE [SEARCH-BING] 开始执行2次滚动和点击循环
2025-09-24T22:22:44.532Z [2025/9/25 06:22:44] [PID: 12896] [LOG] MOBILE [SEARCH-BING] 57 剩余积分 | 查询: 谁敢信这是55岁的莫文蔚
2025-09-24T22:23:00.486Z [2025/9/25 06:23:00] [PID: 12896] [LOG] MOBILE [SEARCH-BING] 开始执行1次滚动和点击循环
2025-09-24T22:23:14.636Z [2025/9/25 06:23:14] [PID: 12896] [LOG] MOBILE [SEARCH-BING] 执行只悬停操作并返回 (概率: 14%)
2025-09-24T22:28:38.666Z [2025/9/25 06:28:38] [PID: 12896] [LOG] MOBILE [SEARCH-BING] 54 剩余积分 | 查询: 许我耀眼
2025-09-24T22:28:50.938Z [2025/9/25 06:28:50] [PID: 12896] [LOG] MOBILE [SEARCH-BING] 开始执行3次滚动和点击循环
2025-09-24T22:30:14.895Z [2025/9/25 06:30:14] [PID: 12896] [LOG] MOBILE [SEARCH-BING] 执行只悬停操作并返回 (概率: 6%)
2025-09-24T22:36:33.845Z [2025/9/25 06:36:33] [PID: 12896] [LOG] MOBILE [SEARCH-BING] 51 剩余积分 | 查询: 刺杀特朗普未遂男子当庭试图自杀
2025-09-24T22:36:47.060Z [2025/9/25 06:36:47] [PID: 12896] [LOG] MOBILE [SEARCH-BING] 开始执行1次滚动和点击循环
2025-09-24T22:42:45.699Z [2025/9/25 06:42:45] [PID: 12896] [LOG] MOBILE [SEARCH-BING] 48 剩余积分 | 查询: 老人去世留8套房给非亲生女儿最多
2025-09-24T22:42:58.842Z [2025/9/25 06:42:58] [PID: 12896] [LOG] MOBILE [SEARCH-BING] 开始执行2次滚动和点击循环
2025-09-24T22:49:00.995Z [2025/9/25 06:49:00] [PID: 12896] [LOG] MOBILE [SEARCH-BING] 45 剩余积分 | 查询: 米兰街头的丁禹兮
2025-09-24T22:49:13.833Z [2025/9/25 06:49:13] [PID: 12896] [LOG] MOBILE [SEARCH-BING] 开始执行3次滚动和点击循环
2025-09-24T22:49:25.619Z [2025/9/25 06:49:25] [PID: 12896] [LOG] MOBILE [SEARCH-BING] 执行只悬停操作并返回 (概率: 17%)
2025-09-24T22:57:38.585Z [2025/9/25 06:57:38] [PID: 12896] [LOG] MOBILE [SEARCH-BING] 42 剩余积分 | 查询: 胖东来录取30名刑释人员
2025-09-24T22:57:51.928Z [2025/9/25 06:57:51] [PID: 12896] [LOG] MOBILE [SEARCH-BING] 开始执行2次滚动和点击循环
2025-09-24T22:58:04.284Z [2025/9/25 06:58:04] [PID: 12896] [LOG] MOBILE [SEARCH-BING] 执行只悬停操作并返回 (概率: 30%)
2025-09-24T23:04:34.563Z [2025/9/25 07:04:34] [PID: 12896] [LOG] MOBILE [SEARCH-BING] 39 剩余积分 | 查询: 刘宇宁戴佩妮十指紧扣
2025-09-24T23:04:47.926Z [2025/9/25 07:04:47] [PID: 12896] [LOG] MOBILE [SEARCH-BING] 开始执行2次滚动和点击循环
2025-09-24T23:05:02.535Z [2025/9/25 07:05:02] [PID: 12896] [LOG] MOBILE [SEARCH-BING] 执行只悬停操作并返回 (概率: 3%)
2025-09-24T23:11:30.773Z [2025/9/25 07:11:30] [PID: 12896] [LOG] MOBILE [SEARCH-BING] 36 剩余积分 | 查询: 网红敖其尔去世
2025-09-24T23:11:41.189Z [2025/9/25 07:11:41] [PID: 12896] [LOG] MOBILE [SEARCH-BING] 开始执行2次滚动和点击循环
2025-09-24T23:11:54.250Z [2025/9/25 07:11:54] [PID: 12896] [LOG] MOBILE [SEARCH-BING] 执行只悬停操作并返回 (概率: 26%)
2025-09-24T23:12:17.987Z [2025/9/25 07:12:17] [PID: 12896] [LOG] MOBILE [SEARCH-BING] 执行只悬停操作并返回 (概率: 11%)
2025-09-24T23:17:34.997Z [2025/9/25 07:17:34] [PID: 12896] [LOG] MOBILE [SEARCH-BING] 33 剩余积分 | 查询: 日本警告以色列
2025-09-24T23:17:48.113Z [2025/9/25 07:17:48] [PID: 12896] [LOG] MOBILE [SEARCH-BING] 开始执行3次滚动和点击循环
2025-09-24T23:18:58.517Z [2025/9/25 07:18:58] [PID: 12896] [LOG] MOBILE [SEARCH-BING] 执行只悬停操作并返回 (概率: 25%)
2025-09-24T23:19:26.706Z [2025/9/25 07:19:26] [PID: 12896] [LOG] MOBILE [SEARCH-BING] 执行只悬停操作并返回 (概率: 15%)
2025-09-24T23:25:09.038Z [2025/9/25 07:25:09] [PID: 12896] [LOG] MOBILE [SEARCH-BING] 30 剩余积分 | 查询: 刘亦菲和两位年轻男子聚餐
2025-09-24T23:25:24.032Z [2025/9/25 07:25:24] [PID: 12896] [LOG] MOBILE [SEARCH-BING] 开始执行2次滚动和点击循环
2025-09-24T23:32:43.099Z [2025/9/25 07:32:43] [PID: 12896] [LOG] MOBILE [SEARCH-BING] 27 剩余积分 | 查询: 雷军
2025-09-24T23:32:57.651Z [2025/9/25 07:32:57] [PID: 12896] [LOG] MOBILE [SEARCH-BING] 开始执行1次滚动和点击循环
2025-09-24T23:38:42.575Z [2025/9/25 07:38:42] [PID: 12896] [LOG] MOBILE [SEARCH-BING] 24 剩余积分 | 查询: 猫耳 广播剧下架
2025-09-24T23:38:57.379Z [2025/9/25 07:38:57] [PID: 12896] [LOG] MOBILE [SEARCH-BING] 开始执行3次滚动和点击循环
2025-09-24T23:46:13.860Z [2025/9/25 07:46:13] [PID: 12896] [LOG] MOBILE [SEARCH-BING] 21 剩余积分 | 查询: 张维伊想和董璇把钱放一起
2025-09-24T23:46:27.726Z [2025/9/25 07:46:27] [PID: 12896] [LOG] MOBILE [SEARCH-BING] 开始执行3次滚动和点击循环
2025-09-24T23:46:43.016Z [2025/9/25 07:46:43] [PID: 12896] [LOG] MOBILE [SEARCH-BING] 执行只悬停操作并返回 (概率: 27%)
2025-09-24T23:54:29.260Z [2025/9/25 07:54:29] [PID: 12896] [LOG] MOBILE [SEARCH-BING] 18 剩余积分 | 查询: 紫幻
2025-09-24T23:54:40.869Z [2025/9/25 07:54:40] [PID: 12896] [LOG] MOBILE [SEARCH-BING] 开始执行2次滚动和点击循环
2025-09-24T23:54:51.313Z [2025/9/25 07:54:51] [PID: 12896] [LOG] MOBILE [SEARCH-BING] 执行只悬停操作并返回 (概率: 5%)
