2025-08-26T02:41:45.561Z [2025/8/26 10:41:45] [PID: 17308] [LOG] MAIN [MAIN] 机器人已启动，使用 1 个集群
2025-08-26T02:41:45.564Z [2025/8/26 10:41:45] [PID: 17308] [LOG] MAIN [MAIN-WORKER] 开始为账户 fanqiejiayou@outlook.com 执行任务
2025-08-26T02:41:46.866Z [2025/8/26 10:41:46] [PID: 17308] [LOG] DESKTOP [浏览器] 已创建浏览器，用户代理User-Agent: "Mozilla/5.0 (Windows NT 10.0; Win64; x64) AppleWebKit/537.36 (KHTML, like Gecko) Chrome/139.0.0.0 Safari/537.36 Edg/139.0.3405.102"
2025-08-26T02:41:49.275Z [2025/8/26 10:41:49] [PID: 17308] [LOG] DESKTOP [MAIN] 正在启动浏览器
2025-08-26T02:41:49.277Z [2025/8/26 10:41:49] [PID: 17308] [LOG] DESKTOP [登录] 开始登录流程!
2025-08-26T02:41:58.920Z [2025/8/26 10:41:58] [PID: 17308] [LOG] DESKTOP [登录] 已登录
2025-08-26T02:42:04.541Z [2025/8/26 10:42:04] [PID: 17308] [LOG] DESKTOP [必应登录] 验证必应登录状态
2025-08-26T02:42:20.963Z [2025/8/26 10:42:20] [PID: 17308] [LOG] DESKTOP [登录] 成功登录，已保存登录会话!
2025-08-26T02:42:35.675Z [2025/8/26 10:42:35] [PID: 17308] [LOG] DESKTOP [返回主页] 成功访问主页
2025-08-26T02:42:38.017Z [2025/8/26 10:42:38] [PID: 17308] [LOG] DESKTOP [MAIN-POINTS] 当前积分数量: 316
2025-08-26T02:42:40.108Z [2025/8/26 10:42:40] [PID: 17308] [LOG] DESKTOP [MAIN-POINTS] 今天可赚取 68 积分
2025-08-26T02:42:40.109Z [2025/8/26 10:42:40] [PID: 17308] [LOG] DESKTOP [MAIN-POINTS] 打开一个新标签页，用于完成任务
2025-08-26T02:42:40.223Z [2025/8/26 10:42:40] [PID: 17308] [LOG] DESKTOP [MAIN-POINTS] 在新标签页中导航到主页务
2025-08-26T02:42:55.428Z [2025/8/26 10:42:55] [PID: 17308] [LOG] DESKTOP [返回主页] 成功访问主页
2025-08-26T02:42:55.429Z [2025/8/26 10:42:55] [PID: 17308] [LOG] DESKTOP [打卡] 所有“打卡”项目均已完成
2025-08-26T02:42:55.430Z [2025/8/26 10:42:55] [PID: 17308] [LOG] DESKTOP [每日任务] 所有“每日任务”项目均已完成
2025-08-26T02:42:55.430Z [2025/8/26 10:42:55] [PID: 17308] [LOG] DESKTOP [更多活动] 开始解决“更多活动”项目
2025-08-26T02:43:07.562Z [2025/8/26 10:43:07] [PID: 17308] [LOG] DESKTOP [活动] 找到活动类型: "网址奖励" 标题: "Do you know the answer?"
2025-08-26T02:43:09.853Z [2025/8/26 10:43:09] [PID: 17308] [LOG] DESKTOP [网址奖励] 正在尝试完成网址奖励
2025-08-26T02:43:13.301Z [2025/8/26 10:43:13] [PID: 17308] [LOG] DESKTOP [网址奖励] 成功完成网址奖励
2025-08-26T02:43:20.900Z [2025/8/26 10:43:20] [PID: 17308] [LOG] DESKTOP [更多活动] 所有“更多活动”项目均已完成
2025-08-26T02:43:20.902Z [2025/8/26 10:43:20] [PID: 17308] [LOG] DESKTOP [SEARCH-BING] 开始必应搜索
2025-08-26T02:43:25.540Z [2025/8/26 10:43:25] [PID: 17308] [LOG] DESKTOP [SEARCH-CHINA-TRENDS] 正在生成搜索查询，可能需要一些时间！ | 地理区域: cn
2025-08-26T02:43:25.818Z [2025/8/26 10:43:25] [PID: 17308] [LOG] DESKTOP [SEARCH-CHINA-TRENDS] 已经获取BaiduHot搜索查询
2025-08-26T02:43:25.825Z [2025/8/26 10:43:25] [PID: 17308] [LOG] DESKTOP [SEARCH-BING] 已完成获取cn的搜索词
2025-08-26T02:43:36.973Z [2025/8/26 10:43:36] [PID: 17308] [LOG] DESKTOP [SEARCH-BING] 63 剩余积分 | 查询: 50万粉丝博主沙漠越野时翻车去世
2025-08-26T02:43:56.051Z [2025/8/26 10:43:56] [PID: 17308] [LOG] DESKTOP [SEARCH-BING] 开始执行2次滚动和点击循环
2025-08-26T02:44:14.247Z [2025/8/26 10:44:14] [PID: 17308] [LOG] DESKTOP [SEARCH-BING] 执行只悬停操作并返回 (概率: 17%)
2025-08-26T02:50:27.305Z [2025/8/26 10:50:27] [PID: 17308] [LOG] DESKTOP [SEARCH-BING] 60 剩余积分 | 查询: 刘亦菲晒38岁生日照
2025-08-26T02:50:38.392Z [2025/8/26 10:50:38] [PID: 17308] [LOG] DESKTOP [SEARCH-BING] 开始执行2次滚动和点击循环
2025-08-26T02:51:25.351Z [2025/8/26 10:51:25] [PID: 17308] [LOG] DESKTOP [SEARCH-BING] 执行只悬停操作并返回 (概率: 10%)
2025-08-26T02:57:19.170Z [2025/8/26 10:57:19] [PID: 17308] [LOG] DESKTOP [SEARCH-BING] 57 剩余积分 | 查询: 中方回应越南在南沙群岛填海造陆
2025-08-26T02:57:36.561Z [2025/8/26 10:57:36] [PID: 17308] [LOG] DESKTOP [SEARCH-BING] 开始执行2次滚动和点击循环
2025-08-26T02:57:54.904Z [2025/8/26 10:57:54] [PID: 17308] [LOG] DESKTOP [SEARCH-BING] 执行只悬停操作并返回 (概率: 24%)
2025-08-26T03:03:56.056Z [2025/8/26 11:03:56] [PID: 17308] [LOG] DESKTOP [SEARCH-BING] 54 剩余积分 | 查询: 大学生同居男方意外猝死？潍坊辟谣
2025-08-26T03:04:14.682Z [2025/8/26 11:04:14] [PID: 17308] [LOG] DESKTOP [SEARCH-BING] 开始执行3次滚动和点击循环
2025-08-26T03:05:42.465Z [2025/8/26 11:05:42] [PID: 17308] [LOG] DESKTOP [SEARCH-BING] 执行只悬停操作并返回 (概率: 7%)
