2025-09-28T10:38:41.512Z [2025/9/28 18:38:41] [PID: 18764] [LOG] MAIN [MAIN] 机器人已启动，使用 1 个集群
2025-09-28T10:38:41.517Z [2025/9/28 18:38:41] [PID: 18764] [LOG] MAIN [MAIN-WORKER] 开始为账户 fanqiejiayou@outlook.com 执行任务
2025-09-28T10:38:42.644Z [2025/9/28 18:38:42] [PID: 18764] [LOG] DESKTOP [浏览器] 已创建浏览器，用户代理User-Agent: "Mozilla/5.0 (Windows NT 10.0; Win64; x64) AppleWebKit/537.36 (KHTML, like Gecko) Chrome/139.0.0.0 Safari/537.36 Edg/139.0.3405.102"
2025-09-28T10:38:43.028Z [2025/9/28 18:38:43] [PID: 18764] [LOG] DESKTOP [MAIN] 正在启动浏览器
2025-09-28T10:38:43.031Z [2025/9/28 18:38:43] [PID: 18764] [LOG] DESKTOP [登录] 开始登录流程!
2025-09-28T10:38:54.574Z [2025/9/28 18:38:54] [PID: 18764] [LOG] DESKTOP [登录] 已登录
2025-09-28T10:38:57.636Z [2025/9/28 18:38:57] [PID: 18764] [LOG] DESKTOP [必应登录] 验证必应登录状态
2025-09-28T10:39:14.935Z [2025/9/28 18:39:14] [PID: 18764] [LOG] DESKTOP [登录] 成功登录，已保存登录会话!
2025-09-28T10:39:29.325Z [2025/9/28 18:39:29] [PID: 18764] [LOG] DESKTOP [返回主页] 成功访问主页
2025-09-28T10:39:31.093Z [2025/9/28 18:39:31] [PID: 18764] [LOG] DESKTOP [MAIN-POINTS] 当前积分数量: 3011
2025-09-28T10:39:32.808Z [2025/9/28 18:39:32] [PID: 18764] [LOG] DESKTOP [MAIN-POINTS] 今天可赚取 125 积分
2025-09-28T10:39:32.810Z [2025/9/28 18:39:32] [PID: 18764] [LOG] DESKTOP [MAIN-POINTS] 打开一个新标签页，用于完成任务
2025-09-28T10:39:32.944Z [2025/9/28 18:39:32] [PID: 18764] [LOG] DESKTOP [MAIN-POINTS] 在新标签页中导航到主页务
2025-09-28T10:39:47.461Z [2025/9/28 18:39:47] [PID: 18764] [LOG] DESKTOP [返回主页] 成功访问主页
2025-09-28T10:39:47.463Z [2025/9/28 18:39:47] [PID: 18764] [LOG] DESKTOP [打卡] 所有“打卡”项目均已完成
2025-09-28T10:39:47.464Z [2025/9/28 18:39:47] [PID: 18764] [LOG] DESKTOP [每日任务] 开始解决“每日任务”项目
2025-09-28T10:39:55.807Z [2025/9/28 18:39:55] [PID: 18764] [LOG] DESKTOP [活动] 找到活动类型: "网址奖励" 标题: "Acai bowl delights"
2025-09-28T10:39:58.019Z [2025/9/28 18:39:58] [PID: 18764] [LOG] DESKTOP [网址奖励] 正在尝试完成网址奖励
2025-09-28T10:40:01.361Z [2025/9/28 18:40:01] [PID: 18764] [LOG] DESKTOP [网址奖励] 成功完成网址奖励
2025-09-28T10:40:14.715Z [2025/9/28 18:40:14] [PID: 18764] [LOG] DESKTOP [活动] 找到活动类型: "网址奖励" 标题: "da Vinci's legacy"
2025-09-28T10:40:16.427Z [2025/9/28 18:40:16] [PID: 18764] [LOG] DESKTOP [网址奖励] 正在尝试完成网址奖励
2025-09-28T10:40:20.027Z [2025/9/28 18:40:20] [PID: 18764] [LOG] DESKTOP [网址奖励] 成功完成网址奖励
2025-09-28T10:40:29.313Z [2025/9/28 18:40:29] [PID: 18764] [LOG] DESKTOP [活动] 找到活动类型: "网址奖励" 标题: "Cricket 101"
2025-09-28T10:40:30.942Z [2025/9/28 18:40:30] [PID: 18764] [LOG] DESKTOP [网址奖励] 正在尝试完成网址奖励
2025-09-28T10:40:30.985Z [2025/9/28 18:40:30] [PID: 18764] [LOG] DESKTOP [网址奖励] 成功完成网址奖励
2025-09-28T10:40:37.082Z [2025/9/28 18:40:37] [PID: 18764] [LOG] DESKTOP [每日任务] 所有“每日任务”项目均已完成
2025-09-28T10:40:37.083Z [2025/9/28 18:40:37] [PID: 18764] [LOG] DESKTOP [更多活动] 开始解决“更多活动”项目
2025-09-28T10:40:51.219Z [2025/9/28 18:40:51] [PID: 18764] [LOG] DESKTOP [活动] 找到活动类型: "网址奖励" 标题: "Do you know the answer?"
2025-09-28T10:40:53.476Z [2025/9/28 18:40:53] [PID: 18764] [LOG] DESKTOP [网址奖励] 正在尝试完成网址奖励
2025-09-28T10:40:57.266Z [2025/9/28 18:40:57] [PID: 18764] [LOG] DESKTOP [网址奖励] 成功完成网址奖励
2025-09-28T10:41:03.962Z [2025/9/28 18:41:03] [PID: 18764] [LOG] DESKTOP [更多活动] 所有“更多活动”项目均已完成
2025-09-28T10:41:03.963Z [2025/9/28 18:41:03] [PID: 18764] [LOG] DESKTOP [SEARCH-BING] 开始必应搜索
2025-09-28T10:41:10.142Z [2025/9/28 18:41:10] [PID: 18764] [LOG] DESKTOP [SEARCH-CHINA-TRENDS] 正在生成搜索查询，可能需要一些时间！ | 地理区域: cn
2025-09-28T10:41:10.560Z [2025/9/28 18:41:10] [PID: 18764] [LOG] DESKTOP [SEARCH-CHINA-TRENDS] 已经获取BaiduHot搜索查询
2025-09-28T10:41:10.576Z [2025/9/28 18:41:10] [PID: 18764] [LOG] DESKTOP [SEARCH-BING] 已完成获取cn的搜索词
2025-09-28T10:41:21.002Z [2025/9/28 18:41:21] [PID: 18764] [LOG] DESKTOP [SEARCH-BING] 81 剩余积分 | 查询: 女子问自己是否在逃 民警一查还真是
2025-09-28T10:41:34.260Z [2025/9/28 18:41:34] [PID: 18764] [LOG] DESKTOP [SEARCH-BING] 开始执行2次滚动和点击循环
2025-09-28T10:41:49.651Z [2025/9/28 18:41:49] [PID: 18764] [LOG] DESKTOP [SEARCH-BING] 执行只悬停操作并返回 (概率: 4%)
2025-09-28T10:48:01.213Z [2025/9/28 18:48:01] [PID: 18764] [LOG] DESKTOP [SEARCH-BING] 78 剩余积分 | 查询: 玄学大师落网时被问“算到被抓吗”
2025-09-28T10:48:14.854Z [2025/9/28 18:48:14] [PID: 18764] [LOG] DESKTOP [SEARCH-BING] 开始执行3次滚动和点击循环
2025-09-28T10:48:30.750Z [2025/9/28 18:48:30] [PID: 18764] [LOG] DESKTOP [SEARCH-BING] 执行只悬停操作并返回 (概率: 4%)
2025-09-28T10:56:00.911Z [2025/9/28 18:56:00] [PID: 18764] [LOG] DESKTOP [SEARCH-BING] 75 剩余积分 | 查询: 乌鲁木齐南山发生暴雨山洪系谣言
2025-09-28T10:56:12.170Z [2025/9/28 18:56:12] [PID: 18764] [LOG] DESKTOP [SEARCH-BING] 开始执行3次滚动和点击循环
2025-09-28T10:56:24.110Z [2025/9/28 18:56:24] [PID: 18764] [LOG] DESKTOP [SEARCH-BING] 执行只悬停操作并返回 (概率: 1%)
2025-09-28T11:03:11.442Z [2025/9/28 19:03:11] [PID: 18764] [LOG] DESKTOP [SEARCH-BING] 72 剩余积分 | 查询: 万达知情人士回应王健林被限高
2025-09-28T11:03:26.956Z [2025/9/28 19:03:26] [PID: 18764] [LOG] DESKTOP [SEARCH-BING] 开始执行1次滚动和点击循环
2025-09-28T11:09:04.638Z [2025/9/28 19:09:04] [PID: 18764] [LOG] DESKTOP [SEARCH-BING] 69 剩余积分 | 查询: 官方回应“唐飞机直播时坠机身亡”
2025-09-28T11:09:17.201Z [2025/9/28 19:09:17] [PID: 18764] [LOG] DESKTOP [SEARCH-BING] 开始执行1次滚动和点击循环
2025-09-28T11:09:33.741Z [2025/9/28 19:09:33] [PID: 18764] [LOG] DESKTOP [SEARCH-BING] 执行只悬停操作并返回 (概率: 16%)
2025-09-28T11:15:41.566Z [2025/9/28 19:15:41] [PID: 18764] [LOG] DESKTOP [SEARCH-BING] 66 剩余积分 | 查询: 最高法再审改判：车超等人无罪
2025-09-28T11:16:06.896Z [2025/9/28 19:16:06] [PID: 18764] [LOG] DESKTOP [SEARCH-BING] 开始执行2次滚动和点击循环
2025-09-28T11:23:11.387Z [2025/9/28 19:23:11] [PID: 18764] [LOG] DESKTOP [SEARCH-BING] 63 剩余积分 | 查询: 10艘国际援助船驶向加沙
2025-09-28T11:23:26.720Z [2025/9/28 19:23:26] [PID: 18764] [LOG] DESKTOP [SEARCH-BING] 开始执行3次滚动和点击循环
2025-09-28T11:24:43.022Z [2025/9/28 19:24:43] [PID: 18764] [LOG] DESKTOP [SEARCH-BING] 执行只悬停操作并返回 (概率: 15%)
2025-09-28T11:30:32.301Z [2025/9/28 19:30:32] [PID: 18764] [LOG] DESKTOP [SEARCH-BING] 60 剩余积分 | 查询: 曝美军或空袭委内瑞拉
2025-09-28T11:30:43.526Z [2025/9/28 19:30:43] [PID: 18764] [LOG] DESKTOP [SEARCH-BING] 开始执行3次滚动和点击循环
2025-09-28T11:31:29.671Z [2025/9/28 19:31:29] [PID: 18764] [LOG] DESKTOP [SEARCH-BING] 执行只悬停操作并返回 (概率: 18%)
2025-09-28T11:32:01.025Z [2025/9/28 19:32:01] [PID: 18764] [LOG] DESKTOP [SEARCH-BING] 执行只悬停操作并返回 (概率: 22%)
2025-09-28T11:36:50.136Z [2025/9/28 19:36:50] [PID: 18764] [LOG] DESKTOP [SEARCH-BING] 57 剩余积分 | 查询: “奶奶去世前写的 请大家帮忙辨认”
2025-09-28T11:37:01.674Z [2025/9/28 19:37:01] [PID: 18764] [LOG] DESKTOP [SEARCH-BING] 开始执行2次滚动和点击循环
2025-09-28T11:43:21.756Z [2025/9/28 19:43:21] [PID: 18764] [LOG] DESKTOP [SEARCH-BING] 54 剩余积分 | 查询: 美H-1B签证费暴涨 印度人或涌向日本
2025-09-28T11:43:34.417Z [2025/9/28 19:43:34] [PID: 18764] [LOG] DESKTOP [SEARCH-BING] 开始执行3次滚动和点击循环
2025-09-28T11:51:21.877Z [2025/9/28 19:51:21] [PID: 18764] [LOG] DESKTOP [SEARCH-BING] 51 剩余积分 | 查询: 以色列被“全球孤立”只是开始
2025-09-28T11:51:36.036Z [2025/9/28 19:51:36] [PID: 18764] [LOG] DESKTOP [SEARCH-BING] 开始执行1次滚动和点击循环
2025-09-28T11:57:31.372Z [2025/9/28 19:57:31] [PID: 18764] [LOG] DESKTOP [SEARCH-BING] 48 剩余积分 | 查询: 以色列面临痛苦而重大妥协
2025-09-28T11:57:41.949Z [2025/9/28 19:57:41] [PID: 18764] [LOG] DESKTOP [SEARCH-BING] 开始执行3次滚动和点击循环
2025-09-28T11:58:21.441Z [2025/9/28 19:58:21] [PID: 18764] [LOG] DESKTOP [SEARCH-BING] 执行只悬停操作并返回 (概率: 17%)
2025-09-28T12:04:39.925Z [2025/9/28 20:04:39] [PID: 18764] [LOG] DESKTOP [SEARCH-BING] 45 剩余积分 | 查询: 带你见证世界级震撼
2025-09-28T12:04:54.534Z [2025/9/28 20:04:54] [PID: 18764] [LOG] DESKTOP [SEARCH-BING] 开始执行2次滚动和点击循环
2025-09-28T12:05:07.540Z [2025/9/28 20:05:07] [PID: 18764] [LOG] DESKTOP [SEARCH-BING] 执行只悬停操作并返回 (概率: 14%)
2025-09-28T12:11:33.241Z [2025/9/28 20:11:33] [PID: 18764] [LOG] DESKTOP [SEARCH-BING] 42 剩余积分 | 查询: 印度踩踏事故影像公布 尖叫不断
2025-09-28T12:11:47.539Z [2025/9/28 20:11:47] [PID: 18764] [LOG] DESKTOP [SEARCH-BING] 开始执行1次滚动和点击循环
2025-09-28T12:18:21.361Z [2025/9/28 20:18:21] [PID: 18764] [LOG] DESKTOP [SEARCH-BING] 39 剩余积分 | 查询: 江苏常州辅警花明渊被记特等功
2025-09-28T12:18:34.870Z [2025/9/28 20:18:34] [PID: 18764] [LOG] DESKTOP [SEARCH-BING] 开始执行2次滚动和点击循环
2025-09-28T12:25:43.136Z [2025/9/28 20:25:43] [PID: 18764] [LOG] DESKTOP [SEARCH-BING] 36 剩余积分 | 查询: 00后小伙做老房子微缩模型年入百万
2025-09-28T12:25:59.804Z [2025/9/28 20:25:59] [PID: 18764] [LOG] DESKTOP [SEARCH-BING] 开始执行2次滚动和点击循环
2025-09-28T12:32:50.683Z [2025/9/28 20:32:50] [PID: 18764] [LOG] DESKTOP [SEARCH-BING] 33 剩余积分 | 查询: 官方通报干部买500斤散酒放单位接待
2025-09-28T12:33:04.447Z [2025/9/28 20:33:04] [PID: 18764] [LOG] DESKTOP [SEARCH-BING] 开始执行2次滚动和点击循环
2025-09-28T12:39:54.984Z [2025/9/28 20:39:54] [PID: 18764] [LOG] DESKTOP [SEARCH-BING] 30 剩余积分 | 查询: 6年后国庆中秋竟是一天
2025-09-28T12:40:09.031Z [2025/9/28 20:40:09] [PID: 18764] [LOG] DESKTOP [SEARCH-BING] 开始执行1次滚动和点击循环
2025-09-28T12:46:28.181Z [2025/9/28 20:46:28] [PID: 18764] [LOG] DESKTOP [SEARCH-BING] 27 剩余积分 | 查询: 九三阅兵礼宾车正在陆续返还车主
2025-09-28T12:46:39.246Z [2025/9/28 20:46:39] [PID: 18764] [LOG] DESKTOP [SEARCH-BING] 开始执行1次滚动和点击循环
2025-09-28T12:51:51.487Z [2025/9/28 20:51:51] [PID: 18764] [LOG] DESKTOP [SEARCH-BING] 24 剩余积分 | 查询: 柯洁卫冕棋圣战激动流泪
2025-09-28T12:52:04.048Z [2025/9/28 20:52:04] [PID: 18764] [LOG] DESKTOP [SEARCH-BING] 开始执行3次滚动和点击循环
2025-09-28T13:00:07.977Z [2025/9/28 21:00:07] [PID: 18764] [LOG] DESKTOP [SEARCH-BING] 21 剩余积分 | 查询: 俄罗斯支持巴西印度申请入常
2025-09-28T13:00:21.699Z [2025/9/28 21:00:21] [PID: 18764] [LOG] DESKTOP [SEARCH-BING] 开始执行3次滚动和点击循环
2025-09-28T13:09:08.145Z [2025/9/28 21:09:08] [PID: 18764] [LOG] DESKTOP [SEARCH-BING] 15 剩余积分 | 查询: 贵州一溶洞被曝垃圾堆成山 官方回应
2025-09-28T13:09:27.426Z [2025/9/28 21:09:27] [PID: 18764] [LOG] DESKTOP [SEARCH-BING] 开始执行2次滚动和点击循环
2025-09-28T13:16:12.386Z [2025/9/28 21:16:12] [PID: 18764] [LOG] DESKTOP [SEARCH-BING] 12 剩余积分 | 查询: 中国派出两架运20向巴运送救灾物资
2025-09-28T13:16:29.969Z [2025/9/28 21:16:29] [PID: 18764] [LOG] DESKTOP [SEARCH-BING] 开始执行3次滚动和点击循环
2025-09-28T13:18:14.458Z [2025/9/28 21:18:14] [PID: 18764] [LOG] DESKTOP [SEARCH-BING] 执行只悬停操作并返回 (概率: 3%)
2025-09-28T13:24:10.986Z [2025/9/28 21:24:10] [PID: 18764] [LOG] DESKTOP [SEARCH-BING] 6 剩余积分 | 查询: 浙江娃哈哈销售权被“夺”
2025-09-28T13:24:27.328Z [2025/9/28 21:24:27] [PID: 18764] [LOG] DESKTOP [SEARCH-BING] 开始执行3次滚动和点击循环
2025-09-28T13:25:44.652Z [2025/9/28 21:25:44] [PID: 18764] [LOG] DESKTOP [SEARCH-BING] 执行只悬停操作并返回 (概率: 27%)
2025-09-28T13:26:11.782Z [2025/9/28 21:26:11] [PID: 18764] [LOG] DESKTOP [SEARCH-BING] 执行只悬停操作并返回 (概率: 18%)
2025-09-28T16:05:56.698Z [2025/9/29 00:05:56] [PID: 14524] [LOG] MAIN [MAIN] 机器人已启动，使用 1 个集群
2025-09-28T16:05:56.702Z [2025/9/29 00:05:56] [PID: 14524] [LOG] MAIN [MAIN-WORKER] 开始为账户 fanqiejiayou@outlook.com 执行任务
2025-09-28T16:05:57.866Z [2025/9/29 00:05:57] [PID: 14524] [LOG] DESKTOP [浏览器] 已创建浏览器，用户代理User-Agent: "Mozilla/5.0 (Windows NT 10.0; Win64; x64) AppleWebKit/537.36 (KHTML, like Gecko) Chrome/139.0.0.0 Safari/537.36 Edg/139.0.3405.102"
2025-09-28T16:05:58.242Z [2025/9/29 00:05:58] [PID: 14524] [LOG] DESKTOP [MAIN] 正在启动浏览器
2025-09-28T16:05:58.245Z [2025/9/29 00:05:58] [PID: 14524] [LOG] DESKTOP [登录] 开始登录流程!
2025-09-28T16:06:19.488Z [2025/9/29 00:06:19] [PID: 14524] [WARN] DESKTOP [登录] 未找到邮箱字段
2025-09-28T16:06:27.402Z [2025/9/29 00:06:27] [PID: 14524] [LOG] DESKTOP [LOGIN] No 2FA skip button found, proceeding with password entry
2025-09-28T16:06:39.422Z [2025/9/29 00:06:39] [PID: 14524] [WARN] DESKTOP [登录] 未找到密码字段，可能需要双重身份验证（2FA）
2025-09-28T16:07:47.103Z [2025/9/29 00:07:47] [PID: 14524] [LOG] DESKTOP [登录] 2FA 处理失败: TimeoutError: page.waitForSelector: Timeout 2000ms exceeded.
Call log:
  [2m- waiting for locator('#displaySign, div[data-testid="displaySign"]>span') to be visible[22m

2025-09-28T16:07:55.510Z [2025/9/29 00:07:55] [PID: 14524] [LOG] DESKTOP [关闭所有登录消息] 已关闭 "使用 Passekey" 弹窗
2025-09-28T16:08:02.075Z [2025/9/29 00:08:02] [PID: 14524] [LOG] DESKTOP [登录] 成功登录奖励门户
2025-09-28T16:08:02.077Z [2025/9/29 00:08:02] [PID: 14524] [LOG] DESKTOP [登录] 成功登录微软
2025-09-28T16:08:02.078Z [2025/9/29 00:08:02] [PID: 14524] [LOG] DESKTOP [必应登录] 验证必应登录状态
2025-09-28T16:08:15.333Z [2025/9/29 00:08:15] [PID: 14524] [LOG] DESKTOP [登录] 成功登录，已保存登录会话!
2025-09-28T16:08:36.428Z [2025/9/29 00:08:36] [PID: 14524] [LOG] DESKTOP [返回主页] 成功访问主页
2025-09-28T16:08:38.425Z [2025/9/29 00:08:38] [PID: 14524] [LOG] DESKTOP [MAIN-POINTS] 当前积分数量: 3145
2025-09-28T16:08:40.173Z [2025/9/29 00:08:40] [PID: 14524] [LOG] DESKTOP [MAIN-POINTS] 今天可赚取 120 积分
2025-09-28T16:08:40.174Z [2025/9/29 00:08:40] [PID: 14524] [LOG] DESKTOP [MAIN-POINTS] 打开一个新标签页，用于完成任务
2025-09-28T16:08:40.317Z [2025/9/29 00:08:40] [PID: 14524] [LOG] DESKTOP [MAIN-POINTS] 在新标签页中导航到主页务
2025-09-28T16:08:55.273Z [2025/9/29 00:08:55] [PID: 14524] [LOG] DESKTOP [返回主页] 成功访问主页
2025-09-28T16:08:55.274Z [2025/9/29 00:08:55] [PID: 14524] [LOG] DESKTOP [打卡] 所有“打卡”项目均已完成
2025-09-28T16:08:55.275Z [2025/9/29 00:08:55] [PID: 14524] [LOG] DESKTOP [每日任务] 开始解决“每日任务”项目
2025-09-28T16:09:06.995Z [2025/9/29 00:09:06] [PID: 14524] [LOG] DESKTOP [活动] 找到活动类型: "网址奖励" 标题: "Antarctica fun facts"
2025-09-28T16:09:09.630Z [2025/9/29 00:09:09] [PID: 14524] [LOG] DESKTOP [网址奖励] 正在尝试完成网址奖励
2025-09-28T16:09:13.084Z [2025/9/29 00:09:13] [PID: 14524] [LOG] DESKTOP [网址奖励] 成功完成网址奖励
2025-09-28T16:09:25.261Z [2025/9/29 00:09:25] [PID: 14524] [LOG] DESKTOP [活动] 找到活动类型: "网址奖励" 标题: "Hydration benefits"
2025-09-28T16:09:28.488Z [2025/9/29 00:09:28] [PID: 14524] [LOG] DESKTOP [网址奖励] 正在尝试完成网址奖励
2025-09-28T16:09:28.538Z [2025/9/29 00:09:28] [PID: 14524] [LOG] DESKTOP [网址奖励] 成功完成网址奖励
2025-09-28T16:09:42.839Z [2025/9/29 00:09:42] [PID: 14524] [LOG] DESKTOP [活动] 找到活动类型: "网址奖励" 标题: "Baking guide"
2025-09-28T16:09:46.779Z [2025/9/29 00:09:46] [PID: 14524] [LOG] DESKTOP [网址奖励] 正在尝试完成网址奖励
2025-09-28T16:09:46.857Z [2025/9/29 00:09:46] [PID: 14524] [LOG] DESKTOP [网址奖励] 成功完成网址奖励
2025-09-28T16:09:51.141Z [2025/9/29 00:09:51] [PID: 14524] [LOG] DESKTOP [每日任务] 所有“每日任务”项目均已完成
2025-09-28T16:09:51.142Z [2025/9/29 00:09:51] [PID: 14524] [LOG] DESKTOP [更多活动] 所有“更多活动”项目均已完成
2025-09-28T16:09:51.143Z [2025/9/29 00:09:51] [PID: 14524] [LOG] DESKTOP [SEARCH-BING] 开始必应搜索
2025-09-28T16:09:56.762Z [2025/9/29 00:09:56] [PID: 14524] [LOG] DESKTOP [SEARCH-CHINA-TRENDS] 正在生成搜索查询，可能需要一些时间！ | 地理区域: cn
2025-09-28T16:09:57.396Z [2025/9/29 00:09:57] [PID: 14524] [LOG] DESKTOP [SEARCH-CHINA-TRENDS] 已经获取WeiBoHot搜索查询
2025-09-28T16:09:57.419Z [2025/9/29 00:09:57] [PID: 14524] [LOG] DESKTOP [SEARCH-BING] 已完成获取cn的搜索词
2025-09-28T16:10:07.881Z [2025/9/29 00:10:07] [PID: 14524] [LOG] DESKTOP [SEARCH-BING] 90 剩余积分 | 查询: 沈佳润实力好强
2025-09-28T16:10:22.574Z [2025/9/29 00:10:22] [PID: 14524] [LOG] DESKTOP [SEARCH-BING] 开始执行2次滚动和点击循环
2025-09-28T16:17:02.301Z [2025/9/29 00:17:02] [PID: 14524] [LOG] DESKTOP [SEARCH-BING] 90 剩余积分 | 查询: 闫妮又微醺了
2025-09-28T16:17:17.539Z [2025/9/29 00:17:17] [PID: 14524] [LOG] DESKTOP [SEARCH-BING] 开始执行2次滚动和点击循环
2025-09-28T16:18:29.680Z [2025/9/29 00:18:29] [PID: 14524] [LOG] DESKTOP [SEARCH-BING] 执行只悬停操作并返回 (概率: 5%)
2025-09-28T16:24:04.285Z [2025/9/29 00:24:04] [PID: 14524] [LOG] DESKTOP [SEARCH-BING] 90 剩余积分 | 查询: 王楚钦狂撸海螺的头
2025-09-28T16:24:23.971Z [2025/9/29 00:24:23] [PID: 14524] [LOG] DESKTOP [SEARCH-BING] 开始执行2次滚动和点击循环
2025-09-28T16:25:35.129Z [2025/9/29 00:25:35] [PID: 14524] [LOG] DESKTOP [SEARCH-BING] 执行只悬停操作并返回 (概率: 9%)
2025-09-28T16:31:20.426Z [2025/9/29 00:31:20] [PID: 14524] [LOG] DESKTOP [SEARCH-BING] 81 剩余积分 | 查询: 月光
2025-09-28T16:31:37.810Z [2025/9/29 00:31:37] [PID: 14524] [LOG] DESKTOP [SEARCH-BING] 开始执行1次滚动和点击循环
2025-09-28T16:31:56.380Z [2025/9/29 00:31:56] [PID: 14524] [LOG] DESKTOP [SEARCH-BING] 执行只悬停操作并返回 (概率: 7%)
2025-09-28T16:37:51.779Z [2025/9/29 00:37:51] [PID: 14524] [LOG] DESKTOP [SEARCH-BING] 78 剩余积分 | 查询: 青春正澎湃
2025-09-28T16:38:07.483Z [2025/9/29 00:38:07] [PID: 14524] [LOG] DESKTOP [SEARCH-BING] 开始执行3次滚动和点击循环
2025-09-28T16:38:24.994Z [2025/9/29 00:38:24] [PID: 14524] [LOG] DESKTOP [SEARCH-BING] 执行只悬停操作并返回 (概率: 9%)
2025-09-28T16:45:37.363Z [2025/9/29 00:45:37] [PID: 14524] [LOG] DESKTOP [SEARCH-BING] 75 剩余积分 | 查询: JDG秋季赛夺冠
2025-09-28T16:45:55.494Z [2025/9/29 00:45:55] [PID: 14524] [LOG] DESKTOP [SEARCH-BING] 开始执行1次滚动和点击循环
2025-09-28T16:52:13.291Z [2025/9/29 00:52:13] [PID: 14524] [LOG] DESKTOP [SEARCH-BING] 72 剩余积分 | 查询: 老人手术导丝掉血管医院补偿8000
2025-09-28T16:52:27.702Z [2025/9/29 00:52:27] [PID: 14524] [LOG] DESKTOP [SEARCH-BING] 开始执行3次滚动和点击循环
2025-09-28T16:53:58.905Z [2025/9/29 00:53:58] [PID: 14524] [LOG] DESKTOP [SEARCH-BING] 执行只悬停操作并返回 (概率: 3%)
2025-09-28T16:59:44.345Z [2025/9/29 00:59:44] [PID: 14524] [LOG] DESKTOP [SEARCH-BING] 69 剩余积分 | 查询: 央视曝光玄学大师骗局
2025-09-28T17:00:04.208Z [2025/9/29 01:00:04] [PID: 14524] [LOG] DESKTOP [SEARCH-BING] 开始执行3次滚动和点击循环
2025-09-28T17:07:33.541Z [2025/9/29 01:07:33] [PID: 14524] [LOG] DESKTOP [SEARCH-BING] 66 剩余积分 | 查询: 湾区升明月 检验唱功
2025-09-28T17:07:50.963Z [2025/9/29 01:07:50] [PID: 14524] [LOG] DESKTOP [SEARCH-BING] 开始执行2次滚动和点击循环
2025-09-28T17:14:23.798Z [2025/9/29 01:14:23] [PID: 14524] [LOG] DESKTOP [SEARCH-BING] 63 剩余积分 | 查询: 向佐回应向家破产
2025-09-28T17:14:43.154Z [2025/9/29 01:14:43] [PID: 14524] [LOG] DESKTOP [SEARCH-BING] 开始执行3次滚动和点击循环
2025-09-28T17:22:37.593Z [2025/9/29 01:22:37] [PID: 14524] [LOG] DESKTOP [SEARCH-BING] 60 剩余积分 | 查询: 王健林已卖掉85个万达广场
2025-09-28T17:22:57.604Z [2025/9/29 01:22:57] [PID: 14524] [LOG] DESKTOP [SEARCH-BING] 开始执行3次滚动和点击循环
2025-09-28T17:31:25.989Z [2025/9/29 01:31:25] [PID: 14524] [LOG] DESKTOP [SEARCH-BING] 57 剩余积分 | 查询: 王源骄傲 好听
2025-09-28T17:31:41.426Z [2025/9/29 01:31:41] [PID: 14524] [LOG] DESKTOP [SEARCH-BING] 开始执行1次滚动和点击循环
2025-09-28T17:37:39.212Z [2025/9/29 01:37:39] [PID: 14524] [LOG] DESKTOP [SEARCH-BING] 54 剩余积分 | 查询: 幻梦都破碎
2025-09-28T17:37:53.980Z [2025/9/29 01:37:53] [PID: 14524] [LOG] DESKTOP [SEARCH-BING] 开始执行3次滚动和点击循环
2025-09-28T17:39:09.135Z [2025/9/29 01:39:09] [PID: 14524] [LOG] DESKTOP [SEARCH-BING] 执行只悬停操作并返回 (概率: 20%)
2025-09-28T17:39:44.154Z [2025/9/29 01:39:44] [PID: 14524] [LOG] DESKTOP [SEARCH-BING] 执行只悬停操作并返回 (概率: 26%)
2025-09-28T17:45:52.411Z [2025/9/29 01:45:52] [PID: 14524] [LOG] DESKTOP [SEARCH-BING] 51 剩余积分 | 查询: 任嘉伦寸头
2025-09-28T17:46:09.616Z [2025/9/29 01:46:09] [PID: 14524] [LOG] DESKTOP [SEARCH-BING] 开始执行3次滚动和点击循环
2025-09-28T17:47:50.169Z [2025/9/29 01:47:50] [PID: 14524] [LOG] DESKTOP [SEARCH-BING] 执行只悬停操作并返回 (概率: 23%)
2025-09-28T17:53:33.610Z [2025/9/29 01:53:33] [PID: 14524] [LOG] DESKTOP [SEARCH-BING] 48 剩余积分 | 查询: 沈佳润出场 小沈阳被抬走
2025-09-28T17:53:52.276Z [2025/9/29 01:53:52] [PID: 14524] [LOG] DESKTOP [SEARCH-BING] 开始执行3次滚动和点击循环
2025-09-28T17:55:14.720Z [2025/9/29 01:55:14] [PID: 14524] [LOG] DESKTOP [SEARCH-BING] 执行只悬停操作并返回 (概率: 1%)
2025-09-28T17:55:47.422Z [2025/9/29 01:55:47] [PID: 14524] [LOG] DESKTOP [SEARCH-BING] 执行只悬停操作并返回 (概率: 23%)
2025-09-28T18:00:47.103Z [2025/9/29 02:00:47] [PID: 14524] [LOG] DESKTOP [SEARCH-BING] 45 剩余积分 | 查询: 湾区升明月
2025-09-28T18:01:05.326Z [2025/9/29 02:01:05] [PID: 14524] [LOG] DESKTOP [SEARCH-BING] 开始执行3次滚动和点击循环
2025-09-28T18:01:40.894Z [2025/9/29 02:01:40] [PID: 14524] [LOG] DESKTOP [SEARCH-BING] 执行只悬停操作并返回 (概率: 12%)
2025-09-28T18:02:13.949Z [2025/9/29 02:02:13] [PID: 14524] [LOG] DESKTOP [SEARCH-BING] 执行只悬停操作并返回 (概率: 22%)
2025-09-28T18:07:34.303Z [2025/9/29 02:07:34] [PID: 14524] [LOG] DESKTOP [SEARCH-BING] 42 剩余积分 | 查询: 曝短剧导演熬夜猝死
2025-09-28T18:07:48.286Z [2025/9/29 02:07:48] [PID: 14524] [LOG] DESKTOP [SEARCH-BING] 开始执行3次滚动和点击循环
2025-09-28T18:08:02.207Z [2025/9/29 02:08:02] [PID: 14524] [LOG] DESKTOP [SEARCH-BING] 执行只悬停操作并返回 (概率: 26%)
2025-09-28T18:15:07.450Z [2025/9/29 02:15:07] [PID: 14524] [LOG] DESKTOP [SEARCH-BING] 39 剩余积分 | 查询: 林依轮发了6张后台合照
2025-09-28T18:15:22.672Z [2025/9/29 02:15:22] [PID: 14524] [LOG] DESKTOP [SEARCH-BING] 开始执行1次滚动和点击循环
2025-09-28T18:22:02.491Z [2025/9/29 02:22:02] [PID: 14524] [LOG] DESKTOP [SEARCH-BING] 36 剩余积分 | 查询: 苏醒 跑调
2025-09-28T18:22:14.392Z [2025/9/29 02:22:14] [PID: 14524] [LOG] DESKTOP [SEARCH-BING] 开始执行2次滚动和点击循环
2025-09-28T18:29:12.628Z [2025/9/29 02:29:12] [PID: 14524] [LOG] DESKTOP [SEARCH-BING] 33 剩余积分 | 查询: 遭老板性侵女子回应要2千万赔偿
2025-09-28T18:29:29.011Z [2025/9/29 02:29:29] [PID: 14524] [LOG] DESKTOP [SEARCH-BING] 开始执行3次滚动和点击循环
2025-09-28T18:37:20.282Z [2025/9/29 02:37:20] [PID: 14524] [LOG] DESKTOP [SEARCH-BING] 30 剩余积分 | 查询: 中国话还得SHE
2025-09-28T18:37:34.522Z [2025/9/29 02:37:34] [PID: 14524] [LOG] DESKTOP [SEARCH-BING] 开始执行3次滚动和点击循环
2025-09-28T18:38:37.052Z [2025/9/29 02:38:37] [PID: 14524] [LOG] DESKTOP [SEARCH-BING] 执行只悬停操作并返回 (概率: 8%)
2025-09-28T18:44:25.753Z [2025/9/29 02:44:25] [PID: 14524] [LOG] DESKTOP [SEARCH-BING] 27 剩余积分 | 查询: 狐妖小红娘王权篇
2025-09-28T18:44:38.880Z [2025/9/29 02:44:38] [PID: 14524] [LOG] DESKTOP [SEARCH-BING] 开始执行1次滚动和点击循环
2025-09-28T18:50:31.059Z [2025/9/29 02:50:31] [PID: 14524] [LOG] DESKTOP [SEARCH-BING] 24 剩余积分 | 查询: 国际顶尖肺癌专家已患肺癌三年
2025-09-28T18:50:45.838Z [2025/9/29 02:50:45] [PID: 14524] [LOG] DESKTOP [SEARCH-BING] 开始执行2次滚动和点击循环
2025-09-28T18:58:06.604Z [2025/9/29 02:58:06] [PID: 14524] [LOG] DESKTOP [SEARCH-BING] 21 剩余积分 | 查询: 胡彦斌月光 爷青回
2025-09-28T18:58:16.662Z [2025/9/29 02:58:16] [PID: 14524] [LOG] DESKTOP [SEARCH-BING] 开始执行3次滚动和点击循环
2025-09-28T18:58:48.819Z [2025/9/29 02:58:48] [PID: 14524] [LOG] DESKTOP [SEARCH-BING] 执行只悬停操作并返回 (概率: 16%)
2025-09-28T19:05:08.175Z [2025/9/29 03:05:08] [PID: 14524] [LOG] DESKTOP [SEARCH-BING] 18 剩余积分 | 查询: 艺考女生10天瘦了9斤
2025-09-28T19:05:22.250Z [2025/9/29 03:05:22] [PID: 14524] [LOG] DESKTOP [SEARCH-BING] 开始执行3次滚动和点击循环
2025-09-28T19:12:28.293Z [2025/9/29 03:12:28] [PID: 14524] [LOG] DESKTOP [SEARCH-BING] 15 剩余积分 | 查询: 卡拉永远OK
2025-09-28T19:12:42.379Z [2025/9/29 03:12:42] [PID: 14524] [LOG] DESKTOP [SEARCH-BING] 开始执行1次滚动和点击循环
2025-09-28T19:18:17.912Z [2025/9/29 03:18:17] [PID: 14524] [LOG] DESKTOP [SEARCH-BING] 12 剩余积分 | 查询: 王楚钦隔壁老樊双向奔赴
2025-09-28T19:18:30.326Z [2025/9/29 03:18:30] [PID: 14524] [LOG] DESKTOP [SEARCH-BING] 开始执行2次滚动和点击循环
2025-09-28T19:25:07.355Z [2025/9/29 03:25:07] [PID: 14524] [LOG] DESKTOP [SEARCH-BING] 9 剩余积分 | 查询: 王楚钦世排第一引全场欢呼
2025-09-28T19:25:22.264Z [2025/9/29 03:25:22] [PID: 14524] [LOG] DESKTOP [SEARCH-BING] 开始执行3次滚动和点击循环
2025-09-28T19:25:36.107Z [2025/9/29 03:25:36] [PID: 14524] [LOG] DESKTOP [SEARCH-BING] 执行只悬停操作并返回 (概率: 1%)
2025-09-28T19:31:55.596Z [2025/9/29 03:31:55] [PID: 14524] [LOG] DESKTOP [SEARCH-BING] 6 剩余积分 | 查询: 姚晓棠刘宇合唱追光
2025-09-28T19:32:07.034Z [2025/9/29 03:32:07] [PID: 14524] [LOG] DESKTOP [SEARCH-BING] 开始执行2次滚动和点击循环
2025-09-28T19:38:34.809Z [2025/9/29 03:38:34] [PID: 14524] [LOG] DESKTOP [SEARCH-BING] 3 剩余积分 | 查询: 小酒窝让佟丽娅带去找宋亚轩
2025-09-28T19:38:45.988Z [2025/9/29 03:38:45] [PID: 14524] [LOG] DESKTOP [SEARCH-BING] 开始执行2次滚动和点击循环
2025-09-28T19:46:01.674Z [2025/9/29 03:46:01] [PID: 14524] [LOG] DESKTOP [SEARCH-BING] 搜索完成
2025-09-28T19:46:05.975Z [2025/9/29 03:46:05] [PID: 14524] [LOG] DESKTOP [关闭浏览器] 浏览器已成功关闭!
2025-09-28T19:46:07.395Z [2025/9/29 03:46:07] [PID: 14524] [LOG] MOBILE [浏览器] 已创建浏览器，用户代理User-Agent: "Mozilla/5.0 (Linux; Android 12; K) AppleWebKit/537.36 (KHTML, like Gecko) Chrome/139.0.0.0 Mobile Safari/537.36 EdgA/139.0.3405.86"
2025-09-28T19:46:07.767Z [2025/9/29 03:46:07] [PID: 14524] [LOG] MOBILE [MAIN] 正在启动浏览器
2025-09-28T19:46:07.769Z [2025/9/29 03:46:07] [PID: 14524] [LOG] MOBILE [登录] 开始登录流程!
2025-09-28T19:46:17.481Z [2025/9/29 03:46:17] [PID: 14524] [LOG] MOBILE [登录] 已登录
2025-09-28T19:46:21.357Z [2025/9/29 03:46:21] [PID: 14524] [LOG] MOBILE [必应登录] 验证必应登录状态
2025-09-28T19:46:34.412Z [2025/9/29 03:46:34] [PID: 14524] [LOG] MOBILE [登录] 成功登录，已保存登录会话!
2025-09-28T19:46:35.164Z [2025/9/29 03:46:35] [PID: 14524] [LOG] MOBILE [APP 登录] 等待授权...
2025-09-28T19:46:36.096Z [2025/9/29 03:46:36] [PID: 14524] [LOG] MOBILE [APP 登录] 授权成功
2025-09-28T19:46:51.256Z [2025/9/29 03:46:51] [PID: 14524] [LOG] MOBILE [返回主页] 成功访问主页
2025-09-28T19:46:58.248Z [2025/9/29 03:46:58] [PID: 14524] [LOG] MOBILE [设置地区] 地区:cn
2025-09-28T19:46:58.926Z [2025/9/29 03:46:58] [PID: 14524] [LOG] MOBILE [MAIN-POINTS] 打开一个新标签页，用于完成任务
2025-09-28T19:46:59.028Z [2025/9/29 03:46:59] [PID: 14524] [LOG] MOBILE [MAIN-POINTS] 在新标签页中导航到主页务
2025-09-28T19:47:14.299Z [2025/9/29 03:47:14] [PID: 14524] [LOG] MOBILE [返回主页] 成功访问主页
2025-09-28T19:47:14.300Z [2025/9/29 03:47:14] [PID: 14524] [LOG] MOBILE [每日任务] 所有“每日任务”项目均已完成
2025-09-28T19:47:14.301Z [2025/9/29 03:47:14] [PID: 14524] [LOG] MOBILE [更多活动] 所有“更多活动”项目均已完成
2025-09-28T19:47:14.302Z [2025/9/29 03:47:14] [PID: 14524] [LOG] MOBILE [MAIN-POINTS] 今天可赚取 90 积分（浏览器端: 60 积分，应用端: 30 积分）
2025-09-28T19:47:14.303Z [2025/9/29 03:47:14] [PID: 14524] [LOG] MOBILE [每日签到] 开始每日签到
2025-09-28T19:47:14.303Z [2025/9/29 03:47:14] [PID: 14524] [LOG] MOBILE [每日签到] 地区:cn
2025-09-28T19:47:14.845Z [2025/9/29 03:47:14] [PID: 14524] [LOG] MOBILE [每日签到] 已领取 5 积分
2025-09-28T19:47:14.846Z [2025/9/29 03:47:14] [PID: 14524] [LOG] MOBILE [阅读赚钱] 开始阅读赚钱活动
2025-09-28T19:47:15.296Z [2025/9/29 03:47:15] [PID: 14524] [LOG] MOBILE [阅读赚钱] 已阅读第 1 篇文章，共 10 篇 | 获得 3 积分
2025-09-28T19:52:29.905Z [2025/9/29 03:52:29] [PID: 14524] [LOG] MOBILE [阅读赚钱] 已阅读第 2 篇文章，共 10 篇 | 获得 3 积分
2025-09-28T19:57:15.210Z [2025/9/29 03:57:15] [PID: 14524] [LOG] MOBILE [阅读赚钱] 已阅读第 3 篇文章，共 10 篇 | 获得 3 积分
2025-09-28T20:03:02.911Z [2025/9/29 04:03:02] [PID: 14524] [LOG] MOBILE [阅读赚钱] 已阅读第 4 篇文章，共 10 篇 | 获得 3 积分
2025-09-28T20:09:16.258Z [2025/9/29 04:09:16] [PID: 14524] [ERROR] MOBILE [阅读赚钱] 发生错误: AxiosError: Request failed with status code 401
2025-09-28T20:09:32.695Z [2025/9/29 04:09:32] [PID: 14524] [LOG] MOBILE [返回主页] 成功访问主页
2025-09-28T20:09:32.696Z [2025/9/29 04:09:32] [PID: 14524] [LOG] MOBILE [SEARCH-BING] 开始必应搜索
2025-09-28T20:09:36.763Z [2025/9/29 04:09:36] [PID: 14524] [LOG] MOBILE [SEARCH-CHINA-TRENDS] 正在生成搜索查询，可能需要一些时间！ | 地理区域: cn
2025-09-28T20:09:37.086Z [2025/9/29 04:09:37] [PID: 14524] [LOG] MOBILE [SEARCH-CHINA-TRENDS] 已经获取TouTiaoHot搜索查询
2025-09-28T20:09:37.093Z [2025/9/29 04:09:37] [PID: 14524] [LOG] MOBILE [SEARCH-BING] 已完成获取cn的搜索词
2025-09-28T20:09:47.273Z [2025/9/29 04:09:47] [PID: 14524] [LOG] MOBILE [SEARCH-BING] 60 剩余积分 | 查询: 男子当街殴打女子被退伍军人飞踹
2025-09-28T20:10:00.168Z [2025/9/29 04:10:00] [PID: 14524] [LOG] MOBILE [SEARCH-BING] 开始执行3次滚动和点击循环
2025-09-28T20:10:55.967Z [2025/9/29 04:10:55] [PID: 14524] [ERROR] MOBILE [SEARCH-BING] 搜索失败，发生错误:Error: page.evaluate: Target page, context or browser has been closed
2025-09-28T20:10:55.968Z [2025/9/29 04:10:55] [PID: 14524] [WARN] MOBILE [SEARCH-BING] 重试搜索，尝试 0/5
2025-09-28T20:11:18.587Z [2025/9/29 04:11:18] [PID: 14524] [LOG] MOBILE [SEARCH-BING] 开始执行1次滚动和点击循环
2025-09-28T20:18:16.401Z [2025/9/29 04:18:16] [PID: 14524] [LOG] MOBILE [SEARCH-BING] 57 剩余积分 | 查询: 万达知情人士回应王健林被限高
2025-09-28T20:18:30.231Z [2025/9/29 04:18:30] [PID: 14524] [LOG] MOBILE [SEARCH-BING] 开始执行2次滚动和点击循环
2025-09-28T20:24:27.431Z [2025/9/29 04:24:27] [PID: 14524] [LOG] MOBILE [SEARCH-BING] 54 剩余积分 | 查询: 王健林被限高会影响王思聪吗
2025-09-28T20:24:42.883Z [2025/9/29 04:24:42] [PID: 14524] [LOG] MOBILE [SEARCH-BING] 开始执行2次滚动和点击循环
2025-09-28T20:32:14.703Z [2025/9/29 04:32:14] [PID: 14524] [LOG] MOBILE [SEARCH-BING] 51 剩余积分 | 查询: 媒体人：没必要嘲王健林首富变首负
2025-09-28T20:32:29.601Z [2025/9/29 04:32:29] [PID: 14524] [LOG] MOBILE [SEARCH-BING] 开始执行1次滚动和点击循环
2025-09-28T20:32:40.967Z [2025/9/29 04:32:40] [PID: 14524] [LOG] MOBILE [SEARCH-BING] 执行只悬停操作并返回 (概率: 12%)
2025-09-28T20:38:15.981Z [2025/9/29 04:38:15] [PID: 14524] [LOG] MOBILE [SEARCH-BING] 48 剩余积分 | 查询: 印度空军为何一口气买97架光辉战机
2025-09-28T20:38:28.708Z [2025/9/29 04:38:28] [PID: 14524] [LOG] MOBILE [SEARCH-BING] 开始执行3次滚动和点击循环
2025-09-28T20:46:42.157Z [2025/9/29 04:46:42] [PID: 14524] [LOG] MOBILE [SEARCH-BING] 45 剩余积分 | 查询: 王力宏再唱《落叶归根》悼念许倬云
2025-09-28T20:46:54.896Z [2025/9/29 04:46:54] [PID: 14524] [LOG] MOBILE [SEARCH-BING] 开始执行2次滚动和点击循环
2025-09-28T20:54:35.600Z [2025/9/29 04:54:35] [PID: 14524] [LOG] MOBILE [SEARCH-BING] 42 剩余积分 | 查询: 泰国男子骑摩托射击边防士兵被击毙
2025-09-28T20:54:47.757Z [2025/9/29 04:54:47] [PID: 14524] [LOG] MOBILE [SEARCH-BING] 开始执行2次滚动和点击循环
2025-09-28T20:55:02.737Z [2025/9/29 04:55:02] [PID: 14524] [LOG] MOBILE [SEARCH-BING] 执行只悬停操作并返回 (概率: 20%)
2025-09-28T20:55:33.012Z [2025/9/29 04:55:33] [PID: 14524] [LOG] MOBILE [SEARCH-BING] 执行只悬停操作并返回 (概率: 9%)
2025-09-28T21:01:05.498Z [2025/9/29 05:01:05] [PID: 14524] [LOG] MOBILE [SEARCH-BING] 39 剩余积分 | 查询: 两名15岁少女失联10天 定位在越南
2025-09-28T21:01:19.717Z [2025/9/29 05:01:19] [PID: 14524] [LOG] MOBILE [SEARCH-BING] 开始执行2次滚动和点击循环
2025-09-28T21:08:35.420Z [2025/9/29 05:08:35] [PID: 14524] [LOG] MOBILE [SEARCH-BING] 36 剩余积分 | 查询: 中国多领域经济亮点频现
2025-09-28T21:08:49.333Z [2025/9/29 05:08:49] [PID: 14524] [LOG] MOBILE [SEARCH-BING] 开始执行2次滚动和点击循环
2025-09-28T21:15:54.660Z [2025/9/29 05:15:54] [PID: 14524] [LOG] MOBILE [SEARCH-BING] 33 剩余积分 | 查询: 博主：一个小目标难倒王健林
2025-09-28T21:16:05.964Z [2025/9/29 05:16:05] [PID: 14524] [LOG] MOBILE [SEARCH-BING] 开始执行3次滚动和点击循环
2025-09-28T21:23:05.266Z [2025/9/29 05:23:05] [PID: 14524] [LOG] MOBILE [SEARCH-BING] 30 剩余积分 | 查询: 马达加斯加首都爆发大规模示威
2025-09-28T21:23:17.804Z [2025/9/29 05:23:17] [PID: 14524] [LOG] MOBILE [SEARCH-BING] 开始执行3次滚动和点击循环
2025-09-28T21:29:51.083Z [2025/9/29 05:29:51] [PID: 14524] [LOG] MOBILE [SEARCH-BING] 27 剩余积分 | 查询: 官方通报干部买500斤散酒放单位接待
2025-09-28T21:30:06.686Z [2025/9/29 05:30:06] [PID: 14524] [LOG] MOBILE [SEARCH-BING] 开始执行1次滚动和点击循环
2025-09-28T21:35:54.885Z [2025/9/29 05:35:54] [PID: 14524] [LOG] MOBILE [SEARCH-BING] 24 剩余积分 | 查询: 70万一针的救命药纳入医保
2025-09-28T21:36:08.932Z [2025/9/29 05:36:08] [PID: 14524] [LOG] MOBILE [SEARCH-BING] 开始执行2次滚动和点击循环
2025-09-28T21:36:23.769Z [2025/9/29 05:36:23] [PID: 14524] [LOG] MOBILE [SEARCH-BING] 执行只悬停操作并返回 (概率: 21%)
2025-09-28T21:42:11.167Z [2025/9/29 05:42:11] [PID: 14524] [LOG] MOBILE [SEARCH-BING] 21 剩余积分 | 查询: 王健林被限制高消费
2025-09-28T21:42:24.963Z [2025/9/29 05:42:24] [PID: 14524] [LOG] MOBILE [SEARCH-BING] 开始执行1次滚动和点击循环
2025-09-28T21:48:38.047Z [2025/9/29 05:48:38] [PID: 14524] [LOG] MOBILE [SEARCH-BING] 18 剩余积分 | 查询: 专家：美试射三叉戟是对战略对手示威
2025-09-28T21:48:50.142Z [2025/9/29 05:48:50] [PID: 14524] [LOG] MOBILE [SEARCH-BING] 开始执行3次滚动和点击循环
2025-09-28T21:50:15.371Z [2025/9/29 05:50:15] [PID: 14524] [LOG] MOBILE [SEARCH-BING] 执行只悬停操作并返回 (概率: 28%)
2025-09-28T21:55:58.349Z [2025/9/29 05:55:58] [PID: 14524] [LOG] MOBILE [SEARCH-BING] 15 剩余积分 | 查询: 特朗普联大讲话为何大肆批评联合国
2025-09-28T21:56:15.344Z [2025/9/29 05:56:15] [PID: 14524] [LOG] MOBILE [SEARCH-BING] 开始执行2次滚动和点击循环
2025-09-28T21:56:26.444Z [2025/9/29 05:56:26] [PID: 14524] [ERROR] MOBILE [SEARCH-BING] 搜索失败，发生错误:Error: page.evaluate: Execution context was destroyed, most likely because of a navigation.
2025-09-28T21:56:26.446Z [2025/9/29 05:56:26] [PID: 14524] [WARN] MOBILE [SEARCH-BING] 重试搜索，尝试 0/5
2025-09-28T21:56:55.147Z [2025/9/29 05:56:55] [PID: 14524] [LOG] MOBILE [SEARCH-BING] 开始执行2次滚动和点击循环
2025-09-28T21:58:14.522Z [2025/9/29 05:58:14] [PID: 14524] [LOG] MOBILE [SEARCH-BING] 执行只悬停操作并返回 (概率: 4%)
2025-09-28T22:03:30.462Z [2025/9/29 06:03:30] [PID: 14524] [LOG] MOBILE [SEARCH-BING] 12 剩余积分 | 查询: 王力宏抢拍后尴尬一笑
2025-09-28T22:03:43.865Z [2025/9/29 06:03:43] [PID: 14524] [LOG] MOBILE [SEARCH-BING] 开始执行1次滚动和点击循环
2025-09-28T22:03:56.621Z [2025/9/29 06:03:56] [PID: 14524] [LOG] MOBILE [SEARCH-BING] 执行只悬停操作并返回 (概率: 13%)
2025-09-28T22:09:52.986Z [2025/9/29 06:09:52] [PID: 14524] [LOG] MOBILE [SEARCH-BING] 9 剩余积分 | 查询: 航班提前15小时起飞 乘客损失谁承担
2025-09-28T22:10:05.545Z [2025/9/29 06:10:05] [PID: 14524] [LOG] MOBILE [SEARCH-BING] 开始执行3次滚动和点击循环
2025-09-28T22:16:18.979Z [2025/9/29 06:16:18] [PID: 14524] [LOG] MOBILE [SEARCH-BING] 6 剩余积分 | 查询: 正部级“老虎”唐仁健贪2.68亿获死缓
2025-09-28T22:16:34.241Z [2025/9/29 06:16:34] [PID: 14524] [LOG] MOBILE [SEARCH-BING] 开始执行3次滚动和点击循环
2025-09-28T22:23:58.004Z [2025/9/29 06:23:58] [PID: 14524] [LOG] MOBILE [SEARCH-BING] 3 剩余积分 | 查询: 万达到底背了多少债务
2025-09-28T22:24:10.997Z [2025/9/29 06:24:10] [PID: 14524] [LOG] MOBILE [SEARCH-BING] 开始执行2次滚动和点击循环
2025-09-28T22:24:23.577Z [2025/9/29 06:24:23] [PID: 14524] [ERROR] MOBILE [SEARCH-BING] 搜索失败，发生错误:Error: page.evaluate: Execution context was destroyed, most likely because of a navigation.
2025-09-28T22:24:23.578Z [2025/9/29 06:24:23] [PID: 14524] [WARN] MOBILE [SEARCH-BING] 重试搜索，尝试 0/5
2025-09-28T22:24:41.661Z [2025/9/29 06:24:41] [PID: 14524] [LOG] MOBILE [SEARCH-BING] 开始执行1次滚动和点击循环
2025-09-28T22:30:59.112Z [2025/9/29 06:30:59] [PID: 14524] [LOG] MOBILE [SEARCH-BING] 搜索完成
2025-09-28T22:31:03.236Z [2025/9/29 06:31:03] [PID: 14524] [LOG] MOBILE [MAIN-POINTS] 脚本今天收集了 197 积分
2025-09-28T22:31:07.806Z [2025/9/29 06:31:07] [PID: 14524] [LOG] MOBILE [关闭浏览器] 浏览器已成功关闭!
2025-09-28T22:31:07.809Z [2025/9/29 06:31:07] [PID: 14524] [LOG] MAIN [MAIN-WORKER] 账户 fanqiejiayou@outlook.com 的任务已完成
2025-09-28T22:31:07.811Z [2025/9/29 06:31:07] [PID: 14524] [LOG] MAIN [MAIN-WORKER] 开始为账户 email_2 执行任务
2025-09-28T22:31:08.877Z [2025/9/29 06:31:08] [PID: 14524] [LOG] DESKTOP [浏览器] 已创建浏览器，用户代理User-Agent: "Mozilla/5.0 (Windows NT 10.0; Win64; x64) AppleWebKit/537.36 (KHTML, like Gecko) Chrome/139.0.0.0 Safari/537.36 Edg/139.0.3405.119"
2025-09-28T22:31:09.250Z [2025/9/29 06:31:09] [PID: 14524] [LOG] DESKTOP [MAIN] 正在启动浏览器
2025-09-28T22:31:09.252Z [2025/9/29 06:31:09] [PID: 14524] [LOG] DESKTOP [登录] 开始登录流程!
2025-09-28T22:31:47.049Z [2025/9/29 06:31:47] [PID: 14524] [LOG] DESKTOP [登录] 邮箱输入成功
2025-09-28T22:31:56.150Z [2025/9/29 06:31:56] [PID: 14524] [LOG] DESKTOP [LOGIN] No 2FA skip button found, proceeding with password entry
2025-09-28T22:32:01.169Z [2025/9/29 06:32:01] [PID: 14524] [LOG] DESKTOP [登录] 通过 "viewFooter" 找到页面 "获取登录代码"
2025-09-28T22:32:18.961Z [2025/9/29 06:32:18] [PID: 14524] [LOG] DESKTOP [登录] 密码输入成功
