2025-09-26T00:05:57.561Z [2025/9/26 08:05:57] [PID: 22668] [LOG] MOBILE [SEARCH-BING] 18 剩余积分 | 查询: 白鹿随拍直出
2025-09-26T00:06:08.980Z [2025/9/26 08:06:08] [PID: 22668] [LOG] MOBILE [SEARCH-BING] 开始执行3次滚动和点击循环
2025-09-26T00:06:46.294Z [2025/9/26 08:06:46] [PID: 22668] [LOG] MOBILE [SEARCH-BING] 执行只悬停操作并返回 (概率: 18%)
2025-09-26T00:13:40.809Z [2025/9/26 08:13:40] [PID: 22668] [LOG] MOBILE [SEARCH-BING] 15 剩余积分 | 查询: 张子枫的美貌 蘑菇屋的骄傲
2025-09-26T00:13:55.438Z [2025/9/26 08:13:55] [PID: 22668] [LOG] MOBILE [SEARCH-BING] 开始执行2次滚动和点击循环
2025-09-26T00:21:11.185Z [2025/9/26 08:21:11] [PID: 22668] [LOG] MOBILE [SEARCH-BING] 12 剩余积分 | 查询: TES战胜IG
2025-09-26T00:21:23.600Z [2025/9/26 08:21:23] [PID: 22668] [LOG] MOBILE [SEARCH-BING] 开始执行3次滚动和点击循环
2025-09-26T00:29:25.827Z [2025/9/26 08:29:25] [PID: 22668] [LOG] MOBILE [SEARCH-BING] 9 剩余积分 | 查询: 成毅8年没和家人一起旅游了
2025-09-26T00:29:42.285Z [2025/9/26 08:29:42] [PID: 22668] [LOG] MOBILE [SEARCH-BING] 开始执行1次滚动和点击循环
2025-09-26T00:35:06.719Z [2025/9/26 08:35:06] [PID: 22668] [LOG] MOBILE [SEARCH-BING] 6 剩余积分 | 查询: 美称拦截4架俄战机
2025-09-26T00:35:18.264Z [2025/9/26 08:35:18] [PID: 22668] [LOG] MOBILE [SEARCH-BING] 开始执行3次滚动和点击循环
2025-09-26T00:41:49.493Z [2025/9/26 08:41:49] [PID: 22668] [LOG] MOBILE [SEARCH-BING] 3 剩余积分 | 查询: 做完你的 做你的
2025-09-26T00:42:04.543Z [2025/9/26 08:42:04] [PID: 22668] [LOG] MOBILE [SEARCH-BING] 开始执行3次滚动和点击循环
2025-09-26T00:49:22.498Z [2025/9/26 08:49:22] [PID: 22668] [LOG] MOBILE [SEARCH-BING] 搜索完成
2025-09-26T00:49:24.855Z [2025/9/26 08:49:24] [PID: 22668] [LOG] MOBILE [MAIN-POINTS] 脚本今天收集了 221 积分
2025-09-26T00:49:28.857Z [2025/9/26 08:49:28] [PID: 22668] [LOG] MOBILE [关闭浏览器] 浏览器已成功关闭!
2025-09-26T00:49:28.858Z [2025/9/26 08:49:28] [PID: 22668] [LOG] MAIN [MAIN-WORKER] 账户 fanqiejiayou@outlook.com 的任务已完成
2025-09-26T00:49:28.860Z [2025/9/26 08:49:28] [PID: 22668] [LOG] MAIN [MAIN-WORKER] 开始为账户 email_2 执行任务
2025-09-26T00:49:29.340Z [2025/9/26 08:49:29] [PID: 22668] [LOG] DESKTOP [浏览器] 已创建浏览器，用户代理User-Agent: "Mozilla/5.0 (Windows NT 10.0; Win64; x64) AppleWebKit/537.36 (KHTML, like Gecko) Chrome/139.0.0.0 Safari/537.36 Edg/139.0.3405.119"
2025-09-26T00:49:29.533Z [2025/9/26 08:49:29] [PID: 22668] [LOG] DESKTOP [MAIN] 正在启动浏览器
2025-09-26T00:49:29.534Z [2025/9/26 08:49:29] [PID: 22668] [LOG] DESKTOP [登录] 开始登录流程!
2025-09-26T00:50:04.738Z [2025/9/26 08:50:04] [PID: 22668] [LOG] DESKTOP [登录] 邮箱输入成功
2025-09-26T00:50:13.236Z [2025/9/26 08:50:13] [PID: 22668] [LOG] DESKTOP [LOGIN] No 2FA skip button found, proceeding with password entry
2025-09-26T00:50:18.246Z [2025/9/26 08:50:18] [PID: 22668] [LOG] DESKTOP [登录] 通过 "viewFooter" 找到页面 "获取登录代码"
2025-09-26T00:50:35.700Z [2025/9/26 08:50:35] [PID: 22668] [LOG] DESKTOP [登录] 密码输入成功
