2025-09-23T16:10:29.130Z [2025/9/24 00:10:29] [PID: 972] [LOG] MAIN [MAIN] 机器人已启动，使用 1 个集群
2025-09-23T16:10:29.132Z [2025/9/24 00:10:29] [PID: 972] [LOG] MAIN [MAIN-WORKER] 开始为账户 fanqiejiayou@outlook.com 执行任务
2025-09-23T16:10:29.651Z [2025/9/24 00:10:29] [PID: 972] [LOG] DESKTOP [浏览器] 已创建浏览器，用户代理User-Agent: "Mozilla/5.0 (Windows NT 10.0; Win64; x64) AppleWebKit/537.36 (KHTML, like Gecko) Chrome/139.0.0.0 Safari/537.36 Edg/139.0.3405.102"
2025-09-23T16:10:29.838Z [2025/9/24 00:10:29] [PID: 972] [LOG] DESKTOP [MAIN] 正在启动浏览器
2025-09-23T16:10:29.839Z [2025/9/24 00:10:29] [PID: 972] [LOG] DESKTOP [登录] 开始登录流程!
2025-09-23T16:10:37.149Z [2025/9/24 00:10:37] [PID: 972] [LOG] DESKTOP [登录] 已登录
2025-09-23T16:10:40.813Z [2025/9/24 00:10:40] [PID: 972] [LOG] DESKTOP [必应登录] 验证必应登录状态
2025-09-23T16:10:53.766Z [2025/9/24 00:10:53] [PID: 972] [LOG] DESKTOP [登录] 成功登录，已保存登录会话!
2025-09-23T16:11:07.563Z [2025/9/24 00:11:07] [PID: 972] [LOG] DESKTOP [返回主页] 成功访问主页
2025-09-23T16:11:08.702Z [2025/9/24 00:11:08] [PID: 972] [LOG] DESKTOP [MAIN-POINTS] 当前积分数量: 2119
2025-09-23T16:11:09.938Z [2025/9/24 00:11:09] [PID: 972] [LOG] DESKTOP [MAIN-POINTS] 今天可赚取 125 积分
2025-09-23T16:11:09.939Z [2025/9/24 00:11:09] [PID: 972] [LOG] DESKTOP [MAIN-POINTS] 打开一个新标签页，用于完成任务
2025-09-23T16:11:09.992Z [2025/9/24 00:11:09] [PID: 972] [LOG] DESKTOP [MAIN-POINTS] 在新标签页中导航到主页务
2025-09-23T16:11:24.033Z [2025/9/24 00:11:24] [PID: 972] [LOG] DESKTOP [返回主页] 成功访问主页
2025-09-23T16:11:24.034Z [2025/9/24 00:11:24] [PID: 972] [LOG] DESKTOP [打卡] 所有“打卡”项目均已完成
2025-09-23T16:11:24.034Z [2025/9/24 00:11:24] [PID: 972] [LOG] DESKTOP [每日任务] 开始解决“每日任务”项目
2025-09-23T16:11:33.125Z [2025/9/24 00:11:33] [PID: 972] [LOG] DESKTOP [活动] 找到活动类型: "网址奖励" 标题: "5K Plan"
2025-09-23T16:11:37.229Z [2025/9/24 00:11:37] [PID: 972] [LOG] DESKTOP [网址奖励] 正在尝试完成网址奖励
2025-09-23T16:11:40.725Z [2025/9/24 00:11:40] [PID: 972] [LOG] DESKTOP [网址奖励] 成功完成网址奖励
2025-09-23T16:11:56.492Z [2025/9/24 00:11:56] [PID: 972] [LOG] DESKTOP [活动] 找到活动类型: "网址奖励" 标题: "Beekeeping basics"
2025-09-23T16:12:00.492Z [2025/9/24 00:12:00] [PID: 972] [LOG] DESKTOP [网址奖励] 正在尝试完成网址奖励
2025-09-23T16:12:04.561Z [2025/9/24 00:12:04] [PID: 972] [LOG] DESKTOP [网址奖励] 成功完成网址奖励
2025-09-23T16:12:17.987Z [2025/9/24 00:12:17] [PID: 972] [LOG] DESKTOP [活动] 找到活动类型: "网址奖励" 标题: "Start stitching"
2025-09-23T16:12:20.142Z [2025/9/24 00:12:20] [PID: 972] [LOG] DESKTOP [网址奖励] 正在尝试完成网址奖励
2025-09-23T16:12:20.172Z [2025/9/24 00:12:20] [PID: 972] [LOG] DESKTOP [网址奖励] 成功完成网址奖励
2025-09-23T16:12:28.466Z [2025/9/24 00:12:28] [PID: 972] [LOG] DESKTOP [每日任务] 所有“每日任务”项目均已完成
2025-09-23T16:12:28.467Z [2025/9/24 00:12:28] [PID: 972] [LOG] DESKTOP [更多活动] 开始解决“更多活动”项目
2025-09-23T16:12:40.275Z [2025/9/24 00:12:40] [PID: 972] [LOG] DESKTOP [活动] 找到活动类型: "网址奖励" 标题: "Do you know the answer?"
2025-09-23T16:12:42.461Z [2025/9/24 00:12:42] [PID: 972] [LOG] DESKTOP [网址奖励] 正在尝试完成网址奖励
2025-09-23T16:12:42.488Z [2025/9/24 00:12:42] [PID: 972] [LOG] DESKTOP [网址奖励] 成功完成网址奖励
2025-09-23T16:12:46.887Z [2025/9/24 00:12:46] [PID: 972] [LOG] DESKTOP [更多活动] 所有“更多活动”项目均已完成
2025-09-23T16:12:46.888Z [2025/9/24 00:12:46] [PID: 972] [LOG] DESKTOP [SEARCH-BING] 开始必应搜索
2025-09-23T16:12:49.545Z [2025/9/24 00:12:49] [PID: 972] [LOG] DESKTOP [SEARCH-CHINA-TRENDS] 正在生成搜索查询，可能需要一些时间！ | 地理区域: cn
2025-09-23T16:12:49.926Z [2025/9/24 00:12:49] [PID: 972] [LOG] DESKTOP [SEARCH-CHINA-TRENDS] 已经获取TouTiaoHot搜索查询
2025-09-23T16:12:49.934Z [2025/9/24 00:12:49] [PID: 972] [LOG] DESKTOP [SEARCH-BING] 已完成获取cn的搜索词
2025-09-23T16:13:00.178Z [2025/9/24 00:13:00] [PID: 972] [LOG] DESKTOP [SEARCH-BING] 90 剩余积分 | 查询: 为防台风车辆“五花大绑”？假的
2025-09-23T16:13:13.417Z [2025/9/24 00:13:13] [PID: 972] [LOG] DESKTOP [SEARCH-BING] 开始执行2次滚动和点击循环
2025-09-23T16:20:47.820Z [2025/9/24 00:20:47] [PID: 972] [LOG] DESKTOP [SEARCH-BING] 81 剩余积分 | 查询: 江西“鸡排主理人”听劝戴上口罩
2025-09-23T16:21:02.339Z [2025/9/24 00:21:02] [PID: 972] [LOG] DESKTOP [SEARCH-BING] 开始执行3次滚动和点击循环
2025-09-23T16:29:24.497Z [2025/9/24 00:29:24] [PID: 972] [LOG] DESKTOP [SEARCH-BING] 78 剩余积分 | 查询: 广东近岸海域将出现4到7米巨浪到狂浪
2025-09-23T16:29:40.308Z [2025/9/24 00:29:40] [PID: 972] [LOG] DESKTOP [SEARCH-BING] 开始执行2次滚动和点击循环
2025-09-23T16:36:47.784Z [2025/9/24 00:36:47] [PID: 972] [LOG] DESKTOP [SEARCH-BING] 75 剩余积分 | 查询: 中方回应是否打算从美增加购买大豆
2025-09-23T16:37:02.132Z [2025/9/24 00:37:02] [PID: 972] [LOG] DESKTOP [SEARCH-BING] 开始执行1次滚动和点击循环
2025-09-23T16:43:13.555Z [2025/9/24 00:43:13] [PID: 972] [LOG] DESKTOP [SEARCH-BING] 72 剩余积分 | 查询: 广东男子买方钢吸盘加固窗户防台风
2025-09-23T16:43:25.964Z [2025/9/24 00:43:25] [PID: 972] [LOG] DESKTOP [SEARCH-BING] 开始执行1次滚动和点击循环
2025-09-23T16:43:40.562Z [2025/9/24 00:43:40] [PID: 972] [LOG] DESKTOP [SEARCH-BING] 执行只悬停操作并返回 (概率: 29%)
2025-09-23T16:49:16.822Z [2025/9/24 00:49:16] [PID: 972] [LOG] DESKTOP [SEARCH-BING] 69 剩余积分 | 查询: 台风来势汹汹 深中通道临时封闭
2025-09-23T16:49:30.443Z [2025/9/24 00:49:30] [PID: 972] [LOG] DESKTOP [SEARCH-BING] 开始执行2次滚动和点击循环
2025-09-23T16:56:19.960Z [2025/9/24 00:56:19] [PID: 972] [LOG] DESKTOP [SEARCH-BING] 66 剩余积分 | 查询: “桦加沙”风眼相当于三个香港
2025-09-23T16:56:32.901Z [2025/9/24 00:56:32] [PID: 972] [LOG] DESKTOP [SEARCH-BING] 开始执行2次滚动和点击循环
2025-09-23T16:56:45.751Z [2025/9/24 00:56:45] [PID: 972] [LOG] DESKTOP [SEARCH-BING] 执行只悬停操作并返回 (概率: 3%)
2025-09-23T17:02:23.926Z [2025/9/24 01:02:23] [PID: 972] [LOG] DESKTOP [SEARCH-BING] 63 剩余积分 | 查询: 美空军参谋长：六代机样机刚开始造
2025-09-23T17:02:39.760Z [2025/9/24 01:02:39] [PID: 972] [LOG] DESKTOP [SEARCH-BING] 开始执行2次滚动和点击循环
2025-09-23T17:03:47.879Z [2025/9/24 01:03:47] [PID: 972] [LOG] DESKTOP [SEARCH-BING] 执行只悬停操作并返回 (概率: 4%)
2025-09-23T17:09:17.799Z [2025/9/24 01:09:17] [PID: 972] [LOG] DESKTOP [SEARCH-BING] 60 剩余积分 | 查询: “风王”桦加沙直径比广东省还大
2025-09-23T17:09:33.129Z [2025/9/24 01:09:33] [PID: 972] [LOG] DESKTOP [SEARCH-BING] 开始执行1次滚动和点击循环
2025-09-23T17:09:48.158Z [2025/9/24 01:09:48] [PID: 972] [LOG] DESKTOP [SEARCH-BING] 执行只悬停操作并返回 (概率: 20%)
2025-09-23T17:15:31.784Z [2025/9/24 01:15:31] [PID: 972] [LOG] DESKTOP [SEARCH-BING] 57 剩余积分 | 查询: 福建舰打击范围直指第二岛链
2025-09-23T17:15:45.644Z [2025/9/24 01:15:45] [PID: 972] [LOG] DESKTOP [SEARCH-BING] 开始执行1次滚动和点击循环
2025-09-23T17:21:53.461Z [2025/9/24 01:21:53] [PID: 972] [LOG] DESKTOP [SEARCH-BING] 54 剩余积分 | 查询: 妻子透露蔡磊完全丧失语言能力
2025-09-23T17:22:07.218Z [2025/9/24 01:22:07] [PID: 972] [LOG] DESKTOP [SEARCH-BING] 开始执行1次滚动和点击循环
2025-09-23T17:28:10.252Z [2025/9/24 01:28:10] [PID: 972] [LOG] DESKTOP [SEARCH-BING] 51 剩余积分 | 查询: 珠海交通管制：人不出门、车不上路
2025-09-23T17:28:21.840Z [2025/9/24 01:28:21] [PID: 972] [LOG] DESKTOP [SEARCH-BING] 开始执行3次滚动和点击循环
2025-09-23T17:35:50.597Z [2025/9/24 01:35:50] [PID: 972] [LOG] DESKTOP [SEARCH-BING] 48 剩余积分 | 查询: 陈震谈全新问界M7是否会影响YU7销量
2025-09-23T17:36:03.016Z [2025/9/24 01:36:03] [PID: 972] [LOG] DESKTOP [SEARCH-BING] 开始执行2次滚动和点击循环
2025-09-23T17:42:35.052Z [2025/9/24 01:42:35] [PID: 972] [LOG] DESKTOP [SEARCH-BING] 45 剩余积分 | 查询: 广东人硬核防台风 飞机“五花大绑”
2025-09-23T17:42:52.615Z [2025/9/24 01:42:52] [PID: 972] [LOG] DESKTOP [SEARCH-BING] 开始执行1次滚动和点击循环
2025-09-23T17:49:25.973Z [2025/9/24 01:49:25] [PID: 972] [LOG] DESKTOP [SEARCH-BING] 42 剩余积分 | 查询: 台风来临前广州为何晴朗炎热
2025-09-23T17:49:39.714Z [2025/9/24 01:49:39] [PID: 972] [LOG] DESKTOP [SEARCH-BING] 开始执行2次滚动和点击循环
2025-09-23T17:57:11.109Z [2025/9/24 01:57:11] [PID: 972] [LOG] DESKTOP [SEARCH-BING] 39 剩余积分 | 查询: 张柏芝晒二儿子近照
2025-09-23T17:57:26.747Z [2025/9/24 01:57:26] [PID: 972] [LOG] DESKTOP [SEARCH-BING] 开始执行1次滚动和点击循环
2025-09-23T18:03:25.731Z [2025/9/24 02:03:25] [PID: 972] [LOG] DESKTOP [SEARCH-BING] 36 剩余积分 | 查询: 桦加沙登陆时会比山竹更强
2025-09-23T18:03:37.197Z [2025/9/24 02:03:37] [PID: 972] [LOG] DESKTOP [SEARCH-BING] 开始执行3次滚动和点击循环
2025-09-23T18:11:40.918Z [2025/9/24 02:11:40] [PID: 972] [LOG] DESKTOP [SEARCH-BING] 33 剩余积分 | 查询: 台风逼近 店主焊接铁框架固定门窗
2025-09-23T18:11:56.012Z [2025/9/24 02:11:56] [PID: 972] [LOG] DESKTOP [SEARCH-BING] 开始执行3次滚动和点击循环
2025-09-23T18:18:03.922Z [2025/9/24 02:18:03] [PID: 972] [LOG] DESKTOP [SEARCH-BING] 30 剩余积分 | 查询: 尚界H5上市售15.98万起
2025-09-23T18:18:18.440Z [2025/9/24 02:18:18] [PID: 972] [LOG] DESKTOP [SEARCH-BING] 开始执行3次滚动和点击循环
2025-09-23T18:18:32.858Z [2025/9/24 02:18:32] [PID: 972] [LOG] DESKTOP [SEARCH-BING] 执行只悬停操作并返回 (概率: 10%)
2025-09-23T18:25:44.572Z [2025/9/24 02:25:44] [PID: 972] [LOG] DESKTOP [SEARCH-BING] 27 剩余积分 | 查询: 受贿超3亿的刘星泰再被通报
2025-09-23T18:25:58.676Z [2025/9/24 02:25:58] [PID: 972] [LOG] DESKTOP [SEARCH-BING] 开始执行2次滚动和点击循环
2025-09-23T18:32:59.559Z [2025/9/24 02:32:59] [PID: 972] [LOG] DESKTOP [SEARCH-BING] 24 剩余积分 | 查询: 孩子长高就要大量吃肉？不实
2025-09-23T18:33:15.806Z [2025/9/24 02:33:15] [PID: 972] [LOG] DESKTOP [SEARCH-BING] 开始执行1次滚动和点击循环
2025-09-23T18:39:10.139Z [2025/9/24 02:39:10] [PID: 972] [LOG] DESKTOP [SEARCH-BING] 21 剩余积分 | 查询: 专家：福建舰正摧毁美航母作战实力
2025-09-23T18:39:23.957Z [2025/9/24 02:39:23] [PID: 972] [LOG] DESKTOP [SEARCH-BING] 开始执行1次滚动和点击循环
2025-09-23T18:45:42.481Z [2025/9/24 02:45:42] [PID: 972] [LOG] DESKTOP [SEARCH-BING] 18 剩余积分 | 查询: 香港一家三口观看台风不慎落海
2025-09-23T18:45:55.887Z [2025/9/24 02:45:55] [PID: 972] [LOG] DESKTOP [SEARCH-BING] 开始执行3次滚动和点击循环
2025-09-23T18:47:32.132Z [2025/9/24 02:47:32] [PID: 972] [LOG] DESKTOP [SEARCH-BING] 执行只悬停操作并返回 (概率: 11%)
2025-09-23T18:53:22.120Z [2025/9/24 02:53:22] [PID: 972] [LOG] DESKTOP [SEARCH-BING] 15 剩余积分 | 查询: 2026款丰田汉兰达上市
2025-09-23T18:53:36.945Z [2025/9/24 02:53:36] [PID: 972] [LOG] DESKTOP [SEARCH-BING] 开始执行3次滚动和点击循环
2025-09-23T18:53:51.506Z [2025/9/24 02:53:51] [PID: 972] [LOG] DESKTOP [SEARCH-BING] 执行只悬停操作并返回 (概率: 15%)
2025-09-23T19:00:54.660Z [2025/9/24 03:00:54] [PID: 972] [LOG] DESKTOP [SEARCH-BING] 12 剩余积分 | 查询: 台风“桦加沙”影响有多大
2025-09-23T19:01:10.131Z [2025/9/24 03:01:10] [PID: 972] [LOG] DESKTOP [SEARCH-BING] 开始执行2次滚动和点击循环
2025-09-23T19:02:16.475Z [2025/9/24 03:02:16] [PID: 972] [LOG] DESKTOP [SEARCH-BING] 执行只悬停操作并返回 (概率: 28%)
2025-09-23T19:07:48.991Z [2025/9/24 03:07:48] [PID: 972] [LOG] DESKTOP [SEARCH-BING] 9 剩余积分 | 查询: 电影《731》票房破13亿
2025-09-23T19:08:02.609Z [2025/9/24 03:08:02] [PID: 972] [LOG] DESKTOP [SEARCH-BING] 开始执行1次滚动和点击循环
2025-09-23T19:14:35.494Z [2025/9/24 03:14:35] [PID: 972] [LOG] DESKTOP [SEARCH-BING] 6 剩余积分 | 查询: 如何看待外媒称中国已成为海军强国
2025-09-23T19:14:50.689Z [2025/9/24 03:14:50] [PID: 972] [LOG] DESKTOP [SEARCH-BING] 开始执行3次滚动和点击循环
2025-09-23T19:22:24.216Z [2025/9/24 03:22:24] [PID: 972] [LOG] DESKTOP [SEARCH-BING] 3 剩余积分 | 查询: 出现缺驴的原因是什么
2025-09-23T19:22:36.431Z [2025/9/24 03:22:36] [PID: 972] [LOG] DESKTOP [SEARCH-BING] 开始执行3次滚动和点击循环
2025-09-23T19:29:08.958Z [2025/9/24 03:29:08] [PID: 972] [LOG] DESKTOP [SEARCH-BING] 搜索完成
2025-09-23T19:29:11.977Z [2025/9/24 03:29:11] [PID: 972] [LOG] DESKTOP [关闭浏览器] 浏览器已成功关闭!
2025-09-23T19:29:12.557Z [2025/9/24 03:29:12] [PID: 972] [LOG] MOBILE [浏览器] 已创建浏览器，用户代理User-Agent: "Mozilla/5.0 (Linux; Android 12; K) AppleWebKit/537.36 (KHTML, like Gecko) Chrome/139.0.0.0 Mobile Safari/537.36 EdgA/139.0.3405.86"
2025-09-23T19:29:12.745Z [2025/9/24 03:29:12] [PID: 972] [LOG] MOBILE [MAIN] 正在启动浏览器
2025-09-23T19:29:12.746Z [2025/9/24 03:29:12] [PID: 972] [LOG] MOBILE [登录] 开始登录流程!
2025-09-23T19:29:23.670Z [2025/9/24 03:29:23] [PID: 972] [LOG] MOBILE [登录] 已登录
2025-09-23T19:29:27.343Z [2025/9/24 03:29:27] [PID: 972] [LOG] MOBILE [必应登录] 验证必应登录状态
2025-09-23T19:29:44.084Z [2025/9/24 03:29:44] [PID: 972] [LOG] MOBILE [登录] 成功登录，已保存登录会话!
2025-09-23T19:29:44.750Z [2025/9/24 03:29:44] [PID: 972] [LOG] MOBILE [APP 登录] 等待授权...
2025-09-23T19:29:45.692Z [2025/9/24 03:29:45] [PID: 972] [LOG] MOBILE [APP 登录] 授权成功
2025-09-23T19:30:00.308Z [2025/9/24 03:30:00] [PID: 972] [LOG] MOBILE [返回主页] 成功访问主页
2025-09-23T19:30:09.159Z [2025/9/24 03:30:09] [PID: 972] [LOG] MOBILE [设置地区] 地区:cn
2025-09-23T19:30:09.804Z [2025/9/24 03:30:09] [PID: 972] [LOG] MOBILE [MAIN-POINTS] 打开一个新标签页，用于完成任务
2025-09-23T19:30:09.850Z [2025/9/24 03:30:09] [PID: 972] [LOG] MOBILE [MAIN-POINTS] 在新标签页中导航到主页务
2025-09-23T19:30:26.633Z [2025/9/24 03:30:26] [PID: 972] [LOG] MOBILE [返回主页] 成功访问主页
2025-09-23T19:30:26.634Z [2025/9/24 03:30:26] [PID: 972] [LOG] MOBILE [每日任务] 所有“每日任务”项目均已完成
2025-09-23T19:30:26.634Z [2025/9/24 03:30:26] [PID: 972] [LOG] MOBILE [更多活动] 所有“更多活动”项目均已完成
2025-09-23T19:30:26.635Z [2025/9/24 03:30:26] [PID: 972] [LOG] MOBILE [MAIN-POINTS] 今天可赚取 90 积分（浏览器端: 60 积分，应用端: 30 积分）
2025-09-23T19:30:26.635Z [2025/9/24 03:30:26] [PID: 972] [LOG] MOBILE [每日签到] 开始每日签到
2025-09-23T19:30:26.636Z [2025/9/24 03:30:26] [PID: 972] [LOG] MOBILE [每日签到] 地区:cn
2025-09-23T19:30:27.156Z [2025/9/24 03:30:27] [PID: 972] [LOG] MOBILE [每日签到] 已领取 10 积分
2025-09-23T19:30:27.157Z [2025/9/24 03:30:27] [PID: 972] [LOG] MOBILE [阅读赚钱] 开始阅读赚钱活动
2025-09-23T19:30:27.588Z [2025/9/24 03:30:27] [PID: 972] [LOG] MOBILE [阅读赚钱] 已阅读第 1 篇文章，共 10 篇 | 获得 3 积分
2025-09-23T19:35:16.286Z [2025/9/24 03:35:16] [PID: 972] [LOG] MOBILE [阅读赚钱] 已阅读第 2 篇文章，共 10 篇 | 获得 3 积分
2025-09-23T19:42:07.402Z [2025/9/24 03:42:07] [PID: 972] [LOG] MOBILE [阅读赚钱] 已阅读第 3 篇文章，共 10 篇 | 获得 3 积分
2025-09-23T19:47:06.094Z [2025/9/24 03:47:06] [PID: 972] [LOG] MOBILE [阅读赚钱] 已阅读第 4 篇文章，共 10 篇 | 获得 3 积分
2025-09-23T19:53:44.041Z [2025/9/24 03:53:44] [PID: 972] [LOG] MOBILE [阅读赚钱] 已阅读第 5 篇文章，共 10 篇 | 获得 3 积分
2025-09-23T19:57:44.690Z [2025/9/24 03:57:44] [PID: 972] [LOG] MOBILE [阅读赚钱] 已阅读第 6 篇文章，共 10 篇 | 获得 3 积分
2025-09-23T20:04:39.873Z [2025/9/24 04:04:39] [PID: 972] [LOG] MOBILE [阅读赚钱] 已阅读第 7 篇文章，共 10 篇 | 获得 3 积分
2025-09-23T20:10:01.932Z [2025/9/24 04:10:01] [PID: 972] [LOG] MOBILE [阅读赚钱] 已阅读第 8 篇文章，共 10 篇 | 获得 3 积分
2025-09-23T20:16:27.868Z [2025/9/24 04:16:27] [PID: 972] [LOG] MOBILE [阅读赚钱] 已阅读第 9 篇文章，共 10 篇 | 获得 3 积分
2025-09-23T20:20:46.308Z [2025/9/24 04:20:46] [PID: 972] [LOG] MOBILE [阅读赚钱] 已阅读第 10 篇文章，共 10 篇 | 获得 3 积分
2025-09-23T20:27:17.453Z [2025/9/24 04:27:17] [PID: 972] [LOG] MOBILE [阅读赚钱] 完成阅读赚钱活动
2025-09-23T20:27:32.904Z [2025/9/24 04:27:32] [PID: 972] [LOG] MOBILE [返回主页] 成功访问主页
2025-09-23T20:27:32.905Z [2025/9/24 04:27:32] [PID: 972] [LOG] MOBILE [SEARCH-BING] 开始必应搜索
2025-09-23T20:27:35.272Z [2025/9/24 04:27:35] [PID: 972] [LOG] MOBILE [SEARCH-CHINA-TRENDS] 正在生成搜索查询，可能需要一些时间！ | 地理区域: cn
2025-09-23T20:27:35.717Z [2025/9/24 04:27:35] [PID: 972] [LOG] MOBILE [SEARCH-CHINA-TRENDS] 已经获取TouTiaoHot搜索查询
2025-09-23T20:27:35.721Z [2025/9/24 04:27:35] [PID: 972] [LOG] MOBILE [SEARCH-BING] 已完成获取cn的搜索词
2025-09-23T20:27:46.516Z [2025/9/24 04:27:46] [PID: 972] [LOG] MOBILE [SEARCH-BING] 60 剩余积分 | 查询: 固态电池要来了 电车或首先被替代
2025-09-23T20:27:59.878Z [2025/9/24 04:27:59] [PID: 972] [LOG] MOBILE [SEARCH-BING] 开始执行1次滚动和点击循环
2025-09-23T20:34:03.044Z [2025/9/24 04:34:03] [PID: 972] [LOG] MOBILE [SEARCH-BING] 57 剩余积分 | 查询: 坐火车看别人整理行李合适吗
2025-09-23T20:34:15.178Z [2025/9/24 04:34:15] [PID: 972] [LOG] MOBILE [SEARCH-BING] 开始执行3次滚动和点击循环
2025-09-23T20:42:23.931Z [2025/9/24 04:42:23] [PID: 972] [LOG] MOBILE [SEARCH-BING] 54 剩余积分 | 查询: 专家：只要美国支持 以色列就会继续打
2025-09-23T20:42:36.463Z [2025/9/24 04:42:36] [PID: 972] [LOG] MOBILE [SEARCH-BING] 开始执行1次滚动和点击循环
2025-09-23T20:47:54.804Z [2025/9/24 04:47:54] [PID: 972] [LOG] MOBILE [SEARCH-BING] 51 剩余积分 | 查询: 电影《731》票房破13亿
2025-09-23T20:48:08.460Z [2025/9/24 04:48:08] [PID: 972] [LOG] MOBILE [SEARCH-BING] 开始执行2次滚动和点击循环
2025-09-23T20:54:34.275Z [2025/9/24 04:54:34] [PID: 972] [LOG] MOBILE [SEARCH-BING] 51 剩余积分 | 查询: 媒体：以色列“更加孤立”
2025-09-23T20:54:51.251Z [2025/9/24 04:54:51] [PID: 972] [LOG] MOBILE [SEARCH-BING] 开始执行3次滚动和点击循环
2025-09-23T20:55:04.559Z [2025/9/24 04:55:04] [PID: 972] [LOG] MOBILE [SEARCH-BING] 执行只悬停操作并返回 (概率: 14%)
2025-09-23T21:01:44.670Z [2025/9/24 05:01:44] [PID: 972] [LOG] MOBILE [SEARCH-BING] 48 剩余积分 | 查询: 男子捡菌子一抬头见黑熊龇牙站面前
2025-09-23T21:01:59.562Z [2025/9/24 05:01:59] [PID: 972] [LOG] MOBILE [SEARCH-BING] 开始执行2次滚动和点击循环
2025-09-23T21:02:11.176Z [2025/9/24 05:02:11] [PID: 972] [LOG] MOBILE [SEARCH-BING] 执行只悬停操作并返回 (概率: 1%)
2025-09-23T21:08:41.654Z [2025/9/24 05:08:41] [PID: 972] [LOG] MOBILE [SEARCH-BING] 45 剩余积分 | 查询: 古法黄金快涨成奢侈品了
2025-09-23T21:08:54.243Z [2025/9/24 05:08:54] [PID: 972] [LOG] MOBILE [SEARCH-BING] 开始执行1次滚动和点击循环
2025-09-23T21:15:26.902Z [2025/9/24 05:15:26] [PID: 972] [LOG] MOBILE [SEARCH-BING] 42 剩余积分 | 查询: 尚界H5上市售15.98万起
2025-09-23T21:15:41.791Z [2025/9/24 05:15:41] [PID: 972] [LOG] MOBILE [SEARCH-BING] 开始执行1次滚动和点击循环
2025-09-23T21:21:33.565Z [2025/9/24 05:21:33] [PID: 972] [LOG] MOBILE [SEARCH-BING] 42 剩余积分 | 查询: 广东部分商超被搬空只剩辣椒
2025-09-23T21:21:48.639Z [2025/9/24 05:21:48] [PID: 972] [LOG] MOBILE [SEARCH-BING] 开始执行2次滚动和点击循环
2025-09-23T21:23:00.798Z [2025/9/24 05:23:00] [PID: 972] [LOG] MOBILE [SEARCH-BING] 执行只悬停操作并返回 (概率: 12%)
2025-09-23T21:28:27.728Z [2025/9/24 05:28:27] [PID: 972] [LOG] MOBILE [SEARCH-BING] 39 剩余积分 | 查询: 广东近岸海域将出现4到7米巨浪到狂浪
2025-09-23T21:28:43.137Z [2025/9/24 05:28:43] [PID: 972] [LOG] MOBILE [SEARCH-BING] 开始执行3次滚动和点击循环
2025-09-23T21:30:12.227Z [2025/9/24 05:30:12] [PID: 972] [LOG] MOBILE [SEARCH-BING] 执行只悬停操作并返回 (概率: 23%)
2025-09-23T21:35:53.214Z [2025/9/24 05:35:53] [PID: 972] [LOG] MOBILE [SEARCH-BING] 36 剩余积分 | 查询: 孩子长高就要大量吃肉？不实
2025-09-23T21:36:07.573Z [2025/9/24 05:36:07] [PID: 972] [LOG] MOBILE [SEARCH-BING] 开始执行2次滚动和点击循环
2025-09-23T21:42:20.997Z [2025/9/24 05:42:20] [PID: 972] [LOG] MOBILE [SEARCH-BING] 36 剩余积分 | 查询: 专家：这轮牛市走完两波确立趋势
2025-09-23T21:42:35.317Z [2025/9/24 05:42:35] [PID: 972] [LOG] MOBILE [SEARCH-BING] 开始执行2次滚动和点击循环
2025-09-23T21:48:46.967Z [2025/9/24 05:48:46] [PID: 972] [LOG] MOBILE [SEARCH-BING] 33 剩余积分 | 查询: 媒体：中介雇人扮买家砍价危害极大
2025-09-23T21:48:59.304Z [2025/9/24 05:48:59] [PID: 972] [LOG] MOBILE [SEARCH-BING] 开始执行3次滚动和点击循环
2025-09-23T21:49:14.989Z [2025/9/24 05:49:14] [PID: 972] [LOG] MOBILE [SEARCH-BING] 执行只悬停操作并返回 (概率: 28%)
2025-09-23T21:49:44.282Z [2025/9/24 05:49:44] [PID: 972] [LOG] MOBILE [SEARCH-BING] 执行只悬停操作并返回 (概率: 21%)
2025-09-23T21:56:12.545Z [2025/9/24 05:56:12] [PID: 972] [LOG] MOBILE [SEARCH-BING] 30 剩余积分 | 查询: 如何看待外媒称中国已成为海军强国
2025-09-23T21:56:26.516Z [2025/9/24 05:56:26] [PID: 972] [LOG] MOBILE [SEARCH-BING] 开始执行1次滚动和点击循环
2025-09-23T22:02:32.433Z [2025/9/24 06:02:32] [PID: 972] [LOG] MOBILE [SEARCH-BING] 30 剩余积分 | 查询: 人到晚年无法自理时怎么办
2025-09-23T22:02:45.771Z [2025/9/24 06:02:45] [PID: 972] [LOG] MOBILE [SEARCH-BING] 开始执行1次滚动和点击循环
2025-09-23T22:08:34.688Z [2025/9/24 06:08:34] [PID: 972] [LOG] MOBILE [SEARCH-BING] 27 剩余积分 | 查询: 专家：巴勒斯坦建国希望愈加渺茫
2025-09-23T22:08:51.492Z [2025/9/24 06:08:51] [PID: 972] [LOG] MOBILE [SEARCH-BING] 开始执行1次滚动和点击循环
2025-09-23T22:09:03.409Z [2025/9/24 06:09:03] [PID: 972] [LOG] MOBILE [SEARCH-BING] 执行只悬停操作并返回 (概率: 22%)
2025-09-23T22:14:41.338Z [2025/9/24 06:14:41] [PID: 972] [LOG] MOBILE [SEARCH-BING] 24 剩余积分 | 查询: 波兰阻断中欧班列后卢卡申科表态
2025-09-23T22:14:55.491Z [2025/9/24 06:14:55] [PID: 972] [LOG] MOBILE [SEARCH-BING] 开始执行1次滚动和点击循环
2025-09-23T22:15:07.152Z [2025/9/24 06:15:07] [PID: 972] [ERROR] MOBILE [SEARCH-BING] 搜索失败，发生错误:Error: page.evaluate: Execution context was destroyed, most likely because of a navigation.
2025-09-23T22:15:07.154Z [2025/9/24 06:15:07] [PID: 972] [WARN] MOBILE [SEARCH-BING] 重试搜索，尝试 0/5
2025-09-23T22:15:31.002Z [2025/9/24 06:15:31] [PID: 972] [LOG] MOBILE [SEARCH-BING] 开始执行3次滚动和点击循环
2025-09-23T22:22:53.365Z [2025/9/24 06:22:53] [PID: 972] [LOG] MOBILE [SEARCH-BING] 21 剩余积分 | 查询: 珠海一酒店用大巴堵门防风
2025-09-23T22:23:06.180Z [2025/9/24 06:23:06] [PID: 972] [LOG] MOBILE [SEARCH-BING] 开始执行3次滚动和点击循环
2025-09-23T22:23:17.995Z [2025/9/24 06:23:17] [PID: 972] [LOG] MOBILE [SEARCH-BING] 执行只悬停操作并返回 (概率: 10%)
2025-09-23T22:30:25.063Z [2025/9/24 06:30:25] [PID: 972] [LOG] MOBILE [SEARCH-BING] 18 剩余积分 | 查询: 波兰关停中欧班列 中方还留了后手
2025-09-23T22:30:39.211Z [2025/9/24 06:30:39] [PID: 972] [LOG] MOBILE [SEARCH-BING] 开始执行3次滚动和点击循环
2025-09-23T22:30:52.392Z [2025/9/24 06:30:52] [PID: 972] [LOG] MOBILE [SEARCH-BING] 执行只悬停操作并返回 (概率: 18%)
2025-09-23T22:38:02.207Z [2025/9/24 06:38:02] [PID: 972] [LOG] MOBILE [SEARCH-BING] 15 剩余积分 | 查询: 中欧班列中断：中国制造紧急转海运
2025-09-23T22:38:17.559Z [2025/9/24 06:38:17] [PID: 972] [LOG] MOBILE [SEARCH-BING] 开始执行3次滚动和点击循环
2025-09-23T22:45:15.948Z [2025/9/24 06:45:15] [PID: 972] [LOG] MOBILE [SEARCH-BING] 12 剩余积分 | 查询: 受贿超3亿的刘星泰再被通报
2025-09-23T22:45:31.439Z [2025/9/24 06:45:31] [PID: 972] [LOG] MOBILE [SEARCH-BING] 开始执行1次滚动和点击循环
2025-09-23T22:45:44.568Z [2025/9/24 06:45:44] [PID: 972] [LOG] MOBILE [SEARCH-BING] 执行只悬停操作并返回 (概率: 22%)
2025-09-23T22:51:35.930Z [2025/9/24 06:51:35] [PID: 972] [LOG] MOBILE [SEARCH-BING] 12 剩余积分 | 查询: “韦神”韦东奕获奖
2025-09-23T22:51:51.307Z [2025/9/24 06:51:51] [PID: 972] [LOG] MOBILE [SEARCH-BING] 开始执行3次滚动和点击循环
2025-09-23T22:59:45.934Z [2025/9/24 06:59:45] [PID: 972] [LOG] MOBILE [SEARCH-BING] 9 剩余积分 | 查询: 金门机场飞机遇强风 机翼狂甩险砸地
2025-09-23T22:59:59.774Z [2025/9/24 06:59:59] [PID: 972] [LOG] MOBILE [SEARCH-BING] 开始执行3次滚动和点击循环
2025-09-23T23:06:52.378Z [2025/9/24 07:06:52] [PID: 972] [LOG] MOBILE [SEARCH-BING] 6 剩余积分 | 查询: 珠海交通管制：人不出门、车不上路
2025-09-23T23:07:05.732Z [2025/9/24 07:07:05] [PID: 972] [LOG] MOBILE [SEARCH-BING] 开始执行3次滚动和点击循环
2025-09-23T23:13:46.619Z [2025/9/24 07:13:46] [PID: 972] [LOG] MOBILE [SEARCH-BING] 3 剩余积分 | 查询: 台风“桦加沙”究竟强在哪里
2025-09-23T23:14:00.717Z [2025/9/24 07:14:00] [PID: 972] [LOG] MOBILE [SEARCH-BING] 开始执行1次滚动和点击循环
2025-09-23T23:20:38.327Z [2025/9/24 07:20:38] [PID: 972] [LOG] MOBILE [SEARCH-BING] 搜索完成
2025-09-23T23:20:44.002Z [2025/9/24 07:20:44] [PID: 972] [LOG] MOBILE [MAIN-POINTS] 脚本今天收集了 270 积分
2025-09-23T23:20:49.087Z [2025/9/24 07:20:49] [PID: 972] [LOG] MOBILE [关闭浏览器] 浏览器已成功关闭!
2025-09-23T23:20:49.088Z [2025/9/24 07:20:49] [PID: 972] [LOG] MAIN [MAIN-WORKER] 账户 fanqiejiayou@outlook.com 的任务已完成
2025-09-23T23:20:49.089Z [2025/9/24 07:20:49] [PID: 972] [LOG] MAIN [MAIN-WORKER] 开始为账户 email_2 执行任务
2025-09-23T23:20:49.582Z [2025/9/24 07:20:49] [PID: 972] [LOG] DESKTOP [浏览器] 已创建浏览器，用户代理User-Agent: "Mozilla/5.0 (Windows NT 10.0; Win64; x64) AppleWebKit/537.36 (KHTML, like Gecko) Chrome/139.0.0.0 Safari/537.36 Edg/139.0.3405.119"
2025-09-23T23:20:49.760Z [2025/9/24 07:20:49] [PID: 972] [LOG] DESKTOP [MAIN] 正在启动浏览器
2025-09-23T23:20:49.761Z [2025/9/24 07:20:49] [PID: 972] [LOG] DESKTOP [登录] 开始登录流程!
2025-09-23T23:21:23.640Z [2025/9/24 07:21:23] [PID: 972] [LOG] DESKTOP [登录] 邮箱输入成功
2025-09-23T23:21:32.972Z [2025/9/24 07:21:32] [PID: 972] [LOG] DESKTOP [LOGIN] No 2FA skip button found, proceeding with password entry
2025-09-23T23:21:37.988Z [2025/9/24 07:21:37] [PID: 972] [LOG] DESKTOP [登录] 通过 "viewFooter" 找到页面 "获取登录代码"
2025-09-23T23:21:52.697Z [2025/9/24 07:21:52] [PID: 972] [LOG] DESKTOP [登录] 密码输入成功
