2025-09-07T14:47:03.723Z [2025/9/7 22:47:03] [PID: 22932] [LOG] MAIN [MAIN] 机器人已启动，使用 1 个集群
2025-09-07T14:47:03.727Z [2025/9/7 22:47:03] [PID: 22932] [LOG] MAIN [MAIN-WORKER] 开始为账户 fanqiejiayou@outlook.com 执行任务
2025-09-07T14:47:04.861Z [2025/9/7 22:47:04] [PID: 22932] [LOG] DESKTOP [浏览器] 已创建浏览器，用户代理User-Agent: "Mozilla/5.0 (Windows NT 10.0; Win64; x64) AppleWebKit/537.36 (KHTML, like Gecko) Chrome/139.0.0.0 Safari/537.36 Edg/139.0.3405.102"
2025-09-07T14:47:05.226Z [2025/9/7 22:47:05] [PID: 22932] [LOG] DESKTOP [MAIN] 正在启动浏览器
2025-09-07T14:47:05.228Z [2025/9/7 22:47:05] [PID: 22932] [LOG] DESKTOP [登录] 开始登录流程!
2025-09-07T14:47:31.961Z [2025/9/7 22:47:31] [PID: 22932] [WARN] DESKTOP [登录] 未找到邮箱字段
2025-09-07T14:47:40.209Z [2025/9/7 22:47:40] [PID: 22932] [LOG] DESKTOP [LOGIN] No 2FA skip button found, proceeding with password entry
2025-09-07T14:47:52.226Z [2025/9/7 22:47:52] [PID: 22932] [WARN] DESKTOP [登录] 未找到密码字段，可能需要双重身份验证（2FA）
2025-09-07T14:49:01.026Z [2025/9/7 22:49:01] [PID: 22932] [LOG] DESKTOP [登录] 2FA 处理失败: TimeoutError: page.waitForSelector: Timeout 2000ms exceeded.
Call log:
  [2m- waiting for locator('#displaySign, div[data-testid="displaySign"]>span') to be visible[22m

2025-09-07T14:49:09.382Z [2025/9/7 22:49:09] [PID: 22932] [LOG] DESKTOP [关闭所有登录消息] 已关闭 "使用 Passekey" 弹窗
2025-09-07T14:49:17.775Z [2025/9/7 22:49:17] [PID: 22932] [LOG] DESKTOP [登录] 成功登录奖励门户
2025-09-07T14:49:17.776Z [2025/9/7 22:49:17] [PID: 22932] [LOG] DESKTOP [登录] 成功登录微软
2025-09-07T14:49:17.776Z [2025/9/7 22:49:17] [PID: 22932] [LOG] DESKTOP [必应登录] 验证必应登录状态
2025-09-07T14:49:35.156Z [2025/9/7 22:49:35] [PID: 22932] [LOG] DESKTOP [登录] 成功登录，已保存登录会话!
2025-09-07T14:50:35.170Z [2025/9/7 22:50:35] [PID: 22932] [ERROR] DESKTOP [返回主页] 发生错误:TimeoutError: page.goto: Timeout 60000ms exceeded.
Call log:
  [2m- navigating to "https://rewards.bing.com/", waiting until "load"[22m

2025-09-07T14:50:35.172Z [2025/9/7 22:50:35] [PID: 22932] [ERROR] DESKTOP [MAIN-ERROR] 运行桌面端机器人时出错: undefined
2025-09-07T14:53:15.893Z [2025/9/7 22:53:15] [PID: 18024] [LOG] MAIN [MAIN] 机器人已启动，使用 1 个集群
2025-09-07T14:53:15.896Z [2025/9/7 22:53:15] [PID: 18024] [LOG] MAIN [MAIN-WORKER] 开始为账户 fanqiejiayou@outlook.com 执行任务
2025-09-07T14:53:17.152Z [2025/9/7 22:53:17] [PID: 18024] [LOG] DESKTOP [浏览器] 已创建浏览器，用户代理User-Agent: "Mozilla/5.0 (Windows NT 10.0; Win64; x64) AppleWebKit/537.36 (KHTML, like Gecko) Chrome/139.0.0.0 Safari/537.36 Edg/139.0.3405.102"
2025-09-07T14:53:17.450Z [2025/9/7 22:53:17] [PID: 18024] [LOG] DESKTOP [MAIN] 正在启动浏览器
2025-09-07T14:53:17.452Z [2025/9/7 22:53:17] [PID: 18024] [LOG] DESKTOP [登录] 开始登录流程!
2025-09-07T14:53:29.816Z [2025/9/7 22:53:29] [PID: 18024] [LOG] DESKTOP [登录] 已登录
2025-09-07T14:53:35.059Z [2025/9/7 22:53:35] [PID: 18024] [LOG] DESKTOP [必应登录] 验证必应登录状态
2025-09-07T14:53:49.628Z [2025/9/7 22:53:49] [PID: 18024] [LOG] DESKTOP [登录] 成功登录，已保存登录会话!
2025-09-07T14:54:49.639Z [2025/9/7 22:54:49] [PID: 18024] [ERROR] DESKTOP [返回主页] 发生错误:TimeoutError: page.goto: Timeout 60000ms exceeded.
Call log:
  [2m- navigating to "https://rewards.bing.com/", waiting until "load"[22m

2025-09-07T14:54:49.640Z [2025/9/7 22:54:49] [PID: 18024] [ERROR] DESKTOP [MAIN-ERROR] 运行桌面端机器人时出错: undefined
2025-09-07T14:56:57.145Z [2025/9/7 22:56:57] [PID: 13420] [LOG] MAIN [MAIN] 机器人已启动，使用 1 个集群
2025-09-07T14:56:57.148Z [2025/9/7 22:56:57] [PID: 13420] [LOG] MAIN [MAIN-WORKER] 开始为账户 fanqiejiayou@outlook.com 执行任务
2025-09-07T14:56:58.238Z [2025/9/7 22:56:58] [PID: 13420] [LOG] DESKTOP [浏览器] 已创建浏览器，用户代理User-Agent: "Mozilla/5.0 (Windows NT 10.0; Win64; x64) AppleWebKit/537.36 (KHTML, like Gecko) Chrome/139.0.0.0 Safari/537.36 Edg/139.0.3405.102"
2025-09-07T14:56:58.629Z [2025/9/7 22:56:58] [PID: 13420] [LOG] DESKTOP [MAIN] 正在启动浏览器
2025-09-07T14:56:58.631Z [2025/9/7 22:56:58] [PID: 13420] [LOG] DESKTOP [登录] 开始登录流程!
2025-09-07T14:57:11.804Z [2025/9/7 22:57:11] [PID: 13420] [LOG] DESKTOP [登录] 已登录
2025-09-07T14:57:15.975Z [2025/9/7 22:57:15] [PID: 13420] [LOG] DESKTOP [必应登录] 验证必应登录状态
2025-09-07T14:57:28.835Z [2025/9/7 22:57:28] [PID: 13420] [LOG] DESKTOP [登录] 成功登录，已保存登录会话!
2025-09-07T14:58:21.112Z [2025/9/7 22:58:21] [PID: 13420] [LOG] DESKTOP [返回主页] 成功访问主页
2025-09-07T14:58:42.366Z [2025/9/7 22:58:42] [PID: 13420] [LOG] DESKTOP [MAIN-POINTS] 当前积分数量: 1165
2025-09-07T14:58:54.415Z [2025/9/7 22:58:54] [PID: 13420] [LOG] DESKTOP [MAIN-POINTS] 今天可赚取 140 积分
2025-09-07T14:58:54.416Z [2025/9/7 22:58:54] [PID: 13420] [LOG] DESKTOP [MAIN-POINTS] 打开一个新标签页，用于完成任务
2025-09-07T14:58:54.491Z [2025/9/7 22:58:54] [PID: 13420] [LOG] DESKTOP [MAIN-POINTS] 在新标签页中导航到主页务
2025-09-07T14:59:22.075Z [2025/9/7 22:59:22] [PID: 13420] [LOG] DESKTOP [返回主页] 成功访问主页
2025-09-07T14:59:22.076Z [2025/9/7 22:59:22] [PID: 13420] [LOG] DESKTOP [打卡] 所有“打卡”项目均已完成
2025-09-07T14:59:22.077Z [2025/9/7 22:59:22] [PID: 13420] [LOG] DESKTOP [每日任务] 开始解决“每日任务”项目
2025-09-07T14:59:31.305Z [2025/9/7 22:59:31] [PID: 13420] [LOG] DESKTOP [活动] 找到活动类型: "网址奖励" 标题: "Easy kite making"
2025-09-07T14:59:34.261Z [2025/9/7 22:59:34] [PID: 13420] [LOG] DESKTOP [网址奖励] 正在尝试完成网址奖励
2025-09-07T14:59:37.756Z [2025/9/7 22:59:37] [PID: 13420] [LOG] DESKTOP [网址奖励] 成功完成网址奖励
2025-09-07T14:59:50.237Z [2025/9/7 22:59:50] [PID: 13420] [LOG] DESKTOP [活动] 找到活动类型: "网址奖励" 标题: "Wild Patagonia"
2025-09-07T14:59:52.524Z [2025/9/7 22:59:52] [PID: 13420] [LOG] DESKTOP [网址奖励] 正在尝试完成网址奖励
2025-09-07T14:59:52.538Z [2025/9/7 22:59:52] [PID: 13420] [LOG] DESKTOP [网址奖励] 成功完成网址奖励
2025-09-07T15:00:00.876Z [2025/9/7 23:00:00] [PID: 13420] [LOG] DESKTOP [活动] 找到活动类型: "网址奖励" 标题: "Coral crisis"
2025-09-07T15:00:03.933Z [2025/9/7 23:00:03] [PID: 13420] [LOG] DESKTOP [网址奖励] 正在尝试完成网址奖励
2025-09-07T15:00:04.002Z [2025/9/7 23:00:04] [PID: 13420] [LOG] DESKTOP [网址奖励] 成功完成网址奖励
2025-09-07T15:00:10.956Z [2025/9/7 23:00:10] [PID: 13420] [LOG] DESKTOP [每日任务] 所有“每日任务”项目均已完成
2025-09-07T15:00:10.958Z [2025/9/7 23:00:10] [PID: 13420] [LOG] DESKTOP [更多活动] 开始解决“更多活动”项目
2025-09-07T15:00:21.704Z [2025/9/7 23:00:21] [PID: 13420] [LOG] DESKTOP [活动] 找到活动类型: "网址奖励" 标题: "Meditation benefits"
2025-09-07T15:00:25.388Z [2025/9/7 23:00:25] [PID: 13420] [LOG] DESKTOP [网址奖励] 正在尝试完成网址奖励
2025-09-07T15:00:29.359Z [2025/9/7 23:00:29] [PID: 13420] [LOG] DESKTOP [网址奖励] 成功完成网址奖励
2025-09-07T15:00:40.828Z [2025/9/7 23:00:40] [PID: 13420] [LOG] DESKTOP [活动] 找到活动类型: "网址奖励" 标题: "Starfish secrets"
2025-09-07T15:00:44.138Z [2025/9/7 23:00:44] [PID: 13420] [LOG] DESKTOP [网址奖励] 正在尝试完成网址奖励
2025-09-07T15:00:47.435Z [2025/9/7 23:00:47] [PID: 13420] [LOG] DESKTOP [网址奖励] 成功完成网址奖励
2025-09-07T15:00:59.119Z [2025/9/7 23:00:59] [PID: 13420] [LOG] DESKTOP [活动] 找到活动类型: "网址奖励" 标题: "Do you know the answer?"
2025-09-07T15:01:00.831Z [2025/9/7 23:01:00] [PID: 13420] [LOG] DESKTOP [网址奖励] 正在尝试完成网址奖励
2025-09-07T15:01:04.099Z [2025/9/7 23:01:04] [PID: 13420] [LOG] DESKTOP [网址奖励] 成功完成网址奖励
2025-09-07T15:01:08.716Z [2025/9/7 23:01:08] [PID: 13420] [LOG] DESKTOP [更多活动] 所有“更多活动”项目均已完成
2025-09-07T15:01:08.718Z [2025/9/7 23:01:08] [PID: 13420] [LOG] DESKTOP [SEARCH-BING] 开始必应搜索
2025-09-07T15:01:18.090Z [2025/9/7 23:01:18] [PID: 13420] [LOG] DESKTOP [SEARCH-CHINA-TRENDS] 正在生成搜索查询，可能需要一些时间！ | 地理区域: cn
2025-09-07T15:01:18.704Z [2025/9/7 23:01:18] [PID: 13420] [LOG] DESKTOP [SEARCH-CHINA-TRENDS] 已经获取DouYinHot搜索查询
2025-09-07T15:01:18.714Z [2025/9/7 23:01:18] [PID: 13420] [LOG] DESKTOP [SEARCH-BING] 已完成获取cn的搜索词
2025-09-07T15:01:29.031Z [2025/9/7 23:01:29] [PID: 13420] [LOG] DESKTOP [SEARCH-BING] 66 剩余积分 | 查询: 年轻人我劝你不要太年轻
2025-09-07T15:01:41.269Z [2025/9/7 23:01:41] [PID: 13420] [LOG] DESKTOP [SEARCH-BING] 开始执行2次滚动和点击循环
2025-09-07T15:02:53.260Z [2025/9/7 23:02:53] [PID: 13420] [LOG] DESKTOP [SEARCH-DELAY] 当前时间23点，启用快速模式，延迟减少到72000-126000ms
2025-09-07T15:04:38.271Z [2025/9/7 23:04:38] [PID: 13420] [LOG] DESKTOP [SEARCH-BING] 63 剩余积分 | 查询: 林允儿讲中文
2025-09-07T15:04:49.308Z [2025/9/7 23:04:49] [PID: 13420] [LOG] DESKTOP [SEARCH-BING] 开始执行2次滚动和点击循环
2025-09-07T15:05:04.106Z [2025/9/7 23:05:04] [PID: 13420] [LOG] DESKTOP [SEARCH-BING] 执行只悬停操作并返回 (概率: 13%)
2025-09-07T15:05:25.654Z [2025/9/7 23:05:25] [PID: 13420] [LOG] DESKTOP [SEARCH-BING] 执行只悬停操作并返回 (概率: 16%)
2025-09-07T15:05:25.656Z [2025/9/7 23:05:25] [PID: 13420] [LOG] DESKTOP [SEARCH-DELAY] 当前时间23点，启用快速模式，延迟减少到72000-126000ms
2025-09-07T15:07:18.789Z [2025/9/7 23:07:18] [PID: 13420] [LOG] DESKTOP [SEARCH-BING] 60 剩余积分 | 查询: 王不染恶作剧舞台好甜
2025-09-07T15:07:35.563Z [2025/9/7 23:07:35] [PID: 13420] [LOG] DESKTOP [SEARCH-BING] 开始执行3次滚动和点击循环
2025-09-07T15:09:10.294Z [2025/9/7 23:09:10] [PID: 13420] [LOG] DESKTOP [SEARCH-DELAY] 当前时间23点，启用快速模式，延迟减少到72000-126000ms
2025-09-07T15:10:58.369Z [2025/9/7 23:10:58] [PID: 13420] [LOG] DESKTOP [SEARCH-BING] 48 剩余积分 | 查询: 旺旺也被井迪的高能量直播震撼到
2025-09-07T15:11:11.827Z [2025/9/7 23:11:11] [PID: 13420] [LOG] DESKTOP [SEARCH-BING] 开始执行3次滚动和点击循环
2025-09-07T15:11:35.859Z [2025/9/7 23:11:35] [PID: 13420] [LOG] DESKTOP [SEARCH-BING] 执行只悬停操作并返回 (概率: 22%)
2025-09-07T15:12:24.989Z [2025/9/7 23:12:24] [PID: 13420] [LOG] DESKTOP [SEARCH-DELAY] 当前时间23点，启用快速模式，延迟减少到72000-126000ms
2025-09-07T15:14:11.331Z [2025/9/7 23:14:11] [PID: 13420] [LOG] DESKTOP [SEARCH-BING] 45 剩余积分 | 查询: IG 3:0 EDG
2025-09-07T15:14:25.062Z [2025/9/7 23:14:25] [PID: 13420] [LOG] DESKTOP [SEARCH-BING] 开始执行3次滚动和点击循环
2025-09-07T15:14:36.415Z [2025/9/7 23:14:36] [PID: 13420] [LOG] DESKTOP [SEARCH-BING] 执行只悬停操作并返回 (概率: 20%)
2025-09-07T15:15:01.923Z [2025/9/7 23:15:01] [PID: 13420] [LOG] DESKTOP [SEARCH-DELAY] 当前时间23点，启用快速模式，延迟减少到72000-126000ms
2025-09-07T15:16:46.147Z [2025/9/7 23:16:46] [PID: 13420] [LOG] DESKTOP [SEARCH-BING] 42 剩余积分 | 查询: 黄子韬徐艺洋唱最浪漫的事
2025-09-07T15:17:02.140Z [2025/9/7 23:17:02] [PID: 13420] [LOG] DESKTOP [SEARCH-BING] 开始执行2次滚动和点击循环
2025-09-07T15:18:03.536Z [2025/9/7 23:18:03] [PID: 13420] [LOG] DESKTOP [SEARCH-DELAY] 当前时间23点，启用快速模式，延迟减少到72000-126000ms
2025-09-07T15:19:43.261Z [2025/9/7 23:19:43] [PID: 13420] [LOG] DESKTOP [SEARCH-BING] 39 剩余积分 | 查询: 最适合一见钟情的bgm出现了
2025-09-07T15:19:59.374Z [2025/9/7 23:19:59] [PID: 13420] [LOG] DESKTOP [SEARCH-BING] 开始执行2次滚动和点击循环
2025-09-07T15:20:51.131Z [2025/9/7 23:20:51] [PID: 13420] [LOG] DESKTOP [SEARCH-DELAY] 当前时间23点，启用快速模式，延迟减少到72000-126000ms
2025-09-07T15:22:37.278Z [2025/9/7 23:22:37] [PID: 13420] [LOG] DESKTOP [SEARCH-BING] 36 剩余积分 | 查询: 刘宇宁给金靖拍了氛围感大片
2025-09-07T15:22:52.590Z [2025/9/7 23:22:52] [PID: 13420] [LOG] DESKTOP [SEARCH-BING] 开始执行2次滚动和点击循环
2025-09-07T15:23:14.699Z [2025/9/7 23:23:14] [PID: 13420] [LOG] DESKTOP [SEARCH-BING] 执行只悬停操作并返回 (概率: 30%)
2025-09-07T15:23:14.700Z [2025/9/7 23:23:14] [PID: 13420] [LOG] DESKTOP [SEARCH-DELAY] 当前时间23点，启用快速模式，延迟减少到72000-126000ms
2025-09-07T15:24:57.737Z [2025/9/7 23:24:57] [PID: 13420] [LOG] DESKTOP [SEARCH-BING] 33 剩余积分 | 查询: 沈佳润今天是美美sunday
2025-09-07T15:25:12.831Z [2025/9/7 23:25:12] [PID: 13420] [LOG] DESKTOP [SEARCH-BING] 开始执行3次滚动和点击循环
2025-09-07T15:26:16.837Z [2025/9/7 23:26:16] [PID: 13420] [LOG] DESKTOP [SEARCH-BING] 执行只悬停操作并返回 (概率: 16%)
2025-09-07T15:26:16.838Z [2025/9/7 23:26:16] [PID: 13420] [LOG] DESKTOP [SEARCH-DELAY] 当前时间23点，启用快速模式，延迟减少到72000-126000ms
2025-09-07T15:28:11.040Z [2025/9/7 23:28:11] [PID: 13420] [LOG] DESKTOP [SEARCH-BING] 30 剩余积分 | 查询: 朴彩英上海出席活动
2025-09-07T15:28:25.507Z [2025/9/7 23:28:25] [PID: 13420] [LOG] DESKTOP [SEARCH-BING] 开始执行1次滚动和点击循环
2025-09-07T15:29:04.895Z [2025/9/7 23:29:04] [PID: 13420] [LOG] DESKTOP [SEARCH-DELAY] 当前时间23点，启用快速模式，延迟减少到72000-126000ms
2025-09-07T15:30:45.179Z [2025/9/7 23:30:45] [PID: 13420] [LOG] DESKTOP [SEARCH-BING] 27 剩余积分 | 查询: 抗战老兵寄语青年
2025-09-07T15:30:58.231Z [2025/9/7 23:30:58] [PID: 13420] [LOG] DESKTOP [SEARCH-BING] 开始执行2次滚动和点击循环
2025-09-07T15:32:29.477Z [2025/9/7 23:32:29] [PID: 13420] [LOG] DESKTOP [SEARCH-DELAY] 当前时间23点，启用快速模式，延迟减少到72000-126000ms
2025-09-07T15:34:22.228Z [2025/9/7 23:34:22] [PID: 13420] [LOG] DESKTOP [SEARCH-BING] 24 剩余积分 | 查询: 当用暑假赚的钱请同学喝奶茶
2025-09-07T15:34:37.962Z [2025/9/7 23:34:37] [PID: 13420] [LOG] DESKTOP [SEARCH-BING] 开始执行2次滚动和点击循环
2025-09-07T15:36:14.026Z [2025/9/7 23:36:14] [PID: 13420] [LOG] DESKTOP [SEARCH-DELAY] 当前时间23点，启用快速模式，延迟减少到72000-126000ms
2025-09-07T15:37:52.923Z [2025/9/7 23:37:52] [PID: 13420] [LOG] DESKTOP [SEARCH-BING] 21 剩余积分 | 查询: 猪猪侠电影童年三巨头同框
2025-09-07T15:38:08.397Z [2025/9/7 23:38:08] [PID: 13420] [LOG] DESKTOP [SEARCH-BING] 开始执行2次滚动和点击循环
2025-09-07T15:38:26.338Z [2025/9/7 23:38:26] [PID: 13420] [LOG] DESKTOP [SEARCH-DELAY] 当前时间23点，启用快速模式，延迟减少到72000-126000ms
2025-09-07T15:40:18.472Z [2025/9/7 23:40:18] [PID: 13420] [LOG] DESKTOP [SEARCH-BING] 18 剩余积分 | 查询: 控带妹宝跳午夜恰恰好上头
2025-09-07T15:40:32.954Z [2025/9/7 23:40:32] [PID: 13420] [LOG] DESKTOP [SEARCH-BING] 开始执行1次滚动和点击循环
2025-09-07T15:41:18.984Z [2025/9/7 23:41:18] [PID: 13420] [LOG] DESKTOP [SEARCH-DELAY] 当前时间23点，启用快速模式，延迟减少到72000-126000ms
2025-09-07T15:43:09.647Z [2025/9/7 23:43:09] [PID: 13420] [LOG] DESKTOP [SEARCH-BING] 15 剩余积分 | 查询: 华晨宇向阳而生舞台合集
2025-09-07T15:43:24.107Z [2025/9/7 23:43:24] [PID: 13420] [LOG] DESKTOP [SEARCH-BING] 开始执行1次滚动和点击循环
2025-09-07T15:44:02.229Z [2025/9/7 23:44:02] [PID: 13420] [LOG] DESKTOP [SEARCH-DELAY] 当前时间23点，启用快速模式，延迟减少到72000-126000ms
2025-09-07T15:45:41.451Z [2025/9/7 23:45:41] [PID: 13420] [LOG] DESKTOP [SEARCH-BING] 12 剩余积分 | 查询: 当弟弟发错消息
2025-09-07T15:45:54.765Z [2025/9/7 23:45:54] [PID: 13420] [LOG] DESKTOP [SEARCH-BING] 开始执行1次滚动和点击循环
2025-09-07T15:46:00.041Z [2025/9/7 23:46:00] [PID: 13420] [LOG] DESKTOP [SEARCH-DELAY] 当前时间23点，启用快速模式，延迟减少到72000-126000ms
2025-09-07T15:47:49.778Z [2025/9/7 23:47:49] [PID: 13420] [LOG] DESKTOP [SEARCH-BING] 9 剩余积分 | 查询: 林思琪热爱105度的你超甜
2025-09-07T15:48:05.790Z [2025/9/7 23:48:05] [PID: 13420] [LOG] DESKTOP [SEARCH-BING] 开始执行1次滚动和点击循环
2025-09-07T15:48:20.328Z [2025/9/7 23:48:20] [PID: 13420] [LOG] DESKTOP [SEARCH-BING] 执行只悬停操作并返回 (概率: 27%)
2025-09-07T15:48:20.329Z [2025/9/7 23:48:20] [PID: 13420] [LOG] DESKTOP [SEARCH-DELAY] 当前时间23点，启用快速模式，延迟减少到72000-126000ms
2025-09-07T15:50:02.077Z [2025/9/7 23:50:02] [PID: 13420] [LOG] DESKTOP [SEARCH-BING] 6 剩余积分 | 查询: 现在的二次元想看什么自己画
2025-09-07T15:50:18.171Z [2025/9/7 23:50:18] [PID: 13420] [LOG] DESKTOP [SEARCH-BING] 开始执行3次滚动和点击循环
2025-09-07T15:52:12.653Z [2025/9/7 23:52:12] [PID: 13420] [LOG] DESKTOP [SEARCH-DELAY] 当前时间23点，启用快速模式，延迟减少到72000-126000ms
2025-09-07T15:53:57.863Z [2025/9/7 23:53:57] [PID: 13420] [LOG] DESKTOP [SEARCH-BING] 3 剩余积分 | 查询: 乌啦啦打卡洛宁蒸肉
2025-09-07T15:54:12.865Z [2025/9/7 23:54:12] [PID: 13420] [LOG] DESKTOP [SEARCH-BING] 开始执行3次滚动和点击循环
2025-09-07T15:54:54.296Z [2025/9/7 23:54:54] [PID: 13420] [LOG] DESKTOP [SEARCH-BING] 执行只悬停操作并返回 (概率: 10%)
2025-09-07T15:55:29.799Z [2025/9/7 23:55:29] [PID: 13420] [LOG] DESKTOP [SEARCH-DELAY] 当前时间23点，启用快速模式，延迟减少到72000-126000ms
2025-09-07T15:57:13.878Z [2025/9/7 23:57:13] [PID: 13420] [LOG] DESKTOP [SEARCH-BING] 搜索完成
2025-09-07T15:57:17.501Z [2025/9/7 23:57:17] [PID: 13420] [LOG] DESKTOP [关闭浏览器] 浏览器已成功关闭!
2025-09-07T15:57:18.057Z [2025/9/7 23:57:18] [PID: 13420] [LOG] MOBILE [浏览器] 已创建浏览器，用户代理User-Agent: "Mozilla/5.0 (Linux; Android 12; K) AppleWebKit/537.36 (KHTML, like Gecko) Chrome/139.0.0.0 Mobile Safari/537.36 EdgA/139.0.3405.86"
2025-09-07T15:57:18.239Z [2025/9/7 23:57:18] [PID: 13420] [LOG] MOBILE [MAIN] 正在启动浏览器
2025-09-07T15:57:18.240Z [2025/9/7 23:57:18] [PID: 13420] [LOG] MOBILE [登录] 开始登录流程!
2025-09-07T15:57:29.568Z [2025/9/7 23:57:29] [PID: 13420] [LOG] MOBILE [登录] 已登录
2025-09-07T15:57:33.447Z [2025/9/7 23:57:33] [PID: 13420] [LOG] MOBILE [必应登录] 验证必应登录状态
2025-09-07T15:57:47.090Z [2025/9/7 23:57:47] [PID: 13420] [LOG] MOBILE [登录] 成功登录，已保存登录会话!
2025-09-07T15:57:47.795Z [2025/9/7 23:57:47] [PID: 13420] [LOG] MOBILE [APP 登录] 等待授权...
2025-09-07T15:57:48.828Z [2025/9/7 23:57:48] [PID: 13420] [LOG] MOBILE [APP 登录] 授权成功
2025-09-07T15:58:26.994Z [2025/9/7 23:58:26] [PID: 13420] [LOG] MOBILE [返回主页] 成功访问主页
2025-09-07T15:58:45.252Z [2025/9/7 23:58:45] [PID: 13420] [LOG] MOBILE [设置地区] 地区:cn
2025-09-07T15:58:48.082Z [2025/9/7 23:58:48] [PID: 13420] [LOG] MOBILE [MAIN-POINTS] 打开一个新标签页，用于完成任务
2025-09-07T15:58:48.126Z [2025/9/7 23:58:48] [PID: 13420] [LOG] MOBILE [MAIN-POINTS] 在新标签页中导航到主页务
2025-09-07T15:59:06.247Z [2025/9/7 23:59:06] [PID: 13420] [LOG] MOBILE [返回主页] 成功访问主页
2025-09-07T15:59:06.248Z [2025/9/7 23:59:06] [PID: 13420] [LOG] MOBILE [每日任务] 所有“每日任务”项目均已完成
2025-09-07T15:59:06.249Z [2025/9/7 23:59:06] [PID: 13420] [LOG] MOBILE [更多活动] 所有“更多活动”项目均已完成
2025-09-07T15:59:06.249Z [2025/9/7 23:59:06] [PID: 13420] [LOG] MOBILE [MAIN-POINTS] 今天可赚取 87 积分（浏览器端: 57 积分，应用端: 30 积分）
2025-09-07T15:59:06.250Z [2025/9/7 23:59:06] [PID: 13420] [LOG] MOBILE [每日签到] 开始每日签到
2025-09-07T15:59:06.250Z [2025/9/7 23:59:06] [PID: 13420] [LOG] MOBILE [每日签到] 地区:cn
2025-09-07T15:59:06.790Z [2025/9/7 23:59:06] [PID: 13420] [LOG] MOBILE [每日签到] 已领取 5 积分
2025-09-07T15:59:06.791Z [2025/9/7 23:59:06] [PID: 13420] [LOG] MOBILE [阅读赚钱] 开始阅读赚钱活动
2025-09-07T15:59:07.172Z [2025/9/7 23:59:07] [PID: 13420] [LOG] MOBILE [阅读赚钱] 已阅读第 1 篇文章，共 10 篇 | 获得 3 积分
2025-09-07T16:04:00.740Z [2025/9/8 00:04:00] [PID: 3384] [LOG] MAIN [MAIN] 机器人已启动，使用 1 个集群
2025-09-07T16:04:00.741Z [2025/9/8 00:04:00] [PID: 3384] [LOG] MAIN [MAIN-WORKER] 开始为账户 fanqiejiayou@outlook.com 执行任务
2025-09-07T16:04:01.275Z [2025/9/8 00:04:01] [PID: 3384] [LOG] DESKTOP [浏览器] 已创建浏览器，用户代理User-Agent: "Mozilla/5.0 (Windows NT 10.0; Win64; x64) AppleWebKit/537.36 (KHTML, like Gecko) Chrome/139.0.0.0 Safari/537.36 Edg/139.0.3405.102"
2025-09-07T16:04:01.469Z [2025/9/8 00:04:01] [PID: 3384] [LOG] DESKTOP [MAIN] 正在启动浏览器
2025-09-07T16:04:01.470Z [2025/9/8 00:04:01] [PID: 3384] [LOG] DESKTOP [登录] 开始登录流程!
2025-09-07T16:04:10.958Z [2025/9/8 00:04:10] [PID: 3384] [LOG] DESKTOP [登录] 已登录
2025-09-07T16:04:16.552Z [2025/9/8 00:04:16] [PID: 3384] [LOG] DESKTOP [必应登录] 验证必应登录状态
2025-09-07T16:04:32.746Z [2025/9/8 00:04:32] [PID: 3384] [LOG] DESKTOP [登录] 成功登录，已保存登录会话!
2025-09-07T16:05:09.164Z [2025/9/8 00:05:09] [PID: 3384] [LOG] DESKTOP [返回主页] 成功访问主页
2025-09-07T16:05:13.160Z [2025/9/8 00:05:13] [PID: 3384] [LOG] DESKTOP [MAIN-POINTS] 当前积分数量: 816
2025-09-07T16:05:19.738Z [2025/9/8 00:05:19] [PID: 3384] [LOG] DESKTOP [MAIN-POINTS] 今天可赚取 120 积分
2025-09-07T16:05:19.741Z [2025/9/8 00:05:19] [PID: 3384] [LOG] DESKTOP [MAIN-POINTS] 打开一个新标签页，用于完成任务
2025-09-07T16:05:19.798Z [2025/9/8 00:05:19] [PID: 3384] [LOG] DESKTOP [MAIN-POINTS] 在新标签页中导航到主页务
2025-09-07T16:05:39.084Z [2025/9/8 00:05:39] [PID: 3384] [LOG] DESKTOP [返回主页] 成功访问主页
2025-09-07T16:05:39.085Z [2025/9/8 00:05:39] [PID: 3384] [LOG] DESKTOP [打卡] 所有“打卡”项目均已完成
2025-09-07T16:05:39.086Z [2025/9/8 00:05:39] [PID: 3384] [LOG] DESKTOP [每日任务] 开始解决“每日任务”项目
2025-09-07T16:05:49.662Z [2025/9/8 00:05:49] [PID: 3384] [LOG] DESKTOP [活动] 找到活动类型: "网址奖励" 标题: "Perfect squat"
2025-09-07T16:05:52.815Z [2025/9/8 00:05:52] [PID: 3384] [LOG] DESKTOP [网址奖励] 正在尝试完成网址奖励
2025-09-07T16:05:56.731Z [2025/9/8 00:05:56] [PID: 3384] [LOG] DESKTOP [网址奖励] 成功完成网址奖励
2025-09-07T16:06:10.721Z [2025/9/8 00:06:10] [PID: 3384] [LOG] DESKTOP [活动] 找到活动类型: "网址奖励" 标题: "Alice in Wonderland"
2025-09-07T16:06:12.398Z [2025/9/8 00:06:12] [PID: 3384] [LOG] DESKTOP [网址奖励] 正在尝试完成网址奖励
2025-09-07T16:06:15.955Z [2025/9/8 00:06:15] [PID: 3384] [LOG] DESKTOP [网址奖励] 成功完成网址奖励
2025-09-07T16:06:30.764Z [2025/9/8 00:06:30] [PID: 3384] [LOG] DESKTOP [活动] 找到活动类型: "网址奖励" 标题: "Sea moss benefits"
2025-09-07T16:06:34.065Z [2025/9/8 00:06:34] [PID: 3384] [LOG] DESKTOP [网址奖励] 正在尝试完成网址奖励
2025-09-07T16:06:37.289Z [2025/9/8 00:06:37] [PID: 3384] [LOG] DESKTOP [网址奖励] 成功完成网址奖励
2025-09-07T16:06:43.457Z [2025/9/8 00:06:43] [PID: 3384] [LOG] DESKTOP [每日任务] 所有“每日任务”项目均已完成
2025-09-07T16:06:43.458Z [2025/9/8 00:06:43] [PID: 3384] [LOG] DESKTOP [更多活动] 所有“更多活动”项目均已完成
2025-09-07T16:06:43.459Z [2025/9/8 00:06:43] [PID: 3384] [LOG] DESKTOP [SEARCH-BING] 开始必应搜索
2025-09-07T16:06:48.640Z [2025/9/8 00:06:48] [PID: 3384] [LOG] DESKTOP [SEARCH-CHINA-TRENDS] 正在生成搜索查询，可能需要一些时间！ | 地理区域: cn
2025-09-07T16:06:48.954Z [2025/9/8 00:06:48] [PID: 3384] [LOG] DESKTOP [SEARCH-CHINA-TRENDS] 已经获取DouYinHot搜索查询
2025-09-07T16:06:48.962Z [2025/9/8 00:06:48] [PID: 3384] [LOG] DESKTOP [SEARCH-BING] 已完成获取cn的搜索词
2025-09-07T16:06:59.305Z [2025/9/8 00:06:59] [PID: 3384] [LOG] DESKTOP [SEARCH-BING] 90 剩余积分 | 查询: IG 3:0 EDG
2025-09-07T16:07:12.520Z [2025/9/8 00:07:12] [PID: 3384] [LOG] DESKTOP [SEARCH-BING] 开始执行2次滚动和点击循环
2025-09-07T16:07:31.207Z [2025/9/8 00:07:31] [PID: 3384] [LOG] DESKTOP [SEARCH-BING] 执行只悬停操作并返回 (概率: 18%)
2025-09-07T16:13:34.088Z [2025/9/8 00:13:34] [PID: 3384] [LOG] DESKTOP [SEARCH-BING] 90 剩余积分 | 查询: 辛芷蕾威尼斯影后
2025-09-07T16:13:48.219Z [2025/9/8 00:13:48] [PID: 3384] [LOG] DESKTOP [SEARCH-BING] 开始执行3次滚动和点击循环
2025-09-07T16:15:29.141Z [2025/9/8 00:15:29] [PID: 3384] [LOG] DESKTOP [SEARCH-BING] 执行只悬停操作并返回 (概率: 19%)
2025-09-07T16:20:53.397Z [2025/9/8 00:20:53] [PID: 3384] [LOG] DESKTOP [SEARCH-BING] 90 剩余积分 | 查询: 张艺兴开门直达商务之家
2025-09-07T16:21:06.027Z [2025/9/8 00:21:06] [PID: 3384] [LOG] DESKTOP [SEARCH-BING] 开始执行2次滚动和点击循环
2025-09-07T16:21:18.630Z [2025/9/8 00:21:18] [PID: 3384] [LOG] DESKTOP [SEARCH-BING] 执行只悬停操作并返回 (概率: 25%)
2025-09-07T16:27:16.954Z [2025/9/8 00:27:16] [PID: 3384] [LOG] DESKTOP [SEARCH-BING] 90 剩余积分 | 查询: 588一份的扬州炒饭到底值不值
2025-09-07T16:27:34.470Z [2025/9/8 00:27:34] [PID: 3384] [LOG] DESKTOP [SEARCH-BING] 开始执行1次滚动和点击循环
2025-09-07T16:32:52.954Z [2025/9/8 00:32:52] [PID: 3384] [LOG] DESKTOP [SEARCH-BING] 81 剩余积分 | 查询: 林思琪热爱105度的你超甜
2025-09-07T16:33:06.422Z [2025/9/8 00:33:06] [PID: 3384] [LOG] DESKTOP [SEARCH-BING] 开始执行3次滚动和点击循环
2025-09-07T16:40:48.782Z [2025/9/8 00:40:48] [PID: 3384] [LOG] DESKTOP [SEARCH-BING] 81 剩余积分 | 查询: 迪士尼黑色礼裙绝美现场
2025-09-07T16:41:04.979Z [2025/9/8 00:41:04] [PID: 3384] [LOG] DESKTOP [SEARCH-BING] 开始执行2次滚动和点击循环
2025-09-07T16:42:03.477Z [2025/9/8 00:42:03] [PID: 3384] [LOG] DESKTOP [SEARCH-BING] 执行只悬停操作并返回 (概率: 18%)
2025-09-07T16:47:29.216Z [2025/9/8 00:47:29] [PID: 3384] [LOG] DESKTOP [SEARCH-BING] 78 剩余积分 | 查询: 沈佳润今天是美美sunday
2025-09-07T16:47:46.292Z [2025/9/8 00:47:46] [PID: 3384] [LOG] DESKTOP [SEARCH-BING] 开始执行2次滚动和点击循环
2025-09-07T16:53:48.927Z [2025/9/8 00:53:48] [PID: 3384] [LOG] DESKTOP [SEARCH-BING] 78 剩余积分 | 查询: 最适合一见钟情的bgm出现了
2025-09-07T16:54:01.419Z [2025/9/8 00:54:01] [PID: 3384] [LOG] DESKTOP [SEARCH-BING] 开始执行3次滚动和点击循环
2025-09-07T16:55:03.727Z [2025/9/8 00:55:03] [PID: 3384] [LOG] DESKTOP [SEARCH-BING] 执行只悬停操作并返回 (概率: 4%)
2025-09-07T17:00:51.295Z [2025/9/8 01:00:51] [PID: 3384] [LOG] DESKTOP [SEARCH-BING] 78 剩余积分 | 查询: 朴彩英上海出席活动
2025-09-07T17:01:04.843Z [2025/9/8 01:01:04] [PID: 3384] [LOG] DESKTOP [SEARCH-BING] 开始执行2次滚动和点击循环
2025-09-07T17:07:54.715Z [2025/9/8 01:07:54] [PID: 3384] [LOG] DESKTOP [SEARCH-BING] 78 剩余积分 | 查询: CORTIS首次户外公演
2025-09-07T17:08:07.596Z [2025/9/8 01:08:07] [PID: 3384] [LOG] DESKTOP [SEARCH-BING] 开始执行1次滚动和点击循环
2025-09-07T17:14:30.794Z [2025/9/8 01:14:30] [PID: 3384] [LOG] DESKTOP [SEARCH-BING] 75 剩余积分 | 查询: 控带妹宝跳午夜恰恰好上头
2025-09-07T17:14:44.236Z [2025/9/8 01:14:44] [PID: 3384] [LOG] DESKTOP [SEARCH-BING] 开始执行3次滚动和点击循环
2025-09-07T17:15:24.071Z [2025/9/8 01:15:24] [PID: 3384] [LOG] DESKTOP [SEARCH-BING] 执行只悬停操作并返回 (概率: 8%)
2025-09-07T17:21:30.303Z [2025/9/8 01:21:30] [PID: 3384] [LOG] DESKTOP [SEARCH-BING] 75 剩余积分 | 查询: 血月孕妇不能出门系谣言
2025-09-07T17:21:44.451Z [2025/9/8 01:21:44] [PID: 3384] [LOG] DESKTOP [SEARCH-BING] 开始执行2次滚动和点击循环
2025-09-07T17:29:04.409Z [2025/9/8 01:29:04] [PID: 3384] [LOG] DESKTOP [SEARCH-BING] 72 剩余积分 | 查询: 披5MAMA舞蹈挑战
2025-09-07T17:29:15.499Z [2025/9/8 01:29:15] [PID: 3384] [LOG] DESKTOP [SEARCH-BING] 开始执行2次滚动和点击循环
2025-09-07T17:35:27.979Z [2025/9/8 01:35:27] [PID: 3384] [LOG] DESKTOP [SEARCH-BING] 69 剩余积分 | 查询: 演奏钢铁洪流进行曲
2025-09-07T17:35:41.349Z [2025/9/8 01:35:41] [PID: 3384] [LOG] DESKTOP [SEARCH-BING] 开始执行2次滚动和点击循环
2025-09-07T17:42:11.139Z [2025/9/8 01:42:11] [PID: 3384] [LOG] DESKTOP [SEARCH-BING] 66 剩余积分 | 查询: 王不染恶作剧舞台好甜
2025-09-07T17:42:24.998Z [2025/9/8 01:42:24] [PID: 3384] [LOG] DESKTOP [SEARCH-BING] 开始执行3次滚动和点击循环
2025-09-07T17:49:31.801Z [2025/9/8 01:49:31] [PID: 3384] [LOG] DESKTOP [SEARCH-BING] 63 剩余积分 | 查询: 工作室回应金晨穿休闲装走红毯
2025-09-07T17:49:44.642Z [2025/9/8 01:49:44] [PID: 3384] [LOG] DESKTOP [SEARCH-BING] 开始执行2次滚动和点击循环
2025-09-07T17:49:57.836Z [2025/9/8 01:49:57] [PID: 3384] [LOG] DESKTOP [SEARCH-BING] 执行只悬停操作并返回 (概率: 27%)
2025-09-07T17:55:57.821Z [2025/9/8 01:55:57] [PID: 3384] [LOG] DESKTOP [SEARCH-BING] 60 剩余积分 | 查询: 盛夏奔赴派对红毯排面拉满
2025-09-07T17:56:09.915Z [2025/9/8 01:56:09] [PID: 3384] [LOG] DESKTOP [SEARCH-BING] 开始执行3次滚动和点击循环
2025-09-07T18:03:35.681Z [2025/9/8 02:03:35] [PID: 3384] [LOG] DESKTOP [SEARCH-BING] 57 剩余积分 | 查询: 抗战老兵寄语青年
2025-09-07T18:03:48.635Z [2025/9/8 02:03:48] [PID: 3384] [LOG] DESKTOP [SEARCH-BING] 开始执行3次滚动和点击循环
2025-09-07T18:04:33.280Z [2025/9/8 02:04:33] [PID: 3384] [LOG] DESKTOP [SEARCH-BING] 执行只悬停操作并返回 (概率: 12%)
2025-09-07T18:10:25.004Z [2025/9/8 02:10:25] [PID: 3384] [LOG] DESKTOP [SEARCH-BING] 57 剩余积分 | 查询: 胡兵带机器人机器狗出发时装周
2025-09-07T18:10:41.311Z [2025/9/8 02:10:41] [PID: 3384] [LOG] DESKTOP [SEARCH-BING] 开始执行2次滚动和点击循环
2025-09-07T18:17:53.262Z [2025/9/8 02:17:53] [PID: 3384] [LOG] DESKTOP [SEARCH-BING] 54 剩余积分 | 查询: 月全食大赏
2025-09-07T18:18:08.894Z [2025/9/8 02:18:08] [PID: 3384] [LOG] DESKTOP [SEARCH-BING] 开始执行2次滚动和点击循环
2025-09-07T18:25:31.464Z [2025/9/8 02:25:31] [PID: 3384] [LOG] DESKTOP [SEARCH-BING] 51 剩余积分 | 查询: iPhone17国行预估价曝光
2025-09-07T18:25:43.983Z [2025/9/8 02:25:43] [PID: 3384] [LOG] DESKTOP [SEARCH-BING] 开始执行3次滚动和点击循环
2025-09-07T18:33:48.230Z [2025/9/8 02:33:48] [PID: 3384] [LOG] DESKTOP [SEARCH-BING] 48 剩余积分 | 查询: 田曦薇祝武祯永远有破局的勇气
2025-09-07T18:34:02.368Z [2025/9/8 02:34:02] [PID: 3384] [LOG] DESKTOP [SEARCH-BING] 开始执行1次滚动和点击循环
2025-09-07T18:39:14.581Z [2025/9/8 02:39:14] [PID: 3384] [LOG] DESKTOP [SEARCH-BING] 45 剩余积分 | 查询: TF四代幻梦都破碎舞蹈挑战
2025-09-07T18:39:30.360Z [2025/9/8 02:39:30] [PID: 3384] [LOG] DESKTOP [SEARCH-BING] 开始执行1次滚动和点击循环
2025-09-07T18:45:09.816Z [2025/9/8 02:45:09] [PID: 3384] [LOG] DESKTOP [SEARCH-BING] 42 剩余积分 | 查询: 军训完这些东西先别扔
2025-09-07T18:45:21.965Z [2025/9/8 02:45:21] [PID: 3384] [LOG] DESKTOP [SEARCH-BING] 开始执行3次滚动和点击循环
2025-09-07T18:45:33.412Z [2025/9/8 02:45:33] [PID: 3384] [LOG] DESKTOP [SEARCH-BING] 执行只悬停操作并返回 (概率: 22%)
