2025-09-22T17:17:18.604Z [2025/9/23 01:17:18] [PID: 40788] [LOG] MAIN [MAIN] 机器人已启动，使用 1 个集群
2025-09-22T17:17:18.607Z [2025/9/23 01:17:18] [PID: 40788] [LOG] MAIN [MAIN-WORKER] 开始为账户 fanqiejiayou@outlook.com 执行任务
2025-09-22T17:17:19.162Z [2025/9/23 01:17:19] [PID: 40788] [LOG] DESKTOP [浏览器] 已创建浏览器，用户代理User-Agent: "Mozilla/5.0 (Windows NT 10.0; Win64; x64) AppleWebKit/537.36 (KHTML, like Gecko) Chrome/139.0.0.0 Safari/537.36 Edg/139.0.3405.102"
2025-09-22T17:17:19.349Z [2025/9/23 01:17:19] [PID: 40788] [LOG] DESKTOP [MAIN] 正在启动浏览器
2025-09-22T17:17:19.351Z [2025/9/23 01:17:19] [PID: 40788] [LOG] DESKTOP [登录] 开始登录流程!
2025-09-22T17:17:27.632Z [2025/9/23 01:17:27] [PID: 40788] [LOG] DESKTOP [登录] 已登录
2025-09-22T17:17:31.455Z [2025/9/23 01:17:31] [PID: 40788] [LOG] DESKTOP [必应登录] 验证必应登录状态
2025-09-22T17:17:46.391Z [2025/9/23 01:17:46] [PID: 40788] [LOG] DESKTOP [登录] 成功登录，已保存登录会话!
2025-09-22T17:18:15.158Z [2025/9/23 01:18:15] [PID: 40788] [LOG] DESKTOP [返回主页] 成功访问主页
2025-09-22T17:18:17.427Z [2025/9/23 01:18:17] [PID: 40788] [LOG] DESKTOP [MAIN-POINTS] 当前积分数量: 1869
2025-09-22T17:18:20.616Z [2025/9/23 01:18:20] [PID: 40788] [LOG] DESKTOP [MAIN-POINTS] 今天可赚取 155 积分
2025-09-22T17:18:20.616Z [2025/9/23 01:18:20] [PID: 40788] [LOG] DESKTOP [MAIN-POINTS] 打开一个新标签页，用于完成任务
2025-09-22T17:18:20.699Z [2025/9/23 01:18:20] [PID: 40788] [LOG] DESKTOP [MAIN-POINTS] 在新标签页中导航到主页务
2025-09-22T17:18:37.260Z [2025/9/23 01:18:37] [PID: 40788] [LOG] DESKTOP [返回主页] 成功访问主页
2025-09-22T17:18:37.261Z [2025/9/23 01:18:37] [PID: 40788] [LOG] DESKTOP [打卡] 所有“打卡”项目均已完成
2025-09-22T17:18:37.261Z [2025/9/23 01:18:37] [PID: 40788] [LOG] DESKTOP [每日任务] 开始解决“每日任务”项目
2025-09-22T17:18:45.440Z [2025/9/23 01:18:45] [PID: 40788] [LOG] DESKTOP [活动] 找到活动类型: "网址奖励" 标题: "Daily motivation"
2025-09-22T17:18:48.387Z [2025/9/23 01:18:48] [PID: 40788] [LOG] DESKTOP [网址奖励] 正在尝试完成网址奖励
2025-09-22T17:18:51.946Z [2025/9/23 01:18:51] [PID: 40788] [LOG] DESKTOP [网址奖励] 成功完成网址奖励
2025-09-22T17:19:14.211Z [2025/9/23 01:19:14] [PID: 40788] [LOG] DESKTOP [活动] 找到活动类型: "网址奖励" 标题: "Sustainable brands"
2025-09-22T17:19:17.518Z [2025/9/23 01:19:17] [PID: 40788] [LOG] DESKTOP [网址奖励] 正在尝试完成网址奖励
2025-09-22T17:19:21.583Z [2025/9/23 01:19:21] [PID: 40788] [LOG] DESKTOP [网址奖励] 成功完成网址奖励
2025-09-22T17:19:32.780Z [2025/9/23 01:19:32] [PID: 40788] [LOG] DESKTOP [活动] 找到活动类型: "网址奖励" 标题: "Delicious dessert"
2025-09-22T17:19:36.537Z [2025/9/23 01:19:36] [PID: 40788] [LOG] DESKTOP [网址奖励] 正在尝试完成网址奖励
2025-09-22T17:19:40.006Z [2025/9/23 01:19:40] [PID: 40788] [LOG] DESKTOP [网址奖励] 成功完成网址奖励
2025-09-22T17:19:46.176Z [2025/9/23 01:19:46] [PID: 40788] [LOG] DESKTOP [每日任务] 所有“每日任务”项目均已完成
2025-09-22T17:19:46.177Z [2025/9/23 01:19:46] [PID: 40788] [LOG] DESKTOP [更多活动] 开始解决“更多活动”项目
2025-09-22T17:19:56.822Z [2025/9/23 01:19:56] [PID: 40788] [LOG] DESKTOP [活动] 找到活动类型: "网址奖励" 标题: "Bees in the city"
2025-09-22T17:19:58.572Z [2025/9/23 01:19:58] [PID: 40788] [LOG] DESKTOP [网址奖励] 正在尝试完成网址奖励
2025-09-22T17:20:01.965Z [2025/9/23 01:20:01] [PID: 40788] [LOG] DESKTOP [网址奖励] 成功完成网址奖励
2025-09-22T17:20:12.883Z [2025/9/23 01:20:12] [PID: 40788] [LOG] DESKTOP [活动] 找到活动类型: "网址奖励" 标题: "Quotes to inspire"
2025-09-22T17:20:15.956Z [2025/9/23 01:20:15] [PID: 40788] [LOG] DESKTOP [网址奖励] 正在尝试完成网址奖励
2025-09-22T17:20:19.426Z [2025/9/23 01:20:19] [PID: 40788] [LOG] DESKTOP [网址奖励] 成功完成网址奖励
2025-09-22T17:20:31.624Z [2025/9/23 01:20:31] [PID: 40788] [LOG] DESKTOP [活动] 找到活动类型: "网址奖励" 标题: "Complete this puzzle"
2025-09-22T17:20:34.335Z [2025/9/23 01:20:34] [PID: 40788] [LOG] DESKTOP [网址奖励] 正在尝试完成网址奖励
2025-09-22T17:20:37.884Z [2025/9/23 01:20:37] [PID: 40788] [LOG] DESKTOP [网址奖励] 成功完成网址奖励
2025-09-22T17:20:45.833Z [2025/9/23 01:20:45] [PID: 40788] [LOG] DESKTOP [更多活动] 所有“更多活动”项目均已完成
2025-09-22T17:20:45.834Z [2025/9/23 01:20:45] [PID: 40788] [LOG] DESKTOP [SEARCH-BING] 开始必应搜索
2025-09-22T17:20:50.250Z [2025/9/23 01:20:50] [PID: 40788] [LOG] DESKTOP [SEARCH-CHINA-TRENDS] 正在生成搜索查询，可能需要一些时间！ | 地理区域: cn
2025-09-22T17:20:50.597Z [2025/9/23 01:20:50] [PID: 40788] [LOG] DESKTOP [SEARCH-CHINA-TRENDS] 已经获取WeiBoHot搜索查询
2025-09-22T17:20:50.607Z [2025/9/23 01:20:50] [PID: 40788] [LOG] DESKTOP [SEARCH-BING] 已完成获取cn的搜索词
2025-09-22T17:21:01.196Z [2025/9/23 01:21:01] [PID: 40788] [LOG] DESKTOP [SEARCH-BING] 90 剩余积分 | 查询: 秦雯王家卫录音
2025-09-22T17:21:14.036Z [2025/9/23 01:21:14] [PID: 40788] [LOG] DESKTOP [SEARCH-BING] 开始执行2次滚动和点击循环
2025-09-22T17:28:12.880Z [2025/9/23 01:28:12] [PID: 40788] [LOG] DESKTOP [SEARCH-BING] 81 剩余积分 | 查询: 13岁身高177男孩睡觉前必走流程
2025-09-22T17:28:26.571Z [2025/9/23 01:28:26] [PID: 40788] [LOG] DESKTOP [SEARCH-BING] 开始执行3次滚动和点击循环
2025-09-22T17:36:44.938Z [2025/9/23 01:36:44] [PID: 40788] [LOG] DESKTOP [SEARCH-BING] 78 剩余积分 | 查询: 日本观众看完电影731后情绪崩溃
2025-09-22T17:37:06.779Z [2025/9/23 01:37:06] [PID: 40788] [LOG] DESKTOP [SEARCH-BING] 开始执行3次滚动和点击循环
2025-09-22T17:45:20.828Z [2025/9/23 01:45:20] [PID: 40788] [LOG] DESKTOP [SEARCH-BING] 75 剩余积分 | 查询: 广东省内所有高铁停运
2025-09-22T17:45:37.233Z [2025/9/23 01:45:37] [PID: 40788] [LOG] DESKTOP [SEARCH-BING] 开始执行2次滚动和点击循环
2025-09-22T17:52:18.573Z [2025/9/23 01:52:18] [PID: 40788] [LOG] DESKTOP [SEARCH-BING] 72 剩余积分 | 查询: 中国航母又一突破
2025-09-22T17:52:33.811Z [2025/9/23 01:52:33] [PID: 40788] [LOG] DESKTOP [SEARCH-BING] 开始执行1次滚动和点击循环
2025-09-22T17:58:51.850Z [2025/9/23 01:58:51] [PID: 40788] [LOG] DESKTOP [SEARCH-BING] 69 剩余积分 | 查询: 欠蔡国庆老师365个道歉
2025-09-22T17:59:11.237Z [2025/9/23 01:59:11] [PID: 40788] [LOG] DESKTOP [SEARCH-BING] 开始执行2次滚动和点击循环
2025-09-22T18:05:36.399Z [2025/9/23 02:05:36] [PID: 40788] [LOG] DESKTOP [SEARCH-BING] 66 剩余积分 | 查询: 13岁男孩扒飞机飞行94分钟
2025-09-22T18:05:54.329Z [2025/9/23 02:05:54] [PID: 40788] [LOG] DESKTOP [SEARCH-BING] 开始执行2次滚动和点击循环
2025-09-22T18:06:12.207Z [2025/9/23 02:06:12] [PID: 40788] [LOG] DESKTOP [SEARCH-BING] 执行只悬停操作并返回 (概率: 12%)
2025-09-22T18:12:22.098Z [2025/9/23 02:12:22] [PID: 40788] [LOG] DESKTOP [SEARCH-BING] 63 剩余积分 | 查询: 张大仙战队
2025-09-22T18:12:37.997Z [2025/9/23 02:12:37] [PID: 40788] [LOG] DESKTOP [SEARCH-BING] 开始执行3次滚动和点击循环
2025-09-22T18:20:53.361Z [2025/9/23 02:20:53] [PID: 40788] [LOG] DESKTOP [SEARCH-BING] 60 剩余积分 | 查询: 被性侵女高管丈夫不敢看妻子视频
2025-09-22T18:21:11.604Z [2025/9/23 02:21:11] [PID: 40788] [LOG] DESKTOP [SEARCH-BING] 开始执行3次滚动和点击循环
2025-09-22T18:29:12.248Z [2025/9/23 02:29:12] [PID: 40788] [LOG] DESKTOP [SEARCH-BING] 57 剩余积分 | 查询: 贺峻霖中传成功保研
2025-09-22T18:29:31.607Z [2025/9/23 02:29:31] [PID: 40788] [LOG] DESKTOP [SEARCH-BING] 开始执行3次滚动和点击循环
2025-09-22T18:37:20.385Z [2025/9/23 02:37:20] [PID: 40788] [LOG] DESKTOP [SEARCH-BING] 54 剩余积分 | 查询: 烟花秀距最近水体约30米
2025-09-22T18:37:40.310Z [2025/9/23 02:37:40] [PID: 40788] [LOG] DESKTOP [SEARCH-BING] 开始执行2次滚动和点击循环
2025-09-22T18:37:55.251Z [2025/9/23 02:37:55] [PID: 40788] [LOG] DESKTOP [SEARCH-BING] 执行只悬停操作并返回 (概率: 19%)
2025-09-22T18:44:36.984Z [2025/9/23 02:44:36] [PID: 40788] [LOG] DESKTOP [SEARCH-BING] 51 剩余积分 | 查询: 罗永浩否认跑路
2025-09-22T18:44:56.227Z [2025/9/23 02:44:56] [PID: 40788] [LOG] DESKTOP [SEARCH-BING] 开始执行1次滚动和点击循环
2025-09-22T18:50:43.008Z [2025/9/23 02:50:43] [PID: 40788] [LOG] DESKTOP [SEARCH-BING] 48 剩余积分 | 查询: 蔡国强烟花秀现场感言视频曝光
2025-09-22T18:51:03.183Z [2025/9/23 02:51:03] [PID: 40788] [LOG] DESKTOP [SEARCH-BING] 开始执行2次滚动和点击循环
2025-09-22T18:56:34.513Z [2025/9/23 02:56:34] [PID: 40788] [LOG] DESKTOP [SEARCH-BING] 45 剩余积分 | 查询: 张峻豪跳angel真的不是ai吗
2025-09-22T18:56:51.267Z [2025/9/23 02:56:51] [PID: 40788] [LOG] DESKTOP [SEARCH-BING] 开始执行1次滚动和点击循环
2025-09-22T19:02:39.361Z [2025/9/23 03:02:39] [PID: 40788] [LOG] DESKTOP [SEARCH-BING] 42 剩余积分 | 查询: 福建舰弹射3连
2025-09-22T19:02:55.331Z [2025/9/23 03:02:55] [PID: 40788] [LOG] DESKTOP [SEARCH-BING] 开始执行1次滚动和点击循环
2025-09-22T19:08:42.612Z [2025/9/23 03:08:42] [PID: 40788] [LOG] DESKTOP [SEARCH-BING] 39 剩余积分 | 查询: 广东全面进入临战状态
2025-09-22T19:08:58.930Z [2025/9/23 03:08:58] [PID: 40788] [LOG] DESKTOP [SEARCH-BING] 开始执行1次滚动和点击循环
2025-09-22T19:15:44.532Z [2025/9/23 03:15:44] [PID: 40788] [LOG] DESKTOP [SEARCH-BING] 36 剩余积分 | 查询: 陈紫函自曝因长期分居婚姻亮红灯
2025-09-22T19:16:02.606Z [2025/9/23 03:16:02] [PID: 40788] [LOG] DESKTOP [SEARCH-BING] 开始执行2次滚动和点击循环
2025-09-22T19:24:05.584Z [2025/9/23 03:24:05] [PID: 40788] [LOG] DESKTOP [SEARCH-BING] 33 剩余积分 | 查询: 广东全面进入台风防御状态
2025-09-22T19:24:23.088Z [2025/9/23 03:24:23] [PID: 40788] [LOG] DESKTOP [SEARCH-BING] 开始执行3次滚动和点击循环
2025-09-22T19:24:44.114Z [2025/9/23 03:24:44] [PID: 40788] [LOG] DESKTOP [SEARCH-BING] 执行只悬停操作并返回 (概率: 14%)
2025-09-22T19:31:56.081Z [2025/9/23 03:31:56] [PID: 40788] [LOG] DESKTOP [SEARCH-BING] 30 剩余积分 | 查询: 台风
2025-09-22T19:32:13.913Z [2025/9/23 03:32:13] [PID: 40788] [LOG] DESKTOP [SEARCH-BING] 开始执行2次滚动和点击循环
2025-09-22T19:39:13.592Z [2025/9/23 03:39:13] [PID: 40788] [LOG] DESKTOP [SEARCH-BING] 27 剩余积分 | 查询: 酒店因提供监控被性侵施害者威胁
2025-09-22T19:39:33.542Z [2025/9/23 03:39:33] [PID: 40788] [LOG] DESKTOP [SEARCH-BING] 开始执行1次滚动和点击循环
2025-09-22T19:45:32.325Z [2025/9/23 03:45:32] [PID: 40788] [LOG] DESKTOP [SEARCH-BING] 24 剩余积分 | 查询: 向往8堪比白月光回国
2025-09-22T19:45:48.732Z [2025/9/23 03:45:48] [PID: 40788] [LOG] DESKTOP [SEARCH-BING] 开始执行1次滚动和点击循环
2025-09-22T19:51:22.209Z [2025/9/23 03:51:22] [PID: 40788] [LOG] DESKTOP [SEARCH-BING] 21 剩余积分 | 查询: 喜马拉雅炸山事已涉嫌违法
2025-09-22T19:51:39.847Z [2025/9/23 03:51:39] [PID: 40788] [LOG] DESKTOP [SEARCH-BING] 开始执行1次滚动和点击循环
2025-09-22T19:57:17.728Z [2025/9/23 03:57:17] [PID: 40788] [LOG] DESKTOP [SEARCH-BING] 18 剩余积分 | 查询: 台风桦加沙最新消息汇总
2025-09-22T19:57:35.951Z [2025/9/23 03:57:35] [PID: 40788] [LOG] DESKTOP [SEARCH-BING] 开始执行2次滚动和点击循环
2025-09-22T20:03:49.432Z [2025/9/23 04:03:49] [PID: 40788] [LOG] DESKTOP [SEARCH-BING] 15 剩余积分 | 查询: 日本 苹果病
2025-09-22T20:04:04.551Z [2025/9/23 04:04:04] [PID: 40788] [LOG] DESKTOP [SEARCH-BING] 开始执行3次滚动和点击循环
2025-09-22T20:11:30.319Z [2025/9/23 04:11:30] [PID: 40788] [LOG] DESKTOP [SEARCH-BING] 12 剩余积分 | 查询: 臭宝品牌方回应吃出脚趾甲和烟头
2025-09-22T20:11:47.511Z [2025/9/23 04:11:47] [PID: 40788] [LOG] DESKTOP [SEARCH-BING] 开始执行3次滚动和点击循环
2025-09-22T20:12:03.802Z [2025/9/23 04:12:03] [PID: 40788] [LOG] DESKTOP [SEARCH-BING] 执行只悬停操作并返回 (概率: 29%)
2025-09-22T20:19:16.162Z [2025/9/23 04:19:16] [PID: 40788] [LOG] DESKTOP [SEARCH-BING] 9 剩余积分 | 查询: 以色列可能要反制
2025-09-22T20:19:34.448Z [2025/9/23 04:19:34] [PID: 40788] [LOG] DESKTOP [SEARCH-BING] 开始执行3次滚动和点击循环
2025-09-22T20:21:59.527Z [2025/9/23 04:21:59] [PID: 40788] [LOG] DESKTOP [SEARCH-BING] 执行只悬停操作并返回 (概率: 16%)
2025-09-22T20:27:08.461Z [2025/9/23 04:27:08] [PID: 40788] [LOG] DESKTOP [SEARCH-BING] 6 剩余积分 | 查询: 谢霆锋吉他图案是王菲的纹身
2025-09-22T20:27:27.935Z [2025/9/23 04:27:27] [PID: 40788] [LOG] DESKTOP [SEARCH-BING] 开始执行1次滚动和点击循环
2025-09-22T20:27:42.061Z [2025/9/23 04:27:42] [PID: 40788] [LOG] DESKTOP [SEARCH-BING] 执行只悬停操作并返回 (概率: 30%)
2025-09-22T20:32:59.158Z [2025/9/23 04:32:59] [PID: 40788] [LOG] DESKTOP [SEARCH-BING] 3 剩余积分 | 查询: 李沛恩西装
2025-09-22T20:33:16.699Z [2025/9/23 04:33:16] [PID: 40788] [LOG] DESKTOP [SEARCH-BING] 开始执行3次滚动和点击循环
2025-09-22T20:39:45.296Z [2025/9/23 04:39:45] [PID: 40788] [LOG] DESKTOP [SEARCH-BING] 搜索完成
2025-09-22T20:39:48.058Z [2025/9/23 04:39:48] [PID: 40788] [LOG] DESKTOP [关闭浏览器] 浏览器已成功关闭!
2025-09-22T20:39:48.601Z [2025/9/23 04:39:48] [PID: 40788] [LOG] MOBILE [浏览器] 已创建浏览器，用户代理User-Agent: "Mozilla/5.0 (Linux; Android 12; K) AppleWebKit/537.36 (KHTML, like Gecko) Chrome/139.0.0.0 Mobile Safari/537.36 EdgA/139.0.3405.86"
2025-09-22T20:39:48.797Z [2025/9/23 04:39:48] [PID: 40788] [LOG] MOBILE [MAIN] 正在启动浏览器
2025-09-22T20:39:48.798Z [2025/9/23 04:39:48] [PID: 40788] [LOG] MOBILE [登录] 开始登录流程!
2025-09-22T20:39:55.901Z [2025/9/23 04:39:55] [PID: 40788] [LOG] MOBILE [登录] 已登录
2025-09-22T20:40:01.886Z [2025/9/23 04:40:01] [PID: 40788] [LOG] MOBILE [必应登录] 验证必应登录状态
2025-09-22T20:40:15.607Z [2025/9/23 04:40:15] [PID: 40788] [LOG] MOBILE [登录] 成功登录，已保存登录会话!
2025-09-22T20:40:16.322Z [2025/9/23 04:40:16] [PID: 40788] [LOG] MOBILE [APP 登录] 等待授权...
2025-09-22T20:40:16.988Z [2025/9/23 04:40:16] [PID: 40788] [LOG] MOBILE [APP 登录] 授权成功
2025-09-22T20:40:31.096Z [2025/9/23 04:40:31] [PID: 40788] [LOG] MOBILE [返回主页] 成功访问主页
2025-09-22T20:40:35.179Z [2025/9/23 04:40:35] [PID: 40788] [LOG] MOBILE [设置地区] 地区:cn
2025-09-22T20:40:35.865Z [2025/9/23 04:40:35] [PID: 40788] [LOG] MOBILE [MAIN-POINTS] 打开一个新标签页，用于完成任务
2025-09-22T20:40:35.911Z [2025/9/23 04:40:35] [PID: 40788] [LOG] MOBILE [MAIN-POINTS] 在新标签页中导航到主页务
2025-09-22T20:40:49.816Z [2025/9/23 04:40:49] [PID: 40788] [LOG] MOBILE [返回主页] 成功访问主页
2025-09-22T20:40:49.817Z [2025/9/23 04:40:49] [PID: 40788] [LOG] MOBILE [每日任务] 所有“每日任务”项目均已完成
2025-09-22T20:40:49.817Z [2025/9/23 04:40:49] [PID: 40788] [LOG] MOBILE [更多活动] 所有“更多活动”项目均已完成
2025-09-22T20:40:49.818Z [2025/9/23 04:40:49] [PID: 40788] [LOG] MOBILE [MAIN-POINTS] 今天可赚取 90 积分（浏览器端: 60 积分，应用端: 30 积分）
2025-09-22T20:40:49.818Z [2025/9/23 04:40:49] [PID: 40788] [LOG] MOBILE [每日签到] 开始每日签到
2025-09-22T20:40:49.819Z [2025/9/23 04:40:49] [PID: 40788] [LOG] MOBILE [每日签到] 地区:cn
2025-09-22T20:40:50.385Z [2025/9/23 04:40:50] [PID: 40788] [LOG] MOBILE [每日签到] 已领取 5 积分
2025-09-22T20:40:50.386Z [2025/9/23 04:40:50] [PID: 40788] [LOG] MOBILE [阅读赚钱] 开始阅读赚钱活动
2025-09-22T20:40:50.802Z [2025/9/23 04:40:50] [PID: 40788] [LOG] MOBILE [阅读赚钱] 已阅读第 1 篇文章，共 10 篇 | 获得 3 积分
2025-09-22T20:45:36.312Z [2025/9/23 04:45:36] [PID: 40788] [LOG] MOBILE [阅读赚钱] 已阅读第 2 篇文章，共 10 篇 | 获得 3 积分
2025-09-22T20:51:12.380Z [2025/9/23 04:51:12] [PID: 40788] [LOG] MOBILE [阅读赚钱] 已阅读第 3 篇文章，共 10 篇 | 获得 3 积分
2025-09-22T20:56:41.241Z [2025/9/23 04:56:41] [PID: 40788] [LOG] MOBILE [阅读赚钱] 已阅读第 4 篇文章，共 10 篇 | 获得 3 积分
2025-09-22T21:01:45.144Z [2025/9/23 05:01:45] [PID: 40788] [LOG] MOBILE [阅读赚钱] 已阅读第 5 篇文章，共 10 篇 | 获得 3 积分
2025-09-22T21:08:30.627Z [2025/9/23 05:08:30] [PID: 40788] [LOG] MOBILE [阅读赚钱] 已阅读第 6 篇文章，共 10 篇 | 获得 3 积分
2025-09-22T21:13:43.223Z [2025/9/23 05:13:43] [PID: 40788] [LOG] MOBILE [阅读赚钱] 已阅读第 7 篇文章，共 10 篇 | 获得 3 积分
2025-09-22T21:19:59.861Z [2025/9/23 05:19:59] [PID: 40788] [LOG] MOBILE [阅读赚钱] 已阅读第 8 篇文章，共 10 篇 | 获得 3 积分
2025-09-22T21:25:45.929Z [2025/9/23 05:25:45] [PID: 40788] [LOG] MOBILE [阅读赚钱] 已阅读第 9 篇文章，共 10 篇 | 获得 3 积分
2025-09-22T21:30:02.472Z [2025/9/23 05:30:02] [PID: 40788] [LOG] MOBILE [阅读赚钱] 已阅读第 10 篇文章，共 10 篇 | 获得 3 积分
2025-09-22T21:34:55.599Z [2025/9/23 05:34:55] [PID: 40788] [LOG] MOBILE [阅读赚钱] 完成阅读赚钱活动
2025-09-22T21:35:11.665Z [2025/9/23 05:35:11] [PID: 40788] [LOG] MOBILE [返回主页] 成功访问主页
2025-09-22T21:35:11.666Z [2025/9/23 05:35:11] [PID: 40788] [LOG] MOBILE [SEARCH-BING] 开始必应搜索
2025-09-22T21:35:16.859Z [2025/9/23 05:35:16] [PID: 40788] [LOG] MOBILE [SEARCH-CHINA-TRENDS] 正在生成搜索查询，可能需要一些时间！ | 地理区域: cn
2025-09-22T21:35:17.112Z [2025/9/23 05:35:17] [PID: 40788] [LOG] MOBILE [SEARCH-CHINA-TRENDS] 已经获取DouYinHot搜索查询
2025-09-22T21:35:17.117Z [2025/9/23 05:35:17] [PID: 40788] [LOG] MOBILE [SEARCH-BING] 已完成获取cn的搜索词
2025-09-22T21:35:28.350Z [2025/9/23 05:35:28] [PID: 40788] [LOG] MOBILE [SEARCH-BING] 60 剩余积分 | 查询: 深圳台风预警
2025-09-22T21:35:41.222Z [2025/9/23 05:35:41] [PID: 40788] [LOG] MOBILE [SEARCH-BING] 开始执行1次滚动和点击循环
2025-09-22T21:41:52.479Z [2025/9/23 05:41:52] [PID: 40788] [LOG] MOBILE [SEARCH-BING] 57 剩余积分 | 查询: 长春航空展硬核与浪漫并存
2025-09-22T21:42:06.349Z [2025/9/23 05:42:06] [PID: 40788] [LOG] MOBILE [SEARCH-BING] 开始执行2次滚动和点击循环
2025-09-22T21:49:12.579Z [2025/9/23 05:49:12] [PID: 40788] [LOG] MOBILE [SEARCH-BING] 54 剩余积分 | 查询: 一张图证明你陪我很久了
2025-09-22T21:49:25.457Z [2025/9/23 05:49:25] [PID: 40788] [LOG] MOBILE [SEARCH-BING] 开始执行1次滚动和点击循环
2025-09-22T21:54:59.254Z [2025/9/23 05:54:59] [PID: 40788] [LOG] MOBILE [SEARCH-BING] 51 剩余积分 | 查询: 福建舰电磁弹射究竟有多强
2025-09-22T21:55:09.390Z [2025/9/23 05:55:09] [PID: 40788] [LOG] MOBILE [SEARCH-BING] 开始执行3次滚动和点击循环
2025-09-22T21:55:23.875Z [2025/9/23 05:55:23] [PID: 40788] [LOG] MOBILE [SEARCH-BING] 执行只悬停操作并返回 (概率: 17%)
2025-09-22T22:02:33.633Z [2025/9/23 06:02:33] [PID: 40788] [LOG] MOBILE [SEARCH-BING] 48 剩余积分 | 查询: 李沉舟夫君可来相助
2025-09-22T22:02:46.367Z [2025/9/23 06:02:46] [PID: 40788] [LOG] MOBILE [SEARCH-BING] 开始执行3次滚动和点击循环
2025-09-22T22:05:00.322Z [2025/9/23 06:05:00] [PID: 40788] [LOG] MOBILE [SEARCH-BING] 执行只悬停操作并返回 (概率: 23%)
2025-09-22T22:10:19.226Z [2025/9/23 06:10:19] [PID: 40788] [LOG] MOBILE [SEARCH-BING] 45 剩余积分 | 查询: 帽子一戴谁都不爱
2025-09-22T22:10:30.771Z [2025/9/23 06:10:30] [PID: 40788] [LOG] MOBILE [SEARCH-BING] 开始执行3次滚动和点击循环
2025-09-22T22:12:19.608Z [2025/9/23 06:12:19] [PID: 40788] [LOG] MOBILE [SEARCH-BING] 执行只悬停操作并返回 (概率: 14%)
2025-09-22T22:17:56.555Z [2025/9/23 06:17:56] [PID: 40788] [LOG] MOBILE [SEARCH-BING] 42 剩余积分 | 查询: 以方回应英加澳承认巴勒斯坦国
2025-09-22T22:18:08.763Z [2025/9/23 06:18:08] [PID: 40788] [LOG] MOBILE [SEARCH-BING] 开始执行2次滚动和点击循环
2025-09-22T22:18:20.820Z [2025/9/23 06:18:20] [PID: 40788] [LOG] MOBILE [SEARCH-BING] 执行只悬停操作并返回 (概率: 18%)
2025-09-22T22:24:25.228Z [2025/9/23 06:24:25] [PID: 40788] [LOG] MOBILE [SEARCH-BING] 39 剩余积分 | 查询: 深圳辟谣核心区放开限购
2025-09-22T22:24:39.324Z [2025/9/23 06:24:39] [PID: 40788] [LOG] MOBILE [SEARCH-BING] 开始执行3次滚动和点击循环
2025-09-22T22:32:24.662Z [2025/9/23 06:32:24] [PID: 40788] [LOG] MOBILE [SEARCH-BING] 36 剩余积分 | 查询: 心中之城谈如何保持创作热情
2025-09-22T22:32:40.667Z [2025/9/23 06:32:40] [PID: 40788] [LOG] MOBILE [SEARCH-BING] 开始执行1次滚动和点击循环
2025-09-22T22:39:03.324Z [2025/9/23 06:39:03] [PID: 40788] [LOG] MOBILE [SEARCH-BING] 33 剩余积分 | 查询: 与蓝战非共赏盐官钱江潮
2025-09-22T22:39:17.879Z [2025/9/23 06:39:17] [PID: 40788] [LOG] MOBILE [SEARCH-BING] 开始执行3次滚动和点击循环
2025-09-22T22:41:40.425Z [2025/9/23 06:41:40] [PID: 40788] [LOG] MOBILE [SEARCH-BING] 执行只悬停操作并返回 (概率: 21%)
2025-09-22T22:46:59.246Z [2025/9/23 06:46:59] [PID: 40788] [LOG] MOBILE [SEARCH-BING] 30 剩余积分 | 查询: 福建舰电磁弹射宣传片震撼发布
2025-09-22T22:47:16.835Z [2025/9/23 06:47:16] [PID: 40788] [LOG] MOBILE [SEARCH-BING] 开始执行2次滚动和点击循环
2025-09-22T22:53:27.296Z [2025/9/23 06:53:27] [PID: 40788] [LOG] MOBILE [SEARCH-BING] 27 剩余积分 | 查询: 顾晓梦视角打开风声
2025-09-22T22:53:41.295Z [2025/9/23 06:53:41] [PID: 40788] [LOG] MOBILE [SEARCH-BING] 开始执行2次滚动和点击循环
2025-09-22T22:54:17.790Z [2025/9/23 06:54:17] [PID: 40788] [LOG] MOBILE [SEARCH-BING] 执行只悬停操作并返回 (概率: 5%)
2025-09-22T23:00:05.494Z [2025/9/23 07:00:05] [PID: 40788] [LOG] MOBILE [SEARCH-BING] 24 剩余积分 | 查询: 直击台风桦加沙路径
2025-09-22T23:00:18.063Z [2025/9/23 07:00:18] [PID: 40788] [LOG] MOBILE [SEARCH-BING] 开始执行1次滚动和点击循环
2025-09-22T23:00:32.965Z [2025/9/23 07:00:32] [PID: 40788] [LOG] MOBILE [SEARCH-BING] 执行只悬停操作并返回 (概率: 12%)
2025-09-22T23:06:01.907Z [2025/9/23 07:06:01] [PID: 40788] [LOG] MOBILE [SEARCH-BING] 21 剩余积分 | 查询: 不眠日伏笔彩蛋后劲拉满了
2025-09-22T23:06:15.230Z [2025/9/23 07:06:15] [PID: 40788] [LOG] MOBILE [SEARCH-BING] 开始执行1次滚动和点击循环
2025-09-22T23:06:26.930Z [2025/9/23 07:06:26] [PID: 40788] [LOG] MOBILE [SEARCH-BING] 执行只悬停操作并返回 (概率: 18%)
2025-09-22T23:12:20.637Z [2025/9/23 07:12:20] [PID: 40788] [LOG] MOBILE [SEARCH-BING] 18 剩余积分 | 查询: 9月LPR报价出炉
2025-09-22T23:12:34.938Z [2025/9/23 07:12:34] [PID: 40788] [LOG] MOBILE [SEARCH-BING] 开始执行3次滚动和点击循环
2025-09-22T23:13:06.264Z [2025/9/23 07:13:06] [PID: 40788] [LOG] MOBILE [SEARCH-BING] 执行只悬停操作并返回 (概率: 24%)
2025-09-22T23:19:20.027Z [2025/9/23 07:19:20] [PID: 40788] [LOG] MOBILE [SEARCH-BING] 15 剩余积分 | 查询: 喜人奇妙夜2阵容官宣
2025-09-22T23:19:32.828Z [2025/9/23 07:19:32] [PID: 40788] [LOG] MOBILE [SEARCH-BING] 开始执行3次滚动和点击循环
2025-09-22T23:26:55.042Z [2025/9/23 07:26:55] [PID: 40788] [LOG] MOBILE [SEARCH-BING] 12 剩余积分 | 查询: 三型舰载机在福建舰成功起降
2025-09-22T23:27:07.215Z [2025/9/23 07:27:07] [PID: 40788] [LOG] MOBILE [SEARCH-BING] 开始执行3次滚动和点击循环
2025-09-22T23:28:09.282Z [2025/9/23 07:28:09] [PID: 40788] [LOG] MOBILE [SEARCH-BING] 执行只悬停操作并返回 (概率: 29%)
2025-09-22T23:35:10.099Z [2025/9/23 07:35:10] [PID: 40788] [LOG] MOBILE [SEARCH-BING] 9 剩余积分 | 查询: 创作小镇不说再见
2025-09-22T23:35:22.851Z [2025/9/23 07:35:22] [PID: 40788] [LOG] MOBILE [SEARCH-BING] 开始执行2次滚动和点击循环
2025-09-22T23:36:33.997Z [2025/9/23 07:36:33] [PID: 40788] [LOG] MOBILE [SEARCH-BING] 执行只悬停操作并返回 (概率: 1%)
2025-09-22T23:41:55.477Z [2025/9/23 07:41:55] [PID: 40788] [LOG] MOBILE [SEARCH-BING] 6 剩余积分 | 查询: 西甲球迷披巴勒斯坦国旗冲进球场
2025-09-22T23:42:12.442Z [2025/9/23 07:42:12] [PID: 40788] [LOG] MOBILE [SEARCH-BING] 开始执行3次滚动和点击循环
2025-09-22T23:42:26.817Z [2025/9/23 07:42:26] [PID: 40788] [LOG] MOBILE [SEARCH-BING] 执行只悬停操作并返回 (概率: 21%)
2025-09-22T23:48:26.959Z [2025/9/23 07:48:26] [PID: 40788] [LOG] MOBILE [SEARCH-BING] 3 剩余积分 | 查询: 明星版柠檬叉angel舞蹈挑战
2025-09-22T23:48:40.277Z [2025/9/23 07:48:40] [PID: 40788] [LOG] MOBILE [SEARCH-BING] 开始执行3次滚动和点击循环
2025-09-22T23:56:20.169Z [2025/9/23 07:56:20] [PID: 40788] [LOG] MOBILE [SEARCH-BING] 搜索完成
2025-09-22T23:56:27.619Z [2025/9/23 07:56:27] [PID: 40788] [LOG] MOBILE [MAIN-POINTS] 脚本今天收集了 250 积分
2025-09-22T23:56:30.852Z [2025/9/23 07:56:30] [PID: 40788] [LOG] MOBILE [关闭浏览器] 浏览器已成功关闭!
2025-09-22T23:56:30.853Z [2025/9/23 07:56:30] [PID: 40788] [LOG] MAIN [MAIN-WORKER] 账户 fanqiejiayou@outlook.com 的任务已完成
2025-09-22T23:56:30.855Z [2025/9/23 07:56:30] [PID: 40788] [LOG] MAIN [MAIN-WORKER] 开始为账户 email_2 执行任务
2025-09-22T23:56:31.375Z [2025/9/23 07:56:31] [PID: 40788] [LOG] DESKTOP [浏览器] 已创建浏览器，用户代理User-Agent: "Mozilla/5.0 (Windows NT 10.0; Win64; x64) AppleWebKit/537.36 (KHTML, like Gecko) Chrome/139.0.0.0 Safari/537.36 Edg/139.0.3405.119"
2025-09-22T23:56:31.553Z [2025/9/23 07:56:31] [PID: 40788] [LOG] DESKTOP [MAIN] 正在启动浏览器
2025-09-22T23:56:31.554Z [2025/9/23 07:56:31] [PID: 40788] [LOG] DESKTOP [登录] 开始登录流程!
2025-09-22T23:57:08.559Z [2025/9/23 07:57:08] [PID: 40788] [LOG] DESKTOP [登录] 邮箱输入成功
2025-09-22T23:57:16.774Z [2025/9/23 07:57:16] [PID: 40788] [LOG] DESKTOP [LOGIN] No 2FA skip button found, proceeding with password entry
2025-09-22T23:57:21.785Z [2025/9/23 07:57:21] [PID: 40788] [LOG] DESKTOP [登录] 通过 "viewFooter" 找到页面 "获取登录代码"
2025-09-22T23:57:41.292Z [2025/9/23 07:57:41] [PID: 40788] [LOG] DESKTOP [登录] 密码输入成功
