2025-09-11T10:23:15.707Z [2025/9/11 18:23:15] [PID: 4592] [LOG] MAIN [MAIN] 机器人已启动，使用 1 个集群
2025-09-11T10:23:15.710Z [2025/9/11 18:23:15] [PID: 4592] [LOG] MAIN [MAIN-WORKER] 开始为账户 fanqiejiayou@outlook.com 执行任务
2025-09-11T10:23:16.494Z [2025/9/11 18:23:16] [PID: 4592] [LOG] DESKTOP [浏览器] 已创建浏览器，用户代理User-Agent: "Mozilla/5.0 (Windows NT 10.0; Win64; x64) AppleWebKit/537.36 (KHTML, like Gecko) Chrome/139.0.0.0 Safari/537.36 Edg/139.0.3405.102"
2025-09-11T10:23:16.750Z [2025/9/11 18:23:16] [PID: 4592] [LOG] DESKTOP [MAIN] 正在启动浏览器
2025-09-11T10:23:16.753Z [2025/9/11 18:23:16] [PID: 4592] [LOG] DESKTOP [登录] 开始登录流程!
2025-09-11T10:23:25.665Z [2025/9/11 18:23:25] [PID: 4592] [LOG] DESKTOP [登录] 已登录
2025-09-11T10:23:30.055Z [2025/9/11 18:23:30] [PID: 4592] [LOG] DESKTOP [必应登录] 验证必应登录状态
2025-09-11T10:23:45.922Z [2025/9/11 18:23:45] [PID: 4592] [LOG] DESKTOP [登录] 成功登录，已保存登录会话!
2025-09-11T10:24:04.138Z [2025/9/11 18:24:04] [PID: 4592] [LOG] DESKTOP [返回主页] 成功访问主页
2025-09-11T10:24:11.674Z [2025/9/11 18:24:11] [PID: 4592] [LOG] DESKTOP [MAIN-POINTS] 当前积分数量: 1057
2025-09-11T10:24:17.538Z [2025/9/11 18:24:17] [PID: 4592] [LOG] DESKTOP [MAIN-POINTS] 今天可赚取 146 积分
2025-09-11T10:24:17.569Z [2025/9/11 18:24:17] [PID: 4592] [LOG] DESKTOP [MAIN-POINTS] 打开一个新标签页，用于完成任务
2025-09-11T10:24:18.677Z [2025/9/11 18:24:18] [PID: 4592] [LOG] DESKTOP [MAIN-POINTS] 在新标签页中导航到主页务
2025-09-11T10:24:34.409Z [2025/9/11 18:24:34] [PID: 4592] [LOG] DESKTOP [返回主页] 成功访问主页
2025-09-11T10:24:34.435Z [2025/9/11 18:24:34] [PID: 4592] [LOG] DESKTOP [打卡] 所有“打卡”项目均已完成
2025-09-11T10:24:34.438Z [2025/9/11 18:24:34] [PID: 4592] [LOG] DESKTOP [每日任务] 开始解决“每日任务”项目
2025-09-11T10:24:46.823Z [2025/9/11 18:24:46] [PID: 4592] [LOG] DESKTOP [活动] 找到活动类型: "网址奖励" 标题: "Sit back and relax"
2025-09-11T10:24:49.714Z [2025/9/11 18:24:49] [PID: 4592] [LOG] DESKTOP [网址奖励] 正在尝试完成网址奖励
2025-09-11T10:24:53.719Z [2025/9/11 18:24:53] [PID: 4592] [ERROR] DESKTOP [SEARCH-RANDOM-SCROLL] 发生错误:Error: page.evaluate: Target page, context or browser has been closed
2025-09-11T10:24:53.740Z [2025/9/11 18:24:53] [PID: 4592] [LOG] DESKTOP [网址奖励] 成功完成网址奖励
2025-09-11T10:25:02.902Z [2025/9/11 18:25:02] [PID: 4592] [LOG] DESKTOP [活动] 找到活动类型: "网址奖励" 标题: "Healthy snack"
2025-09-11T10:25:05.252Z [2025/9/11 18:25:05] [PID: 4592] [LOG] DESKTOP [网址奖励] 正在尝试完成网址奖励
2025-09-11T10:25:05.282Z [2025/9/11 18:25:05] [PID: 4592] [LOG] DESKTOP [网址奖励] 成功完成网址奖励
2025-09-11T10:25:17.741Z [2025/9/11 18:25:17] [PID: 4592] [LOG] DESKTOP [活动] 找到活动类型: "网址奖励" 标题: "Learning to listen"
2025-09-11T10:25:19.152Z [2025/9/11 18:25:19] [PID: 4592] [LOG] DESKTOP [网址奖励] 正在尝试完成网址奖励
2025-09-11T10:25:19.201Z [2025/9/11 18:25:19] [PID: 4592] [LOG] DESKTOP [网址奖励] 成功完成网址奖励
2025-09-11T10:25:23.425Z [2025/9/11 18:25:23] [PID: 4592] [LOG] DESKTOP [每日任务] 所有“每日任务”项目均已完成
2025-09-11T10:25:23.426Z [2025/9/11 18:25:23] [PID: 4592] [LOG] DESKTOP [更多活动] 开始解决“更多活动”项目
2025-09-11T10:25:34.741Z [2025/9/11 18:25:34] [PID: 4592] [LOG] DESKTOP [活动] 找到活动类型: "网址奖励" 标题: "Save the Amur leopard"
2025-09-11T10:25:39.504Z [2025/9/11 18:25:39] [PID: 4592] [LOG] DESKTOP [网址奖励] 正在尝试完成网址奖励
2025-09-11T10:25:42.780Z [2025/9/11 18:25:42] [PID: 4592] [LOG] DESKTOP [网址奖励] 成功完成网址奖励
2025-09-11T10:25:54.492Z [2025/9/11 18:25:54] [PID: 4592] [LOG] DESKTOP [活动] 找到活动类型: "网址奖励" 标题: "Mid-week puzzle"
2025-09-11T10:25:58.157Z [2025/9/11 18:25:58] [PID: 4592] [LOG] DESKTOP [网址奖励] 正在尝试完成网址奖励
2025-09-11T10:26:02.009Z [2025/9/11 18:26:02] [PID: 4592] [LOG] DESKTOP [网址奖励] 成功完成网址奖励
2025-09-11T10:26:14.197Z [2025/9/11 18:26:14] [PID: 4592] [LOG] DESKTOP [活动] 找到活动类型: "网址奖励" 标题: "Complete this puzzle"
2025-09-11T10:26:18.373Z [2025/9/11 18:26:18] [PID: 4592] [LOG] DESKTOP [网址奖励] 正在尝试完成网址奖励
2025-09-11T10:26:22.058Z [2025/9/11 18:26:22] [PID: 4592] [LOG] DESKTOP [网址奖励] 成功完成网址奖励
2025-09-11T10:26:34.208Z [2025/9/11 18:26:34] [PID: 4592] [LOG] DESKTOP [活动] 找到活动类型: "网址奖励" 标题: "Do you know the answer?"
2025-09-11T10:26:38.931Z [2025/9/11 18:26:38] [PID: 4592] [LOG] DESKTOP [网址奖励] 正在尝试完成网址奖励
2025-09-11T10:26:42.409Z [2025/9/11 18:26:42] [PID: 4592] [LOG] DESKTOP [网址奖励] 成功完成网址奖励
2025-09-11T10:26:54.967Z [2025/9/11 18:26:54] [PID: 4592] [LOG] DESKTOP [活动] 找到活动类型: "网址奖励" 标题: "Quote of the day"
2025-09-11T10:26:58.600Z [2025/9/11 18:26:58] [PID: 4592] [LOG] DESKTOP [网址奖励] 正在尝试完成网址奖励
2025-09-11T10:27:02.051Z [2025/9/11 18:27:02] [PID: 4592] [LOG] DESKTOP [网址奖励] 成功完成网址奖励
2025-09-11T10:27:07.336Z [2025/9/11 18:27:07] [PID: 4592] [LOG] DESKTOP [更多活动] 所有“更多活动”项目均已完成
2025-09-11T10:27:07.338Z [2025/9/11 18:27:07] [PID: 4592] [LOG] DESKTOP [SEARCH-BING] 开始必应搜索
2025-09-11T10:27:11.478Z [2025/9/11 18:27:11] [PID: 4592] [LOG] DESKTOP [SEARCH-CHINA-TRENDS] 正在生成搜索查询，可能需要一些时间！ | 地理区域: cn
2025-09-11T10:27:11.837Z [2025/9/11 18:27:11] [PID: 4592] [LOG] DESKTOP [SEARCH-CHINA-TRENDS] 已经获取TouTiaoHot搜索查询
2025-09-11T10:27:11.847Z [2025/9/11 18:27:11] [PID: 4592] [LOG] DESKTOP [SEARCH-BING] 已完成获取cn的搜索词
2025-09-11T10:27:21.851Z [2025/9/11 18:27:21] [PID: 4592] [LOG] DESKTOP [SEARCH-BING] 69 剩余积分 | 查询: 许昌暴雨积水到大腿车被浸泡
2025-09-11T10:27:38.809Z [2025/9/11 18:27:38] [PID: 4592] [LOG] DESKTOP [SEARCH-BING] 开始执行1次滚动和点击循环
2025-09-11T10:33:42.567Z [2025/9/11 18:33:42] [PID: 4592] [LOG] DESKTOP [SEARCH-BING] 66 剩余积分 | 查询: 王辰被免去中国工程院副院长职务
2025-09-11T10:33:59.877Z [2025/9/11 18:33:59] [PID: 4592] [LOG] DESKTOP [SEARCH-BING] 开始执行1次滚动和点击循环
2025-09-11T10:41:04.102Z [2025/9/11 18:41:04] [PID: 4592] [LOG] DESKTOP [SEARCH-BING] 63 剩余积分 | 查询: 杨超越化身“瓜子西施”
2025-09-11T10:41:24.295Z [2025/9/11 18:41:24] [PID: 4592] [LOG] DESKTOP [SEARCH-BING] 开始执行3次滚动和点击循环
2025-09-11T10:42:02.572Z [2025/9/11 18:42:02] [PID: 4592] [LOG] DESKTOP [SEARCH-BING] 执行只悬停操作并返回 (概率: 3%)
2025-09-11T10:42:39.675Z [2025/9/11 18:42:39] [PID: 4592] [LOG] DESKTOP [SEARCH-BING] 执行只悬停操作并返回 (概率: 17%)
2025-09-11T10:48:44.189Z [2025/9/11 18:48:44] [PID: 4592] [LOG] DESKTOP [SEARCH-BING] 60 剩余积分 | 查询: 北约敢与俄罗斯开战吗
2025-09-11T10:49:02.910Z [2025/9/11 18:49:02] [PID: 4592] [LOG] DESKTOP [SEARCH-BING] 开始执行2次滚动和点击循环
2025-09-11T10:49:18.480Z [2025/9/11 18:49:18] [PID: 4592] [LOG] DESKTOP [SEARCH-BING] 执行只悬停操作并返回 (概率: 10%)
2025-09-11T10:55:45.434Z [2025/9/11 18:55:45] [PID: 4592] [LOG] DESKTOP [SEARCH-BING] 57 剩余积分 | 查询: 媒体：911事件永远改变了美国
2025-09-11T10:56:03.717Z [2025/9/11 18:56:03] [PID: 4592] [LOG] DESKTOP [SEARCH-BING] 开始执行1次滚动和点击循环
2025-09-11T11:02:36.700Z [2025/9/11 19:02:36] [PID: 4592] [LOG] DESKTOP [SEARCH-BING] 54 剩余积分 | 查询: “放出”柯文哲 民进党用意何在
2025-09-11T11:02:55.274Z [2025/9/11 19:02:55] [PID: 4592] [LOG] DESKTOP [SEARCH-BING] 开始执行1次滚动和点击循环
2025-09-11T11:03:15.076Z [2025/9/11 19:03:15] [PID: 4592] [LOG] DESKTOP [SEARCH-BING] 执行只悬停操作并返回 (概率: 3%)
2025-09-11T11:08:29.002Z [2025/9/11 19:08:29] [PID: 4592] [LOG] DESKTOP [SEARCH-BING] 51 剩余积分 | 查询: 少女生前求助信被老师拦截案再开庭
2025-09-11T11:08:46.957Z [2025/9/11 19:08:46] [PID: 4592] [LOG] DESKTOP [SEARCH-BING] 开始执行2次滚动和点击循环
2025-09-11T11:15:19.158Z [2025/9/11 19:15:19] [PID: 4592] [LOG] DESKTOP [SEARCH-BING] 48 剩余积分 | 查询: 电视剧《灼灼韶华》今日开播
2025-09-11T11:15:36.709Z [2025/9/11 19:15:36] [PID: 4592] [LOG] DESKTOP [SEARCH-BING] 开始执行3次滚动和点击循环
2025-09-11T11:22:57.358Z [2025/9/11 19:22:57] [PID: 4592] [LOG] DESKTOP [SEARCH-BING] 45 剩余积分 | 查询: 你会去看《731》电影吗
2025-09-11T11:23:14.781Z [2025/9/11 19:23:14] [PID: 4592] [LOG] DESKTOP [SEARCH-BING] 开始执行2次滚动和点击循环
2025-09-11T11:23:34.819Z [2025/9/11 19:23:34] [PID: 4592] [LOG] DESKTOP [SEARCH-BING] 执行只悬停操作并返回 (概率: 25%)
2025-09-11T11:24:04.995Z [2025/9/11 19:24:04] [PID: 4592] [LOG] DESKTOP [SEARCH-BING] 执行只悬停操作并返回 (概率: 18%)
2025-09-11T11:29:22.279Z [2025/9/11 19:29:22] [PID: 4592] [LOG] DESKTOP [SEARCH-BING] 42 剩余积分 | 查询: 特朗普就盟友被枪杀发表全国讲话
2025-09-11T11:29:41.344Z [2025/9/11 19:29:41] [PID: 4592] [LOG] DESKTOP [SEARCH-BING] 开始执行1次滚动和点击循环
2025-09-11T11:35:32.065Z [2025/9/11 19:35:32] [PID: 4592] [LOG] DESKTOP [SEARCH-BING] 39 剩余积分 | 查询: 不法分子高速上协助闯卡被抓
2025-09-11T11:35:50.931Z [2025/9/11 19:35:50] [PID: 4592] [LOG] DESKTOP [SEARCH-BING] 开始执行3次滚动和点击循环
2025-09-11T11:36:07.667Z [2025/9/11 19:36:07] [PID: 4592] [LOG] DESKTOP [SEARCH-BING] 执行只悬停操作并返回 (概率: 20%)
2025-09-11T11:42:59.163Z [2025/9/11 19:42:59] [PID: 4592] [LOG] DESKTOP [SEARCH-BING] 36 剩余积分 | 查询: 甲骨文创始人为何突然成为世界首富
2025-09-11T11:43:15.178Z [2025/9/11 19:43:15] [PID: 4592] [LOG] DESKTOP [SEARCH-BING] 开始执行2次滚动和点击循环
2025-09-11T11:44:37.945Z [2025/9/11 19:44:37] [PID: 4592] [LOG] DESKTOP [SEARCH-BING] 执行只悬停操作并返回 (概率: 12%)
2025-09-11T11:50:08.828Z [2025/9/11 19:50:08] [PID: 4592] [LOG] DESKTOP [SEARCH-BING] 33 剩余积分 | 查询: 全球新首富现任妻子为中国姑娘
2025-09-11T11:50:27.655Z [2025/9/11 19:50:27] [PID: 4592] [LOG] DESKTOP [SEARCH-BING] 开始执行2次滚动和点击循环
2025-09-11T11:50:43.628Z [2025/9/11 19:50:43] [PID: 4592] [LOG] DESKTOP [SEARCH-BING] 执行只悬停操作并返回 (概率: 5%)
2025-09-11T11:57:20.990Z [2025/9/11 19:57:20] [PID: 4592] [LOG] DESKTOP [SEARCH-BING] 30 剩余积分 | 查询: 成都地铁误会偷拍案维持原判
2025-09-11T11:57:38.913Z [2025/9/11 19:57:38] [PID: 4592] [LOG] DESKTOP [SEARCH-BING] 开始执行1次滚动和点击循环
2025-09-11T12:04:03.249Z [2025/9/11 20:04:03] [PID: 4592] [LOG] DESKTOP [SEARCH-BING] 27 剩余积分 | 查询: 文物事业高质量发展迈出坚实步伐
2025-09-11T12:04:22.043Z [2025/9/11 20:04:22] [PID: 4592] [LOG] DESKTOP [SEARCH-BING] 开始执行3次滚动和点击循环
2025-09-11T12:04:38.041Z [2025/9/11 20:04:38] [PID: 4592] [LOG] DESKTOP [SEARCH-BING] 执行只悬停操作并返回 (概率: 20%)
2025-09-11T12:11:23.978Z [2025/9/11 20:11:23] [PID: 4592] [LOG] DESKTOP [SEARCH-BING] 24 剩余积分 | 查询: 合肥都市圈纳入要素市场化改革试点
2025-09-11T12:11:42.998Z [2025/9/11 20:11:42] [PID: 4592] [LOG] DESKTOP [SEARCH-BING] 开始执行2次滚动和点击循环
2025-09-11T12:12:00.293Z [2025/9/11 20:12:00] [PID: 4592] [LOG] DESKTOP [SEARCH-BING] 执行只悬停操作并返回 (概率: 29%)
2025-09-11T12:18:03.554Z [2025/9/11 20:18:03] [PID: 4592] [LOG] DESKTOP [SEARCH-BING] 21 剩余积分 | 查询: 男子无故扔外卖餐箱还推倒电动车
2025-09-11T12:18:20.694Z [2025/9/11 20:18:20] [PID: 4592] [LOG] DESKTOP [SEARCH-BING] 开始执行1次滚动和点击循环
2025-09-11T12:23:45.334Z [2025/9/11 20:23:45] [PID: 4592] [LOG] DESKTOP [SEARCH-BING] 18 剩余积分 | 查询: 世界新首富什么来头
2025-09-11T12:24:02.302Z [2025/9/11 20:24:02] [PID: 4592] [LOG] DESKTOP [SEARCH-BING] 开始执行2次滚动和点击循环
2025-09-11T12:24:46.878Z [2025/9/11 20:24:46] [PID: 4592] [LOG] DESKTOP [SEARCH-BING] 执行只悬停操作并返回 (概率: 24%)
2025-09-11T12:30:23.615Z [2025/9/11 20:30:23] [PID: 4592] [LOG] DESKTOP [SEARCH-BING] 15 剩余积分 | 查询: 于朦胧名下所有持股公司已注销
2025-09-11T12:30:45.210Z [2025/9/11 20:30:45] [PID: 4592] [LOG] DESKTOP [SEARCH-BING] 开始执行1次滚动和点击循环
2025-09-11T12:36:49.067Z [2025/9/11 20:36:49] [PID: 4592] [LOG] DESKTOP [SEARCH-BING] 12 剩余积分 | 查询: 国乒女单4人晋级16强
2025-09-11T12:37:07.508Z [2025/9/11 20:37:07] [PID: 4592] [LOG] DESKTOP [SEARCH-BING] 开始执行1次滚动和点击循环
2025-09-11T12:43:10.330Z [2025/9/11 20:43:10] [PID: 4592] [LOG] DESKTOP [SEARCH-BING] 9 剩余积分 | 查询: 请记住这28个名字 向志愿军英烈致敬
2025-09-11T12:43:28.465Z [2025/9/11 20:43:28] [PID: 4592] [LOG] DESKTOP [SEARCH-BING] 开始执行1次滚动和点击循环
2025-09-11T12:43:46.389Z [2025/9/11 20:43:46] [PID: 4592] [LOG] DESKTOP [SEARCH-BING] 执行只悬停操作并返回 (概率: 29%)
2025-09-11T12:49:41.849Z [2025/9/11 20:49:41] [PID: 4592] [LOG] DESKTOP [SEARCH-BING] 6 剩余积分 | 查询: 你会考虑购买iPhone 17吗
2025-09-11T12:50:00.425Z [2025/9/11 20:50:00] [PID: 4592] [LOG] DESKTOP [SEARCH-BING] 开始执行3次滚动和点击循环
2025-09-11T12:58:07.366Z [2025/9/11 20:58:07] [PID: 4592] [LOG] DESKTOP [SEARCH-BING] 3 剩余积分 | 查询: 以色列和卡塔尔在“唱双簧”吗
2025-09-11T12:58:23.675Z [2025/9/11 20:58:23] [PID: 4592] [LOG] DESKTOP [SEARCH-BING] 开始执行2次滚动和点击循环
2025-09-11T12:58:44.549Z [2025/9/11 20:58:44] [PID: 4592] [LOG] DESKTOP [SEARCH-BING] 执行只悬停操作并返回 (概率: 2%)
2025-09-11T13:04:54.434Z [2025/9/11 21:04:54] [PID: 4592] [LOG] DESKTOP [SEARCH-BING] 搜索完成
2025-09-11T13:04:59.114Z [2025/9/11 21:04:59] [PID: 4592] [LOG] DESKTOP [关闭浏览器] 浏览器已成功关闭!
2025-09-11T13:04:59.702Z [2025/9/11 21:04:59] [PID: 4592] [LOG] MOBILE [浏览器] 已创建浏览器，用户代理User-Agent: "Mozilla/5.0 (Linux; Android 12; K) AppleWebKit/537.36 (KHTML, like Gecko) Chrome/139.0.0.0 Mobile Safari/537.36 EdgA/139.0.3405.86"
2025-09-11T13:04:59.915Z [2025/9/11 21:04:59] [PID: 4592] [LOG] MOBILE [MAIN] 正在启动浏览器
2025-09-11T13:04:59.916Z [2025/9/11 21:04:59] [PID: 4592] [LOG] MOBILE [登录] 开始登录流程!
2025-09-11T13:05:10.037Z [2025/9/11 21:05:10] [PID: 4592] [LOG] MOBILE [登录] 已登录
2025-09-11T13:05:15.925Z [2025/9/11 21:05:15] [PID: 4592] [LOG] MOBILE [必应登录] 验证必应登录状态
2025-09-11T13:05:48.124Z [2025/9/11 21:05:48] [PID: 4592] [LOG] MOBILE [登录] 成功登录，已保存登录会话!
2025-09-11T13:05:49.179Z [2025/9/11 21:05:49] [PID: 4592] [LOG] MOBILE [APP 登录] 等待授权...
2025-09-11T13:05:50.083Z [2025/9/11 21:05:50] [PID: 4592] [LOG] MOBILE [APP 登录] 授权成功
2025-09-11T13:06:31.613Z [2025/9/11 21:06:31] [PID: 4592] [LOG] MOBILE [返回主页] 成功访问主页
2025-09-11T13:06:39.977Z [2025/9/11 21:06:39] [PID: 4592] [LOG] MOBILE [设置地区] 地区:cn
2025-09-11T13:06:40.621Z [2025/9/11 21:06:40] [PID: 4592] [LOG] MOBILE [MAIN-POINTS] 打开一个新标签页，用于完成任务
2025-09-11T13:06:40.666Z [2025/9/11 21:06:40] [PID: 4592] [LOG] MOBILE [MAIN-POINTS] 在新标签页中导航到主页务
2025-09-11T13:06:55.835Z [2025/9/11 21:06:55] [PID: 4592] [LOG] MOBILE [返回主页] 成功访问主页
2025-09-11T13:06:55.835Z [2025/9/11 21:06:55] [PID: 4592] [LOG] MOBILE [每日任务] 所有“每日任务”项目均已完成
2025-09-11T13:06:55.836Z [2025/9/11 21:06:55] [PID: 4592] [LOG] MOBILE [更多活动] 所有“更多活动”项目均已完成
2025-09-11T13:06:55.836Z [2025/9/11 21:06:55] [PID: 4592] [LOG] MOBILE [MAIN-POINTS] 今天可赚取 90 积分（浏览器端: 60 积分，应用端: 30 积分）
2025-09-11T13:06:55.837Z [2025/9/11 21:06:55] [PID: 4592] [LOG] MOBILE [每日签到] 开始每日签到
2025-09-11T13:06:55.837Z [2025/9/11 21:06:55] [PID: 4592] [LOG] MOBILE [每日签到] 地区:cn
2025-09-11T13:06:56.404Z [2025/9/11 21:06:56] [PID: 4592] [LOG] MOBILE [每日签到] 已领取 5 积分
2025-09-11T13:06:56.404Z [2025/9/11 21:06:56] [PID: 4592] [LOG] MOBILE [阅读赚钱] 开始阅读赚钱活动
2025-09-11T13:06:56.848Z [2025/9/11 21:06:56] [PID: 4592] [LOG] MOBILE [阅读赚钱] 已阅读第 1 篇文章，共 10 篇 | 获得 3 积分
2025-09-11T13:13:36.923Z [2025/9/11 21:13:36] [PID: 4592] [LOG] MOBILE [阅读赚钱] 已阅读第 2 篇文章，共 10 篇 | 获得 3 积分
2025-09-11T13:18:41.364Z [2025/9/11 21:18:41] [PID: 4592] [LOG] MOBILE [阅读赚钱] 已阅读第 3 篇文章，共 10 篇 | 获得 3 积分
2025-09-11T13:25:39.112Z [2025/9/11 21:25:39] [PID: 4592] [LOG] MOBILE [阅读赚钱] 已阅读第 4 篇文章，共 10 篇 | 获得 3 积分
2025-09-11T13:30:31.032Z [2025/9/11 21:30:31] [PID: 4592] [LOG] MOBILE [阅读赚钱] 已阅读第 5 篇文章，共 10 篇 | 获得 3 积分
2025-09-11T13:35:47.813Z [2025/9/11 21:35:47] [PID: 4592] [LOG] MOBILE [阅读赚钱] 已阅读第 6 篇文章，共 10 篇 | 获得 3 积分
2025-09-11T13:40:24.422Z [2025/9/11 21:40:24] [PID: 4592] [LOG] MOBILE [阅读赚钱] 已阅读第 7 篇文章，共 10 篇 | 获得 3 积分
2025-09-11T13:45:40.110Z [2025/9/11 21:45:40] [PID: 4592] [LOG] MOBILE [阅读赚钱] 已阅读第 8 篇文章，共 10 篇 | 获得 3 积分
2025-09-11T13:49:56.239Z [2025/9/11 21:49:56] [PID: 4592] [LOG] MOBILE [阅读赚钱] 已阅读第 9 篇文章，共 10 篇 | 获得 3 积分
2025-09-11T13:55:20.969Z [2025/9/11 21:55:20] [PID: 4592] [LOG] MOBILE [阅读赚钱] 已阅读第 10 篇文章，共 10 篇 | 获得 3 积分
2025-09-11T14:01:48.514Z [2025/9/11 22:01:48] [PID: 4592] [LOG] MOBILE [阅读赚钱] 完成阅读赚钱活动
2025-09-11T14:02:08.459Z [2025/9/11 22:02:08] [PID: 4592] [LOG] MOBILE [返回主页] 成功访问主页
2025-09-11T14:02:08.460Z [2025/9/11 22:02:08] [PID: 4592] [LOG] MOBILE [SEARCH-BING] 开始必应搜索
2025-09-11T14:02:12.823Z [2025/9/11 22:02:12] [PID: 4592] [LOG] MOBILE [SEARCH-CHINA-TRENDS] 正在生成搜索查询，可能需要一些时间！ | 地理区域: cn
2025-09-11T14:02:13.103Z [2025/9/11 22:02:13] [PID: 4592] [LOG] MOBILE [SEARCH-CHINA-TRENDS] 已经获取WeiBoHot搜索查询
2025-09-11T14:02:13.108Z [2025/9/11 22:02:13] [PID: 4592] [LOG] MOBILE [SEARCH-BING] 已完成获取cn的搜索词
2025-09-11T14:02:23.947Z [2025/9/11 22:02:23] [PID: 4592] [LOG] MOBILE [SEARCH-BING] 60 剩余积分 | 查询: 春楠化的赵丽颖
2025-09-11T14:02:36.402Z [2025/9/11 22:02:36] [PID: 4592] [LOG] MOBILE [SEARCH-BING] 开始执行2次滚动和点击循环
2025-09-11T14:02:44.265Z [2025/9/11 22:02:44] [PID: 4592] [LOG] MOBILE [SEARCH-BING] 执行只悬停操作并返回 (概率: 9%)
2025-09-11T14:02:58.907Z [2025/9/11 22:02:58] [PID: 4592] [LOG] MOBILE [SEARCH-BING] 执行只悬停操作并返回 (概率: 17%)
2025-09-11T14:02:58.908Z [2025/9/11 22:02:58] [PID: 4592] [LOG] MOBILE [SEARCH-DELAY] 当前时间22点，启用快速模式，延迟减少到72000-126000ms
2025-09-11T14:04:40.116Z [2025/9/11 22:04:40] [PID: 4592] [LOG] MOBILE [SEARCH-BING] 57 剩余积分 | 查询: 薛之谦 那个少年不曾被世界催眠
2025-09-11T14:04:53.110Z [2025/9/11 22:04:53] [PID: 4592] [LOG] MOBILE [SEARCH-BING] 开始执行1次滚动和点击循环
2025-09-11T14:05:02.553Z [2025/9/11 22:05:02] [PID: 4592] [LOG] MOBILE [SEARCH-BING] 执行只悬停操作并返回 (概率: 1%)
2025-09-11T14:05:02.554Z [2025/9/11 22:05:02] [PID: 4592] [LOG] MOBILE [SEARCH-DELAY] 当前时间22点，启用快速模式，延迟减少到72000-126000ms
2025-09-11T14:06:55.167Z [2025/9/11 22:06:55] [PID: 4592] [LOG] MOBILE [SEARCH-BING] 54 剩余积分 | 查询: 补气血最快的小方法
2025-09-11T14:07:07.800Z [2025/9/11 22:07:07] [PID: 4592] [LOG] MOBILE [SEARCH-BING] 开始执行3次滚动和点击循环
2025-09-11T14:07:59.317Z [2025/9/11 22:07:59] [PID: 4592] [ERROR] MOBILE [SEARCH-BING] 搜索失败，发生错误:Error: page.evaluate: Target page, context or browser has been closed
2025-09-11T14:07:59.318Z [2025/9/11 22:07:59] [PID: 4592] [WARN] MOBILE [SEARCH-BING] 重试搜索，尝试 0/5
2025-09-11T14:08:15.289Z [2025/9/11 22:08:15] [PID: 4592] [LOG] MOBILE [SEARCH-BING] 开始执行1次滚动和点击循环
2025-09-11T14:08:20.018Z [2025/9/11 22:08:20] [PID: 4592] [LOG] MOBILE [SEARCH-DELAY] 当前时间22点，启用快速模式，延迟减少到72000-126000ms
2025-09-11T14:09:58.747Z [2025/9/11 22:09:58] [PID: 4592] [LOG] MOBILE [SEARCH-BING] 51 剩余积分 | 查询: 197653名烈士我们从未忘记
2025-09-11T14:10:09.084Z [2025/9/11 22:10:09] [PID: 4592] [LOG] MOBILE [SEARCH-BING] 开始执行1次滚动和点击循环
2025-09-11T14:10:55.539Z [2025/9/11 22:10:55] [PID: 4592] [LOG] MOBILE [SEARCH-DELAY] 当前时间22点，启用快速模式，延迟减少到72000-126000ms
2025-09-11T14:12:39.310Z [2025/9/11 22:12:39] [PID: 4592] [LOG] MOBILE [SEARCH-BING] 51 剩余积分 | 查询: 成都地铁被指偷拍案原告发声
2025-09-11T14:12:49.748Z [2025/9/11 22:12:49] [PID: 4592] [LOG] MOBILE [SEARCH-BING] 开始执行2次滚动和点击循环
2025-09-11T14:13:08.034Z [2025/9/11 22:13:08] [PID: 4592] [LOG] MOBILE [SEARCH-DELAY] 当前时间22点，启用快速模式，延迟减少到72000-126000ms
2025-09-11T14:14:50.730Z [2025/9/11 22:14:50] [PID: 4592] [LOG] MOBILE [SEARCH-BING] 48 剩余积分 | 查询: 赴山海开播
2025-09-11T14:15:00.629Z [2025/9/11 22:15:00] [PID: 4592] [LOG] MOBILE [SEARCH-BING] 开始执行3次滚动和点击循环
2025-09-11T14:16:10.627Z [2025/9/11 22:16:10] [PID: 4592] [LOG] MOBILE [SEARCH-BING] 执行只悬停操作并返回 (概率: 25%)
2025-09-11T14:16:10.627Z [2025/9/11 22:16:10] [PID: 4592] [LOG] MOBILE [SEARCH-DELAY] 当前时间22点，启用快速模式，延迟减少到72000-126000ms
2025-09-11T14:17:49.740Z [2025/9/11 22:17:49] [PID: 4592] [LOG] MOBILE [SEARCH-BING] 45 剩余积分 | 查询: 韩国海警将救生衣让给中国老人后遇难
2025-09-11T14:18:00.776Z [2025/9/11 22:18:00] [PID: 4592] [LOG] MOBILE [SEARCH-BING] 开始执行3次滚动和点击循环
2025-09-11T14:18:21.629Z [2025/9/11 22:18:21] [PID: 4592] [LOG] MOBILE [SEARCH-BING] 执行只悬停操作并返回 (概率: 6%)
2025-09-11T14:18:34.227Z [2025/9/11 22:18:34] [PID: 4592] [LOG] MOBILE [SEARCH-DELAY] 当前时间22点，启用快速模式，延迟减少到72000-126000ms
2025-09-11T14:20:25.399Z [2025/9/11 22:20:25] [PID: 4592] [LOG] MOBILE [SEARCH-BING] 42 剩余积分 | 查询: 小红书炒作明星个人动态
2025-09-11T14:20:36.272Z [2025/9/11 22:20:36] [PID: 4592] [LOG] MOBILE [SEARCH-BING] 开始执行3次滚动和点击循环
2025-09-11T14:22:21.721Z [2025/9/11 22:22:21] [PID: 4592] [LOG] MOBILE [SEARCH-BING] 执行只悬停操作并返回 (概率: 5%)
2025-09-11T14:22:21.721Z [2025/9/11 22:22:21] [PID: 4592] [LOG] MOBILE [SEARCH-DELAY] 当前时间22点，启用快速模式，延迟减少到72000-126000ms
2025-09-11T14:23:59.553Z [2025/9/11 22:23:59] [PID: 4592] [LOG] MOBILE [SEARCH-BING] 39 剩余积分 | 查询: 普通人吃早餐vs医生吃早餐
2025-09-11T14:24:11.635Z [2025/9/11 22:24:11] [PID: 4592] [LOG] MOBILE [SEARCH-BING] 开始执行1次滚动和点击循环
2025-09-11T14:24:40.669Z [2025/9/11 22:24:40] [PID: 4592] [LOG] MOBILE [SEARCH-DELAY] 当前时间22点，启用快速模式，延迟减少到72000-126000ms
2025-09-11T14:26:23.893Z [2025/9/11 22:26:23] [PID: 4592] [LOG] MOBILE [SEARCH-BING] 36 剩余积分 | 查询: 王楚钦11比6格罗特
2025-09-11T14:26:35.354Z [2025/9/11 22:26:35] [PID: 4592] [LOG] MOBILE [SEARCH-BING] 开始执行1次滚动和点击循环
2025-09-11T14:26:43.479Z [2025/9/11 22:26:43] [PID: 4592] [LOG] MOBILE [SEARCH-BING] 执行只悬停操作并返回 (概率: 7%)
2025-09-11T14:26:43.479Z [2025/9/11 22:26:43] [PID: 4592] [LOG] MOBILE [SEARCH-DELAY] 当前时间22点，启用快速模式，延迟减少到72000-126000ms
2025-09-11T14:28:48.003Z [2025/9/11 22:28:48] [PID: 4592] [LOG] MOBILE [SEARCH-BING] 33 剩余积分 | 查询: 王辰被免去中国工程院副院长职务
2025-09-11T14:28:59.959Z [2025/9/11 22:28:59] [PID: 4592] [LOG] MOBILE [SEARCH-BING] 开始执行2次滚动和点击循环
2025-09-11T14:29:40.931Z [2025/9/11 22:29:40] [PID: 4592] [LOG] MOBILE [SEARCH-DELAY] 当前时间22点，启用快速模式，延迟减少到72000-126000ms
2025-09-11T14:31:30.735Z [2025/9/11 22:31:30] [PID: 4592] [LOG] MOBILE [SEARCH-BING] 30 剩余积分 | 查询: 赴山海云包场
2025-09-11T14:31:38.645Z [2025/9/11 22:31:38] [PID: 4592] [LOG] MOBILE [SEARCH-BING] 开始执行2次滚动和点击循环
2025-09-11T14:31:45.825Z [2025/9/11 22:31:45] [PID: 4592] [LOG] MOBILE [SEARCH-BING] 执行只悬停操作并返回 (概率: 13%)
2025-09-11T14:31:57.132Z [2025/9/11 22:31:57] [PID: 4592] [LOG] MOBILE [SEARCH-DELAY] 当前时间22点，启用快速模式，延迟减少到72000-126000ms
2025-09-11T14:33:38.689Z [2025/9/11 22:33:38] [PID: 4592] [LOG] MOBILE [SEARCH-BING] 27 剩余积分 | 查询: 小红书被查
2025-09-11T14:33:46.563Z [2025/9/11 22:33:46] [PID: 4592] [LOG] MOBILE [SEARCH-BING] 开始执行3次滚动和点击循环
2025-09-11T14:35:35.251Z [2025/9/11 22:35:35] [PID: 4592] [LOG] MOBILE [SEARCH-DELAY] 当前时间22点，启用快速模式，延迟减少到72000-126000ms
2025-09-11T14:37:16.012Z [2025/9/11 22:37:16] [PID: 4592] [LOG] MOBILE [SEARCH-BING] 24 剩余积分 | 查询: 童锦程官宣新恋情
2025-09-11T14:37:24.740Z [2025/9/11 22:37:24] [PID: 4592] [LOG] MOBILE [SEARCH-BING] 开始执行1次滚动和点击循环
2025-09-11T14:37:30.400Z [2025/9/11 22:37:30] [PID: 4592] [LOG] MOBILE [SEARCH-DELAY] 当前时间22点，启用快速模式，延迟减少到72000-126000ms
2025-09-11T14:39:09.827Z [2025/9/11 22:39:09] [PID: 4592] [LOG] MOBILE [SEARCH-BING] 21 剩余积分 | 查询: 王楚钦晋级澳门赛八强
2025-09-11T14:39:21.665Z [2025/9/11 22:39:21] [PID: 4592] [LOG] MOBILE [SEARCH-BING] 开始执行1次滚动和点击循环
2025-09-11T14:40:03.833Z [2025/9/11 22:40:03] [PID: 4592] [LOG] MOBILE [SEARCH-DELAY] 当前时间22点，启用快速模式，延迟减少到72000-126000ms
2025-09-11T14:41:53.375Z [2025/9/11 22:41:53] [PID: 4592] [LOG] MOBILE [SEARCH-BING] 18 剩余积分 | 查询: 公交车大幅避孕套广告被指引人不适
2025-09-11T14:42:04.435Z [2025/9/11 22:42:04] [PID: 4592] [LOG] MOBILE [SEARCH-BING] 开始执行3次滚动和点击循环
2025-09-11T14:43:29.733Z [2025/9/11 22:43:29] [PID: 4592] [LOG] MOBILE [SEARCH-DELAY] 当前时间22点，启用快速模式，延迟减少到72000-126000ms
2025-09-11T14:45:13.536Z [2025/9/11 22:45:13] [PID: 4592] [LOG] MOBILE [SEARCH-BING] 15 剩余积分 | 查询: 杨幂陈丽君 合作
2025-09-11T14:45:23.853Z [2025/9/11 22:45:23] [PID: 4592] [LOG] MOBILE [SEARCH-BING] 开始执行3次滚动和点击循环
2025-09-11T14:46:24.880Z [2025/9/11 22:46:24] [PID: 4592] [LOG] MOBILE [SEARCH-DELAY] 当前时间22点，启用快速模式，延迟减少到72000-126000ms
2025-09-11T14:48:01.548Z [2025/9/11 22:48:01] [PID: 4592] [LOG] MOBILE [SEARCH-BING] 12 剩余积分 | 查询: 小布什当年得知911后反应
2025-09-11T14:48:12.216Z [2025/9/11 22:48:12] [PID: 4592] [LOG] MOBILE [SEARCH-BING] 开始执行2次滚动和点击循环
2025-09-11T14:48:33.165Z [2025/9/11 22:48:33] [PID: 4592] [LOG] MOBILE [SEARCH-BING] 执行只悬停操作并返回 (概率: 30%)
2025-09-11T14:48:33.166Z [2025/9/11 22:48:33] [PID: 4592] [LOG] MOBILE [SEARCH-DELAY] 当前时间22点，启用快速模式，延迟减少到72000-126000ms
2025-09-11T14:50:21.897Z [2025/9/11 22:50:21] [PID: 4592] [LOG] MOBILE [SEARCH-BING] 9 剩余积分 | 查询: 成都地铁偷拍案二审维持原判
2025-09-11T14:50:34.795Z [2025/9/11 22:50:34] [PID: 4592] [LOG] MOBILE [SEARCH-BING] 开始执行1次滚动和点击循环
2025-09-11T14:51:03.260Z [2025/9/11 22:51:03] [PID: 4592] [LOG] MOBILE [SEARCH-DELAY] 当前时间22点，启用快速模式，延迟减少到72000-126000ms
2025-09-11T14:52:47.777Z [2025/9/11 22:52:47] [PID: 4592] [LOG] MOBILE [SEARCH-BING] 6 剩余积分 | 查询: 西贝将起诉罗永浩
2025-09-11T14:52:58.398Z [2025/9/11 22:52:58] [PID: 4592] [LOG] MOBILE [SEARCH-BING] 开始执行3次滚动和点击循环
2025-09-11T14:54:22.870Z [2025/9/11 22:54:22] [PID: 4592] [LOG] MOBILE [SEARCH-DELAY] 当前时间22点，启用快速模式，延迟减少到72000-126000ms
2025-09-11T14:56:16.675Z [2025/9/11 22:56:16] [PID: 4592] [LOG] MOBILE [SEARCH-BING] 3 剩余积分 | 查询: 地铁被疑偷拍案被告先后3次道歉
2025-09-11T14:56:29.650Z [2025/9/11 22:56:29] [PID: 4592] [LOG] MOBILE [SEARCH-BING] 开始执行3次滚动和点击循环
2025-09-11T14:56:38.979Z [2025/9/11 22:56:38] [PID: 4592] [LOG] MOBILE [SEARCH-BING] 执行只悬停操作并返回 (概率: 18%)
2025-09-11T14:58:05.904Z [2025/9/11 22:58:05] [PID: 4592] [LOG] MOBILE [SEARCH-DELAY] 当前时间22点，启用快速模式，延迟减少到72000-126000ms
2025-09-11T15:00:00.733Z [2025/9/11 23:00:00] [PID: 4592] [LOG] MOBILE [SEARCH-BING] 搜索完成
2025-09-11T15:00:13.335Z [2025/9/11 23:00:13] [PID: 4592] [LOG] MOBILE [MAIN-POINTS] 脚本今天收集了 241 积分
2025-09-11T15:00:15.623Z [2025/9/11 23:00:15] [PID: 4592] [LOG] MOBILE [关闭浏览器] 浏览器已成功关闭!
2025-09-11T15:00:15.625Z [2025/9/11 23:00:15] [PID: 4592] [LOG] MAIN [MAIN-WORKER] 账户 fanqiejiayou@outlook.com 的任务已完成
2025-09-11T15:00:15.626Z [2025/9/11 23:00:15] [PID: 4592] [LOG] MAIN [MAIN-WORKER] 开始为账户 email_2 执行任务
2025-09-11T15:00:16.134Z [2025/9/11 23:00:16] [PID: 4592] [LOG] DESKTOP [浏览器] 已创建浏览器，用户代理User-Agent: "Mozilla/5.0 (Windows NT 10.0; Win64; x64) AppleWebKit/537.36 (KHTML, like Gecko) Chrome/139.0.0.0 Safari/537.36 Edg/139.0.3405.119"
2025-09-11T15:00:16.318Z [2025/9/11 23:00:16] [PID: 4592] [LOG] DESKTOP [MAIN] 正在启动浏览器
2025-09-11T15:00:16.319Z [2025/9/11 23:00:16] [PID: 4592] [LOG] DESKTOP [登录] 开始登录流程!
2025-09-11T15:00:53.150Z [2025/9/11 23:00:53] [PID: 4592] [LOG] DESKTOP [登录] 邮箱输入成功
2025-09-11T15:01:02.225Z [2025/9/11 23:01:02] [PID: 4592] [LOG] DESKTOP [LOGIN] No 2FA skip button found, proceeding with password entry
2025-09-11T15:01:07.231Z [2025/9/11 23:01:07] [PID: 4592] [LOG] DESKTOP [登录] 通过 "viewFooter" 找到页面 "获取登录代码"
2025-09-11T15:01:28.396Z [2025/9/11 23:01:28] [PID: 4592] [LOG] DESKTOP [登录] 密码输入成功
