2025-11-11T12:44:38.696Z [2025/11/11 20:44:38] [PID: 41836] [LOG] MAIN [MAIN] 机器人已启动，使用 1 个集群
2025-11-11T12:44:38.699Z [2025/11/11 20:44:38] [PID: 41836] [LOG] MAIN [MAIN-WORKER] 开始为账户 fanqiejiayou@outlook.com 执行任务
2025-11-11T12:44:39.464Z [2025/11/11 20:44:39] [PID: 41836] [LOG] DESKTOP [浏览器] 已创建浏览器，用户代理User-Agent: "Mozilla/5.0 (Windows NT 10.0; Win64; x64) AppleWebKit/537.36 (KHTML, like Gecko) Chrome/139.0.0.0 Safari/537.36 Edg/139.0.3405.102"
2025-11-11T12:44:39.773Z [2025/11/11 20:44:39] [PID: 41836] [LOG] DESKTOP [MAIN] 正在启动浏览器
2025-11-11T12:44:39.776Z [2025/11/11 20:44:39] [PID: 41836] [LOG] DESKTOP [登录] 开始登录流程!
2025-11-11T12:44:49.510Z [2025/11/11 20:44:49] [PID: 41836] [LOG] DESKTOP [登录] 已登录
2025-11-11T12:44:54.663Z [2025/11/11 20:44:54] [PID: 41836] [LOG] DESKTOP [必应登录] 验证必应登录状态
2025-11-11T12:45:09.437Z [2025/11/11 20:45:09] [PID: 41836] [LOG] DESKTOP [登录] 成功登录，已保存登录会话!
2025-11-11T12:45:38.695Z [2025/11/11 20:45:38] [PID: 41836] [LOG] DESKTOP [返回主页] 成功访问主页
2025-11-11T12:45:45.962Z [2025/11/11 20:45:45] [PID: 41836] [LOG] DESKTOP [MAIN-POINTS] 当前积分数量: 5314
2025-11-11T12:45:52.408Z [2025/11/11 20:45:52] [PID: 41836] [LOG] DESKTOP [MAIN-POINTS] 今天可赚取 130 积分
2025-11-11T12:45:52.409Z [2025/11/11 20:45:52] [PID: 41836] [LOG] DESKTOP [MAIN-POINTS] 打开一个新标签页，用于完成任务
2025-11-11T12:45:52.458Z [2025/11/11 20:45:52] [PID: 41836] [LOG] DESKTOP [MAIN-POINTS] 在新标签页中导航到主页务
2025-11-11T12:46:12.259Z [2025/11/11 20:46:12] [PID: 41836] [LOG] DESKTOP [返回主页] 成功访问主页
2025-11-11T12:46:12.260Z [2025/11/11 20:46:12] [PID: 41836] [LOG] DESKTOP [打卡] 所有“打卡”项目均已完成
2025-11-11T12:46:12.261Z [2025/11/11 20:46:12] [PID: 41836] [LOG] DESKTOP [每日任务] 所有“每日任务”项目均已完成
2025-11-11T12:46:12.262Z [2025/11/11 20:46:12] [PID: 41836] [LOG] DESKTOP [更多活动] 开始解决“更多活动”项目
2025-11-11T12:46:24.732Z [2025/11/11 20:46:24] [PID: 41836] [LOG] DESKTOP [活动] 找到活动类型: "网址奖励" 标题: "Golfing tips"
2025-11-11T12:46:28.026Z [2025/11/11 20:46:28] [PID: 41836] [LOG] DESKTOP [网址奖励] 正在尝试完成网址奖励
2025-11-11T12:46:31.547Z [2025/11/11 20:46:31] [PID: 41836] [LOG] DESKTOP [网址奖励] 成功完成网址奖励
2025-11-11T12:46:41.878Z [2025/11/11 20:46:41] [PID: 41836] [LOG] DESKTOP [活动] 找到活动类型: "网址奖励" 标题: "Panda varieties"
2025-11-11T12:46:43.797Z [2025/11/11 20:46:43] [PID: 41836] [LOG] DESKTOP [网址奖励] 正在尝试完成网址奖励
2025-11-11T12:46:43.832Z [2025/11/11 20:46:43] [PID: 41836] [LOG] DESKTOP [网址奖励] 成功完成网址奖励
2025-11-11T12:46:57.024Z [2025/11/11 20:46:57] [PID: 41836] [LOG] DESKTOP [活动] 找到活动类型: "网址奖励" 标题: "Do you know the answer?"
2025-11-11T12:46:58.190Z [2025/11/11 20:46:58] [PID: 41836] [LOG] DESKTOP [网址奖励] 正在尝试完成网址奖励
2025-11-11T12:47:02.088Z [2025/11/11 20:47:02] [PID: 41836] [LOG] DESKTOP [网址奖励] 成功完成网址奖励
2025-11-11T12:47:15.232Z [2025/11/11 20:47:15] [PID: 41836] [LOG] DESKTOP [活动] 找到活动类型: "网址奖励" 标题: "Complete this puzzle"
2025-11-11T12:47:17.626Z [2025/11/11 20:47:17] [PID: 41836] [LOG] DESKTOP [网址奖励] 正在尝试完成网址奖励
2025-11-11T12:47:20.764Z [2025/11/11 20:47:20] [PID: 41836] [LOG] DESKTOP [网址奖励] 成功完成网址奖励
2025-11-11T12:47:27.332Z [2025/11/11 20:47:27] [PID: 41836] [LOG] DESKTOP [更多活动] 所有“更多活动”项目均已完成
2025-11-11T12:47:27.333Z [2025/11/11 20:47:27] [PID: 41836] [LOG] DESKTOP [SEARCH-BING] 开始必应搜索
2025-11-11T12:47:36.963Z [2025/11/11 20:47:36] [PID: 41836] [LOG] DESKTOP [SEARCH-CHINA-TRENDS] 正在生成搜索查询，可能需要一些时间！ | 地理区域: cn
2025-11-11T12:47:37.265Z [2025/11/11 20:47:37] [PID: 41836] [LOG] DESKTOP [SEARCH-CHINA-TRENDS] 已经获取TouTiaoHot搜索查询
2025-11-11T12:47:37.275Z [2025/11/11 20:47:37] [PID: 41836] [LOG] DESKTOP [SEARCH-BING] 已完成获取cn的搜索词
2025-11-11T12:47:47.551Z [2025/11/11 20:47:47] [PID: 41836] [LOG] DESKTOP [SEARCH-BING] 81 剩余积分 | 查询: 中国对日本打交道方式出现怎样变化
2025-11-11T12:48:04.326Z [2025/11/11 20:48:04] [PID: 41836] [LOG] DESKTOP [SEARCH-BING] 开始执行1次滚动和点击循环
2025-11-11T12:54:47.335Z [2025/11/11 20:54:47] [PID: 41836] [LOG] DESKTOP [SEARCH-BING] 78 剩余积分 | 查询: 中国下一艘航母会是核动力航母吗
2025-11-11T12:54:59.809Z [2025/11/11 20:54:59] [PID: 41836] [LOG] DESKTOP [SEARCH-BING] 开始执行2次滚动和点击循环
2025-11-11T12:55:15.100Z [2025/11/11 20:55:15] [PID: 41836] [LOG] DESKTOP [SEARCH-BING] 执行只悬停操作并返回 (概率: 2%)
2025-11-11T12:55:39.408Z [2025/11/11 20:55:39] [PID: 41836] [LOG] DESKTOP [SEARCH-BING] 执行只悬停操作并返回 (概率: 4%)
2025-11-11T13:01:25.702Z [2025/11/11 21:01:25] [PID: 41836] [LOG] DESKTOP [SEARCH-BING] 75 剩余积分 | 查询: 跨境网赌大佬佘智江将被引渡回中国
2025-11-11T13:01:38.341Z [2025/11/11 21:01:38] [PID: 41836] [LOG] DESKTOP [SEARCH-BING] 开始执行1次滚动和点击循环
2025-11-11T13:01:54.454Z [2025/11/11 21:01:54] [PID: 41836] [LOG] DESKTOP [SEARCH-BING] 执行只悬停操作并返回 (概率: 15%)
2025-11-11T13:07:24.945Z [2025/11/11 21:07:24] [PID: 41836] [LOG] DESKTOP [SEARCH-BING] 72 剩余积分 | 查询: 今年最大的台风“凤凰”要来了
2025-11-11T13:07:40.136Z [2025/11/11 21:07:40] [PID: 41836] [LOG] DESKTOP [SEARCH-BING] 开始执行1次滚动和点击循环
2025-11-11T13:14:12.449Z [2025/11/11 21:14:12] [PID: 41836] [LOG] DESKTOP [SEARCH-BING] 69 剩余积分 | 查询: 张颂文聚餐救人获赠锦旗
2025-11-11T13:14:24.699Z [2025/11/11 21:14:24] [PID: 41836] [LOG] DESKTOP [SEARCH-BING] 开始执行2次滚动和点击循环
2025-11-11T13:20:53.479Z [2025/11/11 21:20:53] [PID: 41836] [LOG] DESKTOP [SEARCH-BING] 66 剩余积分 | 查询: 墨西哥为何推迟对华商品加税
2025-11-11T13:21:07.726Z [2025/11/11 21:21:07] [PID: 41836] [LOG] DESKTOP [SEARCH-BING] 开始执行3次滚动和点击循环
2025-11-11T13:22:30.593Z [2025/11/11 21:22:30] [PID: 41836] [LOG] DESKTOP [SEARCH-BING] 执行只悬停操作并返回 (概率: 16%)
2025-11-11T13:28:17.261Z [2025/11/11 21:28:17] [PID: 41836] [LOG] DESKTOP [SEARCH-BING] 63 剩余积分 | 查询: “台海有事”就出兵？日首相不知深浅
2025-11-11T13:28:33.862Z [2025/11/11 21:28:33] [PID: 41836] [LOG] DESKTOP [SEARCH-BING] 开始执行1次滚动和点击循环
2025-11-11T13:28:46.044Z [2025/11/11 21:28:46] [PID: 41836] [LOG] DESKTOP [SEARCH-BING] 执行只悬停操作并返回 (概率: 3%)
2025-11-11T13:33:46.679Z [2025/11/11 21:33:46] [PID: 41836] [LOG] DESKTOP [SEARCH-BING] 60 剩余积分 | 查询: 梁靖崑爆冷止步32强
2025-11-11T13:33:58.671Z [2025/11/11 21:33:58] [PID: 41836] [LOG] DESKTOP [SEARCH-BING] 开始执行2次滚动和点击循环
2025-11-11T13:41:52.584Z [2025/11/11 21:41:52] [PID: 41836] [LOG] DESKTOP [SEARCH-BING] 57 剩余积分 | 查询: 中国领先进入人机协同空中作战时代
2025-11-11T13:42:06.333Z [2025/11/11 21:42:06] [PID: 41836] [LOG] DESKTOP [SEARCH-BING] 开始执行3次滚动和点击循环
2025-11-11T13:43:20.340Z [2025/11/11 21:43:20] [PID: 41836] [LOG] DESKTOP [SEARCH-BING] 执行只悬停操作并返回 (概率: 15%)
2025-11-11T13:43:51.466Z [2025/11/11 21:43:51] [PID: 41836] [LOG] DESKTOP [SEARCH-BING] 执行只悬停操作并返回 (概率: 2%)
2025-11-11T13:49:34.927Z [2025/11/11 21:49:34] [PID: 41836] [LOG] DESKTOP [SEARCH-BING] 54 剩余积分 | 查询: 特朗普关税政策会在美最高法院败诉吗
2025-11-11T13:49:48.442Z [2025/11/11 21:49:48] [PID: 41836] [LOG] DESKTOP [SEARCH-BING] 开始执行2次滚动和点击循环
2025-11-11T13:56:18.430Z [2025/11/11 21:56:18] [PID: 41836] [LOG] DESKTOP [SEARCH-BING] 51 剩余积分 | 查询: 如何看待攻击-11飞行画面公开
2025-11-11T13:56:33.082Z [2025/11/11 21:56:33] [PID: 41836] [LOG] DESKTOP [SEARCH-BING] 开始执行2次滚动和点击循环
2025-11-11T14:03:20.334Z [2025/11/11 22:03:20] [PID: 41836] [LOG] DESKTOP [SEARCH-BING] 48 剩余积分 | 查询: 学者谈俄军攻陷红军城的宏观意义
2025-11-11T14:03:31.198Z [2025/11/11 22:03:31] [PID: 41836] [LOG] DESKTOP [SEARCH-BING] 开始执行1次滚动和点击循环
2025-11-11T14:03:35.879Z [2025/11/11 22:03:35] [PID: 41836] [LOG] DESKTOP [SEARCH-DELAY] 当前时间22点，启用快速模式，延迟减少到72000-126000ms
2025-11-11T14:05:19.510Z [2025/11/11 22:05:19] [PID: 41836] [LOG] DESKTOP [SEARCH-BING] 45 剩余积分 | 查询: 陈幸同队友倒地庆祝后发现比赛没结束
2025-11-11T14:05:29.810Z [2025/11/11 22:05:29] [PID: 41836] [LOG] DESKTOP [SEARCH-BING] 开始执行3次滚动和点击循环
2025-11-11T14:06:23.241Z [2025/11/11 22:06:23] [PID: 41836] [LOG] DESKTOP [SEARCH-BING] 执行只悬停操作并返回 (概率: 13%)
2025-11-11T14:07:03.444Z [2025/11/11 22:07:03] [PID: 41836] [LOG] DESKTOP [SEARCH-DELAY] 当前时间22点，启用快速模式，延迟减少到72000-126000ms
2025-11-11T14:08:58.569Z [2025/11/11 22:08:58] [PID: 41836] [LOG] DESKTOP [SEARCH-BING] 42 剩余积分 | 查询: 吴宗宪谈郑丽文遭绿营围剿“亲中”
2025-11-11T14:09:11.732Z [2025/11/11 22:09:11] [PID: 41836] [LOG] DESKTOP [SEARCH-BING] 开始执行1次滚动和点击循环
2025-11-11T14:09:37.080Z [2025/11/11 22:09:37] [PID: 41836] [LOG] DESKTOP [SEARCH-DELAY] 当前时间22点，启用快速模式，延迟减少到72000-126000ms
2025-11-11T14:11:20.893Z [2025/11/11 22:11:20] [PID: 41836] [LOG] DESKTOP [SEARCH-BING] 39 剩余积分 | 查询: 台苗栗县长钟东锦今年已三度访问大陆
2025-11-11T14:11:32.627Z [2025/11/11 22:11:32] [PID: 41836] [LOG] DESKTOP [SEARCH-BING] 开始执行2次滚动和点击循环
2025-11-11T14:12:43.764Z [2025/11/11 22:12:43] [PID: 41836] [LOG] DESKTOP [SEARCH-DELAY] 当前时间22点，启用快速模式，延迟减少到72000-126000ms
2025-11-11T14:14:32.179Z [2025/11/11 22:14:32] [PID: 41836] [LOG] DESKTOP [SEARCH-BING] 36 剩余积分 | 查询: 陈梦开门红晋级女单16强
2025-11-11T14:14:42.318Z [2025/11/11 22:14:42] [PID: 41836] [LOG] DESKTOP [SEARCH-BING] 开始执行2次滚动和点击循环
2025-11-11T14:15:39.130Z [2025/11/11 22:15:39] [PID: 41836] [LOG] DESKTOP [SEARCH-BING] 执行只悬停操作并返回 (概率: 26%)
2025-11-11T14:15:39.131Z [2025/11/11 22:15:39] [PID: 41836] [LOG] DESKTOP [SEARCH-DELAY] 当前时间22点，启用快速模式，延迟减少到72000-126000ms
2025-11-11T14:17:29.047Z [2025/11/11 22:17:29] [PID: 41836] [LOG] DESKTOP [SEARCH-BING] 33 剩余积分 | 查询: 张家界荒野求生唯一女选手遇生理期
2025-11-11T14:17:41.543Z [2025/11/11 22:17:41] [PID: 41836] [LOG] DESKTOP [SEARCH-BING] 开始执行3次滚动和点击循环
2025-11-11T14:17:50.805Z [2025/11/11 22:17:50] [PID: 41836] [LOG] DESKTOP [SEARCH-BING] 执行只悬停操作并返回 (概率: 2%)
2025-11-11T14:19:14.392Z [2025/11/11 22:19:14] [PID: 41836] [LOG] DESKTOP [SEARCH-DELAY] 当前时间22点，启用快速模式，延迟减少到72000-126000ms
2025-11-11T14:21:06.720Z [2025/11/11 22:21:06] [PID: 41836] [LOG] DESKTOP [SEARCH-BING] 30 剩余积分 | 查询: 歼20+歼16D+攻击11的组合有多强
2025-11-11T14:21:19.075Z [2025/11/11 22:21:19] [PID: 41836] [LOG] DESKTOP [SEARCH-BING] 开始执行3次滚动和点击循环
2025-11-11T14:22:08.350Z [2025/11/11 22:22:08] [PID: 41836] [LOG] DESKTOP [SEARCH-DELAY] 当前时间22点，启用快速模式，延迟减少到72000-126000ms
2025-11-11T14:23:50.902Z [2025/11/11 22:23:50] [PID: 41836] [LOG] DESKTOP [SEARCH-BING] 27 剩余积分 | 查询: 专家：俄军准备对红军城展开最后行动
2025-11-11T14:24:02.043Z [2025/11/11 22:24:02] [PID: 41836] [LOG] DESKTOP [SEARCH-BING] 开始执行2次滚动和点击循环
2025-11-11T14:25:13.319Z [2025/11/11 22:25:13] [PID: 41836] [LOG] DESKTOP [SEARCH-DELAY] 当前时间22点，启用快速模式，延迟减少到72000-126000ms
2025-11-11T14:26:55.013Z [2025/11/11 22:26:55] [PID: 41836] [LOG] DESKTOP [SEARCH-BING] 24 剩余积分 | 查询: 金价继续上涨
2025-11-11T14:27:04.796Z [2025/11/11 22:27:04] [PID: 41836] [LOG] DESKTOP [SEARCH-BING] 开始执行2次滚动和点击循环
2025-11-11T14:27:54.631Z [2025/11/11 22:27:54] [PID: 41836] [LOG] DESKTOP [SEARCH-DELAY] 当前时间22点，启用快速模式，延迟减少到72000-126000ms
2025-11-11T14:29:46.882Z [2025/11/11 22:29:46] [PID: 41836] [LOG] DESKTOP [SEARCH-BING] 21 剩余积分 | 查询: “陕西咸阳千亩辣椒免费摘”不实
2025-11-11T14:29:58.711Z [2025/11/11 22:29:58] [PID: 41836] [LOG] DESKTOP [SEARCH-BING] 开始执行2次滚动和点击循环
2025-11-11T14:30:08.495Z [2025/11/11 22:30:08] [PID: 41836] [LOG] DESKTOP [SEARCH-BING] 执行只悬停操作并返回 (概率: 10%)
2025-11-11T14:30:20.622Z [2025/11/11 22:30:20] [PID: 41836] [LOG] DESKTOP [SEARCH-BING] 执行只悬停操作并返回 (概率: 7%)
2025-11-11T14:30:20.622Z [2025/11/11 22:30:20] [PID: 41836] [LOG] DESKTOP [SEARCH-DELAY] 当前时间22点，启用快速模式，延迟减少到72000-126000ms
2025-11-11T14:32:09.542Z [2025/11/11 22:32:09] [PID: 41836] [LOG] DESKTOP [SEARCH-BING] 18 剩余积分 | 查询: 男子收割玉米时被收割机割到去世
2025-11-11T14:32:19.100Z [2025/11/11 22:32:19] [PID: 41836] [LOG] DESKTOP [SEARCH-BING] 开始执行2次滚动和点击循环
2025-11-11T14:33:28.127Z [2025/11/11 22:33:28] [PID: 41836] [LOG] DESKTOP [SEARCH-DELAY] 当前时间22点，启用快速模式，延迟减少到72000-126000ms
2025-11-11T14:35:11.895Z [2025/11/11 22:35:11] [PID: 41836] [LOG] DESKTOP [SEARCH-BING] 15 剩余积分 | 查询: 霍震霆现场才知道郭晶晶是火炬手
2025-11-11T14:35:25.117Z [2025/11/11 22:35:25] [PID: 41836] [LOG] DESKTOP [SEARCH-BING] 开始执行1次滚动和点击循环
2025-11-11T14:36:05.282Z [2025/11/11 22:36:05] [PID: 41836] [LOG] DESKTOP [SEARCH-DELAY] 当前时间22点，启用快速模式，延迟减少到72000-126000ms
2025-11-11T14:37:48.201Z [2025/11/11 22:37:48] [PID: 41836] [LOG] DESKTOP [SEARCH-BING] 12 剩余积分 | 查询: 十五运会开幕后首个比赛日精彩纷呈
2025-11-11T14:38:00.316Z [2025/11/11 22:38:00] [PID: 41836] [LOG] DESKTOP [SEARCH-BING] 开始执行2次滚动和点击循环
2025-11-11T14:39:14.398Z [2025/11/11 22:39:14] [PID: 41836] [LOG] DESKTOP [SEARCH-DELAY] 当前时间22点，启用快速模式，延迟减少到72000-126000ms
2025-11-11T14:41:00.141Z [2025/11/11 22:41:00] [PID: 41836] [LOG] DESKTOP [SEARCH-BING] 9 剩余积分 | 查询: 捐款造航母小伙获赠福建舰手表
2025-11-11T14:41:12.867Z [2025/11/11 22:41:12] [PID: 41836] [LOG] DESKTOP [SEARCH-BING] 开始执行2次滚动和点击循环
2025-11-11T14:42:29.757Z [2025/11/11 22:42:29] [PID: 41836] [LOG] DESKTOP [SEARCH-DELAY] 当前时间22点，启用快速模式，延迟减少到72000-126000ms
2025-11-11T14:44:20.486Z [2025/11/11 22:44:20] [PID: 41836] [LOG] DESKTOP [SEARCH-BING] 6 剩余积分 | 查询: 攻击-11首次披露
2025-11-11T14:44:28.384Z [2025/11/11 22:44:28] [PID: 41836] [LOG] DESKTOP [SEARCH-BING] 开始执行3次滚动和点击循环
2025-11-11T14:45:55.867Z [2025/11/11 22:45:55] [PID: 41836] [LOG] DESKTOP [SEARCH-DELAY] 当前时间22点，启用快速模式，延迟减少到72000-126000ms
2025-11-11T14:47:43.228Z [2025/11/11 22:47:43] [PID: 41836] [LOG] DESKTOP [SEARCH-BING] 3 剩余积分 | 查询: 俄军借浓雾掩护进入红军城画面曝光
2025-11-11T14:47:52.867Z [2025/11/11 22:47:52] [PID: 41836] [LOG] DESKTOP [SEARCH-BING] 开始执行3次滚动和点击循环
2025-11-11T14:48:48.373Z [2025/11/11 22:48:48] [PID: 41836] [LOG] DESKTOP [SEARCH-DELAY] 当前时间22点，启用快速模式，延迟减少到72000-126000ms
2025-11-11T14:50:39.730Z [2025/11/11 22:50:39] [PID: 41836] [LOG] DESKTOP [SEARCH-BING] 搜索完成
2025-11-11T14:50:43.123Z [2025/11/11 22:50:43] [PID: 41836] [LOG] DESKTOP [关闭浏览器] 浏览器已成功关闭!
2025-11-11T14:50:43.761Z [2025/11/11 22:50:43] [PID: 41836] [LOG] MOBILE [浏览器] 已创建浏览器，用户代理User-Agent: "Mozilla/5.0 (Linux; Android 12; K) AppleWebKit/537.36 (KHTML, like Gecko) Chrome/139.0.0.0 Mobile Safari/537.36 EdgA/139.0.3405.86"
2025-11-11T14:50:43.953Z [2025/11/11 22:50:43] [PID: 41836] [LOG] MOBILE [MAIN] 正在启动浏览器
2025-11-11T14:50:43.954Z [2025/11/11 22:50:43] [PID: 41836] [LOG] MOBILE [登录] 开始登录流程!
2025-11-11T14:50:56.463Z [2025/11/11 22:50:56] [PID: 41836] [LOG] MOBILE [登录] 已登录
2025-11-11T14:51:00.110Z [2025/11/11 22:51:00] [PID: 41836] [LOG] MOBILE [必应登录] 验证必应登录状态
2025-11-11T14:51:13.706Z [2025/11/11 22:51:13] [PID: 41836] [LOG] MOBILE [登录] 成功登录，已保存登录会话!
2025-11-11T14:51:16.428Z [2025/11/11 22:51:16] [PID: 41836] [LOG] MOBILE [APP 登录] 等待授权...
2025-11-11T14:51:17.804Z [2025/11/11 22:51:17] [PID: 41836] [LOG] MOBILE [APP 登录] 授权成功
2025-11-11T14:52:27.738Z [2025/11/11 22:52:27] [PID: 41836] [LOG] MOBILE [返回主页] 成功访问主页
2025-11-11T14:53:24.540Z [2025/11/11 22:53:24] [PID: 41836] [LOG] MOBILE [设置地区] 地区:cn
2025-11-11T14:53:25.506Z [2025/11/11 22:53:25] [PID: 41836] [LOG] MOBILE [MAIN-POINTS] 打开一个新标签页，用于完成任务
2025-11-11T14:53:25.555Z [2025/11/11 22:53:25] [PID: 41836] [LOG] MOBILE [MAIN-POINTS] 在新标签页中导航到主页务
2025-11-11T14:53:57.585Z [2025/11/11 22:53:57] [PID: 41836] [LOG] MOBILE [返回主页] 成功访问主页
2025-11-11T14:53:57.586Z [2025/11/11 22:53:57] [PID: 41836] [LOG] MOBILE [每日任务] 所有“每日任务”项目均已完成
2025-11-11T14:53:57.586Z [2025/11/11 22:53:57] [PID: 41836] [LOG] MOBILE [更多活动] 所有“更多活动”项目均已完成
2025-11-11T14:53:57.587Z [2025/11/11 22:53:57] [PID: 41836] [LOG] MOBILE [MAIN-POINTS] 今天可赚取 90 积分（浏览器端: 60 积分，应用端: 30 积分）
2025-11-11T14:53:57.587Z [2025/11/11 22:53:57] [PID: 41836] [LOG] MOBILE [每日签到] 开始每日签到
2025-11-11T14:53:57.588Z [2025/11/11 22:53:57] [PID: 41836] [LOG] MOBILE [每日签到] 地区:cn
2025-11-11T14:53:58.224Z [2025/11/11 22:53:58] [PID: 41836] [LOG] MOBILE [每日签到] 已领取 5 积分
2025-11-11T14:53:58.225Z [2025/11/11 22:53:58] [PID: 41836] [LOG] MOBILE [阅读赚钱] 开始阅读赚钱活动
2025-11-11T14:53:58.684Z [2025/11/11 22:53:58] [PID: 41836] [LOG] MOBILE [阅读赚钱] 已阅读第 1 篇文章，共 10 篇 | 获得 3 积分
2025-11-11T14:58:29.571Z [2025/11/11 22:58:29] [PID: 41836] [LOG] MOBILE [阅读赚钱] 已阅读第 2 篇文章，共 10 篇 | 获得 3 积分
2025-11-11T15:02:57.485Z [2025/11/11 23:02:57] [PID: 41836] [LOG] MOBILE [阅读赚钱] 已阅读第 3 篇文章，共 10 篇 | 获得 3 积分
2025-11-11T15:07:18.812Z [2025/11/11 23:07:18] [PID: 41836] [LOG] MOBILE [阅读赚钱] 已阅读第 4 篇文章，共 10 篇 | 获得 3 积分
2025-11-11T15:13:33.649Z [2025/11/11 23:13:33] [PID: 41836] [LOG] MOBILE [阅读赚钱] 已阅读第 5 篇文章，共 10 篇 | 获得 3 积分
2025-11-11T15:18:16.819Z [2025/11/11 23:18:16] [PID: 41836] [LOG] MOBILE [阅读赚钱] 已阅读第 6 篇文章，共 10 篇 | 获得 3 积分
2025-11-11T15:23:41.149Z [2025/11/11 23:23:41] [PID: 41836] [LOG] MOBILE [阅读赚钱] 已阅读第 7 篇文章，共 10 篇 | 获得 3 积分
2025-11-11T15:29:15.896Z [2025/11/11 23:29:15] [PID: 41836] [LOG] MOBILE [阅读赚钱] 已阅读第 8 篇文章，共 10 篇 | 获得 3 积分
2025-11-11T15:34:33.822Z [2025/11/11 23:34:33] [PID: 41836] [LOG] MOBILE [阅读赚钱] 已阅读第 9 篇文章，共 10 篇 | 获得 3 积分
2025-11-11T15:39:31.437Z [2025/11/11 23:39:31] [PID: 41836] [LOG] MOBILE [阅读赚钱] 已阅读第 10 篇文章，共 10 篇 | 获得 3 积分
2025-11-11T15:44:02.342Z [2025/11/11 23:44:02] [PID: 41836] [LOG] MOBILE [阅读赚钱] 完成阅读赚钱活动
2025-11-11T15:44:24.200Z [2025/11/11 23:44:24] [PID: 41836] [LOG] MOBILE [返回主页] 成功访问主页
2025-11-11T15:44:24.201Z [2025/11/11 23:44:24] [PID: 41836] [LOG] MOBILE [SEARCH-BING] 开始必应搜索
2025-11-11T15:44:35.090Z [2025/11/11 23:44:35] [PID: 41836] [LOG] MOBILE [SEARCH-CHINA-TRENDS] 正在生成搜索查询，可能需要一些时间！ | 地理区域: cn
2025-11-11T15:44:35.443Z [2025/11/11 23:44:35] [PID: 41836] [LOG] MOBILE [SEARCH-CHINA-TRENDS] 已经获取WeiBoHot搜索查询
2025-11-11T15:44:35.451Z [2025/11/11 23:44:35] [PID: 41836] [LOG] MOBILE [SEARCH-BING] 已完成获取cn的搜索词
2025-11-11T15:44:46.532Z [2025/11/11 23:44:46] [PID: 41836] [LOG] MOBILE [SEARCH-BING] 60 剩余积分 | 查询: 暴走团现身香港
2025-11-11T15:44:57.183Z [2025/11/11 23:44:57] [PID: 41836] [LOG] MOBILE [SEARCH-BING] 开始执行2次滚动和点击循环
2025-11-11T15:45:03.831Z [2025/11/11 23:45:03] [PID: 41836] [LOG] MOBILE [SEARCH-BING] 执行只悬停操作并返回 (概率: 19%)
2025-11-11T15:45:47.002Z [2025/11/11 23:45:47] [PID: 41836] [LOG] MOBILE [SEARCH-DELAY] 当前时间23点，启用快速模式，延迟减少到72000-126000ms
2025-11-11T15:47:41.631Z [2025/11/11 23:47:41] [PID: 41836] [LOG] MOBILE [SEARCH-BING] 57 剩余积分 | 查询: 金鸡奖影帝呼声较大的是朱一龙易烊千玺
2025-11-11T15:47:55.190Z [2025/11/11 23:47:55] [PID: 41836] [LOG] MOBILE [SEARCH-BING] 开始执行1次滚动和点击循环
2025-11-11T15:48:01.175Z [2025/11/11 23:48:01] [PID: 41836] [LOG] MOBILE [SEARCH-DELAY] 当前时间23点，启用快速模式，延迟减少到72000-126000ms
2025-11-11T15:49:44.336Z [2025/11/11 23:49:44] [PID: 41836] [ERROR] MOBILE [获取仪表盘数据] 获取仪表盘数据时出错: Error: page.reload: net::ERR_NETWORK_CHANGED
Call log:
  [2m- waiting for navigation until "domcontentloaded"[22m

2025-11-11T15:49:44.370Z [2025/11/11 23:49:44] [PID: 41836] [ERROR] MOBILE [SEARCH-BING] 搜索失败，发生错误:undefined
2025-11-11T15:49:44.390Z [2025/11/11 23:49:44] [PID: 41836] [WARN] MOBILE [SEARCH-BING] 重试搜索，尝试 0/5
2025-11-11T15:50:07.112Z [2025/11/11 23:50:07] [PID: 41836] [LOG] MOBILE [SEARCH-BING] 开始执行3次滚动和点击循环
2025-11-11T15:51:11.799Z [2025/11/11 23:51:11] [PID: 41836] [LOG] MOBILE [SEARCH-DELAY] 当前时间23点，启用快速模式，延迟减少到72000-126000ms
2025-11-11T15:52:50.754Z [2025/11/11 23:52:50] [PID: 41836] [LOG] MOBILE [DASHBOARD-DATA] 提供的页面不是仪表盘页面，正在重定向到仪表盘页面
2025-11-11T15:53:50.757Z [2025/11/11 23:53:50] [PID: 41836] [ERROR] MOBILE [返回主页] 发生错误:TimeoutError: page.goto: Timeout 60000ms exceeded.
Call log:
  [2m- navigating to "https://rewards.bing.com/", waiting until "load"[22m

2025-11-11T15:53:50.758Z [2025/11/11 23:53:50] [PID: 41836] [ERROR] MOBILE [获取仪表盘数据] 获取仪表盘数据时出错: undefined
2025-11-11T15:53:50.758Z [2025/11/11 23:53:50] [PID: 41836] [ERROR] MOBILE [SEARCH-BING] 搜索失败，发生错误:undefined
2025-11-11T15:53:50.759Z [2025/11/11 23:53:50] [PID: 41836] [WARN] MOBILE [SEARCH-BING] 重试搜索，尝试 1/5
2025-11-11T15:54:08.895Z [2025/11/11 23:54:08] [PID: 41836] [LOG] MOBILE [SEARCH-BING] 开始执行1次滚动和点击循环
2025-11-11T15:54:16.919Z [2025/11/11 23:54:16] [PID: 41836] [LOG] MOBILE [SEARCH-DELAY] 当前时间23点，启用快速模式，延迟减少到72000-126000ms
2025-11-11T15:56:06.282Z [2025/11/11 23:56:06] [PID: 41836] [LOG] MOBILE [SEARCH-BING] 54 剩余积分 | 查询: 金鸡奖提名
2025-11-11T15:56:16.090Z [2025/11/11 23:56:16] [PID: 41836] [LOG] MOBILE [SEARCH-BING] 开始执行2次滚动和点击循环
2025-11-11T15:56:23.561Z [2025/11/11 23:56:23] [PID: 41836] [LOG] MOBILE [SEARCH-BING] 执行只悬停操作并返回 (概率: 19%)
2025-11-11T15:56:34.539Z [2025/11/11 23:56:34] [PID: 41836] [LOG] MOBILE [SEARCH-DELAY] 当前时间23点，启用快速模式，延迟减少到72000-126000ms
2025-11-11T15:58:16.818Z [2025/11/11 23:58:16] [PID: 41836] [LOG] MOBILE [SEARCH-BING] 54 剩余积分 | 查询: 潘展乐孙杨晋级200自决赛
2025-11-11T15:58:26.319Z [2025/11/11 23:58:26] [PID: 41836] [LOG] MOBILE [SEARCH-BING] 开始执行2次滚动和点击循环
2025-11-11T15:59:16.066Z [2025/11/11 23:59:16] [PID: 41836] [LOG] MOBILE [SEARCH-DELAY] 当前时间23点，启用快速模式，延迟减少到72000-126000ms
2025-11-11T16:00:59.471Z [2025/11/12 00:00:59] [PID: 41836] [LOG] MOBILE [SEARCH-BING] 60 剩余积分 | 查询: 男子收割玉米突发意外抢救无效去世
2025-11-11T16:01:10.907Z [2025/11/12 00:01:10] [PID: 41836] [LOG] MOBILE [SEARCH-BING] 开始执行1次滚动和点击循环
2025-11-11T16:07:09.317Z [2025/11/12 00:07:09] [PID: 41836] [LOG] MOBILE [SEARCH-BING] 60 剩余积分 | 查询: 唐诡3热度破万
2025-11-11T16:07:21.746Z [2025/11/12 00:07:21] [PID: 41836] [LOG] MOBILE [SEARCH-BING] 开始执行2次滚动和点击循环
2025-11-11T16:08:35.610Z [2025/11/12 00:08:35] [PID: 41836] [LOG] MOBILE [SEARCH-BING] 执行只悬停操作并返回 (概率: 12%)
2025-11-11T16:14:12.225Z [2025/11/12 00:14:12] [PID: 41836] [LOG] MOBILE [SEARCH-BING] 60 剩余积分 | 查询: 爸爸年轻时候埋下的一颗人参
2025-11-11T16:14:24.801Z [2025/11/12 00:14:24] [PID: 41836] [LOG] MOBILE [SEARCH-BING] 开始执行3次滚动和点击循环
2025-11-11T16:15:36.300Z [2025/11/12 00:15:36] [PID: 41836] [LOG] MOBILE [SEARCH-BING] 执行只悬停操作并返回 (概率: 13%)
2025-11-11T16:16:04.199Z [2025/11/12 00:16:04] [PID: 41836] [LOG] MOBILE [SEARCH-BING] 执行只悬停操作并返回 (概率: 1%)
2025-11-11T16:21:37.640Z [2025/11/12 00:21:37] [PID: 41836] [LOG] MOBILE [SEARCH-BING] 51 剩余积分 | 查询: 贺峻霖 别让研究生拍这些
2025-11-11T16:21:51.871Z [2025/11/12 00:21:51] [PID: 41836] [LOG] MOBILE [SEARCH-BING] 开始执行2次滚动和点击循环
2025-11-11T16:23:19.934Z [2025/11/12 00:23:19] [PID: 41836] [LOG] MOBILE [SEARCH-BING] 执行只悬停操作并返回 (概率: 15%)
2025-11-11T16:28:49.721Z [2025/11/12 00:28:49] [PID: 41836] [LOG] MOBILE [SEARCH-BING] 48 剩余积分 | 查询: iPhone18Pro升级工艺
2025-11-11T16:29:02.898Z [2025/11/12 00:29:02] [PID: 41836] [LOG] MOBILE [SEARCH-BING] 开始执行3次滚动和点击循环
2025-11-11T16:37:00.247Z [2025/11/12 00:37:00] [PID: 41836] [LOG] MOBILE [SEARCH-BING] 45 剩余积分 | 查询: AL
2025-11-11T16:37:11.747Z [2025/11/12 00:37:11] [PID: 41836] [LOG] MOBILE [SEARCH-BING] 开始执行2次滚动和点击循环
2025-11-11T16:43:17.080Z [2025/11/12 00:43:17] [PID: 41836] [LOG] MOBILE [SEARCH-BING] 42 剩余积分 | 查询: 大湾鸡设计师打不过就加入
2025-11-11T16:43:31.177Z [2025/11/12 00:43:31] [PID: 41836] [LOG] MOBILE [SEARCH-BING] 开始执行1次滚动和点击循环
2025-11-11T16:49:27.789Z [2025/11/12 00:49:27] [PID: 41836] [LOG] MOBILE [SEARCH-BING] 39 剩余积分 | 查询: 特朗普回应高市早苗涉台错误言论
2025-11-11T16:49:40.064Z [2025/11/12 00:49:40] [PID: 41836] [LOG] MOBILE [SEARCH-BING] 开始执行3次滚动和点击循环
2025-11-11T16:51:59.430Z [2025/11/12 00:51:59] [PID: 41836] [LOG] MOBILE [SEARCH-BING] 执行只悬停操作并返回 (概率: 4%)
2025-11-11T16:57:59.684Z [2025/11/12 00:57:59] [PID: 41836] [LOG] MOBILE [SEARCH-BING] 36 剩余积分 | 查询: 汪顺把话筒别在金牌上
2025-11-11T16:58:12.672Z [2025/11/12 00:58:12] [PID: 41836] [LOG] MOBILE [SEARCH-BING] 开始执行1次滚动和点击循环
2025-11-11T16:58:26.539Z [2025/11/12 00:58:26] [PID: 41836] [LOG] MOBILE [SEARCH-BING] 执行只悬停操作并返回 (概率: 26%)
2025-11-11T17:03:44.152Z [2025/11/12 01:03:44] [PID: 41836] [LOG] MOBILE [SEARCH-BING] 33 剩余积分 | 查询: 西安8岁女孩冬天穿拖鞋流浪
2025-11-11T17:03:59.564Z [2025/11/12 01:03:59] [PID: 41836] [LOG] MOBILE [SEARCH-BING] 开始执行1次滚动和点击循环
2025-11-11T17:10:33.022Z [2025/11/12 01:10:33] [PID: 41836] [ERROR] MOBILE [获取仪表盘数据] 获取仪表盘数据时出错: TimeoutError: page.reload: Timeout 60000ms exceeded.
Call log:
  [2m- waiting for navigation until "domcontentloaded"[22m
[2m  -   navigated to "https://rewards.bing.com/"[22m

2025-11-11T17:10:33.023Z [2025/11/12 01:10:33] [PID: 41836] [ERROR] MOBILE [SEARCH-BING] 搜索失败，发生错误:undefined
2025-11-11T17:10:33.024Z [2025/11/12 01:10:33] [PID: 41836] [WARN] MOBILE [SEARCH-BING] 重试搜索，尝试 0/5
2025-11-11T17:10:57.552Z [2025/11/12 01:10:57] [PID: 41836] [LOG] MOBILE [SEARCH-BING] 开始执行2次滚动和点击循环
2025-11-11T17:18:15.167Z [2025/11/12 01:18:15] [PID: 41836] [LOG] MOBILE [SEARCH-BING] 30 剩余积分 | 查询: 金鸡奖
2025-11-11T17:18:29.377Z [2025/11/12 01:18:29] [PID: 41836] [LOG] MOBILE [SEARCH-BING] 开始执行3次滚动和点击循环
2025-11-11T17:18:42.768Z [2025/11/12 01:18:42] [PID: 41836] [LOG] MOBILE [SEARCH-BING] 执行只悬停操作并返回 (概率: 25%)
2025-11-11T17:19:10.494Z [2025/11/12 01:19:10] [PID: 41836] [LOG] MOBILE [SEARCH-BING] 执行只悬停操作并返回 (概率: 29%)
2025-11-11T17:25:47.997Z [2025/11/12 01:25:47] [PID: 41836] [LOG] MOBILE [SEARCH-BING] 27 剩余积分 | 查询: 宋茜亮片露背裙
2025-11-11T17:25:58.917Z [2025/11/12 01:25:58] [PID: 41836] [LOG] MOBILE [SEARCH-BING] 开始执行2次滚动和点击循环
2025-11-11T17:26:11.646Z [2025/11/12 01:26:11] [PID: 41836] [LOG] MOBILE [SEARCH-BING] 执行只悬停操作并返回 (概率: 19%)
2025-11-11T17:32:55.096Z [2025/11/12 01:32:55] [PID: 41836] [LOG] MOBILE [SEARCH-BING] 24 剩余积分 | 查询: 日首相凌晨3点开会因为传真机卡了
2025-11-11T17:33:08.739Z [2025/11/12 01:33:08] [PID: 41836] [LOG] MOBILE [SEARCH-BING] 开始执行2次滚动和点击循环
2025-11-11T17:40:14.922Z [2025/11/12 01:40:14] [PID: 41836] [LOG] MOBILE [SEARCH-BING] 21 剩余积分 | 查询: 腾讯官方晒首间办公室照片
2025-11-11T17:40:29.928Z [2025/11/12 01:40:29] [PID: 41836] [LOG] MOBILE [SEARCH-BING] 开始执行2次滚动和点击循环
2025-11-11T17:47:46.162Z [2025/11/12 01:47:46] [PID: 41836] [LOG] MOBILE [SEARCH-BING] 18 剩余积分 | 查询: 香港一对六旬兄弟陈尸家中
2025-11-11T17:48:00.523Z [2025/11/12 01:48:00] [PID: 41836] [LOG] MOBILE [SEARCH-BING] 开始执行1次滚动和点击循环
2025-11-11T17:48:13.271Z [2025/11/12 01:48:13] [PID: 41836] [LOG] MOBILE [SEARCH-BING] 执行只悬停操作并返回 (概率: 1%)
2025-11-11T17:53:56.659Z [2025/11/12 01:53:56] [PID: 41836] [LOG] MOBILE [SEARCH-BING] 15 剩余积分 | 查询: 早睡真的会失去很多
2025-11-11T17:54:09.744Z [2025/11/12 01:54:09] [PID: 41836] [LOG] MOBILE [SEARCH-BING] 开始执行2次滚动和点击循环
2025-11-11T18:00:59.719Z [2025/11/12 02:00:59] [PID: 41836] [LOG] MOBILE [SEARCH-BING] 12 剩余积分 | 查询: 经济学家不建议大家提前还贷
2025-11-11T18:01:14.888Z [2025/11/12 02:01:14] [PID: 41836] [LOG] MOBILE [SEARCH-BING] 开始执行2次滚动和点击循环
2025-11-11T18:01:28.092Z [2025/11/12 02:01:28] [PID: 41836] [LOG] MOBILE [SEARCH-BING] 执行只悬停操作并返回 (概率: 12%)
2025-11-11T18:07:40.668Z [2025/11/12 02:07:40] [PID: 41836] [LOG] MOBILE [SEARCH-BING] 9 剩余积分 | 查询: 肖战易烊千玺人脸头套成爆款
2025-11-11T18:07:52.215Z [2025/11/12 02:07:52] [PID: 41836] [LOG] MOBILE [SEARCH-BING] 开始执行3次滚动和点击循环
2025-11-11T18:15:08.721Z [2025/11/12 02:15:08] [PID: 41836] [LOG] MOBILE [SEARCH-BING] 6 剩余积分 | 查询: 罗云熙认为自己没有综艺效果
2025-11-11T18:15:23.202Z [2025/11/12 02:15:23] [PID: 41836] [LOG] MOBILE [SEARCH-BING] 开始执行2次滚动和点击循环
2025-11-11T18:21:45.698Z [2025/11/12 02:21:45] [PID: 41836] [LOG] MOBILE [SEARCH-BING] 3 剩余积分 | 查询: 王者更改匹配机制
2025-11-11T18:21:58.963Z [2025/11/12 02:21:58] [PID: 41836] [LOG] MOBILE [SEARCH-BING] 开始执行3次滚动和点击循环
2025-11-11T18:23:04.087Z [2025/11/12 02:23:04] [PID: 41836] [LOG] MOBILE [SEARCH-BING] 执行只悬停操作并返回 (概率: 15%)
2025-11-11T18:29:04.986Z [2025/11/12 02:29:04] [PID: 41836] [LOG] MOBILE [SEARCH-BING] 搜索完成
2025-11-11T18:29:08.122Z [2025/11/12 02:29:08] [PID: 41836] [LOG] MOBILE [MAIN-POINTS] 脚本今天收集了 231 积分
2025-11-11T18:29:11.329Z [2025/11/12 02:29:11] [PID: 41836] [LOG] MOBILE [关闭浏览器] 浏览器已成功关闭!
2025-11-11T18:29:11.330Z [2025/11/12 02:29:11] [PID: 41836] [LOG] MAIN [MAIN-WORKER] 账户 fanqiejiayou@outlook.com 的任务已完成
2025-11-11T18:29:11.331Z [2025/11/12 02:29:11] [PID: 41836] [LOG] MAIN [MAIN-WORKER] 开始为账户 email_2 执行任务
2025-11-11T18:29:11.929Z [2025/11/12 02:29:11] [PID: 41836] [LOG] DESKTOP [浏览器] 已创建浏览器，用户代理User-Agent: "Mozilla/5.0 (Windows NT 10.0; Win64; x64) AppleWebKit/537.36 (KHTML, like Gecko) Chrome/139.0.0.0 Safari/537.36 Edg/139.0.3405.119"
2025-11-11T18:29:12.159Z [2025/11/12 02:29:12] [PID: 41836] [LOG] DESKTOP [MAIN] 正在启动浏览器
2025-11-11T18:29:12.160Z [2025/11/12 02:29:12] [PID: 41836] [LOG] DESKTOP [登录] 开始登录流程!
2025-11-11T18:29:48.623Z [2025/11/12 02:29:48] [PID: 41836] [LOG] DESKTOP [登录] 邮箱输入成功
2025-11-11T18:29:57.744Z [2025/11/12 02:29:57] [PID: 41836] [LOG] DESKTOP [LOGIN] No 2FA skip button found, proceeding with password entry
2025-11-11T18:30:02.753Z [2025/11/12 02:30:02] [PID: 41836] [LOG] DESKTOP [登录] 通过 "viewFooter" 找到页面 "获取登录代码"
2025-11-11T18:30:21.195Z [2025/11/12 02:30:21] [PID: 41836] [LOG] DESKTOP [登录] 密码输入成功
