2025-10-07T15:22:05.403Z [2025/10/7 23:22:05] [PID: 22588] [LOG] MAIN [MAIN] 机器人已启动，使用 1 个集群
2025-10-07T15:22:05.406Z [2025/10/7 23:22:05] [PID: 22588] [LOG] MAIN [MAIN-WORKER] 开始为账户 fanqiejiayou@outlook.com 执行任务
2025-10-07T15:22:06.216Z [2025/10/7 23:22:06] [PID: 22588] [LOG] DESKTOP [浏览器] 已创建浏览器，用户代理User-Agent: "Mozilla/5.0 (Windows NT 10.0; Win64; x64) AppleWebKit/537.36 (KHTML, like Gecko) Chrome/139.0.0.0 Safari/537.36 Edg/139.0.3405.102"
2025-10-07T15:22:06.459Z [2025/10/7 23:22:06] [PID: 22588] [LOG] DESKTOP [MAIN] 正在启动浏览器
2025-10-07T15:22:06.462Z [2025/10/7 23:22:06] [PID: 22588] [LOG] DESKTOP [登录] 开始登录流程!
2025-10-07T15:22:32.170Z [2025/10/7 23:22:32] [PID: 22588] [WARN] DESKTOP [登录] 未找到邮箱字段
2025-10-07T15:22:41.209Z [2025/10/7 23:22:41] [PID: 22588] [LOG] DESKTOP [LOGIN] No 2FA skip button found, proceeding with password entry
2025-10-07T15:22:53.222Z [2025/10/7 23:22:53] [PID: 22588] [WARN] DESKTOP [登录] 未找到密码字段，可能需要双重身份验证（2FA）
2025-10-07T15:24:01.199Z [2025/10/7 23:24:01] [PID: 22588] [LOG] DESKTOP [登录] 2FA 处理失败: TimeoutError: page.waitForSelector: Timeout 2000ms exceeded.
Call log:
  [2m- waiting for locator('#displaySign, div[data-testid="displaySign"]>span') to be visible[22m

2025-10-07T15:24:13.954Z [2025/10/7 23:24:13] [PID: 22588] [LOG] DESKTOP [登录] 成功登录奖励门户
2025-10-07T15:24:13.955Z [2025/10/7 23:24:13] [PID: 22588] [LOG] DESKTOP [登录] 成功登录微软
2025-10-07T15:24:13.956Z [2025/10/7 23:24:13] [PID: 22588] [LOG] DESKTOP [必应登录] 验证必应登录状态
2025-10-07T15:24:27.911Z [2025/10/7 23:24:27] [PID: 22588] [LOG] DESKTOP [登录] 成功登录，已保存登录会话!
2025-10-07T15:25:07.807Z [2025/10/7 23:25:07] [PID: 22588] [LOG] DESKTOP [返回主页] 成功访问主页
2025-10-07T15:25:12.680Z [2025/10/7 23:25:12] [PID: 22588] [LOG] DESKTOP [MAIN-POINTS] 当前积分数量: 3708
2025-10-07T15:25:15.404Z [2025/10/7 23:25:15] [PID: 22588] [LOG] DESKTOP [MAIN-POINTS] 今天可赚取 0 积分
2025-10-07T15:25:15.405Z [2025/10/7 23:25:15] [PID: 22588] [LOG] DESKTOP [MAIN] 没有可赚取的积分，且 "runOnZeroPoints" 设置为 "false"，停止执行！
2025-10-07T15:25:20.397Z [2025/10/7 23:25:20] [PID: 22588] [LOG] DESKTOP [关闭浏览器] 浏览器已成功关闭!
2025-10-07T15:25:21.090Z [2025/10/7 23:25:21] [PID: 22588] [LOG] MOBILE [浏览器] 已创建浏览器，用户代理User-Agent: "Mozilla/5.0 (Linux; Android 12; K) AppleWebKit/537.36 (KHTML, like Gecko) Chrome/139.0.0.0 Mobile Safari/537.36 EdgA/139.0.3405.86"
2025-10-07T15:25:21.298Z [2025/10/7 23:25:21] [PID: 22588] [LOG] MOBILE [MAIN] 正在启动浏览器
2025-10-07T15:25:21.301Z [2025/10/7 23:25:21] [PID: 22588] [LOG] MOBILE [登录] 开始登录流程!
2025-10-07T15:25:34.338Z [2025/10/7 23:25:34] [PID: 22588] [LOG] MOBILE [登录] 已登录
2025-10-07T15:25:39.132Z [2025/10/7 23:25:39] [PID: 22588] [LOG] MOBILE [必应登录] 验证必应登录状态
2025-10-07T15:26:01.154Z [2025/10/7 23:26:01] [PID: 22588] [LOG] MOBILE [登录] 成功登录，已保存登录会话!
2025-10-07T15:26:01.915Z [2025/10/7 23:26:01] [PID: 22588] [LOG] MOBILE [APP 登录] 等待授权...
2025-10-07T15:26:03.781Z [2025/10/7 23:26:03] [PID: 22588] [LOG] MOBILE [APP 登录] 授权成功
2025-10-07T15:26:37.843Z [2025/10/7 23:26:37] [PID: 22588] [LOG] MOBILE [返回主页] 成功访问主页
2025-10-07T15:26:49.690Z [2025/10/7 23:26:49] [PID: 22588] [LOG] MOBILE [设置地区] 地区:cn
2025-10-07T15:26:51.382Z [2025/10/7 23:26:51] [PID: 22588] [LOG] MOBILE [MAIN-POINTS] 打开一个新标签页，用于完成任务
2025-10-07T15:26:51.446Z [2025/10/7 23:26:51] [PID: 22588] [LOG] MOBILE [MAIN-POINTS] 在新标签页中导航到主页务
2025-10-07T15:27:43.028Z [2025/10/7 23:27:43] [PID: 22588] [LOG] MOBILE [返回主页] 成功访问主页
2025-10-07T15:27:43.029Z [2025/10/7 23:27:43] [PID: 22588] [LOG] MOBILE [每日任务] 所有“每日任务”项目均已完成
2025-10-07T15:27:43.030Z [2025/10/7 23:27:43] [PID: 22588] [LOG] MOBILE [更多活动] 开始解决“更多活动”项目
2025-10-07T15:27:53.684Z [2025/10/7 23:27:53] [PID: 22588] [LOG] MOBILE [活动] 找到活动类型: "网址奖励" 标题: "Serengeti adventure"
2025-10-07T15:27:55.018Z [2025/10/7 23:27:55] [PID: 22588] [LOG] MOBILE [网址奖励] 正在尝试完成网址奖励
2025-10-07T15:27:58.200Z [2025/10/7 23:27:58] [PID: 22588] [LOG] MOBILE [网址奖励] 成功完成网址奖励
2025-10-07T15:28:09.486Z [2025/10/7 23:28:09] [PID: 22588] [LOG] MOBILE [活动] 找到活动类型: "网址奖励" 标题: "Packing made easy"
2025-10-07T15:28:11.575Z [2025/10/7 23:28:11] [PID: 22588] [LOG] MOBILE [网址奖励] 正在尝试完成网址奖励
2025-10-07T15:28:11.602Z [2025/10/7 23:28:11] [PID: 22588] [LOG] MOBILE [网址奖励] 成功完成网址奖励
2025-10-07T15:28:25.358Z [2025/10/7 23:28:25] [PID: 22588] [LOG] MOBILE [活动] 找到活动类型: "网址奖励" 标题: "Do you know the answer?"
2025-10-07T15:28:29.512Z [2025/10/7 23:28:29] [PID: 22588] [LOG] MOBILE [网址奖励] 正在尝试完成网址奖励
2025-10-07T15:28:29.531Z [2025/10/7 23:28:29] [PID: 22588] [LOG] MOBILE [网址奖励] 成功完成网址奖励
2025-10-07T15:28:40.408Z [2025/10/7 23:28:40] [PID: 22588] [LOG] MOBILE [活动] 找到活动类型: "网址奖励" 标题: "Complete this puzzle"
2025-10-07T15:28:42.292Z [2025/10/7 23:28:42] [PID: 22588] [LOG] MOBILE [网址奖励] 正在尝试完成网址奖励
2025-10-07T15:28:46.370Z [2025/10/7 23:28:46] [PID: 22588] [LOG] MOBILE [网址奖励] 成功完成网址奖励
2025-10-07T15:28:58.296Z [2025/10/7 23:28:58] [PID: 22588] [LOG] MOBILE [活动] 找到活动类型: "网址奖励" 标题: "Do you know the answer?"
2025-10-07T15:29:00.046Z [2025/10/7 23:29:00] [PID: 22588] [LOG] MOBILE [网址奖励] 正在尝试完成网址奖励
2025-10-07T15:29:03.602Z [2025/10/7 23:29:03] [PID: 22588] [LOG] MOBILE [网址奖励] 成功完成网址奖励
2025-10-07T15:29:08.305Z [2025/10/7 23:29:08] [PID: 22588] [LOG] MOBILE [更多活动] 所有“更多活动”项目均已完成
2025-10-07T15:29:08.306Z [2025/10/7 23:29:08] [PID: 22588] [LOG] MOBILE [MAIN-POINTS] 今天可赚取 81 积分（浏览器端: 51 积分，应用端: 30 积分）
2025-10-07T15:29:08.307Z [2025/10/7 23:29:08] [PID: 22588] [LOG] MOBILE [每日签到] 开始每日签到
2025-10-07T15:29:08.308Z [2025/10/7 23:29:08] [PID: 22588] [LOG] MOBILE [每日签到] 地区:cn
2025-10-07T15:29:09.834Z [2025/10/7 23:29:09] [PID: 22588] [LOG] MOBILE [每日签到] 已领取 5 积分
2025-10-07T15:29:09.835Z [2025/10/7 23:29:09] [PID: 22588] [LOG] MOBILE [阅读赚钱] 开始阅读赚钱活动
2025-10-07T15:29:10.584Z [2025/10/7 23:29:10] [PID: 22588] [LOG] MOBILE [阅读赚钱] 已阅读第 1 篇文章，共 10 篇 | 获得 3 积分
2025-10-07T15:35:42.083Z [2025/10/7 23:35:42] [PID: 22588] [LOG] MOBILE [阅读赚钱] 已阅读第 2 篇文章，共 10 篇 | 获得 3 积分
2025-10-07T15:42:00.525Z [2025/10/7 23:42:00] [PID: 22588] [LOG] MOBILE [阅读赚钱] 已阅读第 3 篇文章，共 10 篇 | 获得 12 积分
2025-10-07T15:48:38.443Z [2025/10/7 23:48:38] [PID: 22588] [LOG] MOBILE [阅读赚钱] 已阅读第 4 篇文章，共 10 篇 | 获得 3 积分
2025-10-07T15:54:47.395Z [2025/10/7 23:54:47] [PID: 22588] [LOG] MOBILE [阅读赚钱] 已阅读第 5 篇文章，共 10 篇 | 获得 3 积分
2025-10-07T16:01:16.939Z [2025/10/8 00:01:16] [PID: 22588] [LOG] MOBILE [阅读赚钱] 已阅读第 6 篇文章，共 10 篇 | 获得 3 积分
2025-10-07T16:07:26.019Z [2025/10/8 00:07:26] [PID: 22588] [LOG] MOBILE [阅读赚钱] 已阅读第 7 篇文章，共 10 篇 | 获得 3 积分
2025-10-07T16:12:51.011Z [2025/10/8 00:12:51] [PID: 22588] [LOG] MOBILE [阅读赚钱] 已阅读第 8 篇文章，共 10 篇 | 获得 3 积分
2025-10-07T16:19:29.124Z [2025/10/8 00:19:29] [PID: 22588] [LOG] MOBILE [阅读赚钱] 已阅读第 9 篇文章，共 10 篇 | 获得 3 积分
2025-10-07T16:25:12.585Z [2025/10/8 00:25:12] [PID: 22588] [LOG] MOBILE [阅读赚钱] 已阅读第 10 篇文章，共 10 篇 | 获得 3 积分
2025-10-07T16:29:25.432Z [2025/10/8 00:29:25] [PID: 22588] [LOG] MOBILE [阅读赚钱] 完成阅读赚钱活动
2025-10-07T16:29:49.962Z [2025/10/8 00:29:49] [PID: 22588] [LOG] MOBILE [返回主页] 成功访问主页
2025-10-07T16:29:49.963Z [2025/10/8 00:29:49] [PID: 22588] [LOG] MOBILE [SEARCH-BING] 开始必应搜索
2025-10-07T16:29:56.869Z [2025/10/8 00:29:56] [PID: 22588] [LOG] MOBILE [SEARCH-CHINA-TRENDS] 正在生成搜索查询，可能需要一些时间！ | 地理区域: cn
2025-10-07T16:29:57.616Z [2025/10/8 00:29:57] [PID: 22588] [LOG] MOBILE [SEARCH-CHINA-TRENDS] 已经获取TouTiaoHot搜索查询
2025-10-07T16:29:57.622Z [2025/10/8 00:29:57] [PID: 22588] [LOG] MOBILE [SEARCH-BING] 已完成获取cn的搜索词
2025-10-07T16:30:08.481Z [2025/10/8 00:30:08] [PID: 22588] [LOG] MOBILE [SEARCH-BING] 60 剩余积分 | 查询: 巴基斯坦向美国示好有何意图
2025-10-07T16:30:20.668Z [2025/10/8 00:30:20] [PID: 22588] [LOG] MOBILE [SEARCH-BING] 开始执行1次滚动和点击循环
2025-10-07T16:36:02.713Z [2025/10/8 00:36:02] [PID: 22588] [LOG] MOBILE [SEARCH-BING] 60 剩余积分 | 查询: 羊驼被投喂吃撑倒地翻白眼？园方回应
2025-10-07T16:36:15.412Z [2025/10/8 00:36:15] [PID: 22588] [LOG] MOBILE [SEARCH-BING] 开始执行3次滚动和点击循环
2025-10-07T16:37:11.867Z [2025/10/8 00:37:11] [PID: 22588] [ERROR] MOBILE [SEARCH-BING] 搜索失败，发生错误:Error: page.evaluate: Target page, context or browser has been closed
2025-10-07T16:37:11.868Z [2025/10/8 00:37:11] [PID: 22588] [WARN] MOBILE [SEARCH-BING] 重试搜索，尝试 0/5
2025-10-07T16:37:37.312Z [2025/10/8 00:37:37] [PID: 22588] [LOG] MOBILE [SEARCH-BING] 开始执行2次滚动和点击循环
2025-10-07T16:38:19.271Z [2025/10/8 00:38:19] [PID: 22588] [LOG] MOBILE [SEARCH-BING] 执行只悬停操作并返回 (概率: 15%)
2025-10-07T16:43:56.011Z [2025/10/8 00:43:56] [PID: 22588] [LOG] MOBILE [SEARCH-BING] 60 剩余积分 | 查询: 你游平遥古城有啥体验
2025-10-07T16:44:10.468Z [2025/10/8 00:44:10] [PID: 22588] [LOG] MOBILE [SEARCH-BING] 开始执行2次滚动和点击循环
2025-10-07T16:44:23.756Z [2025/10/8 00:44:23] [PID: 22588] [LOG] MOBILE [SEARCH-BING] 执行只悬停操作并返回 (概率: 15%)
2025-10-07T16:50:57.996Z [2025/10/8 00:50:57] [PID: 22588] [LOG] MOBILE [SEARCH-BING] 60 剩余积分 | 查询: 南方女婿被东北一桌子蘸酱菜震惊
2025-10-07T16:51:12.559Z [2025/10/8 00:51:12] [PID: 22588] [LOG] MOBILE [SEARCH-BING] 开始执行3次滚动和点击循环
2025-10-07T16:52:18.520Z [2025/10/8 00:52:18] [PID: 22588] [LOG] MOBILE [SEARCH-BING] 执行只悬停操作并返回 (概率: 20%)
2025-10-07T16:59:41.855Z [2025/10/8 00:59:41] [PID: 22588] [LOG] MOBILE [SEARCH-BING] 51 剩余积分 | 查询: 华为ADS对比特斯拉FSD
2025-10-07T16:59:54.458Z [2025/10/8 00:59:54] [PID: 22588] [LOG] MOBILE [SEARCH-BING] 开始执行1次滚动和点击循环
2025-10-07T17:06:01.883Z [2025/10/8 01:06:01] [PID: 22588] [LOG] MOBILE [SEARCH-BING] 48 剩余积分 | 查询: 女子结婚8年才发现喜被里有红枣榄子
2025-10-07T17:06:16.951Z [2025/10/8 01:06:16] [PID: 22588] [LOG] MOBILE [SEARCH-BING] 开始执行3次滚动和点击循环
2025-10-07T17:14:38.287Z [2025/10/8 01:14:38] [PID: 22588] [LOG] MOBILE [SEARCH-BING] 45 剩余积分 | 查询: 夜间高速突然冒出一人 司机吓到尖叫
2025-10-07T17:14:50.642Z [2025/10/8 01:14:50] [PID: 22588] [LOG] MOBILE [SEARCH-BING] 开始执行2次滚动和点击循环
2025-10-07T17:15:03.369Z [2025/10/8 01:15:03] [PID: 22588] [LOG] MOBILE [SEARCH-BING] 执行只悬停操作并返回 (概率: 9%)
2025-10-07T17:20:39.629Z [2025/10/8 01:20:39] [PID: 22588] [LOG] MOBILE [SEARCH-BING] 42 剩余积分 | 查询: 杨钰莹把山西民歌唱甜了
2025-10-07T17:20:53.102Z [2025/10/8 01:20:53] [PID: 22588] [LOG] MOBILE [SEARCH-BING] 开始执行2次滚动和点击循环
2025-10-07T17:21:26.576Z [2025/10/8 01:21:26] [PID: 22588] [LOG] MOBILE [SEARCH-BING] 执行只悬停操作并返回 (概率: 13%)
2025-10-07T17:27:11.212Z [2025/10/8 01:27:11] [PID: 22588] [LOG] MOBILE [SEARCH-BING] 39 剩余积分 | 查询: 杨幂国庆期间探访日本侵略延边罪证馆
2025-10-07T17:27:24.665Z [2025/10/8 01:27:24] [PID: 22588] [LOG] MOBILE [SEARCH-BING] 开始执行1次滚动和点击循环
2025-10-07T17:33:24.987Z [2025/10/8 01:33:24] [PID: 22588] [LOG] MOBILE [SEARCH-BING] 36 剩余积分 | 查询: 男子在足浴店按摩时猝死 一审判了
2025-10-07T17:33:36.472Z [2025/10/8 01:33:36] [PID: 22588] [LOG] MOBILE [SEARCH-BING] 开始执行2次滚动和点击循环
2025-10-07T17:33:49.071Z [2025/10/8 01:33:49] [PID: 22588] [LOG] MOBILE [SEARCH-BING] 执行只悬停操作并返回 (概率: 27%)
2025-10-07T17:39:21.411Z [2025/10/8 01:39:21] [PID: 22588] [LOG] MOBILE [SEARCH-BING] 33 剩余积分 | 查询: 主持人曹颖患焦虑症吃药20余年
2025-10-07T17:39:34.504Z [2025/10/8 01:39:34] [PID: 22588] [LOG] MOBILE [SEARCH-BING] 开始执行3次滚动和点击循环
2025-10-07T17:47:14.799Z [2025/10/8 01:47:14] [PID: 22588] [LOG] MOBILE [SEARCH-BING] 30 剩余积分 | 查询: 阿根廷为何要为中国更新高粱出口标准
2025-10-07T17:47:27.616Z [2025/10/8 01:47:27] [PID: 22588] [LOG] MOBILE [SEARCH-BING] 开始执行1次滚动和点击循环
2025-10-07T17:54:03.740Z [2025/10/8 01:54:03] [PID: 22588] [LOG] MOBILE [SEARCH-BING] 27 剩余积分 | 查询: 普京为何说金砖国家不会推动去美元化
2025-10-07T17:54:17.976Z [2025/10/8 01:54:17] [PID: 22588] [LOG] MOBILE [SEARCH-BING] 开始执行1次滚动和点击循环
2025-10-07T17:54:30.366Z [2025/10/8 01:54:30] [PID: 22588] [ERROR] MOBILE [SEARCH-BING] 搜索失败，发生错误:Error: page.evaluate: Execution context was destroyed, most likely because of a navigation.
2025-10-07T17:54:30.368Z [2025/10/8 01:54:30] [PID: 22588] [WARN] MOBILE [SEARCH-BING] 重试搜索，尝试 0/5
2025-10-07T17:54:56.583Z [2025/10/8 01:54:56] [PID: 22588] [LOG] MOBILE [SEARCH-BING] 开始执行2次滚动和点击循环
2025-10-07T18:01:50.559Z [2025/10/8 02:01:50] [PID: 22588] [LOG] MOBILE [SEARCH-BING] 24 剩余积分 | 查询: 哭闹宝宝被家长举起后秒变脸
2025-10-07T18:02:06.147Z [2025/10/8 02:02:06] [PID: 22588] [LOG] MOBILE [SEARCH-BING] 开始执行1次滚动和点击循环
2025-10-07T18:02:17.825Z [2025/10/8 02:02:17] [PID: 22588] [ERROR] MOBILE [SEARCH-BING] 搜索失败，发生错误:Error: page.evaluate: Execution context was destroyed, most likely because of a navigation.
2025-10-07T18:02:17.826Z [2025/10/8 02:02:17] [PID: 22588] [WARN] MOBILE [SEARCH-BING] 重试搜索，尝试 0/5
2025-10-07T18:02:40.914Z [2025/10/8 02:02:40] [PID: 22588] [LOG] MOBILE [SEARCH-BING] 开始执行2次滚动和点击循环
2025-10-07T18:09:43.956Z [2025/10/8 02:09:43] [PID: 22588] [LOG] MOBILE [SEARCH-BING] 21 剩余积分 | 查询: 国庆中秋假期里的文旅“智”变
2025-10-07T18:09:57.318Z [2025/10/8 02:09:57] [PID: 22588] [LOG] MOBILE [SEARCH-BING] 开始执行3次滚动和点击循环
2025-10-07T18:10:09.306Z [2025/10/8 02:10:09] [PID: 22588] [ERROR] MOBILE [SEARCH-RANDOM-CLICK] 发生错误:Error: locator.all: Execution context was destroyed, most likely because of a navigation.
2025-10-07T18:10:35.525Z [2025/10/8 02:10:35] [PID: 22588] [LOG] MOBILE [SEARCH-BING] 执行只悬停操作并返回 (概率: 24%)
2025-10-07T18:11:02.295Z [2025/10/8 02:11:02] [PID: 22588] [LOG] MOBILE [SEARCH-BING] 执行只悬停操作并返回 (概率: 6%)
2025-10-07T18:16:42.562Z [2025/10/8 02:16:42] [PID: 22588] [LOG] MOBILE [SEARCH-BING] 18 剩余积分 | 查询: 人类首次在宏观世界看到“子弹穿墙”
2025-10-07T18:16:57.456Z [2025/10/8 02:16:57] [PID: 22588] [LOG] MOBILE [SEARCH-BING] 开始执行2次滚动和点击循环
2025-10-07T18:17:09.393Z [2025/10/8 02:17:09] [PID: 22588] [ERROR] MOBILE [SEARCH-BING] 搜索失败，发生错误:Error: page.evaluate: Execution context was destroyed, most likely because of a navigation.
2025-10-07T18:17:09.394Z [2025/10/8 02:17:09] [PID: 22588] [WARN] MOBILE [SEARCH-BING] 重试搜索，尝试 0/5
2025-10-07T18:17:35.787Z [2025/10/8 02:17:35] [PID: 22588] [LOG] MOBILE [SEARCH-BING] 开始执行1次滚动和点击循环
2025-10-07T18:24:09.192Z [2025/10/8 02:24:09] [PID: 22588] [LOG] MOBILE [SEARCH-BING] 15 剩余积分 | 查询: 巴西男婴手握母亲节育环出生
2025-10-07T18:24:23.728Z [2025/10/8 02:24:23] [PID: 22588] [LOG] MOBILE [SEARCH-BING] 开始执行2次滚动和点击循环
2025-10-07T18:24:35.163Z [2025/10/8 02:24:35] [PID: 22588] [ERROR] MOBILE [SEARCH-BING] 搜索失败，发生错误:Error: page.evaluate: Execution context was destroyed, most likely because of a navigation.
2025-10-07T18:24:35.164Z [2025/10/8 02:24:35] [PID: 22588] [WARN] MOBILE [SEARCH-BING] 重试搜索，尝试 0/5
2025-10-07T18:24:57.999Z [2025/10/8 02:24:57] [PID: 22588] [LOG] MOBILE [SEARCH-BING] 开始执行1次滚动和点击循环
2025-10-07T18:25:09.717Z [2025/10/8 02:25:09] [PID: 22588] [ERROR] MOBILE [SEARCH-BING] 搜索失败，发生错误:Error: page.evaluate: Execution context was destroyed, most likely because of a navigation.
2025-10-07T18:25:09.718Z [2025/10/8 02:25:09] [PID: 22588] [WARN] MOBILE [SEARCH-BING] 重试搜索，尝试 1/5
2025-10-07T18:25:53.661Z [2025/10/8 02:25:53] [PID: 22588] [LOG] MOBILE [SEARCH-BING] 开始执行3次滚动和点击循环
2025-10-07T18:33:12.160Z [2025/10/8 02:33:12] [PID: 22588] [LOG] MOBILE [SEARCH-BING] 12 剩余积分 | 查询: 刀郎再唱《最美还是我们新疆》
2025-10-07T18:33:26.325Z [2025/10/8 02:33:26] [PID: 22588] [LOG] MOBILE [SEARCH-BING] 开始执行3次滚动和点击循环
2025-10-07T18:33:37.459Z [2025/10/8 02:33:37] [PID: 22588] [ERROR] MOBILE [SEARCH-BING] 搜索失败，发生错误:Error: page.evaluate: Execution context was destroyed, most likely because of a navigation.
2025-10-07T18:33:37.459Z [2025/10/8 02:33:37] [PID: 22588] [WARN] MOBILE [SEARCH-BING] 重试搜索，尝试 0/5
2025-10-07T18:33:59.906Z [2025/10/8 02:33:59] [PID: 22588] [LOG] MOBILE [SEARCH-BING] 开始执行2次滚动和点击循环
2025-10-07T18:34:11.501Z [2025/10/8 02:34:11] [PID: 22588] [ERROR] MOBILE [SEARCH-BING] 搜索失败，发生错误:Error: page.evaluate: Execution context was destroyed, most likely because of a navigation.
2025-10-07T18:34:11.502Z [2025/10/8 02:34:11] [PID: 22588] [WARN] MOBILE [SEARCH-BING] 重试搜索，尝试 1/5
2025-10-07T18:34:33.140Z [2025/10/8 02:34:33] [PID: 22588] [LOG] MOBILE [SEARCH-BING] 开始执行2次滚动和点击循环
2025-10-07T18:41:41.478Z [2025/10/8 02:41:41] [PID: 22588] [LOG] MOBILE [SEARCH-BING] 9 剩余积分 | 查询: 专家：中国铁矿需求撬动全球贸易规则
2025-10-07T18:41:55.671Z [2025/10/8 02:41:55] [PID: 22588] [LOG] MOBILE [SEARCH-BING] 开始执行2次滚动和点击循环
2025-10-07T18:42:15.384Z [2025/10/8 02:42:15] [PID: 22588] [ERROR] MOBILE [SEARCH-BING] 搜索失败，发生错误:Error: page.evaluate: Execution context was destroyed, most likely because of a navigation.
2025-10-07T18:42:15.385Z [2025/10/8 02:42:15] [PID: 22588] [WARN] MOBILE [SEARCH-BING] 重试搜索，尝试 0/5
2025-10-07T18:42:42.436Z [2025/10/8 02:42:42] [PID: 22588] [LOG] MOBILE [SEARCH-BING] 开始执行2次滚动和点击循环
2025-10-07T18:50:30.150Z [2025/10/8 02:50:30] [PID: 22588] [LOG] MOBILE [SEARCH-BING] 6 剩余积分 | 查询: 快速看懂量子隧穿
2025-10-07T18:50:42.446Z [2025/10/8 02:50:42] [PID: 22588] [LOG] MOBILE [SEARCH-BING] 开始执行1次滚动和点击循环
2025-10-07T18:56:21.379Z [2025/10/8 02:56:21] [PID: 22588] [LOG] MOBILE [SEARCH-BING] 3 剩余积分 | 查询: 谢霆锋重庆演唱会现长相酷似模仿者
2025-10-07T18:56:38.206Z [2025/10/8 02:56:38] [PID: 22588] [LOG] MOBILE [SEARCH-BING] 开始执行2次滚动和点击循环
