2025-08-25T08:16:39.449Z [2025/8/25 16:16:39] [PID: 30204] [LOG] MAIN [MAIN] 机器人已启动，使用 1 个集群
2025-08-25T08:16:39.452Z [2025/8/25 16:16:39] [PID: 30204] [LOG] MAIN [MAIN-WORKER] 开始为账户 fanqiejiayou@outlook.com 执行任务
2025-08-25T08:16:40.720Z [2025/8/25 16:16:40] [PID: 30204] [LOG] DESKTOP [浏览器] 已创建浏览器，用户代理User-Agent: "Mozilla/5.0 (Windows NT 10.0; Win64; x64) AppleWebKit/537.36 (KHTML, like Gecko) Chrome/139.0.0.0 Safari/537.36 Edg/139.0.3405.102"
2025-08-25T08:16:41.074Z [2025/8/25 16:16:41] [PID: 30204] [LOG] DESKTOP [MAIN] 正在启动浏览器
2025-08-25T08:16:41.078Z [2025/8/25 16:16:41] [PID: 30204] [LOG] DESKTOP [登录] 开始登录流程!
2025-08-25T08:16:48.105Z [2025/8/25 16:16:48] [PID: 30204] [LOG] DESKTOP [登录] 已登录
2025-08-25T08:16:53.429Z [2025/8/25 16:16:53] [PID: 30204] [LOG] DESKTOP [必应登录] 验证必应登录状态
2025-08-25T08:17:09.654Z [2025/8/25 16:17:09] [PID: 30204] [LOG] DESKTOP [登录] 成功登录，已保存登录会话!
2025-08-25T08:17:24.453Z [2025/8/25 16:17:24] [PID: 30204] [LOG] DESKTOP [返回主页] 成功访问主页
2025-08-25T08:17:26.327Z [2025/8/25 16:17:26] [PID: 30204] [LOG] DESKTOP [MAIN-POINTS] 当前积分数量: 6
2025-08-25T08:17:28.389Z [2025/8/25 16:17:28] [PID: 30204] [LOG] DESKTOP [MAIN-POINTS] 今天可赚取 124 积分
2025-08-25T08:17:28.390Z [2025/8/25 16:17:28] [PID: 30204] [LOG] DESKTOP [MAIN-POINTS] 打开一个新标签页，用于完成任务
2025-08-25T08:17:28.514Z [2025/8/25 16:17:28] [PID: 30204] [LOG] DESKTOP [MAIN-POINTS] 在新标签页中导航到主页务
2025-08-25T08:17:43.296Z [2025/8/25 16:17:43] [PID: 30204] [LOG] DESKTOP [返回主页] 成功访问主页
2025-08-25T08:17:43.297Z [2025/8/25 16:17:43] [PID: 30204] [LOG] DESKTOP [打卡] 所有“打卡”项目均已完成
2025-08-25T08:17:43.299Z [2025/8/25 16:17:43] [PID: 30204] [LOG] DESKTOP [每日任务] 所有“每日任务”项目均已完成
2025-08-25T08:17:43.299Z [2025/8/25 16:17:43] [PID: 30204] [LOG] DESKTOP [更多活动] 开始解决“更多活动”项目
2025-08-25T08:17:54.326Z [2025/8/25 16:17:54] [PID: 30204] [LOG] DESKTOP [活动] 找到活动类型: "网址奖励" 标题: "Angkor awaits"
2025-08-25T08:17:57.158Z [2025/8/25 16:17:57] [PID: 30204] [LOG] DESKTOP [网址奖励] 正在尝试完成网址奖励
2025-08-25T08:17:57.283Z [2025/8/25 16:17:57] [PID: 30204] [LOG] DESKTOP [网址奖励] 成功完成网址奖励
2025-08-25T08:18:06.114Z [2025/8/25 16:18:06] [PID: 30204] [LOG] DESKTOP [活动] 找到活动类型: "网址奖励" 标题: "Kettle corn craze"
2025-08-25T08:18:09.292Z [2025/8/25 16:18:09] [PID: 30204] [LOG] DESKTOP [网址奖励] 正在尝试完成网址奖励
2025-08-25T08:18:13.037Z [2025/8/25 16:18:13] [PID: 30204] [LOG] DESKTOP [网址奖励] 成功完成网址奖励
2025-08-25T08:18:24.000Z [2025/8/25 16:18:23] [PID: 30204] [LOG] DESKTOP [活动] 找到活动类型: "网址奖励" 标题: "Complete this puzzle"
2025-08-25T08:18:27.425Z [2025/8/25 16:18:27] [PID: 30204] [LOG] DESKTOP [网址奖励] 正在尝试完成网址奖励
2025-08-25T08:18:27.439Z [2025/8/25 16:18:27] [PID: 30204] [LOG] DESKTOP [网址奖励] 成功完成网址奖励
2025-08-25T08:18:38.837Z [2025/8/25 16:18:38] [PID: 30204] [LOG] DESKTOP [活动] 找到活动类型: "网址奖励" 标题: "Do you know the answer?"
2025-08-25T08:18:42.457Z [2025/8/25 16:18:42] [PID: 30204] [LOG] DESKTOP [网址奖励] 正在尝试完成网址奖励
2025-08-25T08:18:46.141Z [2025/8/25 16:18:46] [PID: 30204] [LOG] DESKTOP [网址奖励] 成功完成网址奖励
2025-08-25T08:18:51.496Z [2025/8/25 16:18:51] [PID: 30204] [LOG] DESKTOP [更多活动] 所有“更多活动”项目均已完成
2025-08-25T08:18:51.497Z [2025/8/25 16:18:51] [PID: 30204] [LOG] DESKTOP [SEARCH-BING] 开始必应搜索
2025-08-25T08:18:55.412Z [2025/8/25 16:18:55] [PID: 30204] [LOG] DESKTOP [SEARCH-CHINA-TRENDS] 正在生成搜索查询，可能需要一些时间！ | 地理区域: cn
2025-08-25T08:18:55.754Z [2025/8/25 16:18:55] [PID: 30204] [LOG] DESKTOP [SEARCH-CHINA-TRENDS] 已经获取BaiduHot搜索查询
2025-08-25T08:18:55.766Z [2025/8/25 16:18:55] [PID: 30204] [LOG] DESKTOP [SEARCH-BING] 已完成获取cn的搜索词
2025-08-25T08:19:06.227Z [2025/8/25 16:19:06] [PID: 30204] [LOG] DESKTOP [SEARCH-BING] 75 剩余积分 | 查询: 以扫毒为名部署军舰 美国有何图谋
2025-08-25T08:19:21.002Z [2025/8/25 16:19:21] [PID: 30204] [LOG] DESKTOP [SEARCH-BING] 开始执行2次滚动和点击循环
2025-08-25T08:20:37.639Z [2025/8/25 16:20:37] [PID: 30204] [LOG] DESKTOP [SEARCH-BING] 执行只悬停操作并返回 (概率: 23%)
2025-08-25T08:26:01.363Z [2025/8/25 16:26:01] [PID: 30204] [LOG] DESKTOP [SEARCH-BING] 72 剩余积分 | 查询: 海关拦截183万件假LABUBU
2025-08-25T08:26:18.536Z [2025/8/25 16:26:18] [PID: 30204] [LOG] DESKTOP [SEARCH-BING] 开始执行2次滚动和点击循环
2025-08-25T08:33:27.391Z [2025/8/25 16:33:27] [PID: 30204] [LOG] DESKTOP [SEARCH-BING] 69 剩余积分 | 查询: 中方驳斥美司令涉华言论
2025-08-25T08:33:42.656Z [2025/8/25 16:33:42] [PID: 30204] [LOG] DESKTOP [SEARCH-BING] 开始执行1次滚动和点击循环
2025-08-25T08:39:11.846Z [2025/8/25 16:39:11] [PID: 30204] [LOG] DESKTOP [SEARCH-BING] 66 剩余积分 | 查询: 初中女生饿瘦到70斤：因身材焦虑
2025-08-25T08:39:23.556Z [2025/8/25 16:39:23] [PID: 30204] [LOG] DESKTOP [SEARCH-BING] 开始执行1次滚动和点击循环
2025-08-25T08:39:38.948Z [2025/8/25 16:39:38] [PID: 30204] [LOG] DESKTOP [SEARCH-BING] 执行只悬停操作并返回 (概率: 25%)
2025-08-25T08:45:30.166Z [2025/8/25 16:45:30] [PID: 30204] [LOG] DESKTOP [SEARCH-BING] 63 剩余积分 | 查询: 智界及问界秋季新品发布会
2025-08-25T08:45:44.369Z [2025/8/25 16:45:44] [PID: 30204] [LOG] DESKTOP [SEARCH-BING] 开始执行2次滚动和点击循环
2025-08-25T08:46:28.215Z [2025/8/25 16:46:28] [PID: 30204] [LOG] DESKTOP [SEARCH-BING] 执行只悬停操作并返回 (概率: 26%)
2025-08-25T08:52:17.818Z [2025/8/25 16:52:17] [PID: 30204] [LOG] DESKTOP [SEARCH-BING] 60 剩余积分 | 查询: 林诗栋3-4不敌莫雷加德无缘冠军
2025-08-25T08:52:31.437Z [2025/8/25 16:52:31] [PID: 30204] [LOG] DESKTOP [SEARCH-BING] 开始执行1次滚动和点击循环
2025-08-25T08:59:08.338Z [2025/8/25 16:59:08] [PID: 30204] [LOG] DESKTOP [SEARCH-BING] 57 剩余积分 | 查询: 莫雷加德球拍被踩
2025-08-25T08:59:22.655Z [2025/8/25 16:59:22] [PID: 30204] [LOG] DESKTOP [SEARCH-BING] 开始执行3次滚动和点击循环
2025-08-25T09:06:52.465Z [2025/8/25 17:06:52] [PID: 30204] [LOG] DESKTOP [SEARCH-BING] 54 剩余积分 | 查询: 上海：符合条件家庭外环外买房不限购
2025-08-25T09:07:08.658Z [2025/8/25 17:07:08] [PID: 30204] [LOG] DESKTOP [SEARCH-BING] 开始执行1次滚动和点击循环
2025-08-25T09:12:32.043Z [2025/8/25 17:12:32] [PID: 30204] [LOG] DESKTOP [SEARCH-BING] 51 剩余积分 | 查询: “北京范儿”大赛激发全民共创热情
2025-08-25T09:12:45.099Z [2025/8/25 17:12:45] [PID: 30204] [LOG] DESKTOP [SEARCH-BING] 开始执行3次滚动和点击循环
2025-08-25T09:21:01.207Z [2025/8/25 17:21:01] [PID: 30204] [LOG] DESKTOP [SEARCH-BING] 48 剩余积分 | 查询: 宣传控烟不必“绑架”鲁迅先生
2025-08-25T09:21:06.418Z [2025/8/25 17:21:06] [PID: 30204] [ERROR] DESKTOP [SEARCH-BING] 搜索失败，发生错误:Error: page.waitForSelector: Target page, context or browser has been closed
Call log:
  [2m- waiting for locator('#sb_form_q') to be visible[22m

2025-08-25T09:21:06.421Z [2025/8/25 17:21:06] [PID: 30204] [WARN] DESKTOP [SEARCH-BING] 重试搜索，尝试 0/5
2025-08-25T09:21:34.457Z [2025/8/25 17:21:34] [PID: 30204] [LOG] DESKTOP [SEARCH-BING] 开始执行2次滚动和点击循环
2025-08-25T09:28:36.389Z [2025/8/25 17:28:36] [PID: 30204] [LOG] DESKTOP [SEARCH-BING] 45 剩余积分 | 查询: 唐嫣晒照连续11年为刘亦菲庆生
2025-08-25T09:28:51.070Z [2025/8/25 17:28:51] [PID: 30204] [LOG] DESKTOP [SEARCH-BING] 开始执行1次滚动和点击循环
2025-08-25T09:34:19.218Z [2025/8/25 17:34:19] [PID: 30204] [LOG] DESKTOP [SEARCH-BING] 42 剩余积分 | 查询: #直击三亚十二级台风天气#
2025-08-25T09:34:32.860Z [2025/8/25 17:34:32] [PID: 30204] [LOG] DESKTOP [SEARCH-BING] 开始执行3次滚动和点击循环
2025-08-25T09:34:45.943Z [2025/8/25 17:34:45] [PID: 30204] [LOG] DESKTOP [SEARCH-BING] 执行只悬停操作并返回 (概率: 6%)
2025-08-25T09:41:40.360Z [2025/8/25 17:41:40] [PID: 30204] [LOG] DESKTOP [SEARCH-BING] 39 剩余积分 | 查询: 济济一堂 共商大计
2025-08-25T09:41:55.097Z [2025/8/25 17:41:55] [PID: 30204] [LOG] DESKTOP [SEARCH-BING] 开始执行1次滚动和点击循环
2025-08-25T09:47:42.264Z [2025/8/25 17:47:42] [PID: 30204] [LOG] DESKTOP [SEARCH-BING] 36 剩余积分 | 查询: 孙颖莎再度刷新世排万分纪录
2025-08-25T09:47:59.809Z [2025/8/25 17:47:59] [PID: 30204] [LOG] DESKTOP [SEARCH-BING] 开始执行3次滚动和点击循环
2025-08-25T09:49:04.389Z [2025/8/25 17:49:04] [PID: 30204] [LOG] DESKTOP [SEARCH-BING] 执行只悬停操作并返回 (概率: 7%)
2025-08-25T09:54:48.683Z [2025/8/25 17:54:48] [PID: 30204] [LOG] DESKTOP [SEARCH-BING] 33 剩余积分 | 查询: 杭州高温天突下冰雹
2025-08-25T09:55:01.233Z [2025/8/25 17:55:01] [PID: 30204] [LOG] DESKTOP [SEARCH-BING] 开始执行1次滚动和点击循环
2025-08-25T10:00:45.668Z [2025/8/25 18:00:45] [PID: 30204] [LOG] DESKTOP [SEARCH-BING] 30 剩余积分 | 查询: 酷派称将陆续上架嘎子哥所售手机
2025-08-25T10:01:01.970Z [2025/8/25 18:01:01] [PID: 30204] [LOG] DESKTOP [SEARCH-BING] 开始执行3次滚动和点击循环
2025-08-25T10:09:16.666Z [2025/8/25 18:09:16] [PID: 30204] [LOG] DESKTOP [SEARCH-BING] 27 剩余积分 | 查询: 孙颖莎：本场比赛没有失败者
2025-08-25T10:09:31.479Z [2025/8/25 18:09:31] [PID: 30204] [LOG] DESKTOP [SEARCH-BING] 开始执行2次滚动和点击循环
2025-08-25T10:09:44.172Z [2025/8/25 18:09:44] [PID: 30204] [LOG] DESKTOP [SEARCH-BING] 执行只悬停操作并返回 (概率: 17%)
2025-08-25T10:15:23.864Z [2025/8/25 18:15:23] [PID: 30204] [LOG] DESKTOP [SEARCH-BING] 24 剩余积分 | 查询: 美工厂爆炸引发大火烧了3天还没灭
2025-08-25T10:15:39.217Z [2025/8/25 18:15:39] [PID: 30204] [LOG] DESKTOP [SEARCH-BING] 开始执行1次滚动和点击循环
2025-08-25T10:21:23.507Z [2025/8/25 18:21:23] [PID: 30204] [LOG] DESKTOP [SEARCH-BING] 21 剩余积分 | 查询: 以意美对法国发难 矛头齐指马克龙
2025-08-25T10:21:35.976Z [2025/8/25 18:21:35] [PID: 30204] [LOG] DESKTOP [SEARCH-BING] 开始执行2次滚动和点击循环
2025-08-25T10:27:36.438Z [2025/8/25 18:27:36] [PID: 30204] [LOG] DESKTOP [SEARCH-BING] 18 剩余积分 | 查询: 副镇长违规获取公务员资格？官方通报
2025-08-25T10:27:50.084Z [2025/8/25 18:27:50] [PID: 30204] [LOG] DESKTOP [SEARCH-BING] 开始执行2次滚动和点击循环
2025-08-25T10:34:34.870Z [2025/8/25 18:34:34] [PID: 30204] [LOG] DESKTOP [SEARCH-BING] 15 剩余积分 | 查询: 今日三预警齐发！局地最高温超40℃
2025-08-25T10:34:47.784Z [2025/8/25 18:34:47] [PID: 30204] [LOG] DESKTOP [SEARCH-BING] 开始执行1次滚动和点击循环
2025-08-25T10:40:52.988Z [2025/8/25 18:40:52] [PID: 30204] [LOG] DESKTOP [SEARCH-BING] 12 剩余积分 | 查询: 伊朗：希望近期接收俄罗斯天然气
2025-08-25T10:41:07.847Z [2025/8/25 18:41:07] [PID: 30204] [LOG] DESKTOP [SEARCH-BING] 开始执行1次滚动和点击循环
2025-08-25T10:47:12.025Z [2025/8/25 18:47:12] [PID: 30204] [LOG] DESKTOP [SEARCH-BING] 9 剩余积分 | 查询: 白金卡乘客骚扰空乘致其离职？假
2025-08-25T10:47:27.332Z [2025/8/25 18:47:27] [PID: 30204] [LOG] DESKTOP [SEARCH-BING] 开始执行1次滚动和点击循环
2025-08-25T10:47:39.806Z [2025/8/25 18:47:39] [PID: 30204] [LOG] DESKTOP [SEARCH-BING] 执行只悬停操作并返回 (概率: 24%)
2025-08-25T10:52:55.829Z [2025/8/25 18:52:55] [PID: 30204] [LOG] DESKTOP [SEARCH-BING] 3 剩余积分 | 查询: 加沙已无法支撑任何新一轮民众撤离
2025-08-25T10:53:10.818Z [2025/8/25 18:53:10] [PID: 30204] [LOG] DESKTOP [SEARCH-BING] 开始执行2次滚动和点击循环
2025-08-25T10:53:25.748Z [2025/8/25 18:53:25] [PID: 30204] [LOG] DESKTOP [SEARCH-BING] 执行只悬停操作并返回 (概率: 22%)
2025-08-25T10:59:25.684Z [2025/8/25 18:59:25] [PID: 30204] [LOG] DESKTOP [SEARCH-BING] 搜索完成
2025-08-25T10:59:30.646Z [2025/8/25 18:59:30] [PID: 30204] [LOG] DESKTOP [关闭浏览器] 浏览器已成功关闭!
2025-08-25T10:59:31.688Z [2025/8/25 18:59:31] [PID: 30204] [LOG] MOBILE [浏览器] 已创建浏览器，用户代理User-Agent: "Mozilla/5.0 (Linux; Android 12; K) AppleWebKit/537.36 (KHTML, like Gecko) Chrome/139.0.0.0 Mobile Safari/537.36 EdgA/139.0.3405.86"
2025-08-25T10:59:32.051Z [2025/8/25 18:59:32] [PID: 30204] [LOG] MOBILE [MAIN] 正在启动浏览器
2025-08-25T10:59:32.052Z [2025/8/25 18:59:32] [PID: 30204] [LOG] MOBILE [登录] 开始登录流程!
2025-08-25T11:00:11.833Z [2025/8/25 19:00:11] [PID: 30204] [LOG] MOBILE [登录] 邮箱输入成功
2025-08-25T11:00:20.911Z [2025/8/25 19:00:20] [PID: 30204] [LOG] MOBILE [LOGIN] No 2FA skip button found, proceeding with password entry
2025-08-25T11:00:32.925Z [2025/8/25 19:00:32] [PID: 30204] [WARN] MOBILE [登录] 未找到密码字段，可能需要双重身份验证（2FA）
2025-08-25T11:00:32.933Z [2025/8/25 19:00:32] [PID: 30204] [LOG] MOBILE [登录] 请在身份验证器应用上按下 44 批准登录
2025-08-25T11:00:32.933Z [2025/8/25 19:00:32] [PID: 30204] [LOG] MOBILE [登录] 如果按错数字或点击 "拒绝" 按钮，请在 60 秒后重试
2025-08-25T11:01:00.519Z [2025/8/25 19:01:00] [PID: 30204] [LOG] MOBILE [登录] 登录已成功批准!
2025-08-25T11:01:13.087Z [2025/8/25 19:01:13] [PID: 30204] [LOG] MOBILE [登录] 成功登录奖励门户
2025-08-25T11:01:13.088Z [2025/8/25 19:01:13] [PID: 30204] [LOG] MOBILE [登录] 成功登录微软
2025-08-25T11:01:13.089Z [2025/8/25 19:01:13] [PID: 30204] [LOG] MOBILE [必应登录] 验证必应登录状态
2025-08-25T11:01:25.117Z [2025/8/25 19:01:25] [PID: 30204] [LOG] MOBILE [登录] 成功登录，已保存登录会话!
2025-08-25T11:01:25.797Z [2025/8/25 19:01:25] [PID: 30204] [LOG] MOBILE [APP 登录] 等待授权...
2025-08-25T11:01:26.697Z [2025/8/25 19:01:26] [PID: 30204] [LOG] MOBILE [APP 登录] 授权成功
2025-08-25T11:01:41.549Z [2025/8/25 19:01:41] [PID: 30204] [LOG] MOBILE [返回主页] 成功访问主页
2025-08-25T11:01:47.440Z [2025/8/25 19:01:47] [PID: 30204] [LOG] MOBILE [设置地区] 地区:cn
2025-08-25T11:01:48.044Z [2025/8/25 19:01:48] [PID: 30204] [LOG] MOBILE [MAIN-POINTS] 打开一个新标签页，用于完成任务
2025-08-25T11:01:48.098Z [2025/8/25 19:01:48] [PID: 30204] [LOG] MOBILE [MAIN-POINTS] 在新标签页中导航到主页务
2025-08-25T11:02:02.629Z [2025/8/25 19:02:02] [PID: 30204] [LOG] MOBILE [返回主页] 成功访问主页
2025-08-25T11:02:02.630Z [2025/8/25 19:02:02] [PID: 30204] [LOG] MOBILE [每日任务] 所有“每日任务”项目均已完成
2025-08-25T11:02:02.630Z [2025/8/25 19:02:02] [PID: 30204] [LOG] MOBILE [更多活动] 所有“更多活动”项目均已完成
2025-08-25T11:02:02.631Z [2025/8/25 19:02:02] [PID: 30204] [LOG] MOBILE [MAIN-POINTS] 今天可赚取 54 积分（浏览器端: 24 积分，应用端: 30 积分）
2025-08-25T11:02:02.632Z [2025/8/25 19:02:02] [PID: 30204] [LOG] MOBILE [每日签到] 开始每日签到
2025-08-25T11:02:02.632Z [2025/8/25 19:02:02] [PID: 30204] [LOG] MOBILE [每日签到] 地区:cn
2025-08-25T11:02:03.170Z [2025/8/25 19:02:03] [PID: 30204] [LOG] MOBILE [每日签到] 已领取 5 积分
2025-08-25T11:02:03.172Z [2025/8/25 19:02:03] [PID: 30204] [LOG] MOBILE [阅读赚钱] 开始阅读赚钱活动
2025-08-25T11:02:03.622Z [2025/8/25 19:02:03] [PID: 30204] [LOG] MOBILE [阅读赚钱] 已阅读第 1 篇文章，共 10 篇 | 获得 3 积分
2025-08-25T11:07:12.294Z [2025/8/25 19:07:12] [PID: 30204] [LOG] MOBILE [阅读赚钱] 已阅读第 2 篇文章，共 10 篇 | 获得 3 积分
2025-08-25T11:11:43.262Z [2025/8/25 19:11:43] [PID: 30204] [LOG] MOBILE [阅读赚钱] 已阅读第 3 篇文章，共 10 篇 | 获得 3 积分
2025-08-25T11:17:56.921Z [2025/8/25 19:17:56] [PID: 30204] [LOG] MOBILE [阅读赚钱] 已阅读第 4 篇文章，共 10 篇 | 获得 3 积分
2025-08-25T11:22:44.622Z [2025/8/25 19:22:44] [PID: 30204] [LOG] MOBILE [阅读赚钱] 已阅读第 5 篇文章，共 10 篇 | 获得 3 积分
2025-08-25T11:28:58.541Z [2025/8/25 19:28:58] [PID: 30204] [LOG] MOBILE [阅读赚钱] 已阅读第 6 篇文章，共 10 篇 | 获得 3 积分
2025-08-25T11:34:54.801Z [2025/8/25 19:34:54] [PID: 30204] [LOG] MOBILE [阅读赚钱] 已阅读第 7 篇文章，共 10 篇 | 获得 3 积分
2025-08-25T11:40:25.971Z [2025/8/25 19:40:25] [PID: 30204] [LOG] MOBILE [阅读赚钱] 已阅读第 8 篇文章，共 10 篇 | 获得 3 积分
2025-08-25T11:46:43.842Z [2025/8/25 19:46:43] [PID: 30204] [ERROR] MOBILE [阅读赚钱] 发生错误: Error: getaddrinfo ENOTFOUND prod.rewardsplatform.microsoft.com
2025-08-25T11:46:44.021Z [2025/8/25 19:46:44] [PID: 30204] [ERROR] MOBILE [返回主页] 发生错误:Error: page.goto: net::ERR_NAME_NOT_RESOLVED at https://rewards.bing.com/
Call log:
  [2m- navigating to "https://rewards.bing.com/", waiting until "load"[22m

2025-08-25T11:46:44.023Z [2025/8/25 19:46:44] [PID: 30204] [ERROR] DESKTOP [MAIN-ERROR] 运行桌面端机器人时出错: undefined
2025-08-25T15:20:31.745Z [2025/8/25 23:20:31] [PID: 30268] [LOG] MAIN [MAIN] 机器人已启动，使用 1 个集群
2025-08-25T15:20:31.749Z [2025/8/25 23:20:31] [PID: 30268] [LOG] MAIN [MAIN-WORKER] 开始为账户 fanqiejiayou@outlook.com 执行任务
2025-08-25T15:20:33.341Z [2025/8/25 23:20:33] [PID: 30268] [LOG] DESKTOP [浏览器] 已创建浏览器，用户代理User-Agent: "Mozilla/5.0 (Windows NT 10.0; Win64; x64) AppleWebKit/537.36 (KHTML, like Gecko) Chrome/139.0.0.0 Safari/537.36 Edg/139.0.3405.102"
2025-08-25T15:20:33.743Z [2025/8/25 23:20:33] [PID: 30268] [LOG] DESKTOP [MAIN] 正在启动浏览器
2025-08-25T15:20:33.745Z [2025/8/25 23:20:33] [PID: 30268] [LOG] DESKTOP [登录] 开始登录流程!
2025-08-25T15:20:44.021Z [2025/8/25 23:20:44] [PID: 30268] [LOG] DESKTOP [登录] 已登录
2025-08-25T15:20:48.219Z [2025/8/25 23:20:48] [PID: 30268] [LOG] DESKTOP [必应登录] 验证必应登录状态
2025-08-25T15:20:55.281Z [2025/8/25 23:20:55] [PID: 30268] [LOG] DESKTOP [登录] 成功登录，已保存登录会话!
2025-08-25T15:20:59.079Z [2025/8/25 23:20:59] [PID: 30268] [ERROR] DESKTOP [返回主页] 发生错误:Error: page.goto: Target page, context or browser has been closed
Call log:
  [2m- navigating to "https://rewards.bing.com/", waiting until "load"[22m

2025-08-25T15:20:59.080Z [2025/8/25 23:20:59] [PID: 30268] [ERROR] DESKTOP [MAIN-ERROR] 运行桌面端机器人时出错: undefined
2025-08-25T17:20:30.936Z [2025/8/26 01:20:30] [PID: 25492] [LOG] MAIN [MAIN] 机器人已启动，使用 1 个集群
2025-08-25T17:20:30.943Z [2025/8/26 01:20:30] [PID: 25492] [LOG] MAIN [MAIN-WORKER] 开始为账户 fanqiejiayou@outlook.com 执行任务
2025-08-25T17:20:32.939Z [2025/8/26 01:20:32] [PID: 25492] [LOG] DESKTOP [浏览器] 已创建浏览器，用户代理User-Agent: "Mozilla/5.0 (Windows NT 10.0; Win64; x64) AppleWebKit/537.36 (KHTML, like Gecko) Chrome/139.0.0.0 Safari/537.36 Edg/139.0.3405.102"
2025-08-25T17:20:33.634Z [2025/8/26 01:20:33] [PID: 25492] [LOG] DESKTOP [MAIN] 正在启动浏览器
2025-08-25T17:20:33.644Z [2025/8/26 01:20:33] [PID: 25492] [LOG] DESKTOP [登录] 开始登录流程!
2025-08-25T17:20:54.238Z [2025/8/26 01:20:54] [PID: 25492] [WARN] DESKTOP [登录] 未找到邮箱字段
2025-08-25T17:21:03.868Z [2025/8/26 01:21:03] [PID: 25492] [LOG] DESKTOP [LOGIN] No 2FA skip button found, proceeding with password entry
2025-08-25T17:21:15.886Z [2025/8/26 01:21:15] [PID: 25492] [WARN] DESKTOP [登录] 未找到密码字段，可能需要双重身份验证（2FA）
2025-08-25T17:21:37.439Z [2025/8/26 01:21:37] [PID: 25492] [LOG] DESKTOP [登录] 2FA 处理失败: Error: page.waitForSelector: Target page, context or browser has been closed
2025-08-25T17:21:55.621Z [2025/8/26 01:21:55] [PID: 30960] [LOG] MAIN [MAIN] 机器人已启动，使用 1 个集群
2025-08-25T17:21:55.624Z [2025/8/26 01:21:55] [PID: 30960] [LOG] MAIN [MAIN-WORKER] 开始为账户 fanqiejiayou@outlook.com 执行任务
2025-08-25T17:21:57.232Z [2025/8/26 01:21:57] [PID: 30960] [LOG] DESKTOP [浏览器] 已创建浏览器，用户代理User-Agent: "Mozilla/5.0 (Windows NT 10.0; Win64; x64) AppleWebKit/537.36 (KHTML, like Gecko) Chrome/139.0.0.0 Safari/537.36 Edg/139.0.3405.102"
2025-08-25T17:21:57.534Z [2025/8/26 01:21:57] [PID: 30960] [LOG] DESKTOP [MAIN] 正在启动浏览器
2025-08-25T17:21:57.536Z [2025/8/26 01:21:57] [PID: 30960] [LOG] DESKTOP [登录] 开始登录流程!
2025-08-25T17:22:05.279Z [2025/8/26 01:22:05] [PID: 30960] [LOG] DESKTOP [登录] 已登录
2025-08-25T17:22:10.019Z [2025/8/26 01:22:10] [PID: 30960] [LOG] DESKTOP [必应登录] 验证必应登录状态
2025-08-25T17:22:28.276Z [2025/8/26 01:22:28] [PID: 30960] [LOG] DESKTOP [登录] 成功登录，已保存登录会话!
2025-08-25T17:22:52.118Z [2025/8/26 01:22:52] [PID: 30960] [LOG] DESKTOP [返回主页] 成功访问主页
2025-08-25T17:22:55.432Z [2025/8/26 01:22:55] [PID: 30960] [LOG] DESKTOP [MAIN-POINTS] 当前积分数量: 159
2025-08-25T17:22:58.769Z [2025/8/26 01:22:58] [PID: 30960] [LOG] DESKTOP [MAIN-POINTS] 今天可赚取 120 积分
2025-08-25T17:22:58.774Z [2025/8/26 01:22:58] [PID: 30960] [LOG] DESKTOP [MAIN-POINTS] 打开一个新标签页，用于完成任务
2025-08-25T17:22:59.010Z [2025/8/26 01:22:59] [PID: 30960] [LOG] DESKTOP [MAIN-POINTS] 在新标签页中导航到主页务
2025-08-25T17:23:14.224Z [2025/8/26 01:23:14] [PID: 30960] [LOG] DESKTOP [返回主页] 成功访问主页
2025-08-25T17:23:14.225Z [2025/8/26 01:23:14] [PID: 30960] [LOG] DESKTOP [打卡] 所有“打卡”项目均已完成
2025-08-25T17:23:14.226Z [2025/8/26 01:23:14] [PID: 30960] [LOG] DESKTOP [每日任务] 开始解决“每日任务”项目
2025-08-25T17:23:21.532Z [2025/8/26 01:23:21] [PID: 30960] [LOG] DESKTOP [活动] 找到活动类型: "网址奖励" 标题: "Speed reading"
2025-08-25T17:23:25.014Z [2025/8/26 01:23:25] [PID: 30960] [LOG] DESKTOP [网址奖励] 正在尝试完成网址奖励
2025-08-25T17:23:25.137Z [2025/8/26 01:23:25] [PID: 30960] [LOG] DESKTOP [网址奖励] 成功完成网址奖励
2025-08-25T17:23:36.415Z [2025/8/26 01:23:36] [PID: 30960] [LOG] DESKTOP [活动] 找到活动类型: "网址奖励" 标题: "Dive into photography"
2025-08-25T17:23:38.172Z [2025/8/26 01:23:38] [PID: 30960] [LOG] DESKTOP [网址奖励] 正在尝试完成网址奖励
2025-08-25T17:23:38.221Z [2025/8/26 01:23:38] [PID: 30960] [LOG] DESKTOP [网址奖励] 成功完成网址奖励
2025-08-25T17:23:52.891Z [2025/8/26 01:23:52] [PID: 30960] [LOG] DESKTOP [活动] 找到活动类型: "网址奖励" 标题: "Ocean insights"
2025-08-25T17:23:55.591Z [2025/8/26 01:23:55] [PID: 30960] [LOG] DESKTOP [网址奖励] 正在尝试完成网址奖励
2025-08-25T17:23:58.797Z [2025/8/26 01:23:58] [PID: 30960] [LOG] DESKTOP [网址奖励] 成功完成网址奖励
2025-08-25T17:24:05.857Z [2025/8/26 01:24:05] [PID: 30960] [LOG] DESKTOP [每日任务] 所有“每日任务”项目均已完成
2025-08-25T17:24:05.858Z [2025/8/26 01:24:05] [PID: 30960] [LOG] DESKTOP [更多活动] 所有“更多活动”项目均已完成
2025-08-25T17:24:05.860Z [2025/8/26 01:24:05] [PID: 30960] [LOG] DESKTOP [SEARCH-BING] 开始必应搜索
2025-08-25T17:24:10.276Z [2025/8/26 01:24:10] [PID: 30960] [LOG] DESKTOP [SEARCH-CHINA-TRENDS] 正在生成搜索查询，可能需要一些时间！ | 地理区域: cn
2025-08-25T17:24:10.664Z [2025/8/26 01:24:10] [PID: 30960] [LOG] DESKTOP [SEARCH-CHINA-TRENDS] 已经获取BaiduHot搜索查询
2025-08-25T17:24:10.675Z [2025/8/26 01:24:10] [PID: 30960] [LOG] DESKTOP [SEARCH-BING] 已完成获取cn的搜索词
2025-08-25T17:24:20.855Z [2025/8/26 01:24:20] [PID: 30960] [LOG] DESKTOP [SEARCH-BING] 90 剩余积分 | 查询: 孤独症女童康复机构被打警方立案
2025-08-25T17:24:35.462Z [2025/8/26 01:24:35] [PID: 30960] [LOG] DESKTOP [SEARCH-BING] 开始执行1次滚动和点击循环
2025-08-25T17:24:48.806Z [2025/8/26 01:24:48] [PID: 30960] [LOG] DESKTOP [SEARCH-BING] 执行只悬停操作并返回 (概率: 12%)
2025-08-25T17:30:30.114Z [2025/8/26 01:30:30] [PID: 30960] [LOG] DESKTOP [SEARCH-BING] 90 剩余积分 | 查询: 俄媒：中国和伊朗讨论伊朗核问题
2025-08-25T17:30:44.115Z [2025/8/26 01:30:44] [PID: 30960] [LOG] DESKTOP [SEARCH-BING] 开始执行2次滚动和点击循环
2025-08-25T17:37:19.114Z [2025/8/26 01:37:19] [PID: 30960] [LOG] DESKTOP [SEARCH-BING] 81 剩余积分 | 查询: 男子看小说学盗墓挖走20余件国宝
2025-08-25T17:37:36.468Z [2025/8/26 01:37:36] [PID: 30960] [LOG] DESKTOP [SEARCH-BING] 开始执行3次滚动和点击循环
2025-08-25T17:45:06.812Z [2025/8/26 01:45:06] [PID: 30960] [LOG] DESKTOP [SEARCH-BING] 78 剩余积分 | 查询: 近40℃高温的杭州突降冰雹
2025-08-25T17:45:24.016Z [2025/8/26 01:45:24] [PID: 30960] [LOG] DESKTOP [SEARCH-BING] 开始执行2次滚动和点击循环
2025-08-25T17:51:32.248Z [2025/8/26 01:51:32] [PID: 30960] [LOG] DESKTOP [SEARCH-BING] 75 剩余积分 | 查询: 印度外长：中印关系发展与美国无关
2025-08-25T17:51:47.674Z [2025/8/26 01:51:47] [PID: 30960] [LOG] DESKTOP [SEARCH-BING] 开始执行3次滚动和点击循环
2025-08-25T17:53:37.950Z [2025/8/26 01:53:37] [PID: 30960] [LOG] DESKTOP [SEARCH-BING] 执行只悬停操作并返回 (概率: 28%)
2025-08-25T17:58:43.715Z [2025/8/26 01:58:43] [PID: 30960] [LOG] DESKTOP [SEARCH-BING] 72 剩余积分 | 查询: 俄军飞行员在座舱挂了LABUBU
2025-08-25T17:59:03.190Z [2025/8/26 01:59:03] [PID: 30960] [LOG] DESKTOP [SEARCH-BING] 开始执行1次滚动和点击循环
2025-08-25T18:05:05.383Z [2025/8/26 02:05:05] [PID: 30960] [LOG] DESKTOP [SEARCH-BING] 69 剩余积分 | 查询: 医生谈宠物防晒服走红
2025-08-25T18:05:25.485Z [2025/8/26 02:05:25] [PID: 30960] [LOG] DESKTOP [SEARCH-BING] 开始执行2次滚动和点击循环
2025-08-25T18:05:41.566Z [2025/8/26 02:05:41] [PID: 30960] [LOG] DESKTOP [SEARCH-BING] 执行只悬停操作并返回 (概率: 7%)
2025-08-25T18:11:58.907Z [2025/8/26 02:11:58] [PID: 30960] [LOG] DESKTOP [SEARCH-BING] 66 剩余积分 | 查询: 初中女生饿瘦到70斤：因身材焦虑
2025-08-25T18:12:16.611Z [2025/8/26 02:12:16] [PID: 30960] [LOG] DESKTOP [SEARCH-BING] 开始执行2次滚动和点击循环
2025-08-25T18:13:35.504Z [2025/8/26 02:13:35] [PID: 30960] [LOG] DESKTOP [SEARCH-BING] 执行只悬停操作并返回 (概率: 27%)
2025-08-25T18:19:17.188Z [2025/8/26 02:19:17] [PID: 30960] [LOG] DESKTOP [SEARCH-BING] 搜索完成
2025-08-25T18:19:20.024Z [2025/8/26 02:19:20] [PID: 30960] [LOG] DESKTOP [关闭浏览器] 浏览器已成功关闭!
2025-08-25T18:19:22.392Z [2025/8/26 02:19:22] [PID: 30960] [LOG] MOBILE [浏览器] 已创建浏览器，用户代理User-Agent: "Mozilla/5.0 (Linux; Android 12; K) AppleWebKit/537.36 (KHTML, like Gecko) Chrome/139.0.0.0 Mobile Safari/537.36 EdgA/139.0.3405.86"
2025-08-25T18:19:23.094Z [2025/8/26 02:19:23] [PID: 30960] [LOG] MOBILE [MAIN] 正在启动浏览器
2025-08-25T18:19:23.100Z [2025/8/26 02:19:23] [PID: 30960] [LOG] MOBILE [登录] 开始登录流程!
2025-08-25T18:19:31.005Z [2025/8/26 02:19:31] [PID: 30960] [LOG] MOBILE [登录] 已登录
2025-08-25T18:19:36.084Z [2025/8/26 02:19:36] [PID: 30960] [LOG] MOBILE [必应登录] 验证必应登录状态
2025-08-25T18:19:49.704Z [2025/8/26 02:19:49] [PID: 30960] [LOG] MOBILE [登录] 成功登录，已保存登录会话!
2025-08-25T18:19:50.445Z [2025/8/26 02:19:50] [PID: 30960] [LOG] MOBILE [APP 登录] 等待授权...
2025-08-25T18:19:51.297Z [2025/8/26 02:19:51] [PID: 30960] [LOG] MOBILE [APP 登录] 授权成功
2025-08-25T18:20:07.328Z [2025/8/26 02:20:07] [PID: 30960] [LOG] MOBILE [返回主页] 成功访问主页
2025-08-25T18:20:15.554Z [2025/8/26 02:20:15] [PID: 30960] [LOG] MOBILE [设置地区] 地区:cn
2025-08-25T18:20:16.191Z [2025/8/26 02:20:16] [PID: 30960] [LOG] MOBILE [MAIN-POINTS] 打开一个新标签页，用于完成任务
2025-08-25T18:20:16.326Z [2025/8/26 02:20:16] [PID: 30960] [LOG] MOBILE [MAIN-POINTS] 在新标签页中导航到主页务
2025-08-25T18:20:32.147Z [2025/8/26 02:20:32] [PID: 30960] [LOG] MOBILE [返回主页] 成功访问主页
2025-08-25T18:20:32.149Z [2025/8/26 02:20:32] [PID: 30960] [LOG] MOBILE [每日任务] 所有“每日任务”项目均已完成
2025-08-25T18:20:32.151Z [2025/8/26 02:20:32] [PID: 30960] [LOG] MOBILE [更多活动] 所有“更多活动”项目均已完成
2025-08-25T18:20:32.152Z [2025/8/26 02:20:32] [PID: 30960] [LOG] MOBILE [MAIN-POINTS] 今天可赚取 90 积分（浏览器端: 60 积分，应用端: 30 积分）
2025-08-25T18:20:32.154Z [2025/8/26 02:20:32] [PID: 30960] [LOG] MOBILE [每日签到] 开始每日签到
2025-08-25T18:20:32.155Z [2025/8/26 02:20:32] [PID: 30960] [LOG] MOBILE [每日签到] 地区:cn
2025-08-25T18:20:32.664Z [2025/8/26 02:20:32] [PID: 30960] [LOG] MOBILE [每日签到] 已领取 5 积分
2025-08-25T18:20:32.666Z [2025/8/26 02:20:32] [PID: 30960] [LOG] MOBILE [阅读赚钱] 开始阅读赚钱活动
2025-08-25T18:20:33.109Z [2025/8/26 02:20:33] [PID: 30960] [LOG] MOBILE [阅读赚钱] 已阅读第 1 篇文章，共 10 篇 | 获得 3 积分
2025-08-25T18:26:12.844Z [2025/8/26 02:26:12] [PID: 30960] [LOG] MOBILE [阅读赚钱] 已阅读第 2 篇文章，共 10 篇 | 获得 3 积分
2025-08-25T18:31:55.921Z [2025/8/26 02:31:55] [PID: 30960] [LOG] MOBILE [阅读赚钱] 已阅读第 3 篇文章，共 10 篇 | 获得 3 积分
2025-08-25T18:37:49.495Z [2025/8/26 02:37:49] [PID: 30960] [LOG] MOBILE [阅读赚钱] 已阅读第 4 篇文章，共 10 篇 | 获得 3 积分
2025-08-25T18:44:38.256Z [2025/8/26 02:44:38] [PID: 30960] [LOG] MOBILE [阅读赚钱] 已阅读第 5 篇文章，共 10 篇 | 获得 3 积分
2025-08-25T18:51:35.449Z [2025/8/26 02:51:35] [PID: 30960] [LOG] MOBILE [阅读赚钱] 已阅读第 6 篇文章，共 10 篇 | 获得 3 积分
2025-08-25T18:56:22.482Z [2025/8/26 02:56:22] [PID: 30960] [LOG] MOBILE [阅读赚钱] 已阅读第 7 篇文章，共 10 篇 | 获得 3 积分
2025-08-25T19:02:52.891Z [2025/8/26 03:02:52] [PID: 30960] [LOG] MOBILE [阅读赚钱] 已阅读第 8 篇文章，共 10 篇 | 获得 3 积分
2025-08-25T19:08:17.082Z [2025/8/26 03:08:17] [PID: 30960] [LOG] MOBILE [阅读赚钱] 已阅读第 9 篇文章，共 10 篇 | 获得 3 积分
2025-08-25T19:14:18.454Z [2025/8/26 03:14:18] [PID: 30960] [LOG] MOBILE [阅读赚钱] 已阅读第 10 篇文章，共 10 篇 | 获得 3 积分
2025-08-25T19:20:30.382Z [2025/8/26 03:20:30] [PID: 30960] [LOG] MOBILE [阅读赚钱] 完成阅读赚钱活动
2025-08-25T19:20:46.710Z [2025/8/26 03:20:46] [PID: 30960] [LOG] MOBILE [返回主页] 成功访问主页
2025-08-25T19:20:46.711Z [2025/8/26 03:20:46] [PID: 30960] [LOG] MOBILE [SEARCH-BING] 开始必应搜索
2025-08-25T19:20:52.563Z [2025/8/26 03:20:52] [PID: 30960] [LOG] MOBILE [SEARCH-CHINA-TRENDS] 正在生成搜索查询，可能需要一些时间！ | 地理区域: cn
2025-08-25T19:20:52.789Z [2025/8/26 03:20:52] [PID: 30960] [LOG] MOBILE [SEARCH-CHINA-TRENDS] 已经获取DouYinHot搜索查询
2025-08-25T19:20:52.798Z [2025/8/26 03:20:52] [PID: 30960] [LOG] MOBILE [SEARCH-BING] 已完成获取cn的搜索词
2025-08-25T19:21:03.343Z [2025/8/26 03:21:03] [PID: 30960] [LOG] MOBILE [SEARCH-BING] 60 剩余积分 | 查询: Dehors出了普通话版
2025-08-25T19:21:17.671Z [2025/8/26 03:21:17] [PID: 30960] [LOG] MOBILE [SEARCH-BING] 开始执行1次滚动和点击循环
2025-08-25T19:21:28.818Z [2025/8/26 03:21:28] [PID: 30960] [LOG] MOBILE [SEARCH-BING] 执行只悬停操作并返回 (概率: 21%)
2025-08-25T19:26:55.987Z [2025/8/26 03:26:55] [PID: 30960] [LOG] MOBILE [SEARCH-BING] 57 剩余积分 | 查询: 撒野玩家拿捏飞拉达
2025-08-25T19:27:11.643Z [2025/8/26 03:27:11] [PID: 30960] [LOG] MOBILE [SEARCH-BING] 开始执行3次滚动和点击循环
2025-08-25T19:27:27.172Z [2025/8/26 03:27:27] [PID: 30960] [LOG] MOBILE [SEARCH-BING] 执行只悬停操作并返回 (概率: 16%)
2025-08-25T19:34:43.477Z [2025/8/26 03:34:43] [PID: 30960] [LOG] MOBILE [SEARCH-BING] 54 剩余积分 | 查询: 养生浪漫也挤进七夕赛道了
2025-08-25T19:34:56.988Z [2025/8/26 03:34:56] [PID: 30960] [LOG] MOBILE [SEARCH-BING] 开始执行3次滚动和点击循环
2025-08-25T19:43:01.203Z [2025/8/26 03:43:01] [PID: 30960] [LOG] MOBILE [SEARCH-BING] 51 剩余积分 | 查询: 我很喜欢我的肌肉
2025-08-25T19:43:13.807Z [2025/8/26 03:43:13] [PID: 30960] [LOG] MOBILE [SEARCH-BING] 开始执行1次滚动和点击循环
2025-08-25T19:48:42.115Z [2025/8/26 03:48:42] [PID: 30960] [LOG] MOBILE [SEARCH-BING] 48 剩余积分 | 查询: 艾热SHarK千疮百孔
2025-08-25T19:48:55.067Z [2025/8/26 03:48:55] [PID: 30960] [LOG] MOBILE [SEARCH-BING] 开始执行1次滚动和点击循环
2025-08-25T19:54:23.714Z [2025/8/26 03:54:23] [PID: 30960] [LOG] MOBILE [SEARCH-BING] 45 剩余积分 | 查询: 亚马尔官宣恋情
2025-08-25T19:54:35.629Z [2025/8/26 03:54:35] [PID: 30960] [LOG] MOBILE [SEARCH-BING] 开始执行1次滚动和点击循环
2025-08-25T19:54:49.062Z [2025/8/26 03:54:49] [PID: 30960] [LOG] MOBILE [SEARCH-BING] 执行只悬停操作并返回 (概率: 7%)
2025-08-25T20:00:35.764Z [2025/8/26 04:00:35] [PID: 30960] [ERROR] MOBILE [获取仪表盘数据] 获取仪表盘数据时出错: Error: page.reload: net::ERR_NAME_NOT_RESOLVED
Call log:
  [2m- waiting for navigation until "domcontentloaded"[22m

2025-08-25T20:00:35.767Z [2025/8/26 04:00:35] [PID: 30960] [ERROR] MOBILE [SEARCH-BING] 搜索失败，发生错误:undefined
2025-08-25T20:00:35.771Z [2025/8/26 04:00:35] [PID: 30960] [WARN] MOBILE [SEARCH-BING] 重试搜索，尝试 0/5
2025-08-25T20:01:01.470Z [2025/8/26 04:01:01] [PID: 30960] [ERROR] MOBILE [SEARCH-BING] 搜索失败，发生错误:TimeoutError: page.waitForSelector: Timeout 10000ms exceeded.
Call log:
  [2m- waiting for locator('#sb_form_q') to be visible[22m

2025-08-25T20:01:01.471Z [2025/8/26 04:01:01] [PID: 30960] [WARN] MOBILE [SEARCH-BING] 重试搜索，尝试 1/5
2025-08-25T20:01:26.295Z [2025/8/26 04:01:26] [PID: 30960] [ERROR] MOBILE [SEARCH-BING] 搜索失败，发生错误:TimeoutError: page.waitForSelector: Timeout 10000ms exceeded.
Call log:
  [2m- waiting for locator('#sb_form_q') to be visible[22m

2025-08-25T20:01:26.296Z [2025/8/26 04:01:26] [PID: 30960] [WARN] MOBILE [SEARCH-BING] 重试搜索，尝试 2/5
2025-08-25T20:02:00.245Z [2025/8/26 04:02:00] [PID: 30960] [ERROR] MOBILE [SEARCH-BING] 搜索失败，发生错误:TimeoutError: page.waitForSelector: Timeout 10000ms exceeded.
Call log:
  [2m- waiting for locator('#sb_form_q') to be visible[22m

2025-08-25T20:02:00.246Z [2025/8/26 04:02:00] [PID: 30960] [WARN] MOBILE [SEARCH-BING] 重试搜索，尝试 3/5
2025-08-25T20:02:29.412Z [2025/8/26 04:02:29] [PID: 30960] [LOG] MOBILE [SEARCH-BING] 开始执行1次滚动和点击循环
2025-08-25T20:02:44.936Z [2025/8/26 04:02:44] [PID: 30960] [LOG] MOBILE [SEARCH-BING] 执行只悬停操作并返回 (概率: 4%)
2025-08-25T20:08:09.694Z [2025/8/26 04:08:09] [PID: 30960] [LOG] MOBILE [DASHBOARD-DATA] 提供的页面不是仪表盘页面，正在重定向到仪表盘页面
2025-08-25T20:08:25.576Z [2025/8/26 04:08:25] [PID: 30960] [LOG] MOBILE [返回主页] 成功访问主页
2025-08-25T20:08:27.744Z [2025/8/26 04:08:27] [PID: 30960] [LOG] MOBILE [SEARCH-BING] 42 剩余积分 | 查询: 全抖音都在重读课本
2025-08-25T20:08:39.788Z [2025/8/26 04:08:39] [PID: 30960] [LOG] MOBILE [SEARCH-BING] 开始执行2次滚动和点击循环
2025-08-25T20:15:16.031Z [2025/8/26 04:15:16] [PID: 30960] [LOG] MOBILE [SEARCH-BING] 42 剩余积分 | 查询: 给老婆的保证书
2025-08-25T20:15:30.186Z [2025/8/26 04:15:30] [PID: 30960] [LOG] MOBILE [SEARCH-BING] 开始执行1次滚动和点击循环
2025-08-25T20:21:21.979Z [2025/8/26 04:21:21] [PID: 30960] [LOG] MOBILE [SEARCH-BING] 39 剩余积分 | 查询: 邓超和儿子看AUBL决赛
2025-08-25T20:21:35.965Z [2025/8/26 04:21:35] [PID: 30960] [LOG] MOBILE [SEARCH-BING] 开始执行2次滚动和点击循环
2025-08-25T20:21:53.587Z [2025/8/26 04:21:53] [PID: 30960] [LOG] MOBILE [SEARCH-BING] 执行只悬停操作并返回 (概率: 25%)
2025-08-25T20:27:48.123Z [2025/8/26 04:27:48] [PID: 30960] [LOG] MOBILE [SEARCH-BING] 36 剩余积分 | 查询: 农行原副行长楼文龙一审被判无期
2025-08-25T20:28:01.573Z [2025/8/26 04:28:01] [PID: 30960] [LOG] MOBILE [SEARCH-BING] 开始执行1次滚动和点击循环
2025-08-25T20:34:25.720Z [2025/8/26 04:34:25] [PID: 30960] [LOG] MOBILE [SEARCH-BING] 33 剩余积分 | 查询: 建鹏捕风追影宣传片好帅
2025-08-25T20:34:39.960Z [2025/8/26 04:34:39] [PID: 30960] [LOG] MOBILE [SEARCH-BING] 开始执行2次滚动和点击循环
2025-08-25T20:35:48.898Z [2025/8/26 04:35:48] [PID: 30960] [LOG] MOBILE [SEARCH-BING] 执行只悬停操作并返回 (概率: 8%)
2025-08-25T20:41:37.959Z [2025/8/26 04:41:37] [PID: 30960] [LOG] MOBILE [SEARCH-BING] 30 剩余积分 | 查询: 一条视频回顾三次阅兵演练
2025-08-25T20:41:53.768Z [2025/8/26 04:41:53] [PID: 30960] [LOG] MOBILE [SEARCH-BING] 开始执行1次滚动和点击循环
2025-08-25T20:48:39.754Z [2025/8/26 04:48:39] [PID: 30960] [LOG] MOBILE [SEARCH-BING] 27 剩余积分 | 查询: 乌方称俄罗斯正遭受大规模攻击
2025-08-25T20:48:53.047Z [2025/8/26 04:48:53] [PID: 30960] [LOG] MOBILE [SEARCH-BING] 开始执行1次滚动和点击循环
2025-08-25T20:54:13.660Z [2025/8/26 04:54:13] [PID: 30960] [LOG] MOBILE [SEARCH-BING] 24 剩余积分 | 查询: 张凌赫雨中下跪路透
2025-08-25T20:54:27.624Z [2025/8/26 04:54:27] [PID: 30960] [LOG] MOBILE [SEARCH-BING] 开始执行3次滚动和点击循环
2025-08-25T20:56:08.933Z [2025/8/26 04:56:08] [PID: 30960] [LOG] MOBILE [SEARCH-BING] 执行只悬停操作并返回 (概率: 26%)
2025-08-25T21:02:10.808Z [2025/8/26 05:02:10] [PID: 30960] [LOG] MOBILE [SEARCH-BING] 21 剩余积分 | 查询: 原来水果可以是没皮的
2025-08-25T21:02:26.367Z [2025/8/26 05:02:26] [PID: 30960] [LOG] MOBILE [SEARCH-BING] 开始执行3次滚动和点击循环
2025-08-25T21:10:41.444Z [2025/8/26 05:10:41] [PID: 30960] [LOG] MOBILE [SEARCH-BING] 18 剩余积分 | 查询: 王者联动狐妖王权篇
2025-08-25T21:10:53.370Z [2025/8/26 05:10:53] [PID: 30960] [LOG] MOBILE [SEARCH-BING] 开始执行1次滚动和点击循环
2025-08-25T21:17:11.426Z [2025/8/26 05:17:11] [PID: 30960] [LOG] MOBILE [SEARCH-BING] 15 剩余积分 | 查询: 这个动作可以预防血栓
2025-08-25T21:17:24.293Z [2025/8/26 05:17:24] [PID: 30960] [LOG] MOBILE [SEARCH-BING] 开始执行3次滚动和点击循环
2025-08-25T21:19:06.402Z [2025/8/26 05:19:06] [PID: 30960] [LOG] MOBILE [SEARCH-BING] 执行只悬停操作并返回 (概率: 9%)
2025-08-25T21:24:48.041Z [2025/8/26 05:24:48] [PID: 30960] [LOG] MOBILE [SEARCH-BING] 12 剩余积分 | 查询: 倒数翻唱
2025-08-25T21:25:00.799Z [2025/8/26 05:25:00] [PID: 30960] [LOG] MOBILE [SEARCH-BING] 开始执行1次滚动和点击循环
2025-08-25T21:30:53.954Z [2025/8/26 05:30:53] [PID: 30960] [LOG] MOBILE [SEARCH-BING] 9 剩余积分 | 查询: 一字七种情绪挑战
2025-08-25T21:31:06.648Z [2025/8/26 05:31:06] [PID: 30960] [LOG] MOBILE [SEARCH-BING] 开始执行3次滚动和点击循环
2025-08-25T21:31:18.963Z [2025/8/26 05:31:18] [PID: 30960] [LOG] MOBILE [SEARCH-BING] 执行只悬停操作并返回 (概率: 8%)
2025-08-25T21:39:24.583Z [2025/8/26 05:39:24] [PID: 30960] [LOG] MOBILE [SEARCH-BING] 6 剩余积分 | 查询: 酷派回应嘎子哥699元手机争议
2025-08-25T21:39:38.620Z [2025/8/26 05:39:38] [PID: 30960] [LOG] MOBILE [SEARCH-BING] 开始执行3次滚动和点击循环
2025-08-25T21:46:22.847Z [2025/8/26 05:46:22] [PID: 30960] [LOG] MOBILE [SEARCH-BING] 3 剩余积分 | 查询: 苹果9月发布会前瞻
2025-08-25T21:46:37.362Z [2025/8/26 05:46:37] [PID: 30960] [LOG] MOBILE [SEARCH-BING] 开始执行3次滚动和点击循环
2025-08-25T21:46:51.171Z [2025/8/26 05:46:51] [PID: 30960] [LOG] MOBILE [SEARCH-BING] 执行只悬停操作并返回 (概率: 30%)
2025-08-25T21:52:22.174Z [2025/8/26 05:52:22] [PID: 30960] [LOG] MOBILE [SEARCH-BING] 搜索完成
2025-08-25T21:52:26.437Z [2025/8/26 05:52:26] [PID: 30960] [LOG] MOBILE [MAIN-POINTS] 脚本今天收集了 152 积分
2025-08-25T21:52:30.336Z [2025/8/26 05:52:30] [PID: 30960] [LOG] MOBILE [关闭浏览器] 浏览器已成功关闭!
2025-08-25T21:52:30.337Z [2025/8/26 05:52:30] [PID: 30960] [LOG] MAIN [MAIN-WORKER] 账户 fanqiejiayou@outlook.com 的任务已完成
2025-08-25T21:52:30.341Z [2025/8/26 05:52:30] [PID: 30960] [LOG] MAIN [MAIN-WORKER] 开始为账户 email_2 执行任务
2025-08-25T21:52:32.696Z [2025/8/26 05:52:32] [PID: 30960] [LOG] DESKTOP [浏览器] 已创建浏览器，用户代理User-Agent: "Mozilla/5.0 (Windows NT 10.0; Win64; x64) AppleWebKit/537.36 (KHTML, like Gecko) Chrome/139.0.0.0 Safari/537.36 Edg/139.0.3405.119"
2025-08-25T21:52:32.982Z [2025/8/26 05:52:32] [PID: 30960] [LOG] DESKTOP [MAIN] 正在启动浏览器
2025-08-25T21:52:32.985Z [2025/8/26 05:52:32] [PID: 30960] [LOG] DESKTOP [登录] 开始登录流程!
2025-08-25T21:53:08.900Z [2025/8/26 05:53:08] [PID: 30960] [LOG] DESKTOP [登录] 邮箱输入成功
2025-08-25T21:53:17.826Z [2025/8/26 05:53:17] [PID: 30960] [LOG] DESKTOP [LOGIN] No 2FA skip button found, proceeding with password entry
2025-08-25T21:53:22.846Z [2025/8/26 05:53:22] [PID: 30960] [LOG] DESKTOP [登录] 通过 "viewFooter" 找到页面 "获取登录代码"
2025-08-25T21:53:45.912Z [2025/8/26 05:53:45] [PID: 30960] [LOG] DESKTOP [登录] 密码输入成功
