2025-11-09T16:08:32.415Z [2025/11/10 00:08:32] [PID: 37240] [LOG] MAIN [MAIN] 机器人已启动，使用 1 个集群
2025-11-09T16:08:32.418Z [2025/11/10 00:08:32] [PID: 37240] [LOG] MAIN [MAIN-WORKER] 开始为账户 fanqiejiayou@outlook.com 执行任务
2025-11-09T16:08:33.208Z [2025/11/10 00:08:33] [PID: 37240] [LOG] DESKTOP [浏览器] 已创建浏览器，用户代理User-Agent: "Mozilla/5.0 (Windows NT 10.0; Win64; x64) AppleWebKit/537.36 (KHTML, like Gecko) Chrome/139.0.0.0 Safari/537.36 Edg/139.0.3405.102"
2025-11-09T16:08:33.474Z [2025/11/10 00:08:33] [PID: 37240] [LOG] DESKTOP [MAIN] 正在启动浏览器
2025-11-09T16:08:33.476Z [2025/11/10 00:08:33] [PID: 37240] [LOG] DESKTOP [登录] 开始登录流程!
2025-11-09T16:08:58.498Z [2025/11/10 00:08:58] [PID: 37240] [WARN] DESKTOP [登录] 未找到邮箱字段
2025-11-09T16:09:07.617Z [2025/11/10 00:09:07] [PID: 37240] [LOG] DESKTOP [LOGIN] No 2FA skip button found, proceeding with password entry
2025-11-09T16:09:19.640Z [2025/11/10 00:09:19] [PID: 37240] [WARN] DESKTOP [登录] 未找到密码字段，可能需要双重身份验证（2FA）
2025-11-09T16:10:26.674Z [2025/11/10 00:10:26] [PID: 37240] [LOG] DESKTOP [登录] 2FA 处理失败: TimeoutError: page.waitForSelector: Timeout 2000ms exceeded.
Call log:
  [2m- waiting for locator('#displaySign, div[data-testid="displaySign"]>span') to be visible[22m

2025-11-09T16:10:38.422Z [2025/11/10 00:10:38] [PID: 37240] [LOG] DESKTOP [登录] 成功登录奖励门户
2025-11-09T16:10:38.423Z [2025/11/10 00:10:38] [PID: 37240] [LOG] DESKTOP [登录] 成功登录微软
2025-11-09T16:10:38.423Z [2025/11/10 00:10:38] [PID: 37240] [LOG] DESKTOP [必应登录] 验证必应登录状态
2025-11-09T16:10:55.375Z [2025/11/10 00:10:55] [PID: 37240] [LOG] DESKTOP [登录] 成功登录，已保存登录会话!
2025-11-09T16:11:16.266Z [2025/11/10 00:11:16] [PID: 37240] [LOG] DESKTOP [返回主页] 成功访问主页
2025-11-09T16:11:21.628Z [2025/11/10 00:11:21] [PID: 37240] [LOG] DESKTOP [MAIN-POINTS] 当前积分数量: 5094
2025-11-09T16:11:28.938Z [2025/11/10 00:11:28] [PID: 37240] [LOG] DESKTOP [MAIN-POINTS] 今天可赚取 125 积分
2025-11-09T16:11:28.939Z [2025/11/10 00:11:28] [PID: 37240] [LOG] DESKTOP [MAIN-POINTS] 打开一个新标签页，用于完成任务
2025-11-09T16:11:28.982Z [2025/11/10 00:11:28] [PID: 37240] [LOG] DESKTOP [MAIN-POINTS] 在新标签页中导航到主页务
2025-11-09T16:11:48.989Z [2025/11/10 00:11:48] [PID: 37240] [LOG] DESKTOP [返回主页] 成功访问主页
2025-11-09T16:11:48.990Z [2025/11/10 00:11:48] [PID: 37240] [LOG] DESKTOP [打卡] 所有“打卡”项目均已完成
2025-11-09T16:11:48.990Z [2025/11/10 00:11:48] [PID: 37240] [LOG] DESKTOP [每日任务] 所有“每日任务”项目均已完成
2025-11-09T16:11:48.991Z [2025/11/10 00:11:48] [PID: 37240] [LOG] DESKTOP [更多活动] 开始解决“更多活动”项目
2025-11-09T16:11:59.390Z [2025/11/10 00:11:59] [PID: 37240] [LOG] DESKTOP [活动] 找到活动类型: "网址奖励" 标题: "Flying squirrel antics"
2025-11-09T16:12:02.521Z [2025/11/10 00:12:02] [PID: 37240] [LOG] DESKTOP [网址奖励] 正在尝试完成网址奖励
2025-11-09T16:12:05.747Z [2025/11/10 00:12:05] [PID: 37240] [LOG] DESKTOP [网址奖励] 成功完成网址奖励
2025-11-09T16:12:20.710Z [2025/11/10 00:12:20] [PID: 37240] [LOG] DESKTOP [活动] 找到活动类型: "网址奖励" 标题: "Veggie fajitas night"
2025-11-09T16:12:23.154Z [2025/11/10 00:12:23] [PID: 37240] [LOG] DESKTOP [网址奖励] 正在尝试完成网址奖励
2025-11-09T16:12:26.881Z [2025/11/10 00:12:26] [PID: 37240] [LOG] DESKTOP [网址奖励] 成功完成网址奖励
2025-11-09T16:12:36.470Z [2025/11/10 00:12:36] [PID: 37240] [LOG] DESKTOP [活动] 找到活动类型: "网址奖励" 标题: "Do you know the answer?"
2025-11-09T16:12:37.778Z [2025/11/10 00:12:37] [PID: 37240] [LOG] DESKTOP [网址奖励] 正在尝试完成网址奖励
2025-11-09T16:12:41.439Z [2025/11/10 00:12:41] [PID: 37240] [LOG] DESKTOP [网址奖励] 成功完成网址奖励
2025-11-09T16:12:46.459Z [2025/11/10 00:12:46] [PID: 37240] [LOG] DESKTOP [更多活动] 所有“更多活动”项目均已完成
2025-11-09T16:12:46.461Z [2025/11/10 00:12:46] [PID: 37240] [LOG] DESKTOP [SEARCH-BING] 开始必应搜索
2025-11-09T16:12:56.777Z [2025/11/10 00:12:56] [PID: 37240] [LOG] DESKTOP [SEARCH-CHINA-TRENDS] 正在生成搜索查询，可能需要一些时间！ | 地理区域: cn
2025-11-09T16:12:57.069Z [2025/11/10 00:12:57] [PID: 37240] [LOG] DESKTOP [SEARCH-CHINA-TRENDS] 已经获取TouTiaoHot搜索查询
2025-11-09T16:12:57.077Z [2025/11/10 00:12:57] [PID: 37240] [LOG] DESKTOP [SEARCH-BING] 已完成获取cn的搜索词
2025-11-09T16:13:08.121Z [2025/11/10 00:13:08] [PID: 37240] [LOG] DESKTOP [SEARCH-BING] 81 剩余积分 | 查询: 台风“凤凰”或登陆我国带来强风雨
2025-11-09T16:13:20.818Z [2025/11/10 00:13:20] [PID: 37240] [LOG] DESKTOP [SEARCH-BING] 开始执行2次滚动和点击循环
2025-11-09T16:13:57.613Z [2025/11/10 00:13:57] [PID: 37240] [LOG] DESKTOP [SEARCH-BING] 执行只悬停操作并返回 (概率: 9%)
2025-11-09T16:19:20.897Z [2025/11/10 00:19:20] [PID: 37240] [LOG] DESKTOP [SEARCH-BING] 78 剩余积分 | 查询: 李连杰脱衣辟谣“换心脏”传闻
2025-11-09T16:19:34.091Z [2025/11/10 00:19:34] [PID: 37240] [LOG] DESKTOP [SEARCH-BING] 开始执行1次滚动和点击循环
2025-11-09T16:25:56.124Z [2025/11/10 00:25:56] [PID: 37240] [LOG] DESKTOP [SEARCH-BING] 75 剩余积分 | 查询: 萧旭岑：郑丽文坚持“九二共识”
2025-11-09T16:26:09.987Z [2025/11/10 00:26:09] [PID: 37240] [LOG] DESKTOP [SEARCH-BING] 开始执行2次滚动和点击循环
2025-11-09T16:32:47.445Z [2025/11/10 00:32:47] [PID: 37240] [LOG] DESKTOP [SEARCH-BING] 72 剩余积分 | 查询: 歼-50啥时候能上福建舰
2025-11-09T16:32:59.062Z [2025/11/10 00:32:59] [PID: 37240] [LOG] DESKTOP [SEARCH-BING] 开始执行2次滚动和点击循环
2025-11-09T16:39:11.672Z [2025/11/10 00:39:11] [PID: 37240] [LOG] DESKTOP [SEARCH-BING] 69 剩余积分 | 查询: 刘德华全运会唱响《中国人》
2025-11-09T16:39:25.143Z [2025/11/10 00:39:25] [PID: 37240] [LOG] DESKTOP [SEARCH-BING] 开始执行2次滚动和点击循环
2025-11-09T16:45:28.637Z [2025/11/10 00:45:28] [PID: 37240] [LOG] DESKTOP [SEARCH-BING] 66 剩余积分 | 查询: 苏炳添张家朗李祎一起点燃主火炬
2025-11-09T16:45:42.696Z [2025/11/10 00:45:42] [PID: 37240] [LOG] DESKTOP [SEARCH-BING] 开始执行3次滚动和点击循环
2025-11-09T16:52:47.851Z [2025/11/10 00:52:47] [PID: 37240] [LOG] DESKTOP [SEARCH-BING] 63 剩余积分 | 查询: 丰田固态电池可能再次跳票
2025-11-09T16:53:05.287Z [2025/11/10 00:53:05] [PID: 37240] [LOG] DESKTOP [SEARCH-BING] 开始执行1次滚动和点击循环
2025-11-09T16:59:42.809Z [2025/11/10 00:59:42] [PID: 37240] [LOG] DESKTOP [SEARCH-BING] 60 剩余积分 | 查询: 刘嘉玲曝刘德华的疯狂“私生饭”
2025-11-09T16:59:57.326Z [2025/11/10 00:59:57] [PID: 37240] [LOG] DESKTOP [SEARCH-BING] 开始执行2次滚动和点击循环
2025-11-09T17:06:51.527Z [2025/11/10 01:06:51] [PID: 37240] [LOG] DESKTOP [SEARCH-BING] 57 剩余积分 | 查询: 郭晶晶陈若琳亮相全运会开幕式
2025-11-09T17:07:06.216Z [2025/11/10 01:07:06] [PID: 37240] [LOG] DESKTOP [SEARCH-BING] 开始执行3次滚动和点击循环
2025-11-09T17:14:12.022Z [2025/11/10 01:14:12] [PID: 37240] [LOG] DESKTOP [SEARCH-BING] 54 剩余积分 | 查询: 全运会开幕式四川体育代表团展风采
2025-11-09T17:14:24.947Z [2025/11/10 01:14:24] [PID: 37240] [LOG] DESKTOP [SEARCH-BING] 开始执行2次滚动和点击循环
2025-11-09T17:14:38.421Z [2025/11/10 01:14:38] [PID: 37240] [LOG] DESKTOP [SEARCH-BING] 执行只悬停操作并返回 (概率: 28%)
2025-11-09T17:15:14.989Z [2025/11/10 01:15:14] [PID: 37240] [LOG] DESKTOP [SEARCH-BING] 执行只悬停操作并返回 (概率: 19%)
2025-11-09T17:20:27.302Z [2025/11/10 01:20:27] [PID: 37240] [LOG] DESKTOP [SEARCH-BING] 51 剩余积分 | 查询: 医生取出患者髓内钉现场传“施工声”
2025-11-09T17:20:43.031Z [2025/11/10 01:20:43] [PID: 37240] [LOG] DESKTOP [SEARCH-BING] 开始执行2次滚动和点击循环
2025-11-09T17:26:47.190Z [2025/11/10 01:26:47] [PID: 37240] [LOG] DESKTOP [SEARCH-BING] 48 剩余积分 | 查询: 十五运会入场仪式展现联办特色
2025-11-09T17:27:02.033Z [2025/11/10 01:27:02] [PID: 37240] [LOG] DESKTOP [SEARCH-BING] 开始执行2次滚动和点击循环
2025-11-09T17:33:19.756Z [2025/11/10 01:33:19] [PID: 37240] [LOG] DESKTOP [SEARCH-BING] 45 剩余积分 | 查询: 粤港澳火炬手共同点燃十五运会主火炬
2025-11-09T17:33:31.776Z [2025/11/10 01:33:31] [PID: 37240] [LOG] DESKTOP [SEARCH-BING] 开始执行3次滚动和点击循环
2025-11-09T17:40:36.885Z [2025/11/10 01:40:36] [PID: 37240] [LOG] DESKTOP [SEARCH-BING] 42 剩余积分 | 查询: 刘和平：台湾或迎新一波“断交潮”
2025-11-09T17:40:50.739Z [2025/11/10 01:40:50] [PID: 37240] [LOG] DESKTOP [SEARCH-BING] 开始执行1次滚动和点击循环
2025-11-09T17:46:54.522Z [2025/11/10 01:46:54] [PID: 37240] [LOG] DESKTOP [SEARCH-BING] 39 剩余积分 | 查询: 巩俐现身北京北海公园
2025-11-09T17:47:08.222Z [2025/11/10 01:47:08] [PID: 37240] [LOG] DESKTOP [SEARCH-BING] 开始执行3次滚动和点击循环
2025-11-09T17:55:18.803Z [2025/11/10 01:55:18] [PID: 37240] [LOG] DESKTOP [SEARCH-BING] 36 剩余积分 | 查询: “004航母”会上核动力吗
2025-11-09T17:55:31.279Z [2025/11/10 01:55:31] [PID: 37240] [LOG] DESKTOP [SEARCH-BING] 开始执行1次滚动和点击循环
2025-11-09T18:01:19.363Z [2025/11/10 02:01:19] [PID: 37240] [LOG] DESKTOP [SEARCH-BING] 33 剩余积分 | 查询: 新疆某风场风机叶片断裂？假的
2025-11-09T18:01:33.766Z [2025/11/10 02:01:33] [PID: 37240] [LOG] DESKTOP [SEARCH-BING] 开始执行1次滚动和点击循环
2025-11-09T18:07:16.768Z [2025/11/10 02:07:16] [PID: 37240] [LOG] DESKTOP [SEARCH-BING] 30 剩余积分 | 查询: 俄多名航空技术人员坠机身亡
2025-11-09T18:07:29.977Z [2025/11/10 02:07:29] [PID: 37240] [LOG] DESKTOP [SEARCH-BING] 开始执行1次滚动和点击循环
2025-11-09T18:13:14.631Z [2025/11/10 02:13:14] [PID: 37240] [LOG] DESKTOP [SEARCH-BING] 27 剩余积分 | 查询: 妈妈给孩子做早饭 一人吃一只鸡
2025-11-09T18:13:29.768Z [2025/11/10 02:13:29] [PID: 37240] [LOG] DESKTOP [SEARCH-BING] 开始执行3次滚动和点击循环
2025-11-09T18:19:55.454Z [2025/11/10 02:19:55] [PID: 37240] [LOG] DESKTOP [SEARCH-BING] 24 剩余积分 | 查询: 新人结婚当天在婚车上睡着了
2025-11-09T18:20:09.387Z [2025/11/10 02:20:09] [PID: 37240] [LOG] DESKTOP [SEARCH-BING] 开始执行2次滚动和点击循环
2025-11-09T18:20:44.594Z [2025/11/10 02:20:44] [PID: 37240] [LOG] DESKTOP [SEARCH-BING] 执行只悬停操作并返回 (概率: 27%)
2025-11-09T18:26:32.881Z [2025/11/10 02:26:32] [PID: 37240] [LOG] DESKTOP [SEARCH-BING] 21 剩余积分 | 查询: 胖东来销售额破200亿 控速宣告失败
2025-11-09T18:26:50.126Z [2025/11/10 02:26:50] [PID: 37240] [LOG] DESKTOP [SEARCH-BING] 开始执行1次滚动和点击循环
2025-11-09T18:27:06.198Z [2025/11/10 02:27:06] [PID: 37240] [LOG] DESKTOP [SEARCH-BING] 执行只悬停操作并返回 (概率: 28%)
2025-11-09T18:32:24.343Z [2025/11/10 02:32:24] [PID: 37240] [LOG] DESKTOP [SEARCH-BING] 18 剩余积分 | 查询: 媒体：托老所监控何以成了摆设
2025-11-09T18:32:41.269Z [2025/11/10 02:32:41] [PID: 37240] [LOG] DESKTOP [SEARCH-BING] 开始执行3次滚动和点击循环
2025-11-09T18:39:41.512Z [2025/11/10 02:39:41] [PID: 37240] [LOG] DESKTOP [SEARCH-BING] 15 剩余积分 | 查询: 网友路边拍到父母催婚儿子急眼
2025-11-09T18:39:55.072Z [2025/11/10 02:39:55] [PID: 37240] [LOG] DESKTOP [SEARCH-BING] 开始执行3次滚动和点击循环
2025-11-09T18:40:08.741Z [2025/11/10 02:40:08] [PID: 37240] [LOG] DESKTOP [SEARCH-BING] 执行只悬停操作并返回 (概率: 7%)
2025-11-09T18:46:27.768Z [2025/11/10 02:46:27] [PID: 37240] [LOG] DESKTOP [SEARCH-BING] 12 剩余积分 | 查询: 俄外长：正落实普京的核试验指示
2025-11-09T18:46:39.216Z [2025/11/10 02:46:39] [PID: 37240] [LOG] DESKTOP [SEARCH-BING] 开始执行3次滚动和点击循环
2025-11-09T18:54:13.220Z [2025/11/10 02:54:13] [PID: 37240] [LOG] DESKTOP [SEARCH-BING] 9 剩余积分 | 查询: 十五运吉祥物成为网红打卡点
2025-11-09T18:54:28.990Z [2025/11/10 02:54:28] [PID: 37240] [LOG] DESKTOP [SEARCH-BING] 开始执行1次滚动和点击循环
2025-11-09T19:00:58.963Z [2025/11/10 03:00:58] [PID: 37240] [LOG] DESKTOP [SEARCH-BING] 6 剩余积分 | 查询: 日照实验高中党委书记宋国安去世
2025-11-09T19:01:15.445Z [2025/11/10 03:01:15] [PID: 37240] [LOG] DESKTOP [SEARCH-BING] 开始执行3次滚动和点击循环
2025-11-09T19:08:18.911Z [2025/11/10 03:08:18] [PID: 37240] [LOG] DESKTOP [SEARCH-BING] 3 剩余积分 | 查询: 郑丽文祭拜先烈时民众高喊两岸一家亲
2025-11-09T19:08:35.268Z [2025/11/10 03:08:35] [PID: 37240] [LOG] DESKTOP [SEARCH-BING] 开始执行3次滚动和点击循环
2025-11-09T19:16:28.043Z [2025/11/10 03:16:28] [PID: 37240] [LOG] DESKTOP [SEARCH-BING] 搜索完成
2025-11-09T19:16:32.288Z [2025/11/10 03:16:32] [PID: 37240] [LOG] DESKTOP [关闭浏览器] 浏览器已成功关闭!
2025-11-09T19:16:32.983Z [2025/11/10 03:16:32] [PID: 37240] [LOG] MOBILE [浏览器] 已创建浏览器，用户代理User-Agent: "Mozilla/5.0 (Linux; Android 12; K) AppleWebKit/537.36 (KHTML, like Gecko) Chrome/139.0.0.0 Mobile Safari/537.36 EdgA/139.0.3405.86"
2025-11-09T19:16:33.232Z [2025/11/10 03:16:33] [PID: 37240] [LOG] MOBILE [MAIN] 正在启动浏览器
2025-11-09T19:16:33.234Z [2025/11/10 03:16:33] [PID: 37240] [LOG] MOBILE [登录] 开始登录流程!
2025-11-09T19:16:42.645Z [2025/11/10 03:16:42] [PID: 37240] [LOG] MOBILE [登录] 已登录
2025-11-09T19:16:45.880Z [2025/11/10 03:16:45] [PID: 37240] [LOG] MOBILE [必应登录] 验证必应登录状态
2025-11-09T19:16:59.114Z [2025/11/10 03:16:59] [PID: 37240] [LOG] MOBILE [登录] 成功登录，已保存登录会话!
2025-11-09T19:17:00.136Z [2025/11/10 03:17:00] [PID: 37240] [LOG] MOBILE [APP 登录] 等待授权...
2025-11-09T19:17:01.314Z [2025/11/10 03:17:01] [PID: 37240] [LOG] MOBILE [APP 登录] 授权成功
2025-11-09T19:17:15.655Z [2025/11/10 03:17:15] [PID: 37240] [LOG] MOBILE [返回主页] 成功访问主页
2025-11-09T19:17:20.346Z [2025/11/10 03:17:20] [PID: 37240] [LOG] MOBILE [设置地区] 地区:cn
2025-11-09T19:17:20.901Z [2025/11/10 03:17:20] [PID: 37240] [LOG] MOBILE [MAIN-POINTS] 打开一个新标签页，用于完成任务
2025-11-09T19:17:20.949Z [2025/11/10 03:17:20] [PID: 37240] [LOG] MOBILE [MAIN-POINTS] 在新标签页中导航到主页务
2025-11-09T19:17:35.444Z [2025/11/10 03:17:35] [PID: 37240] [LOG] MOBILE [返回主页] 成功访问主页
2025-11-09T19:17:35.445Z [2025/11/10 03:17:35] [PID: 37240] [LOG] MOBILE [每日任务] 所有“每日任务”项目均已完成
2025-11-09T19:17:35.446Z [2025/11/10 03:17:35] [PID: 37240] [LOG] MOBILE [更多活动] 所有“更多活动”项目均已完成
2025-11-09T19:17:35.446Z [2025/11/10 03:17:35] [PID: 37240] [LOG] MOBILE [MAIN-POINTS] 今天可赚取 90 积分（浏览器端: 60 积分，应用端: 30 积分）
2025-11-09T19:17:35.447Z [2025/11/10 03:17:35] [PID: 37240] [LOG] MOBILE [每日签到] 开始每日签到
2025-11-09T19:17:35.448Z [2025/11/10 03:17:35] [PID: 37240] [LOG] MOBILE [每日签到] 地区:cn
2025-11-09T19:17:35.946Z [2025/11/10 03:17:35] [PID: 37240] [LOG] MOBILE [每日签到] 已领取 5 积分
2025-11-09T19:17:35.947Z [2025/11/10 03:17:35] [PID: 37240] [LOG] MOBILE [阅读赚钱] 开始阅读赚钱活动
2025-11-09T19:17:36.385Z [2025/11/10 03:17:36] [PID: 37240] [LOG] MOBILE [阅读赚钱] 已阅读第 1 篇文章，共 10 篇 | 获得 3 积分
2025-11-09T19:23:38.595Z [2025/11/10 03:23:38] [PID: 37240] [LOG] MOBILE [阅读赚钱] 已阅读第 2 篇文章，共 10 篇 | 获得 3 积分
2025-11-09T19:27:45.219Z [2025/11/10 03:27:45] [PID: 37240] [LOG] MOBILE [阅读赚钱] 已阅读第 3 篇文章，共 10 篇 | 获得 3 积分
2025-11-09T19:32:47.649Z [2025/11/10 03:32:47] [PID: 37240] [LOG] MOBILE [阅读赚钱] 已阅读第 4 篇文章，共 10 篇 | 获得 3 积分
2025-11-09T19:37:38.541Z [2025/11/10 03:37:38] [PID: 37240] [LOG] MOBILE [阅读赚钱] 已阅读第 5 篇文章，共 10 篇 | 获得 3 积分
2025-11-09T19:43:34.240Z [2025/11/10 03:43:34] [PID: 37240] [LOG] MOBILE [阅读赚钱] 已阅读第 6 篇文章，共 10 篇 | 获得 3 积分
2025-11-09T19:49:29.341Z [2025/11/10 03:49:29] [PID: 37240] [LOG] MOBILE [阅读赚钱] 已阅读第 7 篇文章，共 10 篇 | 获得 3 积分
2025-11-09T19:56:07.577Z [2025/11/10 03:56:07] [PID: 37240] [LOG] MOBILE [阅读赚钱] 已阅读第 8 篇文章，共 10 篇 | 获得 3 积分
2025-11-09T20:03:03.339Z [2025/11/10 04:03:03] [PID: 37240] [LOG] MOBILE [阅读赚钱] 已阅读第 9 篇文章，共 10 篇 | 获得 3 积分
2025-11-09T20:07:46.828Z [2025/11/10 04:07:46] [PID: 37240] [LOG] MOBILE [阅读赚钱] 已阅读第 10 篇文章，共 10 篇 | 获得 3 积分
2025-11-09T20:14:23.746Z [2025/11/10 04:14:23] [PID: 37240] [LOG] MOBILE [阅读赚钱] 完成阅读赚钱活动
2025-11-09T20:14:39.406Z [2025/11/10 04:14:39] [PID: 37240] [LOG] MOBILE [返回主页] 成功访问主页
2025-11-09T20:14:39.407Z [2025/11/10 04:14:39] [PID: 37240] [LOG] MOBILE [SEARCH-BING] 开始必应搜索
2025-11-09T20:14:43.001Z [2025/11/10 04:14:43] [PID: 37240] [LOG] MOBILE [SEARCH-CHINA-TRENDS] 正在生成搜索查询，可能需要一些时间！ | 地理区域: cn
2025-11-09T20:14:43.277Z [2025/11/10 04:14:43] [PID: 37240] [LOG] MOBILE [SEARCH-CHINA-TRENDS] 已经获取WeiBoHot搜索查询
2025-11-09T20:14:43.284Z [2025/11/10 04:14:43] [PID: 37240] [LOG] MOBILE [SEARCH-BING] 已完成获取cn的搜索词
2025-11-09T20:14:54.001Z [2025/11/10 04:14:54] [PID: 37240] [LOG] MOBILE [SEARCH-BING] 60 剩余积分 | 查询: 羊驼送洗后因毛发未吹干致失温死亡
2025-11-09T20:15:11.326Z [2025/11/10 04:15:11] [PID: 37240] [LOG] MOBILE [SEARCH-BING] 开始执行2次滚动和点击循环
2025-11-09T20:16:20.300Z [2025/11/10 04:16:20] [PID: 37240] [ERROR] MOBILE [SEARCH-BING] 搜索失败，发生错误:Error: page.evaluate: Target page, context or browser has been closed
2025-11-09T20:16:20.302Z [2025/11/10 04:16:20] [PID: 37240] [WARN] MOBILE [SEARCH-BING] 重试搜索，尝试 0/5
2025-11-09T20:16:45.422Z [2025/11/10 04:16:45] [PID: 37240] [LOG] MOBILE [SEARCH-BING] 开始执行1次滚动和点击循环
2025-11-09T20:22:55.429Z [2025/11/10 04:22:55] [PID: 37240] [LOG] MOBILE [SEARCH-BING] 57 剩余积分 | 查询: 这个就是淋巴肉
2025-11-09T20:23:08.849Z [2025/11/10 04:23:08] [PID: 37240] [LOG] MOBILE [SEARCH-BING] 开始执行2次滚动和点击循环
2025-11-09T20:24:19.768Z [2025/11/10 04:24:19] [PID: 37240] [LOG] MOBILE [SEARCH-BING] 执行只悬停操作并返回 (概率: 4%)
2025-11-09T20:29:52.713Z [2025/11/10 04:29:52] [PID: 37240] [LOG] MOBILE [SEARCH-BING] 54 剩余积分 | 查询: 澳大利亚偶遇何超莲窦骁
2025-11-09T20:30:03.274Z [2025/11/10 04:30:03] [PID: 37240] [LOG] MOBILE [SEARCH-BING] 开始执行2次滚动和点击循环
2025-11-09T20:30:38.582Z [2025/11/10 04:30:38] [PID: 37240] [LOG] MOBILE [SEARCH-BING] 执行只悬停操作并返回 (概率: 5%)
2025-11-09T20:35:54.948Z [2025/11/10 04:35:54] [PID: 37240] [LOG] MOBILE [SEARCH-BING] 51 剩余积分 | 查询: Uzi 拿奖杯
2025-11-09T20:36:09.205Z [2025/11/10 04:36:09] [PID: 37240] [LOG] MOBILE [SEARCH-BING] 开始执行3次滚动和点击循环
2025-11-09T20:43:07.548Z [2025/11/10 04:43:07] [PID: 37240] [LOG] MOBILE [SEARCH-BING] 48 剩余积分 | 查询: 海啸已抵达日本本州岛
2025-11-09T20:43:19.428Z [2025/11/10 04:43:19] [PID: 37240] [LOG] MOBILE [SEARCH-BING] 开始执行2次滚动和点击循环
2025-11-09T20:43:56.603Z [2025/11/10 04:43:56] [PID: 37240] [LOG] MOBILE [SEARCH-BING] 执行只悬停操作并返回 (概率: 1%)
2025-11-09T20:49:15.937Z [2025/11/10 04:49:15] [PID: 37240] [LOG] MOBILE [SEARCH-BING] 45 剩余积分 | 查询: 蔡徐坤音乐节
2025-11-09T20:49:29.822Z [2025/11/10 04:49:29] [PID: 37240] [LOG] MOBILE [SEARCH-BING] 开始执行3次滚动和点击循环
2025-11-09T20:49:44.998Z [2025/11/10 04:49:44] [PID: 37240] [LOG] MOBILE [SEARCH-BING] 执行只悬停操作并返回 (概率: 7%)
2025-11-09T20:50:33.408Z [2025/11/10 04:50:33] [PID: 37240] [LOG] MOBILE [SEARCH-BING] 执行只悬停操作并返回 (概率: 21%)
2025-11-09T20:56:19.118Z [2025/11/10 04:56:19] [PID: 37240] [LOG] MOBILE [SEARCH-BING] 42 剩余积分 | 查询: 2025f1巴西大奖赛
2025-11-09T20:56:32.311Z [2025/11/10 04:56:32] [PID: 37240] [LOG] MOBILE [SEARCH-BING] 开始执行1次滚动和点击循环
2025-11-09T20:56:43.656Z [2025/11/10 04:56:43] [PID: 37240] [LOG] MOBILE [SEARCH-BING] 执行只悬停操作并返回 (概率: 10%)
2025-11-09T21:01:51.179Z [2025/11/10 05:01:51] [PID: 37240] [LOG] MOBILE [SEARCH-BING] 39 剩余积分 | 查询: 白百何方发说体面收场为好
2025-11-09T21:02:04.613Z [2025/11/10 05:02:04] [PID: 37240] [LOG] MOBILE [SEARCH-BING] 开始执行2次滚动和点击循环
2025-11-09T21:02:15.559Z [2025/11/10 05:02:15] [PID: 37240] [LOG] MOBILE [SEARCH-BING] 执行只悬停操作并返回 (概率: 27%)
2025-11-09T21:08:41.555Z [2025/11/10 05:08:41] [PID: 37240] [LOG] MOBILE [SEARCH-BING] 36 剩余积分 | 查询: 那英被声鸣远扬关麦
2025-11-09T21:08:55.598Z [2025/11/10 05:08:55] [PID: 37240] [LOG] MOBILE [SEARCH-BING] 开始执行3次滚动和点击循环
2025-11-09T21:11:22.608Z [2025/11/10 05:11:22] [PID: 37240] [LOG] MOBILE [SEARCH-BING] 执行只悬停操作并返回 (概率: 22%)
2025-11-09T21:16:46.029Z [2025/11/10 05:16:46] [PID: 37240] [LOG] MOBILE [SEARCH-BING] 33 剩余积分 | 查询: 天地剑心大结局
2025-11-09T21:16:58.050Z [2025/11/10 05:16:58] [PID: 37240] [LOG] MOBILE [SEARCH-BING] 开始执行3次滚动和点击循环
2025-11-09T21:25:16.690Z [2025/11/10 05:25:16] [PID: 37240] [LOG] MOBILE [SEARCH-BING] 30 剩余积分 | 查询: 薛之谦 认真的雪
2025-11-09T21:25:29.342Z [2025/11/10 05:25:29] [PID: 37240] [LOG] MOBILE [SEARCH-BING] 开始执行1次滚动和点击循环
2025-11-09T21:31:34.945Z [2025/11/10 05:31:34] [PID: 37240] [LOG] MOBILE [SEARCH-BING] 27 剩余积分 | 查询: Faker六冠王
2025-11-09T21:31:50.499Z [2025/11/10 05:31:50] [PID: 37240] [LOG] MOBILE [SEARCH-BING] 开始执行1次滚动和点击循环
2025-11-09T21:32:04.010Z [2025/11/10 05:32:04] [PID: 37240] [LOG] MOBILE [SEARCH-BING] 执行只悬停操作并返回 (概率: 2%)
2025-11-09T21:37:52.736Z [2025/11/10 05:37:52] [PID: 37240] [LOG] MOBILE [SEARCH-BING] 24 剩余积分 | 查询: 瑶一瑶爸爸装成乞丐测试女儿反应
2025-11-09T21:38:08.150Z [2025/11/10 05:38:08] [PID: 37240] [LOG] MOBILE [SEARCH-BING] 开始执行2次滚动和点击循环
2025-11-09T21:45:13.162Z [2025/11/10 05:45:13] [PID: 37240] [LOG] MOBILE [SEARCH-BING] 21 剩余积分 | 查询: 全运会开幕式
2025-11-09T21:45:25.577Z [2025/11/10 05:45:25] [PID: 37240] [LOG] MOBILE [SEARCH-BING] 开始执行2次滚动和点击循环
2025-11-09T21:51:04.264Z [2025/11/10 05:51:04] [PID: 37240] [LOG] MOBILE [SEARCH-BING] 18 剩余积分 | 查询: 女主播被主管性侵又遭公司索赔10万
2025-11-09T21:51:16.667Z [2025/11/10 05:51:16] [PID: 37240] [LOG] MOBILE [SEARCH-BING] 开始执行3次滚动和点击循环
2025-11-09T21:59:11.893Z [2025/11/10 05:59:11] [PID: 37240] [LOG] MOBILE [SEARCH-BING] 15 剩余积分 | 查询: 单依纯好争气
2025-11-09T21:59:25.649Z [2025/11/10 05:59:25] [PID: 37240] [LOG] MOBILE [SEARCH-BING] 开始执行3次滚动和点击循环
2025-11-09T22:00:07.676Z [2025/11/10 06:00:07] [PID: 37240] [LOG] MOBILE [SEARCH-BING] 执行只悬停操作并返回 (概率: 28%)
2025-11-09T22:06:02.063Z [2025/11/10 06:06:02] [PID: 37240] [LOG] MOBILE [SEARCH-BING] 12 剩余积分 | 查询: 新华社出图
2025-11-09T22:06:15.031Z [2025/11/10 06:06:15] [PID: 37240] [LOG] MOBILE [SEARCH-BING] 开始执行2次滚动和点击循环
2025-11-09T22:13:27.171Z [2025/11/10 06:13:27] [PID: 37240] [LOG] MOBILE [SEARCH-BING] 9 剩余积分 | 查询: 何炅的救场
2025-11-09T22:13:38.922Z [2025/11/10 06:13:38] [PID: 37240] [LOG] MOBILE [SEARCH-BING] 开始执行1次滚动和点击循环
2025-11-09T22:13:52.404Z [2025/11/10 06:13:52] [PID: 37240] [LOG] MOBILE [SEARCH-BING] 执行只悬停操作并返回 (概率: 11%)
2025-11-09T22:19:12.985Z [2025/11/10 06:19:12] [PID: 37240] [LOG] MOBILE [SEARCH-BING] 6 剩余积分 | 查询: 开幕式6棒火炬手
2025-11-09T22:19:26.684Z [2025/11/10 06:19:26] [PID: 37240] [LOG] MOBILE [SEARCH-BING] 开始执行2次滚动和点击循环
2025-11-09T22:26:12.932Z [2025/11/10 06:26:12] [PID: 37240] [LOG] MOBILE [SEARCH-BING] 3 剩余积分 | 查询: 银行App迎来关停潮
2025-11-09T22:26:23.865Z [2025/11/10 06:26:23] [PID: 37240] [LOG] MOBILE [SEARCH-BING] 开始执行2次滚动和点击循环
2025-11-09T22:26:37.626Z [2025/11/10 06:26:37] [PID: 37240] [LOG] MOBILE [SEARCH-BING] 执行只悬停操作并返回 (概率: 23%)
2025-11-09T22:33:04.699Z [2025/11/10 06:33:04] [PID: 37240] [LOG] MOBILE [SEARCH-BING] 搜索完成
2025-11-09T22:33:07.800Z [2025/11/10 06:33:07] [PID: 37240] [LOG] MOBILE [MAIN-POINTS] 脚本今天收集了 220 积分
2025-11-09T22:33:12.392Z [2025/11/10 06:33:12] [PID: 37240] [LOG] MOBILE [关闭浏览器] 浏览器已成功关闭!
2025-11-09T22:33:12.393Z [2025/11/10 06:33:12] [PID: 37240] [LOG] MAIN [MAIN-WORKER] 账户 fanqiejiayou@outlook.com 的任务已完成
2025-11-09T22:33:12.394Z [2025/11/10 06:33:12] [PID: 37240] [LOG] MAIN [MAIN-WORKER] 开始为账户 email_2 执行任务
2025-11-09T22:33:13.069Z [2025/11/10 06:33:13] [PID: 37240] [LOG] DESKTOP [浏览器] 已创建浏览器，用户代理User-Agent: "Mozilla/5.0 (Windows NT 10.0; Win64; x64) AppleWebKit/537.36 (KHTML, like Gecko) Chrome/139.0.0.0 Safari/537.36 Edg/139.0.3405.119"
2025-11-09T22:33:13.300Z [2025/11/10 06:33:13] [PID: 37240] [LOG] DESKTOP [MAIN] 正在启动浏览器
2025-11-09T22:33:13.302Z [2025/11/10 06:33:13] [PID: 37240] [LOG] DESKTOP [登录] 开始登录流程!
2025-11-09T22:33:49.735Z [2025/11/10 06:33:49] [PID: 37240] [LOG] DESKTOP [登录] 邮箱输入成功
2025-11-09T22:33:58.915Z [2025/11/10 06:33:58] [PID: 37240] [LOG] DESKTOP [LOGIN] No 2FA skip button found, proceeding with password entry
2025-11-09T22:34:03.935Z [2025/11/10 06:34:03] [PID: 37240] [LOG] DESKTOP [登录] 通过 "viewFooter" 找到页面 "获取登录代码"
2025-11-09T22:34:19.758Z [2025/11/10 06:34:19] [PID: 37240] [LOG] DESKTOP [登录] 密码输入成功
