2025-11-12T02:06:55.943Z [2025/11/12 10:06:55] [PID: 48104] [LOG] MAIN [MAIN] 机器人已启动，使用 1 个集群
2025-11-12T02:06:55.946Z [2025/11/12 10:06:55] [PID: 48104] [LOG] MAIN [MAIN-WORKER] 开始为账户 fanqiejiayou@outlook.com 执行任务
2025-11-12T02:06:56.874Z [2025/11/12 10:06:56] [PID: 48104] [LOG] DESKTOP [浏览器] 已创建浏览器，用户代理User-Agent: "Mozilla/5.0 (Windows NT 10.0; Win64; x64) AppleWebKit/537.36 (KHTML, like Gecko) Chrome/139.0.0.0 Safari/537.36 Edg/139.0.3405.102"
2025-11-12T02:06:57.154Z [2025/11/12 10:06:57] [PID: 48104] [LOG] DESKTOP [MAIN] 正在启动浏览器
2025-11-12T02:06:57.156Z [2025/11/12 10:06:57] [PID: 48104] [LOG] DESKTOP [登录] 开始登录流程!
2025-11-12T02:07:05.632Z [2025/11/12 10:07:05] [PID: 48104] [LOG] DESKTOP [登录] 已登录
2025-11-12T02:07:11.545Z [2025/11/12 10:07:11] [PID: 48104] [LOG] DESKTOP [必应登录] 验证必应登录状态
2025-11-12T02:07:24.481Z [2025/11/12 10:07:24] [PID: 48104] [LOG] DESKTOP [登录] 成功登录，已保存登录会话!
2025-11-12T02:07:39.978Z [2025/11/12 10:07:39] [PID: 48104] [LOG] DESKTOP [返回主页] 成功访问主页
2025-11-12T02:07:41.988Z [2025/11/12 10:07:41] [PID: 48104] [LOG] DESKTOP [MAIN-POINTS] 当前积分数量: 5545
2025-11-12T02:07:43.688Z [2025/11/12 10:07:43] [PID: 48104] [LOG] DESKTOP [MAIN-POINTS] 今天可赚取 95 积分
2025-11-12T02:07:43.689Z [2025/11/12 10:07:43] [PID: 48104] [LOG] DESKTOP [MAIN-POINTS] 打开一个新标签页，用于完成任务
2025-11-12T02:07:43.804Z [2025/11/12 10:07:43] [PID: 48104] [LOG] DESKTOP [MAIN-POINTS] 在新标签页中导航到主页务
2025-11-12T02:07:58.017Z [2025/11/12 10:07:58] [PID: 48104] [LOG] DESKTOP [返回主页] 成功访问主页
2025-11-12T02:07:58.018Z [2025/11/12 10:07:58] [PID: 48104] [LOG] DESKTOP [打卡] 所有“打卡”项目均已完成
2025-11-12T02:07:58.019Z [2025/11/12 10:07:58] [PID: 48104] [LOG] DESKTOP [每日任务] 所有“每日任务”项目均已完成
2025-11-12T02:07:58.020Z [2025/11/12 10:07:58] [PID: 48104] [LOG] DESKTOP [更多活动] 开始解决“更多活动”项目
2025-11-12T02:08:05.207Z [2025/11/12 10:08:05] [PID: 48104] [LOG] DESKTOP [活动] 找到活动类型: "网址奖励" 标题: "Quote of the day"
2025-11-12T02:08:07.005Z [2025/11/12 10:08:07] [PID: 48104] [LOG] DESKTOP [网址奖励] 正在尝试完成网址奖励
2025-11-12T02:08:10.613Z [2025/11/12 10:08:10] [PID: 48104] [LOG] DESKTOP [网址奖励] 成功完成网址奖励
2025-11-12T02:08:17.101Z [2025/11/12 10:08:17] [PID: 48104] [LOG] DESKTOP [更多活动] 所有“更多活动”项目均已完成
2025-11-12T02:08:17.102Z [2025/11/12 10:08:17] [PID: 48104] [LOG] DESKTOP [SEARCH-BING] 开始必应搜索
2025-11-12T02:08:20.618Z [2025/11/12 10:08:20] [PID: 48104] [LOG] DESKTOP [SEARCH-CHINA-TRENDS] 正在生成搜索查询，可能需要一些时间！ | 地理区域: cn
2025-11-12T02:08:20.904Z [2025/11/12 10:08:20] [PID: 48104] [LOG] DESKTOP [SEARCH-CHINA-TRENDS] 已经获取BaiduHot搜索查询
2025-11-12T02:08:20.912Z [2025/11/12 10:08:20] [PID: 48104] [LOG] DESKTOP [SEARCH-BING] 已完成获取cn的搜索词
2025-11-12T02:08:31.230Z [2025/11/12 10:08:31] [PID: 48104] [LOG] DESKTOP [SEARCH-BING] 87 剩余积分 | 查询: 正直播NBA：步行者vs爵士
2025-11-12T02:08:45.656Z [2025/11/12 10:08:45] [PID: 48104] [LOG] DESKTOP [SEARCH-BING] 开始执行1次滚动和点击循环
2025-11-12T02:14:29.346Z [2025/11/12 10:14:29] [PID: 48104] [LOG] DESKTOP [SEARCH-BING] 84 剩余积分 | 查询: 日本企图插手台湾问题必将自食恶果
2025-11-12T02:14:43.287Z [2025/11/12 10:14:43] [PID: 48104] [LOG] DESKTOP [SEARCH-BING] 开始执行2次滚动和点击循环
2025-11-12T02:15:37.463Z [2025/11/12 10:15:37] [PID: 48104] [LOG] DESKTOP [SEARCH-BING] 执行只悬停操作并返回 (概率: 16%)
2025-11-12T02:20:56.855Z [2025/11/12 10:20:56] [PID: 48104] [LOG] DESKTOP [SEARCH-BING] 81 剩余积分 | 查询: 95岁巴菲特每周还上5天班
2025-11-12T02:21:12.290Z [2025/11/12 10:21:12] [PID: 48104] [LOG] DESKTOP [SEARCH-BING] 开始执行2次滚动和点击循环
2025-11-12T02:28:50.042Z [2025/11/12 10:28:50] [PID: 48104] [LOG] DESKTOP [SEARCH-BING] 78 剩余积分 | 查询: 歼-16飞行员视距以内与敌机缠斗
2025-11-12T02:29:02.695Z [2025/11/12 10:29:02] [PID: 48104] [LOG] DESKTOP [SEARCH-BING] 开始执行1次滚动和点击循环
2025-11-12T02:35:26.581Z [2025/11/12 10:35:26] [PID: 48104] [LOG] DESKTOP [SEARCH-BING] 75 剩余积分 | 查询: 俄人形机器人摔倒 零部件散落在地
2025-11-12T02:35:40.208Z [2025/11/12 10:35:40] [PID: 48104] [LOG] DESKTOP [SEARCH-BING] 开始执行3次滚动和点击循环
2025-11-12T02:36:56.633Z [2025/11/12 10:36:56] [PID: 48104] [LOG] DESKTOP [SEARCH-BING] 执行只悬停操作并返回 (概率: 12%)
2025-11-12T02:43:46.841Z [2025/11/12 10:43:46] [PID: 48104] [LOG] DESKTOP [SEARCH-BING] 72 剩余积分 | 查询: 6万枚比特币洗钱案主犯在英获刑
2025-11-12T02:44:00.730Z [2025/11/12 10:44:00] [PID: 48104] [LOG] DESKTOP [SEARCH-BING] 开始执行3次滚动和点击循环
2025-11-12T02:52:19.110Z [2025/11/12 10:52:19] [PID: 48104] [LOG] DESKTOP [SEARCH-BING] 69 剩余积分 | 查询: 保险女销售请假参加荒野求生瘦29斤
2025-11-12T02:52:33.100Z [2025/11/12 10:52:33] [PID: 48104] [LOG] DESKTOP [SEARCH-BING] 开始执行1次滚动和点击循环
2025-11-12T02:58:33.215Z [2025/11/12 10:58:33] [PID: 48104] [LOG] DESKTOP [SEARCH-BING] 66 剩余积分 | 查询: 日本前首相驳高市早苗：狗越小越会叫
2025-11-12T02:58:48.741Z [2025/11/12 10:58:48] [PID: 48104] [LOG] DESKTOP [SEARCH-BING] 开始执行1次滚动和点击循环
2025-11-12T02:59:05.034Z [2025/11/12 10:59:05] [PID: 48104] [LOG] DESKTOP [SEARCH-BING] 执行只悬停操作并返回 (概率: 7%)
2025-11-12T03:04:11.129Z [2025/11/12 11:04:11] [PID: 48104] [LOG] DESKTOP [SEARCH-BING] 63 剩余积分 | 查询: 13岁小孩姐打破尘封13年的亚洲纪录
2025-11-12T03:04:25.509Z [2025/11/12 11:04:25] [PID: 48104] [LOG] DESKTOP [SEARCH-BING] 开始执行1次滚动和点击循环
2025-11-12T03:04:39.576Z [2025/11/12 11:04:39] [PID: 48104] [LOG] DESKTOP [SEARCH-BING] 执行只悬停操作并返回 (概率: 8%)
2025-11-12T03:10:27.891Z [2025/11/12 11:10:27] [PID: 48104] [LOG] DESKTOP [SEARCH-BING] 60 剩余积分 | 查询: 比孙杨、潘展乐还快！他是谁
2025-11-12T03:10:39.469Z [2025/11/12 11:10:39] [PID: 48104] [LOG] DESKTOP [SEARCH-BING] 开始执行2次滚动和点击循环
2025-11-12T03:17:26.228Z [2025/11/12 11:17:26] [PID: 48104] [LOG] DESKTOP [SEARCH-BING] 57 剩余积分 | 查询: “双十一”急诊科来了太多主播
2025-11-12T03:17:38.156Z [2025/11/12 11:17:38] [PID: 48104] [LOG] DESKTOP [SEARCH-BING] 开始执行3次滚动和点击循环
2025-11-12T03:24:42.568Z [2025/11/12 11:24:42] [PID: 48104] [LOG] DESKTOP [SEARCH-BING] 54 剩余积分 | 查询: “陕西咸阳千亩辣椒免费摘”不实
2025-11-12T03:24:56.036Z [2025/11/12 11:24:56] [PID: 48104] [LOG] DESKTOP [SEARCH-BING] 开始执行2次滚动和点击循环
2025-11-12T03:25:07.633Z [2025/11/12 11:25:07] [PID: 48104] [LOG] DESKTOP [SEARCH-BING] 执行只悬停操作并返回 (概率: 5%)
2025-11-12T03:31:13.936Z [2025/11/12 11:31:13] [PID: 48104] [LOG] DESKTOP [SEARCH-BING] 51 剩余积分 | 查询: 习近平总书记海南广东之行纪实
2025-11-12T03:31:26.625Z [2025/11/12 11:31:26] [PID: 48104] [LOG] DESKTOP [SEARCH-BING] 开始执行3次滚动和点击循环
2025-11-12T03:38:41.764Z [2025/11/12 11:38:41] [PID: 48104] [LOG] DESKTOP [SEARCH-BING] 48 剩余积分 | 查询: 全运会选手倒地庆祝后发现比赛没结束
2025-11-12T03:38:58.694Z [2025/11/12 11:38:58] [PID: 48104] [LOG] DESKTOP [SEARCH-BING] 开始执行1次滚动和点击循环
2025-11-12T03:39:14.286Z [2025/11/12 11:39:14] [PID: 48104] [LOG] DESKTOP [SEARCH-BING] 执行只悬停操作并返回 (概率: 8%)
2025-11-12T03:44:18.369Z [2025/11/12 11:44:18] [PID: 48104] [LOG] DESKTOP [SEARCH-BING] 45 剩余积分 | 查询: 张又侠：坚决防止做两面人、搞伪忠诚
2025-11-12T03:44:31.937Z [2025/11/12 11:44:31] [PID: 48104] [LOG] DESKTOP [SEARCH-BING] 开始执行2次滚动和点击循环
2025-11-12T03:50:32.460Z [2025/11/12 11:50:32] [PID: 48104] [LOG] DESKTOP [SEARCH-BING] 42 剩余积分 | 查询: 泰国总理：将不再遵守泰柬和平声明
2025-11-12T03:50:46.330Z [2025/11/12 11:50:46] [PID: 48104] [LOG] DESKTOP [SEARCH-BING] 开始执行3次滚动和点击循环
2025-11-12T03:58:58.291Z [2025/11/12 11:58:58] [PID: 48104] [LOG] DESKTOP [SEARCH-BING] 39 剩余积分 | 查询: 英国海边出现巨型“海怪”
2025-11-12T03:59:11.300Z [2025/11/12 11:59:11] [PID: 48104] [LOG] DESKTOP [SEARCH-BING] 开始执行2次滚动和点击循环
2025-11-12T04:05:20.276Z [2025/11/12 12:05:20] [PID: 48104] [LOG] DESKTOP [SEARCH-BING] 36 剩余积分 | 查询: 盖楼进入“拼乐高”时代
2025-11-12T04:05:36.067Z [2025/11/12 12:05:36] [PID: 48104] [LOG] DESKTOP [SEARCH-BING] 开始执行3次滚动和点击循环
2025-11-12T04:12:49.249Z [2025/11/12 12:12:49] [PID: 48104] [LOG] DESKTOP [SEARCH-BING] 33 剩余积分 | 查询: 7省份已率先实现生娃基本不花钱
2025-11-12T04:13:04.366Z [2025/11/12 12:13:04] [PID: 48104] [LOG] DESKTOP [SEARCH-BING] 开始执行1次滚动和点击循环
2025-11-12T04:19:05.689Z [2025/11/12 12:19:05] [PID: 48104] [LOG] DESKTOP [SEARCH-BING] 30 剩余积分 | 查询: “最丑建筑”铜钱大厦拍卖 无人报名
2025-11-12T04:19:17.868Z [2025/11/12 12:19:17] [PID: 48104] [LOG] DESKTOP [SEARCH-BING] 开始执行2次滚动和点击循环
2025-11-12T04:26:24.043Z [2025/11/12 12:26:24] [PID: 48104] [LOG] DESKTOP [SEARCH-BING] 27 剩余积分 | 查询: 466具琉球人遗骨被日本殖民者偷挖
2025-11-12T04:26:42.543Z [2025/11/12 12:26:42] [PID: 48104] [LOG] DESKTOP [SEARCH-BING] 开始执行2次滚动和点击循环
2025-11-12T04:28:03.596Z [2025/11/12 12:28:03] [PID: 48104] [LOG] DESKTOP [SEARCH-BING] 执行只悬停操作并返回 (概率: 12%)
2025-11-12T04:33:53.280Z [2025/11/12 12:33:53] [PID: 48104] [LOG] DESKTOP [SEARCH-BING] 24 剩余积分 | 查询: 中方回应两艘中国渔船先后倾覆
2025-11-12T04:34:11.322Z [2025/11/12 12:34:11] [PID: 48104] [LOG] DESKTOP [SEARCH-BING] 开始执行1次滚动和点击循环
2025-11-12T04:34:28.549Z [2025/11/12 12:34:28] [PID: 48104] [LOG] DESKTOP [SEARCH-BING] 执行只悬停操作并返回 (概率: 12%)
2025-11-12T04:39:50.061Z [2025/11/12 12:39:50] [PID: 48104] [LOG] DESKTOP [SEARCH-BING] 21 剩余积分 | 查询: 某局工作邮箱密码太简单被间谍猜解
2025-11-12T04:40:07.525Z [2025/11/12 12:40:07] [PID: 48104] [LOG] DESKTOP [SEARCH-BING] 开始执行3次滚动和点击循环
2025-11-12T04:47:40.512Z [2025/11/12 12:47:40] [PID: 48104] [LOG] DESKTOP [SEARCH-BING] 18 剩余积分 | 查询: 农户响应号召种树 成材后被禁止采伐
2025-11-12T04:47:58.749Z [2025/11/12 12:47:58] [PID: 48104] [LOG] DESKTOP [SEARCH-BING] 开始执行1次滚动和点击循环
2025-11-12T04:54:17.967Z [2025/11/12 12:54:17] [PID: 48104] [LOG] DESKTOP [SEARCH-BING] 15 剩余积分 | 查询: 律师银行取款4万遭盘问：具体买什么
2025-11-12T04:54:36.764Z [2025/11/12 12:54:36] [PID: 48104] [LOG] DESKTOP [SEARCH-BING] 开始执行1次滚动和点击循环
2025-11-12T04:54:53.006Z [2025/11/12 12:54:53] [PID: 48104] [LOG] DESKTOP [SEARCH-BING] 执行只悬停操作并返回 (概率: 8%)
2025-11-12T05:00:22.838Z [2025/11/12 13:00:22] [PID: 48104] [LOG] DESKTOP [SEARCH-BING] 12 剩余积分 | 查询: 大张伟透露曾在荷兰遭砸车盗窃
2025-11-12T05:00:42.615Z [2025/11/12 13:00:42] [PID: 48104] [LOG] DESKTOP [SEARCH-BING] 开始执行3次滚动和点击循环
2025-11-12T05:08:20.260Z [2025/11/12 13:08:20] [PID: 48104] [LOG] DESKTOP [SEARCH-BING] 9 剩余积分 | 查询: “民间投资13条”重磅发布
2025-11-12T05:08:34.213Z [2025/11/12 13:08:34] [PID: 48104] [LOG] DESKTOP [SEARCH-BING] 开始执行1次滚动和点击循环
2025-11-12T05:15:01.783Z [2025/11/12 13:15:01] [PID: 48104] [LOG] DESKTOP [SEARCH-BING] 6 剩余积分 | 查询: 家长距离老师只差教师资格证了
2025-11-12T05:15:20.421Z [2025/11/12 13:15:20] [PID: 48104] [LOG] DESKTOP [SEARCH-BING] 开始执行1次滚动和点击循环
2025-11-12T05:21:00.598Z [2025/11/12 13:21:00] [PID: 48104] [LOG] DESKTOP [SEARCH-BING] 3 剩余积分 | 查询: 段永平向北京师范大学捐赠2.2亿元
2025-11-12T05:21:20.070Z [2025/11/12 13:21:20] [PID: 48104] [LOG] DESKTOP [SEARCH-BING] 开始执行2次滚动和点击循环
2025-11-12T05:28:09.199Z [2025/11/12 13:28:09] [PID: 48104] [LOG] DESKTOP [SEARCH-BING] 搜索完成
2025-11-12T05:28:14.032Z [2025/11/12 13:28:14] [PID: 48104] [LOG] DESKTOP [关闭浏览器] 浏览器已成功关闭!
2025-11-12T05:28:15.618Z [2025/11/12 13:28:15] [PID: 48104] [LOG] MOBILE [浏览器] 已创建浏览器，用户代理User-Agent: "Mozilla/5.0 (Linux; Android 12; K) AppleWebKit/537.36 (KHTML, like Gecko) Chrome/139.0.0.0 Mobile Safari/537.36 EdgA/139.0.3405.86"
2025-11-12T05:28:17.156Z [2025/11/12 13:28:17] [PID: 48104] [LOG] MOBILE [MAIN] 正在启动浏览器
2025-11-12T05:28:17.165Z [2025/11/12 13:28:17] [PID: 48104] [LOG] MOBILE [登录] 开始登录流程!
2025-11-12T05:28:31.429Z [2025/11/12 13:28:31] [PID: 48104] [LOG] MOBILE [登录] 已登录
2025-11-12T05:28:35.394Z [2025/11/12 13:28:35] [PID: 48104] [LOG] MOBILE [必应登录] 验证必应登录状态
2025-11-12T05:28:46.663Z [2025/11/12 13:28:46] [PID: 48104] [LOG] MOBILE [登录] 成功登录，已保存登录会话!
2025-11-12T05:28:47.696Z [2025/11/12 13:28:47] [PID: 48104] [LOG] MOBILE [APP 登录] 等待授权...
2025-11-12T05:28:48.639Z [2025/11/12 13:28:48] [PID: 48104] [LOG] MOBILE [APP 登录] 授权成功
2025-11-12T05:29:04.595Z [2025/11/12 13:29:04] [PID: 48104] [LOG] MOBILE [返回主页] 成功访问主页
2025-11-12T05:29:11.503Z [2025/11/12 13:29:11] [PID: 48104] [LOG] MOBILE [设置地区] 地区:cn
2025-11-12T05:29:12.157Z [2025/11/12 13:29:12] [PID: 48104] [LOG] MOBILE [MAIN-POINTS] 打开一个新标签页，用于完成任务
2025-11-12T05:29:12.360Z [2025/11/12 13:29:12] [PID: 48104] [LOG] MOBILE [MAIN-POINTS] 在新标签页中导航到主页务
2025-11-12T05:29:27.585Z [2025/11/12 13:29:27] [PID: 48104] [LOG] MOBILE [返回主页] 成功访问主页
2025-11-12T05:29:27.587Z [2025/11/12 13:29:27] [PID: 48104] [LOG] MOBILE [每日任务] 所有“每日任务”项目均已完成
2025-11-12T05:29:27.588Z [2025/11/12 13:29:27] [PID: 48104] [LOG] MOBILE [更多活动] 所有“更多活动”项目均已完成
2025-11-12T05:29:27.588Z [2025/11/12 13:29:27] [PID: 48104] [LOG] MOBILE [MAIN-POINTS] 今天可赚取 30 积分（浏览器端: 0 积分，应用端: 30 积分）
2025-11-12T05:29:27.590Z [2025/11/12 13:29:27] [PID: 48104] [LOG] MOBILE [每日签到] 开始每日签到
2025-11-12T05:29:27.591Z [2025/11/12 13:29:27] [PID: 48104] [LOG] MOBILE [每日签到] 地区:cn
2025-11-12T05:29:28.127Z [2025/11/12 13:29:28] [PID: 48104] [LOG] MOBILE [每日签到] 已领取 10 积分
2025-11-12T05:29:28.129Z [2025/11/12 13:29:28] [PID: 48104] [LOG] MOBILE [阅读赚钱] 开始阅读赚钱活动
2025-11-12T05:29:28.602Z [2025/11/12 13:29:28] [PID: 48104] [LOG] MOBILE [阅读赚钱] 已阅读第 1 篇文章，共 10 篇 | 获得 3 积分
2025-11-12T05:35:05.668Z [2025/11/12 13:35:05] [PID: 48104] [LOG] MOBILE [阅读赚钱] 已阅读第 2 篇文章，共 10 篇 | 获得 3 积分
2025-11-12T05:41:02.262Z [2025/11/12 13:41:02] [PID: 48104] [LOG] MOBILE [阅读赚钱] 已阅读第 3 篇文章，共 10 篇 | 获得 3 积分
2025-11-12T05:46:16.997Z [2025/11/12 13:46:16] [PID: 48104] [LOG] MOBILE [阅读赚钱] 已阅读第 4 篇文章，共 10 篇 | 获得 3 积分
2025-11-12T05:50:24.977Z [2025/11/12 13:50:24] [PID: 48104] [LOG] MOBILE [阅读赚钱] 已阅读第 5 篇文章，共 10 篇 | 获得 3 积分
2025-11-12T05:55:32.892Z [2025/11/12 13:55:32] [PID: 48104] [LOG] MOBILE [阅读赚钱] 已阅读第 6 篇文章，共 10 篇 | 获得 3 积分
2025-11-12T06:02:29.089Z [2025/11/12 14:02:29] [PID: 48104] [LOG] MOBILE [阅读赚钱] 已阅读第 7 篇文章，共 10 篇 | 获得 3 积分
2025-11-12T06:08:43.105Z [2025/11/12 14:08:43] [PID: 48104] [LOG] MOBILE [阅读赚钱] 已阅读第 8 篇文章，共 10 篇 | 获得 3 积分
2025-11-12T06:14:57.791Z [2025/11/12 14:14:57] [PID: 48104] [LOG] MOBILE [阅读赚钱] 已阅读第 9 篇文章，共 10 篇 | 获得 3 积分
2025-11-12T06:20:31.688Z [2025/11/12 14:20:31] [PID: 48104] [LOG] MOBILE [阅读赚钱] 已阅读第 10 篇文章，共 10 篇 | 获得 3 积分
2025-11-12T06:26:35.854Z [2025/11/12 14:26:35] [PID: 48104] [LOG] MOBILE [阅读赚钱] 完成阅读赚钱活动
2025-11-12T06:26:52.553Z [2025/11/12 14:26:52] [PID: 48104] [LOG] MOBILE [返回主页] 成功访问主页
2025-11-12T06:26:52.557Z [2025/11/12 14:26:52] [PID: 48104] [LOG] MOBILE [SEARCH-BING] 开始必应搜索
2025-11-12T06:26:56.618Z [2025/11/12 14:26:56] [PID: 48104] [LOG] MOBILE [SEARCH-BING] 必应搜索已完成
2025-11-12T06:27:00.467Z [2025/11/12 14:27:00] [PID: 48104] [LOG] MOBILE [MAIN-POINTS] 脚本今天收集了 135 积分
2025-11-12T06:27:03.619Z [2025/11/12 14:27:03] [PID: 48104] [LOG] MOBILE [关闭浏览器] 浏览器已成功关闭!
2025-11-12T06:27:03.620Z [2025/11/12 14:27:03] [PID: 48104] [LOG] MAIN [MAIN-WORKER] 账户 fanqiejiayou@outlook.com 的任务已完成
2025-11-12T06:27:03.623Z [2025/11/12 14:27:03] [PID: 48104] [LOG] MAIN [MAIN-WORKER] 开始为账户 email_2 执行任务
2025-11-12T06:27:04.816Z [2025/11/12 14:27:04] [PID: 48104] [LOG] DESKTOP [浏览器] 已创建浏览器，用户代理User-Agent: "Mozilla/5.0 (Windows NT 10.0; Win64; x64) AppleWebKit/537.36 (KHTML, like Gecko) Chrome/139.0.0.0 Safari/537.36 Edg/139.0.3405.119"
2025-11-12T06:27:05.179Z [2025/11/12 14:27:05] [PID: 48104] [LOG] DESKTOP [MAIN] 正在启动浏览器
2025-11-12T06:27:05.181Z [2025/11/12 14:27:05] [PID: 48104] [LOG] DESKTOP [登录] 开始登录流程!
2025-11-12T06:27:38.134Z [2025/11/12 14:27:38] [PID: 48104] [LOG] DESKTOP [登录] 邮箱输入成功
2025-11-12T06:27:46.618Z [2025/11/12 14:27:46] [PID: 48104] [LOG] DESKTOP [LOGIN] No 2FA skip button found, proceeding with password entry
2025-11-12T06:27:51.626Z [2025/11/12 14:27:51] [PID: 48104] [LOG] DESKTOP [登录] 通过 "viewFooter" 找到页面 "获取登录代码"
2025-11-12T06:28:10.235Z [2025/11/12 14:28:10] [PID: 48104] [LOG] DESKTOP [登录] 密码输入成功
