2025-09-25T00:00:58.163Z [2025/9/25 08:00:58] [PID: 12896] [LOG] MOBILE [SEARCH-BING] 15 剩余积分 | 查询: 向太说刘亦菲圈内口碑真的很好
2025-09-25T00:01:10.904Z [2025/9/25 08:01:10] [PID: 12896] [LOG] MOBILE [SEARCH-BING] 开始执行1次滚动和点击循环
2025-09-25T00:06:27.688Z [2025/9/25 08:06:27] [PID: 12896] [LOG] MOBILE [SEARCH-BING] 12 剩余积分 | 查询: 管家爆英女王去世前患骨癌
2025-09-25T00:06:40.128Z [2025/9/25 08:06:40] [PID: 12896] [LOG] MOBILE [SEARCH-BING] 开始执行3次滚动和点击循环
2025-09-25T00:14:16.622Z [2025/9/25 08:14:16] [PID: 12896] [LOG] MOBILE [SEARCH-BING] 9 剩余积分 | 查询: 桦加沙登陆了
2025-09-25T00:14:29.091Z [2025/9/25 08:14:29] [PID: 12896] [LOG] MOBILE [SEARCH-BING] 开始执行3次滚动和点击循环
2025-09-25T00:22:38.265Z [2025/9/25 08:22:38] [PID: 12896] [LOG] MOBILE [SEARCH-BING] 6 剩余积分 | 查询: 俞孔坚坠亡前最后记录的影像曝光
2025-09-25T00:22:53.145Z [2025/9/25 08:22:53] [PID: 12896] [LOG] MOBILE [SEARCH-BING] 开始执行3次滚动和点击循环
2025-09-25T00:31:03.110Z [2025/9/25 08:31:03] [PID: 12896] [LOG] MOBILE [SEARCH-BING] 3 剩余积分 | 查询: 小米17
2025-09-25T00:31:16.667Z [2025/9/25 08:31:16] [PID: 12896] [LOG] MOBILE [SEARCH-BING] 开始执行3次滚动和点击循环
2025-09-25T00:39:22.392Z [2025/9/25 08:39:22] [PID: 12896] [LOG] MOBILE [SEARCH-BING] 搜索完成
2025-09-25T00:39:29.325Z [2025/9/25 08:39:29] [PID: 12896] [LOG] MOBILE [MAIN-POINTS] 脚本今天收集了 225 积分
2025-09-25T00:39:33.136Z [2025/9/25 08:39:33] [PID: 12896] [LOG] MOBILE [关闭浏览器] 浏览器已成功关闭!
2025-09-25T00:39:33.137Z [2025/9/25 08:39:33] [PID: 12896] [LOG] MAIN [MAIN-WORKER] 账户 fanqiejiayou@outlook.com 的任务已完成
2025-09-25T00:39:33.139Z [2025/9/25 08:39:33] [PID: 12896] [LOG] MAIN [MAIN-WORKER] 开始为账户 email_2 执行任务
2025-09-25T00:39:33.603Z [2025/9/25 08:39:33] [PID: 12896] [LOG] DESKTOP [浏览器] 已创建浏览器，用户代理User-Agent: "Mozilla/5.0 (Windows NT 10.0; Win64; x64) AppleWebKit/537.36 (KHTML, like Gecko) Chrome/139.0.0.0 Safari/537.36 Edg/139.0.3405.119"
2025-09-25T00:39:33.751Z [2025/9/25 08:39:33] [PID: 12896] [LOG] DESKTOP [MAIN] 正在启动浏览器
2025-09-25T00:39:33.751Z [2025/9/25 08:39:33] [PID: 12896] [LOG] DESKTOP [登录] 开始登录流程!
2025-09-25T00:40:11.509Z [2025/9/25 08:40:11] [PID: 12896] [LOG] DESKTOP [登录] 邮箱输入成功
2025-09-25T00:40:21.077Z [2025/9/25 08:40:21] [PID: 12896] [LOG] DESKTOP [LOGIN] No 2FA skip button found, proceeding with password entry
2025-09-25T00:40:26.098Z [2025/9/25 08:40:26] [PID: 12896] [LOG] DESKTOP [登录] 通过 "viewFooter" 找到页面 "获取登录代码"
2025-09-25T00:40:44.211Z [2025/9/25 08:40:44] [PID: 12896] [LOG] DESKTOP [登录] 密码输入成功
2025-09-25T18:12:54.987Z [2025/9/26 02:12:54] [PID: 22668] [LOG] MAIN [MAIN] 机器人已启动，使用 1 个集群
2025-09-25T18:12:54.991Z [2025/9/26 02:12:54] [PID: 22668] [LOG] MAIN [MAIN-WORKER] 开始为账户 fanqiejiayou@outlook.com 执行任务
2025-09-25T18:12:55.829Z [2025/9/26 02:12:55] [PID: 22668] [LOG] DESKTOP [浏览器] 已创建浏览器，用户代理User-Agent: "Mozilla/5.0 (Windows NT 10.0; Win64; x64) AppleWebKit/537.36 (KHTML, like Gecko) Chrome/139.0.0.0 Safari/537.36 Edg/139.0.3405.102"
2025-09-25T18:12:56.110Z [2025/9/26 02:12:56] [PID: 22668] [LOG] DESKTOP [MAIN] 正在启动浏览器
2025-09-25T18:12:56.112Z [2025/9/26 02:12:56] [PID: 22668] [LOG] DESKTOP [登录] 开始登录流程!
2025-09-25T18:13:05.742Z [2025/9/26 02:13:05] [PID: 22668] [LOG] DESKTOP [登录] 已登录
2025-09-25T18:13:10.530Z [2025/9/26 02:13:10] [PID: 22668] [LOG] DESKTOP [必应登录] 验证必应登录状态
2025-09-25T18:13:25.467Z [2025/9/26 02:13:25] [PID: 22668] [LOG] DESKTOP [登录] 成功登录，已保存登录会话!
2025-09-25T18:13:39.671Z [2025/9/26 02:13:39] [PID: 22668] [LOG] DESKTOP [返回主页] 成功访问主页
2025-09-25T18:13:41.367Z [2025/9/26 02:13:41] [PID: 22668] [LOG] DESKTOP [MAIN-POINTS] 当前积分数量: 2633
2025-09-25T18:13:42.902Z [2025/9/26 02:13:42] [PID: 22668] [LOG] DESKTOP [MAIN-POINTS] 今天可赚取 116 积分
2025-09-25T18:13:42.903Z [2025/9/26 02:13:42] [PID: 22668] [LOG] DESKTOP [MAIN-POINTS] 打开一个新标签页，用于完成任务
2025-09-25T18:13:42.998Z [2025/9/26 02:13:42] [PID: 22668] [LOG] DESKTOP [MAIN-POINTS] 在新标签页中导航到主页务
2025-09-25T18:13:57.209Z [2025/9/26 02:13:57] [PID: 22668] [LOG] DESKTOP [返回主页] 成功访问主页
2025-09-25T18:13:57.211Z [2025/9/26 02:13:57] [PID: 22668] [LOG] DESKTOP [打卡] 所有“打卡”项目均已完成
2025-09-25T18:13:57.212Z [2025/9/26 02:13:57] [PID: 22668] [LOG] DESKTOP [每日任务] 开始解决“每日任务”项目
2025-09-25T18:14:07.050Z [2025/9/26 02:14:07] [PID: 22668] [LOG] DESKTOP [活动] 找到活动类型: "网址奖励" 标题: "Arabian horse traits"
2025-09-25T18:14:08.482Z [2025/9/26 02:14:08] [PID: 22668] [LOG] DESKTOP [网址奖励] 正在尝试完成网址奖励
2025-09-25T18:14:12.593Z [2025/9/26 02:14:12] [PID: 22668] [LOG] DESKTOP [网址奖励] 成功完成网址奖励
2025-09-25T18:14:24.928Z [2025/9/26 02:14:24] [PID: 22668] [LOG] DESKTOP [活动] 找到活动类型: "网址奖励" 标题: "Types of coffee makers"
2025-09-25T18:14:28.287Z [2025/9/26 02:14:28] [PID: 22668] [LOG] DESKTOP [网址奖励] 正在尝试完成网址奖励
2025-09-25T18:14:31.503Z [2025/9/26 02:14:31] [PID: 22668] [LOG] DESKTOP [网址奖励] 成功完成网址奖励
2025-09-25T18:14:42.737Z [2025/9/26 02:14:42] [PID: 22668] [LOG] DESKTOP [活动] 找到活动类型: "网址奖励" 标题: "Visit the Highlands"
2025-09-25T18:14:43.943Z [2025/9/26 02:14:43] [PID: 22668] [LOG] DESKTOP [网址奖励] 正在尝试完成网址奖励
2025-09-25T18:14:47.705Z [2025/9/26 02:14:47] [PID: 22668] [LOG] DESKTOP [网址奖励] 成功完成网址奖励
2025-09-25T18:14:54.952Z [2025/9/26 02:14:54] [PID: 22668] [LOG] DESKTOP [每日任务] 所有“每日任务”项目均已完成
2025-09-25T18:14:54.954Z [2025/9/26 02:14:54] [PID: 22668] [LOG] DESKTOP [更多活动] 开始解决“更多活动”项目
2025-09-25T18:15:03.890Z [2025/9/26 02:15:03] [PID: 22668] [LOG] DESKTOP [活动] 找到活动类型: "网址奖励" 标题: "Mid-week puzzle"
2025-09-25T18:15:05.298Z [2025/9/26 02:15:05] [PID: 22668] [LOG] DESKTOP [网址奖励] 正在尝试完成网址奖励
2025-09-25T18:15:05.306Z [2025/9/26 02:15:05] [PID: 22668] [LOG] DESKTOP [网址奖励] 成功完成网址奖励
2025-09-25T18:15:29.662Z [2025/9/26 02:15:29] [PID: 22668] [LOG] DESKTOP [返回主页] 成功访问主页
2025-09-25T18:15:29.663Z [2025/9/26 02:15:29] [PID: 22668] [LOG] DESKTOP [更多活动] 所有“更多活动”项目均已完成
2025-09-25T18:15:29.664Z [2025/9/26 02:15:29] [PID: 22668] [LOG] DESKTOP [SEARCH-BING] 开始必应搜索
2025-09-25T18:15:35.240Z [2025/9/26 02:15:35] [PID: 22668] [LOG] DESKTOP [SEARCH-CHINA-TRENDS] 正在生成搜索查询，可能需要一些时间！ | 地理区域: cn
2025-09-25T18:15:36.108Z [2025/9/26 02:15:36] [PID: 22668] [LOG] DESKTOP [SEARCH-CHINA-TRENDS] 已经获取DouYinHot搜索查询
2025-09-25T18:15:36.118Z [2025/9/26 02:15:36] [PID: 22668] [LOG] DESKTOP [SEARCH-BING] 已完成获取cn的搜索词
2025-09-25T18:15:47.508Z [2025/9/26 02:15:47] [PID: 22668] [LOG] DESKTOP [SEARCH-BING] 81 剩余积分 | 查询: 王者新英雄蚩奼教学
2025-09-25T18:15:58.639Z [2025/9/26 02:15:58] [PID: 22668] [LOG] DESKTOP [SEARCH-BING] 开始执行2次滚动和点击循环
2025-09-25T18:16:10.952Z [2025/9/26 02:16:10] [PID: 22668] [LOG] DESKTOP [SEARCH-BING] 执行只悬停操作并返回 (概率: 9%)
2025-09-25T18:22:02.104Z [2025/9/26 02:22:02] [PID: 22668] [LOG] DESKTOP [SEARCH-BING] 78 剩余积分 | 查询: 一点浩然气官宣
2025-09-25T18:22:15.717Z [2025/9/26 02:22:15] [PID: 22668] [LOG] DESKTOP [SEARCH-BING] 开始执行3次滚动和点击循环
2025-09-25T18:29:06.240Z [2025/9/26 02:29:06] [PID: 22668] [LOG] DESKTOP [SEARCH-BING] 75 剩余积分 | 查询: 欧文恢复进度超出预期
2025-09-25T18:29:20.411Z [2025/9/26 02:29:20] [PID: 22668] [LOG] DESKTOP [SEARCH-BING] 开始执行1次滚动和点击循环
2025-09-25T18:35:33.471Z [2025/9/26 02:35:33] [PID: 22668] [LOG] DESKTOP [SEARCH-BING] 72 剩余积分 | 查询: 白鹿米兰全黑造型好飒
2025-09-25T18:35:47.520Z [2025/9/26 02:35:47] [PID: 22668] [LOG] DESKTOP [SEARCH-BING] 开始执行3次滚动和点击循环
2025-09-25T18:37:10.570Z [2025/9/26 02:37:10] [PID: 22668] [LOG] DESKTOP [SEARCH-BING] 执行只悬停操作并返回 (概率: 15%)
2025-09-25T18:43:53.426Z [2025/9/26 02:43:53] [PID: 22668] [LOG] DESKTOP [SEARCH-BING] 69 剩余积分 | 查询: 刘德华演唱会抖音播出
2025-09-25T18:44:09.325Z [2025/9/26 02:44:09] [PID: 22668] [LOG] DESKTOP [SEARCH-BING] 开始执行3次滚动和点击循环
2025-09-25T18:51:39.290Z [2025/9/26 02:51:39] [PID: 22668] [LOG] DESKTOP [SEARCH-BING] 66 剩余积分 | 查询: 生命树首发预告
2025-09-25T18:51:51.992Z [2025/9/26 02:51:51] [PID: 22668] [LOG] DESKTOP [SEARCH-BING] 开始执行3次滚动和点击循环
2025-09-25T18:59:39.697Z [2025/9/26 02:59:39] [PID: 22668] [LOG] DESKTOP [SEARCH-BING] 63 剩余积分 | 查询: 杀马特cos又火起来了
2025-09-25T18:59:51.226Z [2025/9/26 02:59:51] [PID: 22668] [LOG] DESKTOP [SEARCH-BING] 开始执行3次滚动和点击循环
2025-09-25T19:00:48.884Z [2025/9/26 03:00:48] [PID: 22668] [LOG] DESKTOP [SEARCH-BING] 执行只悬停操作并返回 (概率: 14%)
2025-09-25T19:06:58.580Z [2025/9/26 03:06:58] [PID: 22668] [LOG] DESKTOP [SEARCH-BING] 60 剩余积分 | 查询: 灵魂摆渡十年首发预告
2025-09-25T19:07:12.616Z [2025/9/26 03:07:12] [PID: 22668] [LOG] DESKTOP [SEARCH-BING] 开始执行2次滚动和点击循环
2025-09-25T19:14:37.903Z [2025/9/26 03:14:37] [PID: 22668] [LOG] DESKTOP [SEARCH-BING] 57 剩余积分 | 查询: 赴山海真正的武林第一登场
2025-09-25T19:14:50.533Z [2025/9/26 03:14:50] [PID: 22668] [LOG] DESKTOP [SEARCH-BING] 开始执行2次滚动和点击循环
2025-09-25T19:21:42.156Z [2025/9/26 03:21:42] [PID: 22668] [LOG] DESKTOP [SEARCH-BING] 54 剩余积分 | 查询: 3家美实体列入出口管制名单
2025-09-25T19:21:53.718Z [2025/9/26 03:21:53] [PID: 22668] [LOG] DESKTOP [SEARCH-BING] 开始执行2次滚动和点击循环
2025-09-25T19:22:07.418Z [2025/9/26 03:22:07] [PID: 22668] [LOG] DESKTOP [SEARCH-BING] 执行只悬停操作并返回 (概率: 30%)
2025-09-25T19:28:33.490Z [2025/9/26 03:28:33] [PID: 22668] [LOG] DESKTOP [SEARCH-BING] 51 剩余积分 | 查询: 挑战用纸巾变鱼
2025-09-25T19:28:47.282Z [2025/9/26 03:28:47] [PID: 22668] [LOG] DESKTOP [SEARCH-BING] 开始执行3次滚动和点击循环
2025-09-25T19:29:01.210Z [2025/9/26 03:29:01] [PID: 22668] [LOG] DESKTOP [SEARCH-BING] 执行只悬停操作并返回 (概率: 3%)
2025-09-25T19:29:33.769Z [2025/9/26 03:29:33] [PID: 22668] [LOG] DESKTOP [SEARCH-BING] 执行只悬停操作并返回 (概率: 22%)
2025-09-25T19:35:28.470Z [2025/9/26 03:35:28] [PID: 22668] [LOG] DESKTOP [SEARCH-BING] 48 剩余积分 | 查询: 广州番禺石楼镇严重水浸系谣言
2025-09-25T19:35:43.549Z [2025/9/26 03:35:43] [PID: 22668] [LOG] DESKTOP [SEARCH-BING] 开始执行1次滚动和点击循环
2025-09-25T19:35:58.205Z [2025/9/26 03:35:58] [PID: 22668] [LOG] DESKTOP [SEARCH-BING] 执行只悬停操作并返回 (概率: 17%)
2025-09-25T19:40:31.356Z [2025/9/26 03:40:31] [PID: 22668] [LOG] DESKTOP [SEARCH-BING] 45 剩余积分 | 查询: 吉隆坡的雨转场混剪
2025-09-25T19:40:45.138Z [2025/9/26 03:40:45] [PID: 22668] [LOG] DESKTOP [SEARCH-BING] 开始执行2次滚动和点击循环
2025-09-25T19:47:34.790Z [2025/9/26 03:47:34] [PID: 22668] [LOG] DESKTOP [SEARCH-BING] 42 剩余积分 | 查询: 看图猜小学作文
2025-09-25T19:47:49.928Z [2025/9/26 03:47:49] [PID: 22668] [LOG] DESKTOP [SEARCH-BING] 开始执行1次滚动和点击循环
2025-09-25T19:54:04.647Z [2025/9/26 03:54:04] [PID: 22668] [LOG] DESKTOP [SEARCH-BING] 39 剩余积分 | 查询: 唐诡长安绮诡迭涌预告
2025-09-25T19:54:16.171Z [2025/9/26 03:54:16] [PID: 22668] [LOG] DESKTOP [SEARCH-BING] 开始执行2次滚动和点击循环
2025-09-25T20:00:39.092Z [2025/9/26 04:00:39] [PID: 22668] [ERROR] DESKTOP [获取仪表盘数据] 获取仪表盘数据时出错: Error: page.reload: net::ERR_NAME_NOT_RESOLVED
Call log:
  [2m- waiting for navigation until "domcontentloaded"[22m

2025-09-25T20:00:39.094Z [2025/9/26 04:00:39] [PID: 22668] [ERROR] DESKTOP [SEARCH-BING] 搜索失败，发生错误:undefined
2025-09-25T20:00:39.095Z [2025/9/26 04:00:39] [PID: 22668] [WARN] DESKTOP [SEARCH-BING] 重试搜索，尝试 0/5
2025-09-25T20:01:12.921Z [2025/9/26 04:01:12] [PID: 22668] [ERROR] DESKTOP [SEARCH-BING] 搜索失败，发生错误:TimeoutError: page.waitForSelector: Timeout 10000ms exceeded.
Call log:
  [2m- waiting for locator('#sb_form_q') to be visible[22m

2025-09-25T20:01:12.922Z [2025/9/26 04:01:12] [PID: 22668] [WARN] DESKTOP [SEARCH-BING] 重试搜索，尝试 1/5
2025-09-25T20:01:44.239Z [2025/9/26 04:01:44] [PID: 22668] [ERROR] DESKTOP [SEARCH-BING] 搜索失败，发生错误:TimeoutError: page.waitForSelector: Timeout 10000ms exceeded.
Call log:
  [2m- waiting for locator('#sb_form_q') to be visible[22m

2025-09-25T20:01:44.239Z [2025/9/26 04:01:44] [PID: 22668] [WARN] DESKTOP [SEARCH-BING] 重试搜索，尝试 2/5
2025-09-25T20:02:07.927Z [2025/9/26 04:02:07] [PID: 22668] [ERROR] DESKTOP [SEARCH-BING] 搜索失败，发生错误:TimeoutError: page.waitForSelector: Timeout 10000ms exceeded.
Call log:
  [2m- waiting for locator('#sb_form_q') to be visible[22m

2025-09-25T20:02:07.928Z [2025/9/26 04:02:07] [PID: 22668] [WARN] DESKTOP [SEARCH-BING] 重试搜索，尝试 3/5
2025-09-25T20:02:33.263Z [2025/9/26 04:02:33] [PID: 22668] [LOG] DESKTOP [SEARCH-BING] 开始执行3次滚动和点击循环
2025-09-25T20:09:21.301Z [2025/9/26 04:09:21] [PID: 22668] [LOG] DESKTOP [DASHBOARD-DATA] 提供的页面不是仪表盘页面，正在重定向到仪表盘页面
2025-09-25T20:09:36.995Z [2025/9/26 04:09:36] [PID: 22668] [LOG] DESKTOP [返回主页] 成功访问主页
2025-09-25T20:09:38.125Z [2025/9/26 04:09:38] [PID: 22668] [LOG] DESKTOP [SEARCH-BING] 36 剩余积分 | 查询: 一休王玉萌结婚了
2025-09-25T20:09:53.958Z [2025/9/26 04:09:53] [PID: 22668] [LOG] DESKTOP [SEARCH-BING] 开始执行3次滚动和点击循环
2025-09-25T20:10:10.225Z [2025/9/26 04:10:10] [PID: 22668] [LOG] DESKTOP [SEARCH-BING] 执行只悬停操作并返回 (概率: 19%)
2025-09-25T20:16:42.798Z [2025/9/26 04:16:42] [PID: 22668] [LOG] DESKTOP [SEARCH-BING] 33 剩余积分 | 查询: 晒出我的巨型手办同框照
2025-09-25T20:16:55.343Z [2025/9/26 04:16:55] [PID: 22668] [LOG] DESKTOP [SEARCH-BING] 开始执行1次滚动和点击循环
2025-09-25T20:23:08.567Z [2025/9/26 04:23:08] [PID: 22668] [LOG] DESKTOP [SEARCH-BING] 30 剩余积分 | 查询: TES战胜IG晋级世界赛
2025-09-25T20:23:20.345Z [2025/9/26 04:23:20] [PID: 22668] [LOG] DESKTOP [SEARCH-BING] 开始执行2次滚动和点击循环
2025-09-25T20:29:39.318Z [2025/9/26 04:29:39] [PID: 22668] [LOG] DESKTOP [SEARCH-BING] 27 剩余积分 | 查询: 国庆staycation安排上了
2025-09-25T20:29:54.180Z [2025/9/26 04:29:54] [PID: 22668] [LOG] DESKTOP [SEARCH-BING] 开始执行3次滚动和点击循环
2025-09-25T20:37:36.876Z [2025/9/26 04:37:36] [PID: 22668] [LOG] DESKTOP [SEARCH-BING] 24 剩余积分 | 查询: 垫底辣孩人物短片
2025-09-25T20:37:51.371Z [2025/9/26 04:37:51] [PID: 22668] [LOG] DESKTOP [SEARCH-BING] 开始执行3次滚动和点击循环
2025-09-25T20:38:07.854Z [2025/9/26 04:38:07] [PID: 22668] [LOG] DESKTOP [SEARCH-BING] 执行只悬停操作并返回 (概率: 9%)
2025-09-25T20:39:46.125Z [2025/9/26 04:39:46] [PID: 22668] [LOG] DESKTOP [SEARCH-BING] 执行只悬停操作并返回 (概率: 18%)
2025-09-25T20:45:02.101Z [2025/9/26 04:45:02] [PID: 22668] [LOG] DESKTOP [SEARCH-BING] 21 剩余积分 | 查询: 国庆的好好吃饭清单
2025-09-25T20:45:15.066Z [2025/9/26 04:45:15] [PID: 22668] [LOG] DESKTOP [SEARCH-BING] 开始执行3次滚动和点击循环
2025-09-25T20:45:31.059Z [2025/9/26 04:45:31] [PID: 22668] [LOG] DESKTOP [SEARCH-BING] 执行只悬停操作并返回 (概率: 6%)
2025-09-25T20:52:06.753Z [2025/9/26 04:52:06] [PID: 22668] [LOG] DESKTOP [SEARCH-BING] 18 剩余积分 | 查询: 西班牙和意大利宣布援助加沙
2025-09-25T20:52:20.422Z [2025/9/26 04:52:20] [PID: 22668] [LOG] DESKTOP [SEARCH-BING] 开始执行3次滚动和点击循环
2025-09-25T20:53:27.579Z [2025/9/26 04:53:27] [PID: 22668] [LOG] DESKTOP [SEARCH-BING] 执行只悬停操作并返回 (概率: 1%)
2025-09-25T20:53:59.751Z [2025/9/26 04:53:59] [PID: 22668] [LOG] DESKTOP [SEARCH-BING] 执行只悬停操作并返回 (概率: 13%)
2025-09-25T20:59:11.301Z [2025/9/26 04:59:11] [PID: 22668] [LOG] DESKTOP [SEARCH-BING] 15 剩余积分 | 查询: AI开门呀宝宝我来串门了
2025-09-25T20:59:24.602Z [2025/9/26 04:59:24] [PID: 22668] [LOG] DESKTOP [SEARCH-BING] 开始执行2次滚动和点击循环
2025-09-25T20:59:36.462Z [2025/9/26 04:59:36] [PID: 22668] [LOG] DESKTOP [SEARCH-BING] 执行只悬停操作并返回 (概率: 16%)
2025-09-25T21:05:21.768Z [2025/9/26 05:05:21] [PID: 22668] [LOG] DESKTOP [SEARCH-BING] 12 剩余积分 | 查询: 鸡排哥已经火到仿妆界了
2025-09-25T21:05:36.241Z [2025/9/26 05:05:36] [PID: 22668] [LOG] DESKTOP [SEARCH-BING] 开始执行1次滚动和点击循环
2025-09-25T21:12:05.238Z [2025/9/26 05:12:05] [PID: 22668] [LOG] DESKTOP [SEARCH-BING] 9 剩余积分 | 查询: 邓布利多你说得对
2025-09-25T21:12:15.105Z [2025/9/26 05:12:15] [PID: 22668] [LOG] DESKTOP [SEARCH-BING] 开始执行3次滚动和点击循环
2025-09-25T21:19:44.816Z [2025/9/26 05:19:44] [PID: 22668] [LOG] DESKTOP [SEARCH-BING] 6 剩余积分 | 查询: 群众自发涌上观礼区目送歼20
2025-09-25T21:20:09.790Z [2025/9/26 05:20:09] [PID: 22668] [LOG] DESKTOP [SEARCH-BING] 开始执行1次滚动和点击循环
2025-09-25T21:26:17.011Z [2025/9/26 05:26:17] [PID: 22668] [LOG] DESKTOP [SEARCH-BING] 3 剩余积分 | 查询: 恋爱要从一束花和正式告白开始
2025-09-25T21:26:43.287Z [2025/9/26 05:26:43] [PID: 22668] [LOG] DESKTOP [SEARCH-BING] 开始执行3次滚动和点击循环
2025-09-25T21:27:49.873Z [2025/9/26 05:27:49] [PID: 22668] [LOG] DESKTOP [SEARCH-BING] 执行只悬停操作并返回 (概率: 3%)
2025-09-25T21:33:41.410Z [2025/9/26 05:33:41] [PID: 22668] [LOG] DESKTOP [SEARCH-BING] 搜索完成
2025-09-25T21:33:45.266Z [2025/9/26 05:33:45] [PID: 22668] [LOG] DESKTOP [关闭浏览器] 浏览器已成功关闭!
2025-09-25T21:33:45.835Z [2025/9/26 05:33:45] [PID: 22668] [LOG] MOBILE [浏览器] 已创建浏览器，用户代理User-Agent: "Mozilla/5.0 (Linux; Android 12; K) AppleWebKit/537.36 (KHTML, like Gecko) Chrome/139.0.0.0 Mobile Safari/537.36 EdgA/139.0.3405.86"
2025-09-25T21:33:46.016Z [2025/9/26 05:33:46] [PID: 22668] [LOG] MOBILE [MAIN] 正在启动浏览器
2025-09-25T21:33:46.017Z [2025/9/26 05:33:46] [PID: 22668] [LOG] MOBILE [登录] 开始登录流程!
2025-09-25T21:33:56.690Z [2025/9/26 05:33:56] [PID: 22668] [LOG] MOBILE [登录] 已登录
2025-09-25T21:34:00.243Z [2025/9/26 05:34:00] [PID: 22668] [LOG] MOBILE [必应登录] 验证必应登录状态
2025-09-25T21:34:44.069Z [2025/9/26 05:34:44] [PID: 22668] [LOG] MOBILE [登录] 成功登录，已保存登录会话!
2025-09-25T21:34:44.812Z [2025/9/26 05:34:44] [PID: 22668] [LOG] MOBILE [APP 登录] 等待授权...
2025-09-25T21:34:45.803Z [2025/9/26 05:34:45] [PID: 22668] [LOG] MOBILE [APP 登录] 授权成功
2025-09-25T21:34:59.911Z [2025/9/26 05:34:59] [PID: 22668] [LOG] MOBILE [返回主页] 成功访问主页
2025-09-25T21:35:03.397Z [2025/9/26 05:35:03] [PID: 22668] [LOG] MOBILE [设置地区] 地区:cn
2025-09-25T21:35:04.056Z [2025/9/26 05:35:04] [PID: 22668] [LOG] MOBILE [MAIN-POINTS] 打开一个新标签页，用于完成任务
2025-09-25T21:35:04.097Z [2025/9/26 05:35:04] [PID: 22668] [LOG] MOBILE [MAIN-POINTS] 在新标签页中导航到主页务
2025-09-25T21:35:18.059Z [2025/9/26 05:35:18] [PID: 22668] [LOG] MOBILE [返回主页] 成功访问主页
2025-09-25T21:35:18.060Z [2025/9/26 05:35:18] [PID: 22668] [LOG] MOBILE [每日任务] 所有“每日任务”项目均已完成
2025-09-25T21:35:18.060Z [2025/9/26 05:35:18] [PID: 22668] [LOG] MOBILE [更多活动] 所有“更多活动”项目均已完成
2025-09-25T21:35:18.061Z [2025/9/26 05:35:18] [PID: 22668] [LOG] MOBILE [MAIN-POINTS] 今天可赚取 90 积分（浏览器端: 60 积分，应用端: 30 积分）
2025-09-25T21:35:18.061Z [2025/9/26 05:35:18] [PID: 22668] [LOG] MOBILE [每日签到] 开始每日签到
2025-09-25T21:35:18.062Z [2025/9/26 05:35:18] [PID: 22668] [LOG] MOBILE [每日签到] 地区:cn
2025-09-25T21:35:18.612Z [2025/9/26 05:35:18] [PID: 22668] [LOG] MOBILE [每日签到] 已领取 15 积分
2025-09-25T21:35:18.613Z [2025/9/26 05:35:18] [PID: 22668] [LOG] MOBILE [阅读赚钱] 开始阅读赚钱活动
2025-09-25T21:35:19.053Z [2025/9/26 05:35:19] [PID: 22668] [LOG] MOBILE [阅读赚钱] 已阅读第 1 篇文章，共 10 篇 | 获得 3 积分
2025-09-25T21:41:41.668Z [2025/9/26 05:41:41] [PID: 22668] [LOG] MOBILE [阅读赚钱] 已阅读第 2 篇文章，共 10 篇 | 获得 3 积分
2025-09-25T21:46:08.512Z [2025/9/26 05:46:08] [PID: 22668] [LOG] MOBILE [阅读赚钱] 已阅读第 3 篇文章，共 10 篇 | 获得 3 积分
2025-09-25T21:52:17.342Z [2025/9/26 05:52:17] [PID: 22668] [LOG] MOBILE [阅读赚钱] 已阅读第 4 篇文章，共 10 篇 | 获得 3 积分
2025-09-25T21:57:54.445Z [2025/9/26 05:57:54] [PID: 22668] [LOG] MOBILE [阅读赚钱] 已阅读第 5 篇文章，共 10 篇 | 获得 3 积分
2025-09-25T22:04:27.194Z [2025/9/26 06:04:27] [PID: 22668] [LOG] MOBILE [阅读赚钱] 已阅读第 6 篇文章，共 10 篇 | 获得 3 积分
2025-09-25T22:10:43.560Z [2025/9/26 06:10:43] [PID: 22668] [LOG] MOBILE [阅读赚钱] 已阅读第 7 篇文章，共 10 篇 | 获得 3 积分
2025-09-25T22:15:03.526Z [2025/9/26 06:15:03] [PID: 22668] [LOG] MOBILE [阅读赚钱] 已阅读第 8 篇文章，共 10 篇 | 获得 3 积分
2025-09-25T22:20:30.526Z [2025/9/26 06:20:30] [PID: 22668] [LOG] MOBILE [阅读赚钱] 已阅读第 9 篇文章，共 10 篇 | 获得 3 积分
2025-09-25T22:25:29.681Z [2025/9/26 06:25:29] [PID: 22668] [LOG] MOBILE [阅读赚钱] 已阅读第 10 篇文章，共 10 篇 | 获得 3 积分
2025-09-25T22:31:21.478Z [2025/9/26 06:31:21] [PID: 22668] [LOG] MOBILE [阅读赚钱] 完成阅读赚钱活动
2025-09-25T22:31:37.270Z [2025/9/26 06:31:37] [PID: 22668] [LOG] MOBILE [返回主页] 成功访问主页
2025-09-25T22:31:37.271Z [2025/9/26 06:31:37] [PID: 22668] [LOG] MOBILE [SEARCH-BING] 开始必应搜索
2025-09-25T22:31:41.170Z [2025/9/26 06:31:41] [PID: 22668] [LOG] MOBILE [SEARCH-CHINA-TRENDS] 正在生成搜索查询，可能需要一些时间！ | 地理区域: cn
2025-09-25T22:31:41.477Z [2025/9/26 06:31:41] [PID: 22668] [LOG] MOBILE [SEARCH-CHINA-TRENDS] 已经获取WeiBoHot搜索查询
2025-09-25T22:31:41.481Z [2025/9/26 06:31:41] [PID: 22668] [LOG] MOBILE [SEARCH-BING] 已完成获取cn的搜索词
2025-09-25T22:31:52.391Z [2025/9/26 06:31:52] [PID: 22668] [LOG] MOBILE [SEARCH-BING] 60 剩余积分 | 查询: 小米磁吸充电宝
2025-09-25T22:32:07.624Z [2025/9/26 06:32:07] [PID: 22668] [LOG] MOBILE [SEARCH-BING] 开始执行3次滚动和点击循环
2025-09-25T22:32:44.143Z [2025/9/26 06:32:44] [PID: 22668] [LOG] MOBILE [SEARCH-BING] 执行只悬停操作并返回 (概率: 2%)
2025-09-25T22:39:32.847Z [2025/9/26 06:39:32] [PID: 22668] [LOG] MOBILE [SEARCH-BING] 57 剩余积分 | 查询: 台风桦加沙停止编号
2025-09-25T22:39:47.367Z [2025/9/26 06:39:47] [PID: 22668] [LOG] MOBILE [SEARCH-BING] 开始执行1次滚动和点击循环
2025-09-25T22:45:46.640Z [2025/9/26 06:45:46] [PID: 22668] [LOG] MOBILE [SEARCH-BING] 54 剩余积分 | 查询: 沈月魏哲鸣 公主骑士即视感
2025-09-25T22:46:03.826Z [2025/9/26 06:46:03] [PID: 22668] [LOG] MOBILE [SEARCH-BING] 开始执行3次滚动和点击循环
2025-09-25T22:53:31.012Z [2025/9/26 06:53:31] [PID: 22668] [LOG] MOBILE [SEARCH-BING] 51 剩余积分 | 查询: 中国网友模仿日本人打年糕
2025-09-25T22:53:46.002Z [2025/9/26 06:53:46] [PID: 22668] [LOG] MOBILE [SEARCH-BING] 开始执行3次滚动和点击循环
2025-09-25T22:54:17.304Z [2025/9/26 06:54:17] [PID: 22668] [LOG] MOBILE [SEARCH-BING] 执行只悬停操作并返回 (概率: 5%)
2025-09-25T22:54:47.626Z [2025/9/26 06:54:47] [PID: 22668] [LOG] MOBILE [SEARCH-BING] 执行只悬停操作并返回 (概率: 19%)
2025-09-25T23:00:24.663Z [2025/9/26 07:00:24] [PID: 22668] [LOG] MOBILE [SEARCH-BING] 48 剩余积分 | 查询: 官方辟谣地铁撞人事故系因演唱会
2025-09-25T23:00:37.109Z [2025/9/26 07:00:37] [PID: 22668] [LOG] MOBILE [SEARCH-BING] 开始执行3次滚动和点击循环
2025-09-25T23:06:57.949Z [2025/9/26 07:06:57] [PID: 22668] [LOG] MOBILE [SEARCH-BING] 45 剩余积分 | 查询: 助理确认蔡磊丧失语言能力
2025-09-25T23:07:10.666Z [2025/9/26 07:07:10] [PID: 22668] [LOG] MOBILE [SEARCH-BING] 开始执行1次滚动和点击循环
2025-09-25T23:13:13.838Z [2025/9/26 07:13:13] [PID: 22668] [LOG] MOBILE [SEARCH-BING] 42 剩余积分 | 查询: 禁止向这3家美国实体出口两用物项
2025-09-25T23:13:28.710Z [2025/9/26 07:13:28] [PID: 22668] [LOG] MOBILE [SEARCH-BING] 开始执行3次滚动和点击循环
2025-09-25T23:15:00.472Z [2025/9/26 07:15:00] [PID: 22668] [LOG] MOBILE [SEARCH-BING] 执行只悬停操作并返回 (概率: 5%)
2025-09-25T23:20:45.406Z [2025/9/26 07:20:45] [PID: 22668] [LOG] MOBILE [SEARCH-BING] 39 剩余积分 | 查询: 谁给关晓彤选的毛领
2025-09-25T23:20:58.353Z [2025/9/26 07:20:58] [PID: 22668] [LOG] MOBILE [SEARCH-BING] 开始执行3次滚动和点击循环
2025-09-25T23:28:52.280Z [2025/9/26 07:28:52] [PID: 22668] [LOG] MOBILE [SEARCH-BING] 36 剩余积分 | 查询: 姐姐当家2拟邀嘉宾
2025-09-25T23:29:07.152Z [2025/9/26 07:29:07] [PID: 22668] [LOG] MOBILE [SEARCH-BING] 开始执行3次滚动和点击循环
2025-09-25T23:35:43.093Z [2025/9/26 07:35:43] [PID: 22668] [LOG] MOBILE [SEARCH-BING] 33 剩余积分 | 查询: 演唱会出轨门女主丈夫被曝出轨
2025-09-25T23:35:59.081Z [2025/9/26 07:35:59] [PID: 22668] [LOG] MOBILE [SEARCH-BING] 开始执行3次滚动和点击循环
2025-09-25T23:43:45.960Z [2025/9/26 07:43:45] [PID: 22668] [LOG] MOBILE [SEARCH-BING] 30 剩余积分 | 查询: 王暖暖给年轻女孩的婚姻建议
2025-09-25T23:43:59.150Z [2025/9/26 07:43:59] [PID: 22668] [LOG] MOBILE [SEARCH-BING] 开始执行3次滚动和点击循环
2025-09-25T23:50:41.123Z [2025/9/26 07:50:41] [PID: 22668] [LOG] MOBILE [SEARCH-BING] 27 剩余积分 | 查询: 刘宇宁体面二十多年被折的彻彻底底
2025-09-25T23:50:52.148Z [2025/9/26 07:50:52] [PID: 22668] [LOG] MOBILE [SEARCH-BING] 开始执行3次滚动和点击循环
2025-09-25T23:59:07.986Z [2025/9/26 07:59:07] [PID: 22668] [LOG] MOBILE [SEARCH-BING] 24 剩余积分 | 查询: 小米17
2025-09-25T23:59:20.919Z [2025/9/26 07:59:20] [PID: 22668] [LOG] MOBILE [SEARCH-BING] 开始执行2次滚动和点击循环
