2025-08-31T11:46:52.394Z [2025/8/31 19:46:52] [PID: 14652] [LOG] MAIN [MAIN] 机器人已启动，使用 1 个集群
2025-08-31T11:46:52.396Z [2025/8/31 19:46:52] [PID: 14652] [LOG] MAIN [MAIN-WORKER] 开始为账户 fanqiejiayou@outlook.com 执行任务
2025-08-31T11:46:53.047Z [2025/8/31 19:46:53] [PID: 14652] [LOG] DESKTOP [浏览器] 已创建浏览器，用户代理User-Agent: "Mozilla/5.0 (Windows NT 10.0; Win64; x64) AppleWebKit/537.36 (KHTML, like Gecko) Chrome/139.0.0.0 Safari/537.36 Edg/139.0.3405.102"
2025-08-31T11:46:53.295Z [2025/8/31 19:46:53] [PID: 14652] [LOG] DESKTOP [MAIN] 正在启动浏览器
2025-08-31T11:46:53.297Z [2025/8/31 19:46:53] [PID: 14652] [LOG] DESKTOP [登录] 开始登录流程!
2025-08-31T11:47:01.400Z [2025/8/31 19:47:01] [PID: 14652] [LOG] DESKTOP [登录] 已登录
2025-08-31T11:47:07.094Z [2025/8/31 19:47:07] [PID: 14652] [LOG] DESKTOP [必应登录] 验证必应登录状态
2025-08-31T11:47:20.648Z [2025/8/31 19:47:20] [PID: 14652] [LOG] DESKTOP [登录] 成功登录，已保存登录会话!
2025-08-31T11:47:35.720Z [2025/8/31 19:47:35] [PID: 14652] [LOG] DESKTOP [返回主页] 成功访问主页
2025-08-31T11:47:37.553Z [2025/8/31 19:47:37] [PID: 14652] [LOG] DESKTOP [MAIN-POINTS] 当前积分数量: 768
2025-08-31T11:47:39.956Z [2025/8/31 19:47:39] [PID: 14652] [LOG] DESKTOP [MAIN-POINTS] 今天可赚取 98 积分
2025-08-31T11:47:39.957Z [2025/8/31 19:47:39] [PID: 14652] [LOG] DESKTOP [MAIN-POINTS] 打开一个新标签页，用于完成任务
2025-08-31T11:47:40.025Z [2025/8/31 19:47:40] [PID: 14652] [LOG] DESKTOP [MAIN-POINTS] 在新标签页中导航到主页务
2025-08-31T11:47:56.041Z [2025/8/31 19:47:56] [PID: 14652] [LOG] DESKTOP [返回主页] 成功访问主页
2025-08-31T11:47:56.042Z [2025/8/31 19:47:56] [PID: 14652] [LOG] DESKTOP [打卡] 所有“打卡”项目均已完成
2025-08-31T11:47:56.043Z [2025/8/31 19:47:56] [PID: 14652] [LOG] DESKTOP [每日任务] 开始解决“每日任务”项目
2025-08-31T11:48:02.580Z [2025/8/31 19:48:02] [PID: 14652] [LOG] DESKTOP [活动] 找到活动类型: "网址奖励" 标题: "Sea moss benefits"
2025-08-31T11:48:04.774Z [2025/8/31 19:48:04] [PID: 14652] [LOG] DESKTOP [网址奖励] 正在尝试完成网址奖励
2025-08-31T11:48:08.384Z [2025/8/31 19:48:08] [PID: 14652] [LOG] DESKTOP [网址奖励] 成功完成网址奖励
2025-08-31T11:48:19.079Z [2025/8/31 19:48:19] [PID: 14652] [LOG] DESKTOP [活动] 找到活动类型: "网址奖励" 标题: "Shopping made easy"
2025-08-31T11:48:20.657Z [2025/8/31 19:48:20] [PID: 14652] [LOG] DESKTOP [网址奖励] 正在尝试完成网址奖励
2025-08-31T11:48:23.468Z [2025/8/31 19:48:23] [PID: 14652] [LOG] DESKTOP [网址奖励] 成功完成网址奖励
2025-08-31T11:48:35.451Z [2025/8/31 19:48:35] [PID: 14652] [LOG] DESKTOP [活动] 找到活动类型: "网址奖励" 标题: "Live from space"
2025-08-31T11:48:37.605Z [2025/8/31 19:48:37] [PID: 14652] [LOG] DESKTOP [网址奖励] 正在尝试完成网址奖励
2025-08-31T11:48:40.994Z [2025/8/31 19:48:40] [PID: 14652] [LOG] DESKTOP [网址奖励] 成功完成网址奖励
2025-08-31T11:48:47.446Z [2025/8/31 19:48:47] [PID: 14652] [LOG] DESKTOP [每日任务] 所有“每日任务”项目均已完成
2025-08-31T11:48:47.447Z [2025/8/31 19:48:47] [PID: 14652] [LOG] DESKTOP [更多活动] 开始解决“更多活动”项目
2025-08-31T11:48:58.439Z [2025/8/31 19:48:58] [PID: 14652] [LOG] DESKTOP [活动] 找到活动类型: "网址奖励" 标题: "Do you know the answer?"
2025-08-31T11:49:02.338Z [2025/8/31 19:49:02] [PID: 14652] [LOG] DESKTOP [网址奖励] 正在尝试完成网址奖励
2025-08-31T11:49:02.369Z [2025/8/31 19:49:02] [PID: 14652] [LOG] DESKTOP [网址奖励] 成功完成网址奖励
2025-08-31T11:49:06.439Z [2025/8/31 19:49:06] [PID: 14652] [LOG] DESKTOP [更多活动] 所有“更多活动”项目均已完成
2025-08-31T11:49:06.441Z [2025/8/31 19:49:06] [PID: 14652] [LOG] DESKTOP [SEARCH-BING] 开始必应搜索
2025-08-31T11:49:10.486Z [2025/8/31 19:49:10] [PID: 14652] [LOG] DESKTOP [SEARCH-CHINA-TRENDS] 正在生成搜索查询，可能需要一些时间！ | 地理区域: cn
2025-08-31T11:49:10.832Z [2025/8/31 19:49:10] [PID: 14652] [LOG] DESKTOP [SEARCH-CHINA-TRENDS] 已经获取WeiBoHot搜索查询
2025-08-31T11:49:10.847Z [2025/8/31 19:49:10] [PID: 14652] [LOG] DESKTOP [SEARCH-BING] 已完成获取cn的搜索词
2025-08-31T11:49:21.085Z [2025/8/31 19:49:21] [PID: 14652] [LOG] DESKTOP [SEARCH-BING] 60 剩余积分 | 查询: 曹璐再次自费发歌回归
2025-08-31T11:49:33.891Z [2025/8/31 19:49:33] [PID: 14652] [LOG] DESKTOP [SEARCH-BING] 开始执行3次滚动和点击循环
2025-08-31T11:50:37.971Z [2025/8/31 19:50:37] [PID: 14652] [LOG] DESKTOP [SEARCH-BING] 执行只悬停操作并返回 (概率: 28%)
2025-08-31T11:51:09.811Z [2025/8/31 19:51:09] [PID: 14652] [LOG] DESKTOP [SEARCH-BING] 执行只悬停操作并返回 (概率: 13%)
2025-08-31T11:56:58.265Z [2025/8/31 19:56:58] [PID: 14652] [LOG] DESKTOP [SEARCH-BING] 57 剩余积分 | 查询: 吒宝赛前大宠粉
2025-08-31T11:57:10.636Z [2025/8/31 19:57:10] [PID: 14652] [LOG] DESKTOP [SEARCH-BING] 开始执行1次滚动和点击循环
2025-08-31T11:57:25.754Z [2025/8/31 19:57:25] [PID: 14652] [LOG] DESKTOP [SEARCH-BING] 执行只悬停操作并返回 (概率: 19%)
2025-08-31T12:03:14.365Z [2025/8/31 20:03:14] [PID: 14652] [LOG] DESKTOP [SEARCH-BING] 54 剩余积分 | 查询: 王源回应汪苏泷
2025-08-31T12:03:26.204Z [2025/8/31 20:03:26] [PID: 14652] [LOG] DESKTOP [SEARCH-BING] 开始执行3次滚动和点击循环
2025-08-31T12:04:03.769Z [2025/8/31 20:04:03] [PID: 14652] [LOG] DESKTOP [SEARCH-BING] 执行只悬停操作并返回 (概率: 11%)
2025-08-31T12:10:39.031Z [2025/8/31 20:10:39] [PID: 14652] [LOG] DESKTOP [SEARCH-BING] 51 剩余积分 | 查询: 龚俊李沁张雅琪一根安全带上的蚂蚱
2025-08-31T12:10:51.864Z [2025/8/31 20:10:51] [PID: 14652] [LOG] DESKTOP [SEARCH-BING] 开始执行3次滚动和点击循环
2025-08-31T12:18:52.375Z [2025/8/31 20:18:52] [PID: 14652] [LOG] DESKTOP [SEARCH-BING] 48 剩余积分 | 查询: 仙逆
2025-08-31T12:19:03.320Z [2025/8/31 20:19:03] [PID: 14652] [LOG] DESKTOP [SEARCH-BING] 开始执行3次滚动和点击循环
2025-08-31T12:25:43.242Z [2025/8/31 20:25:43] [PID: 14652] [LOG] DESKTOP [SEARCH-BING] 45 剩余积分 | 查询: 中国女排0比2法国女排
2025-08-31T12:25:58.498Z [2025/8/31 20:25:58] [PID: 14652] [LOG] DESKTOP [SEARCH-BING] 开始执行2次滚动和点击循环
2025-08-31T12:31:49.890Z [2025/8/31 20:31:49] [PID: 14652] [LOG] DESKTOP [SEARCH-BING] 39 剩余积分 | 查询: iQOO杯已经nextlevel了
2025-08-31T12:32:05.069Z [2025/8/31 20:32:05] [PID: 14652] [LOG] DESKTOP [SEARCH-BING] 开始执行2次滚动和点击循环
2025-08-31T12:38:51.746Z [2025/8/31 20:38:51] [PID: 14652] [LOG] DESKTOP [SEARCH-BING] 36 剩余积分 | 查询: 子夜归14天72小时5个字
2025-08-31T12:39:10.446Z [2025/8/31 20:39:10] [PID: 14652] [LOG] DESKTOP [SEARCH-BING] 开始执行1次滚动和点击循环
2025-08-31T12:45:41.030Z [2025/8/31 20:45:41] [PID: 14652] [LOG] DESKTOP [SEARCH-BING] 33 剩余积分 | 查询: 大学生暑假工挣16000老板当场发工资
2025-08-31T12:45:59.579Z [2025/8/31 20:45:59] [PID: 14652] [LOG] DESKTOP [SEARCH-BING] 开始执行2次滚动和点击循环
2025-08-31T12:52:19.302Z [2025/8/31 20:52:19] [PID: 14652] [LOG] DESKTOP [SEARCH-BING] 30 剩余积分 | 查询: 许昕说运动员必须要规范自己的发球
2025-08-31T12:52:37.778Z [2025/8/31 20:52:37] [PID: 14652] [LOG] DESKTOP [SEARCH-BING] 开始执行2次滚动和点击循环
2025-08-31T12:52:57.493Z [2025/8/31 20:52:57] [PID: 14652] [LOG] DESKTOP [SEARCH-BING] 执行只悬停操作并返回 (概率: 11%)
2025-08-31T12:59:41.432Z [2025/8/31 20:59:41] [PID: 14652] [LOG] DESKTOP [SEARCH-BING] 24 剩余积分 | 查询: 许昕不敌18岁小将发文回家
2025-08-31T13:00:00.098Z [2025/8/31 21:00:00] [PID: 14652] [LOG] DESKTOP [SEARCH-BING] 开始执行2次滚动和点击循环
2025-08-31T13:05:55.463Z [2025/8/31 21:05:55] [PID: 14652] [LOG] DESKTOP [SEARCH-BING] 15 剩余积分 | 查询: 陈数把空调插头拔了
2025-08-31T13:06:12.569Z [2025/8/31 21:06:12] [PID: 14652] [LOG] DESKTOP [SEARCH-BING] 开始执行1次滚动和点击循环
2025-08-31T13:12:29.570Z [2025/8/31 21:12:29] [PID: 14652] [LOG] DESKTOP [SEARCH-BING] 9 剩余积分 | 查询: 7岁女童在动物园被小老虎咬伤
2025-08-31T13:12:49.991Z [2025/8/31 21:12:49] [PID: 14652] [LOG] DESKTOP [SEARCH-BING] 开始执行2次滚动和点击循环
2025-08-31T13:20:20.390Z [2025/8/31 21:20:20] [PID: 14652] [LOG] DESKTOP [SEARCH-BING] 搜索完成
2025-08-31T13:20:22.604Z [2025/8/31 21:20:22] [PID: 14652] [LOG] DESKTOP [关闭浏览器] 浏览器已成功关闭!
2025-08-31T13:20:23.417Z [2025/8/31 21:20:23] [PID: 14652] [LOG] MOBILE [浏览器] 已创建浏览器，用户代理User-Agent: "Mozilla/5.0 (Linux; Android 12; K) AppleWebKit/537.36 (KHTML, like Gecko) Chrome/139.0.0.0 Mobile Safari/537.36 EdgA/139.0.3405.86"
2025-08-31T13:20:23.777Z [2025/8/31 21:20:23] [PID: 14652] [LOG] MOBILE [MAIN] 正在启动浏览器
2025-08-31T13:20:23.778Z [2025/8/31 21:20:23] [PID: 14652] [LOG] MOBILE [登录] 开始登录流程!
2025-08-31T13:20:34.281Z [2025/8/31 21:20:34] [PID: 14652] [LOG] MOBILE [登录] 已登录
2025-08-31T13:20:38.791Z [2025/8/31 21:20:38] [PID: 14652] [LOG] MOBILE [必应登录] 验证必应登录状态
2025-08-31T13:20:52.375Z [2025/8/31 21:20:52] [PID: 14652] [LOG] MOBILE [登录] 成功登录，已保存登录会话!
2025-08-31T13:20:53.781Z [2025/8/31 21:20:53] [PID: 14652] [LOG] MOBILE [APP 登录] 等待授权...
2025-08-31T13:20:54.965Z [2025/8/31 21:20:54] [PID: 14652] [LOG] MOBILE [APP 登录] 授权成功
2025-08-31T13:21:13.478Z [2025/8/31 21:21:13] [PID: 14652] [LOG] MOBILE [返回主页] 成功访问主页
2025-08-31T13:21:33.558Z [2025/8/31 21:21:33] [PID: 14652] [LOG] MOBILE [设置地区] 地区:cn
2025-08-31T13:21:34.211Z [2025/8/31 21:21:34] [PID: 14652] [LOG] MOBILE [MAIN-POINTS] 打开一个新标签页，用于完成任务
2025-08-31T13:21:34.330Z [2025/8/31 21:21:34] [PID: 14652] [LOG] MOBILE [MAIN-POINTS] 在新标签页中导航到主页务
2025-08-31T13:21:58.071Z [2025/8/31 21:21:58] [PID: 14652] [LOG] MOBILE [返回主页] 成功访问主页
2025-08-31T13:21:58.072Z [2025/8/31 21:21:58] [PID: 14652] [LOG] MOBILE [每日任务] 所有“每日任务”项目均已完成
2025-08-31T13:21:58.073Z [2025/8/31 21:21:58] [PID: 14652] [LOG] MOBILE [更多活动] 所有“更多活动”项目均已完成
2025-08-31T13:21:58.073Z [2025/8/31 21:21:58] [PID: 14652] [LOG] MOBILE [MAIN-POINTS] 今天可赚取 90 积分（浏览器端: 60 积分，应用端: 30 积分）
2025-08-31T13:21:58.074Z [2025/8/31 21:21:58] [PID: 14652] [LOG] MOBILE [每日签到] 开始每日签到
2025-08-31T13:21:58.074Z [2025/8/31 21:21:58] [PID: 14652] [LOG] MOBILE [每日签到] 地区:cn
2025-08-31T13:22:00.929Z [2025/8/31 21:22:00] [PID: 14652] [LOG] MOBILE [每日签到] 已领取 5 积分
2025-08-31T13:22:00.931Z [2025/8/31 21:22:00] [PID: 14652] [LOG] MOBILE [阅读赚钱] 开始阅读赚钱活动
2025-08-31T13:22:01.705Z [2025/8/31 21:22:01] [PID: 14652] [LOG] MOBILE [阅读赚钱] 已阅读第 1 篇文章，共 10 篇 | 获得 3 积分
2025-08-31T13:26:25.899Z [2025/8/31 21:26:25] [PID: 14652] [LOG] MOBILE [阅读赚钱] 已阅读第 2 篇文章，共 10 篇 | 获得 3 积分
2025-08-31T13:31:55.418Z [2025/8/31 21:31:55] [PID: 14652] [LOG] MOBILE [阅读赚钱] 已阅读第 3 篇文章，共 10 篇 | 获得 3 积分
2025-08-31T13:38:03.214Z [2025/8/31 21:38:03] [PID: 14652] [LOG] MOBILE [阅读赚钱] 已阅读第 4 篇文章，共 10 篇 | 获得 3 积分
2025-08-31T13:42:38.509Z [2025/8/31 21:42:38] [PID: 14652] [LOG] MOBILE [阅读赚钱] 已阅读第 5 篇文章，共 10 篇 | 获得 3 积分
2025-08-31T13:47:22.067Z [2025/8/31 21:47:22] [PID: 14652] [LOG] MOBILE [阅读赚钱] 已阅读第 6 篇文章，共 10 篇 | 获得 3 积分
2025-08-31T13:51:42.780Z [2025/8/31 21:51:42] [PID: 14652] [LOG] MOBILE [阅读赚钱] 已阅读第 7 篇文章，共 10 篇 | 获得 3 积分
2025-08-31T14:28:00.931Z [2025/8/31 22:28:00] [PID: 14652] [ERROR] MOBILE [阅读赚钱] 发生错误: Error: getaddrinfo ENOTFOUND prod.rewardsplatform.microsoft.com
2025-08-31T14:28:20.630Z [2025/8/31 22:28:20] [PID: 14652] [LOG] MOBILE [返回主页] 成功访问主页
2025-08-31T14:28:20.631Z [2025/8/31 22:28:20] [PID: 14652] [LOG] MOBILE [SEARCH-BING] 开始必应搜索
2025-08-31T14:28:28.730Z [2025/8/31 22:28:28] [PID: 14652] [LOG] MOBILE [SEARCH-CHINA-TRENDS] 正在生成搜索查询，可能需要一些时间！ | 地理区域: cn
2025-08-31T14:28:28.986Z [2025/8/31 22:28:28] [PID: 14652] [LOG] MOBILE [SEARCH-CHINA-TRENDS] 已经获取TouTiaoHot搜索查询
2025-08-31T14:28:28.998Z [2025/8/31 22:28:28] [PID: 14652] [LOG] MOBILE [SEARCH-BING] 已完成获取cn的搜索词
2025-08-31T14:28:40.780Z [2025/8/31 22:28:40] [PID: 14652] [LOG] MOBILE [SEARCH-BING] 60 剩余积分 | 查询: 郭正亮：赖清德把民进党好感度拉低
2025-08-31T14:28:54.363Z [2025/8/31 22:28:54] [PID: 14652] [LOG] MOBILE [SEARCH-BING] 开始执行1次滚动和点击循环
2025-08-31T14:29:40.966Z [2025/8/31 22:29:40] [PID: 14652] [LOG] MOBILE [SEARCH-DELAY] 当前时间22点，启用快速模式，延迟减少到72000-126000ms
2025-08-31T14:31:22.435Z [2025/8/31 22:31:22] [PID: 14652] [LOG] MOBILE [SEARCH-BING] 57 剩余积分 | 查询: 许昕疑不满乒超判罚发文：回家
2025-08-31T14:31:35.788Z [2025/8/31 22:31:35] [PID: 14652] [LOG] MOBILE [SEARCH-BING] 开始执行3次滚动和点击循环
2025-08-31T14:31:44.614Z [2025/8/31 22:31:44] [PID: 14652] [LOG] MOBILE [SEARCH-BING] 执行只悬停操作并返回 (概率: 3%)
2025-08-31T14:32:36.438Z [2025/8/31 22:32:36] [PID: 14652] [LOG] MOBILE [SEARCH-DELAY] 当前时间22点，启用快速模式，延迟减少到72000-126000ms
2025-08-31T14:34:16.055Z [2025/8/31 22:34:16] [PID: 14652] [LOG] MOBILE [SEARCH-BING] 54 剩余积分 | 查询: 美国要拿下委内瑞拉？专家解析
2025-08-31T14:34:29.005Z [2025/8/31 22:34:29] [PID: 14652] [LOG] MOBILE [SEARCH-BING] 开始执行3次滚动和点击循环
2025-08-31T14:35:26.930Z [2025/8/31 22:35:26] [PID: 14652] [LOG] MOBILE [SEARCH-DELAY] 当前时间22点，启用快速模式，延迟减少到72000-126000ms
2025-08-31T14:37:12.880Z [2025/8/31 22:37:12] [PID: 14652] [LOG] MOBILE [SEARCH-BING] 51 剩余积分 | 查询: 游客被困 当地村支书开皮卡车救援
2025-08-31T14:37:23.990Z [2025/8/31 22:37:23] [PID: 14652] [LOG] MOBILE [SEARCH-BING] 开始执行3次滚动和点击循环
2025-08-31T14:37:34.347Z [2025/8/31 22:37:34] [PID: 14652] [LOG] MOBILE [SEARCH-BING] 执行只悬停操作并返回 (概率: 11%)
2025-08-31T14:39:04.814Z [2025/8/31 22:39:04] [PID: 14652] [LOG] MOBILE [SEARCH-DELAY] 当前时间22点，启用快速模式，延迟减少到72000-126000ms
2025-08-31T14:40:44.991Z [2025/8/31 22:40:44] [PID: 14652] [LOG] MOBILE [SEARCH-BING] 48 剩余积分 | 查询: 特朗普为何跟一块石头“干上了”
2025-08-31T14:40:57.844Z [2025/8/31 22:40:57] [PID: 14652] [LOG] MOBILE [SEARCH-BING] 开始执行3次滚动和点击循环
2025-08-31T14:41:06.909Z [2025/8/31 22:41:06] [PID: 14652] [LOG] MOBILE [SEARCH-BING] 执行只悬停操作并返回 (概率: 14%)
2025-08-31T14:41:53.010Z [2025/8/31 22:41:53] [PID: 14652] [LOG] MOBILE [SEARCH-DELAY] 当前时间22点，启用快速模式，延迟减少到72000-126000ms
2025-08-31T14:43:42.901Z [2025/8/31 22:43:42] [PID: 14652] [LOG] MOBILE [SEARCH-BING] 45 剩余积分 | 查询: 香港资深演员黎宣去世 享年93岁
2025-08-31T14:43:54.478Z [2025/8/31 22:43:54] [PID: 14652] [LOG] MOBILE [SEARCH-BING] 开始执行3次滚动和点击循环
2025-08-31T14:44:13.789Z [2025/8/31 22:44:13] [PID: 14652] [LOG] MOBILE [SEARCH-BING] 执行只悬停操作并返回 (概率: 12%)
2025-08-31T14:44:54.457Z [2025/8/31 22:44:54] [PID: 14652] [LOG] MOBILE [SEARCH-DELAY] 当前时间22点，启用快速模式，延迟减少到72000-126000ms
2025-08-31T14:46:28.338Z [2025/8/31 22:46:28] [PID: 14652] [LOG] MOBILE [SEARCH-BING] 42 剩余积分 | 查询: 美国为何盯上存储芯片
2025-08-31T14:46:41.066Z [2025/8/31 22:46:41] [PID: 14652] [LOG] MOBILE [SEARCH-BING] 开始执行1次滚动和点击循环
2025-08-31T14:46:46.760Z [2025/8/31 22:46:46] [PID: 14652] [LOG] MOBILE [SEARCH-DELAY] 当前时间22点，启用快速模式，延迟减少到72000-126000ms
2025-08-31T14:48:32.903Z [2025/8/31 22:48:32] [PID: 14652] [LOG] MOBILE [SEARCH-BING] 39 剩余积分 | 查询: 普京入场时和工作人员亲切打招呼
2025-08-31T14:48:44.766Z [2025/8/31 22:48:44] [PID: 14652] [LOG] MOBILE [SEARCH-BING] 开始执行3次滚动和点击循环
2025-08-31T14:48:52.723Z [2025/8/31 22:48:52] [PID: 14652] [LOG] MOBILE [SEARCH-BING] 执行只悬停操作并返回 (概率: 27%)
2025-08-31T14:49:48.699Z [2025/8/31 22:49:48] [PID: 14652] [LOG] MOBILE [SEARCH-DELAY] 当前时间22点，启用快速模式，延迟减少到72000-126000ms
2025-08-31T14:51:39.055Z [2025/8/31 22:51:39] [PID: 14652] [LOG] MOBILE [SEARCH-BING] 36 剩余积分 | 查询: 9月起大额存款利息收20%个税？谣言
2025-08-31T14:51:50.673Z [2025/8/31 22:51:50] [PID: 14652] [LOG] MOBILE [SEARCH-BING] 开始执行1次滚动和点击循环
2025-08-31T14:52:30.823Z [2025/8/31 22:52:30] [PID: 14652] [LOG] MOBILE [SEARCH-DELAY] 当前时间22点，启用快速模式，延迟减少到72000-126000ms
2025-08-31T14:54:22.046Z [2025/8/31 22:54:22] [PID: 14652] [LOG] MOBILE [SEARCH-BING] 33 剩余积分 | 查询: 兰州大学公布本科新生大数据
2025-08-31T14:54:32.424Z [2025/8/31 22:54:32] [PID: 14652] [LOG] MOBILE [SEARCH-BING] 开始执行2次滚动和点击循环
2025-08-31T14:54:49.986Z [2025/8/31 22:54:49] [PID: 14652] [LOG] MOBILE [SEARCH-BING] 执行只悬停操作并返回 (概率: 21%)
2025-08-31T14:54:49.987Z [2025/8/31 22:54:49] [PID: 14652] [LOG] MOBILE [SEARCH-DELAY] 当前时间22点，启用快速模式，延迟减少到72000-126000ms
2025-08-31T14:56:34.018Z [2025/8/31 22:56:34] [PID: 14652] [LOG] MOBILE [SEARCH-BING] 30 剩余积分 | 查询: 宋轶发文回应整容争议
2025-08-31T14:56:44.162Z [2025/8/31 22:56:44] [PID: 14652] [LOG] MOBILE [SEARCH-BING] 开始执行3次滚动和点击循环
2025-08-31T14:56:52.558Z [2025/8/31 22:56:52] [PID: 14652] [LOG] MOBILE [SEARCH-BING] 执行只悬停操作并返回 (概率: 5%)
2025-08-31T14:57:41.402Z [2025/8/31 22:57:41] [PID: 14652] [LOG] MOBILE [SEARCH-DELAY] 当前时间22点，启用快速模式，延迟减少到72000-126000ms
2025-08-31T14:59:18.251Z [2025/8/31 22:59:18] [PID: 14652] [LOG] MOBILE [SEARCH-BING] 27 剩余积分 | 查询: 泰山6-0国安
2025-08-31T14:59:28.456Z [2025/8/31 22:59:28] [PID: 14652] [LOG] MOBILE [SEARCH-BING] 开始执行1次滚动和点击循环
2025-08-31T15:00:12.963Z [2025/8/31 23:00:12] [PID: 14652] [LOG] MOBILE [SEARCH-DELAY] 当前时间23点，启用快速模式，延迟减少到72000-126000ms
2025-08-31T15:01:57.343Z [2025/8/31 23:01:57] [PID: 14652] [LOG] MOBILE [SEARCH-BING] 24 剩余积分 | 查询: 媒体评诊所用氯化钠代替破伤风
2025-08-31T15:02:10.923Z [2025/8/31 23:02:10] [PID: 14652] [LOG] MOBILE [SEARCH-BING] 开始执行3次滚动和点击循环
2025-08-31T15:03:39.942Z [2025/8/31 23:03:39] [PID: 14652] [LOG] MOBILE [SEARCH-DELAY] 当前时间23点，启用快速模式，延迟减少到72000-126000ms
2025-08-31T15:05:23.077Z [2025/8/31 23:05:23] [PID: 14652] [LOG] MOBILE [SEARCH-BING] 21 剩余积分 | 查询: 许昕爆冷不敌18岁小将
2025-08-31T15:05:35.089Z [2025/8/31 23:05:35] [PID: 14652] [LOG] MOBILE [SEARCH-BING] 开始执行3次滚动和点击循环
2025-08-31T15:06:28.207Z [2025/8/31 23:06:28] [PID: 14652] [LOG] MOBILE [SEARCH-BING] 执行只悬停操作并返回 (概率: 9%)
2025-08-31T15:07:11.497Z [2025/8/31 23:07:11] [PID: 14652] [LOG] MOBILE [SEARCH-DELAY] 当前时间23点，启用快速模式，延迟减少到72000-126000ms
2025-08-31T15:09:01.144Z [2025/8/31 23:09:01] [PID: 14652] [LOG] MOBILE [SEARCH-BING] 18 剩余积分 | 查询: 王楚钦2比3不敌徐瑛彬
2025-08-31T15:09:13.313Z [2025/8/31 23:09:13] [PID: 14652] [LOG] MOBILE [SEARCH-BING] 开始执行1次滚动和点击循环
2025-08-31T15:09:24.374Z [2025/8/31 23:09:24] [PID: 14652] [LOG] MOBILE [SEARCH-BING] 执行只悬停操作并返回 (概率: 19%)
2025-08-31T15:09:24.375Z [2025/8/31 23:09:24] [PID: 14652] [LOG] MOBILE [SEARCH-DELAY] 当前时间23点，启用快速模式，延迟减少到72000-126000ms
2025-08-31T15:10:59.644Z [2025/8/31 23:10:59] [PID: 14652] [LOG] MOBILE [SEARCH-BING] 15 剩余积分 | 查询: 新学期“神兽回笼”家长忍不住笑了
2025-08-31T15:11:11.743Z [2025/8/31 23:11:11] [PID: 14652] [LOG] MOBILE [SEARCH-BING] 开始执行3次滚动和点击循环
2025-08-31T15:11:30.368Z [2025/8/31 23:11:30] [PID: 14652] [LOG] MOBILE [SEARCH-BING] 执行只悬停操作并返回 (概率: 2%)
2025-08-31T15:11:42.990Z [2025/8/31 23:11:42] [PID: 14652] [LOG] MOBILE [SEARCH-DELAY] 当前时间23点，启用快速模式，延迟减少到72000-126000ms
2025-08-31T15:13:35.613Z [2025/8/31 23:13:35] [PID: 14652] [LOG] MOBILE [SEARCH-BING] 12 剩余积分 | 查询: 争冠队纷纷输球 中超榜首几度易主
2025-08-31T15:13:47.633Z [2025/8/31 23:13:47] [PID: 14652] [LOG] MOBILE [SEARCH-BING] 开始执行2次滚动和点击循环
2025-08-31T15:14:38.911Z [2025/8/31 23:14:38] [PID: 14652] [LOG] MOBILE [SEARCH-DELAY] 当前时间23点，启用快速模式，延迟减少到72000-126000ms
2025-08-31T15:16:17.796Z [2025/8/31 23:16:17] [PID: 14652] [LOG] MOBILE [SEARCH-BING] 9 剩余积分 | 查询: 解放军亮相越南阅兵彩排全场尖叫
2025-08-31T15:16:32.193Z [2025/8/31 23:16:32] [PID: 14652] [LOG] MOBILE [SEARCH-BING] 开始执行2次滚动和点击循环
2025-08-31T15:16:51.023Z [2025/8/31 23:16:51] [PID: 14652] [LOG] MOBILE [SEARCH-DELAY] 当前时间23点，启用快速模式，延迟减少到72000-126000ms
2025-08-31T15:18:23.118Z [2025/8/31 23:18:23] [PID: 14652] [LOG] MOBILE [SEARCH-BING] 6 剩余积分 | 查询: 朱辰杰：输掉比赛是我们自己的问题
2025-08-31T15:18:35.536Z [2025/8/31 23:18:35] [PID: 14652] [LOG] MOBILE [SEARCH-BING] 开始执行3次滚动和点击循环
2025-08-31T15:20:01.667Z [2025/8/31 23:20:01] [PID: 14652] [LOG] MOBILE [SEARCH-BING] 执行只悬停操作并返回 (概率: 8%)
2025-08-31T15:20:01.668Z [2025/8/31 23:20:01] [PID: 14652] [LOG] MOBILE [SEARCH-DELAY] 当前时间23点，启用快速模式，延迟减少到72000-126000ms
2025-08-31T15:21:44.848Z [2025/8/31 23:21:44] [PID: 14652] [LOG] MOBILE [SEARCH-BING] 3 剩余积分 | 查询: 男子两杯啤酒下肚后全脸发黑失去意识
2025-08-31T15:21:56.509Z [2025/8/31 23:21:56] [PID: 14652] [LOG] MOBILE [SEARCH-BING] 开始执行1次滚动和点击循环
2025-08-31T15:22:05.070Z [2025/8/31 23:22:05] [PID: 14652] [LOG] MOBILE [SEARCH-BING] 执行只悬停操作并返回 (概率: 8%)
2025-08-31T15:22:05.071Z [2025/8/31 23:22:05] [PID: 14652] [LOG] MOBILE [SEARCH-DELAY] 当前时间23点，启用快速模式，延迟减少到72000-126000ms
2025-08-31T15:23:46.596Z [2025/8/31 23:23:46] [PID: 14652] [LOG] MOBILE [SEARCH-BING] 搜索完成
2025-08-31T15:23:55.356Z [2025/8/31 23:23:55] [PID: 14652] [LOG] MOBILE [MAIN-POINTS] 脚本今天收集了 184 积分
2025-08-31T15:23:58.451Z [2025/8/31 23:23:58] [PID: 14652] [LOG] MOBILE [关闭浏览器] 浏览器已成功关闭!
2025-08-31T15:23:58.453Z [2025/8/31 23:23:58] [PID: 14652] [LOG] MAIN [MAIN-WORKER] 账户 fanqiejiayou@outlook.com 的任务已完成
2025-08-31T15:23:58.456Z [2025/8/31 23:23:58] [PID: 14652] [LOG] MAIN [MAIN-WORKER] 开始为账户 email_2 执行任务
2025-08-31T15:23:59.142Z [2025/8/31 23:23:59] [PID: 14652] [LOG] DESKTOP [浏览器] 已创建浏览器，用户代理User-Agent: "Mozilla/5.0 (Windows NT 10.0; Win64; x64) AppleWebKit/537.36 (KHTML, like Gecko) Chrome/139.0.0.0 Safari/537.36 Edg/139.0.3405.119"
2025-08-31T15:23:59.392Z [2025/8/31 23:23:59] [PID: 14652] [LOG] DESKTOP [MAIN] 正在启动浏览器
2025-08-31T15:23:59.393Z [2025/8/31 23:23:59] [PID: 14652] [LOG] DESKTOP [登录] 开始登录流程!
2025-08-31T15:24:19.279Z [2025/8/31 23:24:19] [PID: 14652] [WARN] DESKTOP [登录] 未找到邮箱字段
2025-08-31T15:24:26.717Z [2025/8/31 23:24:26] [PID: 14652] [LOG] DESKTOP [LOGIN] No 2FA skip button found, proceeding with password entry
2025-08-31T15:24:26.719Z [2025/8/31 23:24:26] [PID: 14652] [WARN] DESKTOP [登录] 未找到密码字段，可能需要双重身份验证（2FA）
